|j|☆Localdealerr
|j|☆distortedice
|t:|1711946109
|gametype|singles
|player|p1|Localdealerr|2|1204
|player|p2|distortedice|lady-gen4|1236
|teamsize|p1|6
|teamsize|p2|6
|gen|9
|tier|[Gen 9] NU
|rated|
|rule|Species Clause: Limit one of each Pokémon
|rule|OHKO Clause: OHKO moves are banned
|rule|Evasion Items Clause: Evasion items are banned
|rule|Evasion Moves Clause: Evasion moves are banned
|rule|Endless Battle Clause: Forcing endless battles is banned
|rule|HP Percentage Mod: HP is shown in percentages
|rule|Sleep Moves Clause: Sleep-inducing moves are banned
|clearpoke
|poke|p1|Tatsugiri, F|
|poke|p1|Fraxure, M|
|poke|p1|Magneton|
|poke|p1|Gligar, M|
|poke|p1|Toxicroak, F|
|poke|p1|Tauros-Paldea-Blaze, M|
|poke|p2|Umbreon, M|
|poke|p2|Flygon, F|
|poke|p2|Swampert, M|
|poke|p2|Dragalge, F|
|poke|p2|Sylveon, F|
|poke|p2|Mew|
|teampreview
|inactive|Battle timer is ON: inactive players will automatically lose when time's up. (requested by distortedice)
|
|t:|1711946138
|start
|switch|p1a: Tatsugiri|Tatsugiri, F|100/100
|switch|p2a: Snake|Sylveon, F|100/100
|turn|1
|
|t:|1711946144
|switch|p1a: Magneton|Magneton|100/100
|move|p2a: Snake|Hyper Voice|p1a: Magneton
|-resisted|p1a: Magneton
|-damage|p1a: Magneton|31/100
|
|upkeep
|turn|2
|
|t:|1711946149
|move|p1a: Magneton|Flash Cannon|p2a: Snake
|-supereffective|p2a: Snake
|-damage|p2a: Snake|44/100
|move|p2a: Snake|Hyper Voice|p1a: Magneton
|-resisted|p1a: Magneton
|-crit|p1a: Magneton
|-damage|p1a: Magneton|0 fnt
|faint|p1a: Magneton
|
|upkeep
|
|t:|1711946155
|switch|p1a: Toxicroak|Toxicroak, F|100/100
|turn|3
|
|t:|1711946159
|switch|p1a: batl axe.|Fraxure, M|100/100
|-ability|p1a: batl axe.|Mold Breaker
|move|p2a: Snake|Hyper Voice|p1a: batl axe.
|-supereffective|p1a: batl axe.
|-damage|p1a: batl axe.|0 fnt
|faint|p1a: batl axe.
|
|upkeep
|
|t:|1711946162
|switch|p1a: Tauros|Tauros-Paldea-Blaze, M|100/100
|-ability|p1a: Tauros|Intimidate|boost
|-unboost|p2a: Snake|atk|1
|turn|4
|
|t:|1711946165
|move|p1a: Tauros|Raging Bull|p2a: Snake
|-damage|p2a: Snake|0 fnt
|faint|p2a: Snake
|
|upkeep
|
|t:|1711946170
|switch|p2a: Swampert|Swampert, M|100/100
|turn|5
|
|t:|1711946178
|-terastallize|p1a: Tauros|Water
|move|p1a: Tauros|Bulk Up|p1a: Tauros
|-boost|p1a: Tauros|atk|1
|-boost|p1a: Tauros|def|1
|move|p2a: Swampert|Flip Turn|p1a: Tauros
|-resisted|p1a: Tauros
|-damage|p1a: Tauros|94/100
|
|t:|1711946191
|switch|p2a: Dragalge|Dragalge, F|100/100|[from] Flip Turn
|
|-heal|p1a: Tauros|100/100|[from] item: Leftovers
|upkeep
|turn|6
|
|t:|1711946202
|switch|p1a: Gligar|Gligar, M|100/100
|move|p2a: Dragalge|Draco Meteor|p1a: Gligar
|-damage|p1a: Gligar|53/100
|-unboost|p2a: Dragalge|spa|2
|
|upkeep
|turn|7
|
|t:|1711946207
|move|p1a: Gligar|Knock Off|p2a: Dragalge
|-damage|p2a: Dragalge|81/100
|-enditem|p2a: Dragalge|Black Sludge|[from] move: Knock Off|[of] p1a: Gligar
|move|p2a: Dragalge|Flip Turn|p1a: Gligar
|-supereffective|p1a: Gligar
|-damage|p1a: Gligar|41/100
|
|t:|1711946216
|switch|p2a: Mew|Mew|100/100|[from] Flip Turn
|
|upkeep
|turn|8
|
|t:|1711946224
|move|p2a: Mew|Iron Defense|p2a: Mew
|-boost|p2a: Mew|def|2
|move|p1a: Gligar|Knock Off|p2a: Mew
|-supereffective|p2a: Mew
|-damage|p2a: Mew|83/100
|-enditem|p2a: Mew|Leftovers|[from] move: Knock Off|[of] p1a: Gligar
|
|upkeep
|turn|9
|
|t:|1711946233
|move|p2a: Mew|Iron Defense|p2a: Mew
|-boost|p2a: Mew|def|2
|move|p1a: Gligar|U-turn|p2a: Mew
|-supereffective|p2a: Mew
|-damage|p2a: Mew|76/100
|
|t:|1711946239
|switch|p1a: Toxicroak|Toxicroak, F|100/100|[from] U-turn
|
|upkeep
|turn|10
|
|t:|1711946243
|move|p1a: Toxicroak|Sludge Bomb|p2a: Mew
|-damage|p2a: Mew|32/100
|-status|p2a: Mew|psn
|-activate|p2a: Mew|ability: Synchronize
|-immune|p1a: Toxicroak
|move|p2a: Mew|Stored Power|p1a: Toxicroak
|-supereffective|p1a: Toxicroak
|-damage|p1a: Toxicroak|0 fnt
|faint|p1a: Toxicroak
|
|-damage|p2a: Mew|20/100 psn|[from] psn
|upkeep
|
|t:|1711946251
|switch|p1a: Tatsugiri|Tatsugiri, F|100/100
|turn|11
|
|t:|1711946256
|move|p1a: Tatsugiri|Hydro Pump|p2a: Mew
|-damage|p2a: Mew|0 fnt
|faint|p2a: Mew
|
|upkeep
|
|t:|1711946261
|switch|p2a: Dragalge|Dragalge, F|81/100
|turn|12
|
|t:|1711946267
|switch|p1a: Gligar|Gligar, M|41/100
|move|p2a: Dragalge|Toxic Spikes|p1a: Gligar
|-sidestart|p1: Localdealerr|move: Toxic Spikes
|
|upkeep
|turn|13
|
|t:|1711946273
|move|p1a: Gligar|Earthquake|p2a: Dragalge
|-supereffective|p2a: Dragalge
|-damage|p2a: Dragalge|18/100
|move|p2a: Dragalge|Flip Turn|p1a: Gligar
|-supereffective|p1a: Gligar
|-damage|p1a: Gligar|29/100
|
|t:|1711946278
|switch|p2a: Umbreon|Umbreon, M, shiny|100/100|[from] Flip Turn
|
|upkeep
|turn|14
|
|t:|1711946282
|move|p1a: Gligar|Stealth Rock|p2a: Umbreon
|-sidestart|p2: distortedice|move: Stealth Rock
|move|p2a: Umbreon|Foul Play|p1a: Gligar
|-damage|p1a: Gligar|12/100
|
|upkeep
|turn|15
|
|t:|1711946287
|move|p1a: Gligar|Knock Off|p2a: Umbreon
|-resisted|p2a: Umbreon
|-damage|p2a: Umbreon|93/100
|-enditem|p2a: Umbreon|Heavy-Duty Boots|[from] move: Knock Off|[of] p1a: Gligar
|move|p2a: Umbreon|Foul Play|p1a: Gligar
|-damage|p1a: Gligar|0 fnt
|faint|p1a: Gligar
|
|upkeep
|
|t:|1711946289
|switch|p1a: Tatsugiri|Tatsugiri, F|100/100
|-status|p1a: Tatsugiri|psn
|turn|16
|
|t:|1711946293
|move|p1a: Tatsugiri|Rapid Spin|p2a: Umbreon
|-damage|p2a: Umbreon|88/100
|-boost|p1a: Tatsugiri|spe|1
|-sideend|p1: Localdealerr|Toxic Spikes|[from] move: Rapid Spin|[of] p1a: Tatsugiri
|move|p2a: Umbreon|Wish|p2a: Umbreon
|
|-damage|p1a: Tatsugiri|88/100 psn|[from] psn
|upkeep
|turn|17
|
|t:|1711946298
|switch|p1a: Tauros|Tauros-Paldea-Blaze, M, tera:Water|100/100
|-ability|p1a: Tauros|Intimidate|boost
|-unboost|p2a: Umbreon|atk|1
|move|p2a: Umbreon|Foul Play|p1a: Tauros
|-damage|p1a: Tauros|73/100
|
|-heal|p2a: Umbreon|100/100|[from] move: Wish|[wisher] Umbreon
|-heal|p1a: Tauros|79/100|[from] item: Leftovers
|upkeep
|turn|18
|
|t:|1711946302
|move|p1a: Tauros|Bulk Up|p1a: Tauros
|-boost|p1a: Tauros|atk|1
|-boost|p1a: Tauros|def|1
|move|p2a: Umbreon|Toxic|p1a: Tauros
|-status|p1a: Tauros|tox
|
|-heal|p1a: Tauros|85/100 tox|[from] item: Leftovers
|-damage|p1a: Tauros|79/100 tox|[from] psn
|upkeep
|turn|19
|
|t:|1711946308
|move|p1a: Tauros|Body Press|p2a: Umbreon
|-supereffective|p2a: Umbreon
|-damage|p2a: Umbreon|5/100
|move|p2a: Umbreon|Wish|p2a: Umbreon
|
|-heal|p1a: Tauros|85/100 tox|[from] item: Leftovers
|-damage|p1a: Tauros|73/100 tox|[from] psn
|upkeep
|turn|20
|
|t:|1711946313
|move|p2a: Umbreon|Protect|p2a: Umbreon
|-singleturn|p2a: Umbreon|Protect
|move|p1a: Tauros|Bulk Up|p1a: Tauros
|-boost|p1a: Tauros|atk|1
|-boost|p1a: Tauros|def|1
|
|-heal|p2a: Umbreon|55/100|[from] move: Wish|[wisher] Umbreon
|-heal|p1a: Tauros|79/100 tox|[from] item: Leftovers
|-damage|p1a: Tauros|61/100 tox|[from] psn
|upkeep
|turn|21
|
|t:|1711946320
|switch|p2a: Dragalge|Dragalge, F|18/100
|-damage|p2a: Dragalge|6/100|[from] Stealth Rock
|move|p1a: Tauros|Body Press|p2a: Dragalge
|-resisted|p2a: Dragalge
|-damage|p2a: Dragalge|0 fnt
|faint|p2a: Dragalge
|
|-heal|p1a: Tauros|67/100 tox|[from] item: Leftovers
|-damage|p1a: Tauros|43/100 tox|[from] psn
|upkeep
|
|t:|1711946326
|switch|p2a: Umbreon|Umbreon, M, shiny|55/100
|-damage|p2a: Umbreon|43/100|[from] Stealth Rock
|turn|22
|
|t:|1711946334
|switch|p1a: Tatsugiri|Tatsugiri, F|88/100 psn
|move|p2a: Umbreon|Wish|p2a: Umbreon
|
|-damage|p1a: Tatsugiri|76/100 psn|[from] psn
|upkeep
|turn|23
|
|t:|1711946340
|switch|p1a: Tauros|Tauros-Paldea-Blaze, M, tera:Water|43/100 tox
|-ability|p1a: Tauros|Intimidate|boost
|-unboost|p2a: Umbreon|atk|1
|move|p2a: Umbreon|Protect||[still]
|-fail|p2a: Umbreon
|
|-heal|p2a: Umbreon|93/100|[from] move: Wish|[wisher] Umbreon
|-heal|p1a: Tauros|49/100 tox|[from] item: Leftovers
|-damage|p1a: Tauros|43/100 tox|[from] psn
|upkeep
|turn|24
|
|t:|1711946352
|-terastallize|p2a: Umbreon|Poison
|move|p1a: Tauros|Body Press|p2a: Umbreon
|-resisted|p2a: Umbreon
|-damage|p2a: Umbreon|79/100
|move|p2a: Umbreon|Foul Play|p1a: Tauros
|-damage|p1a: Tauros|18/100 tox
|
|-heal|p1a: Tauros|24/100 tox|[from] item: Leftovers
|-damage|p1a: Tauros|12/100 tox|[from] psn
|upkeep
|turn|25
|
|t:|1711946362
|move|p1a: Tauros|Raging Bull|p2a: Umbreon
|-damage|p2a: Umbreon|53/100
|move|p2a: Umbreon|Wish|p2a: Umbreon
|
|-heal|p1a: Tauros|18/100 tox|[from] item: Leftovers
|-damage|p1a: Tauros|0 fnt|[from] psn
|faint|p1a: Tauros
|upkeep
|-message|Localdealerr forfeited.
|
|win|distortedice
|raw|Localdealerr's rating: 1204 &rarr; <strong>1181</strong><br />(-23 for losing)
|raw|distortedice's rating: 1236 &rarr; <strong>1259</strong><br />(+23 for winning)
|l|☆Localdealerr
|player|p1|
|l|☆distortedice
|player|p2|
