|raw|<div class="broadcast-blue"><strong>This battle is required to be public due to a player having a name starting with 'rbyza'.</div>
|j|☆RBYZA PersNegRNG
|j|‽fsgsfksflksf
|t:|1711937251
|gametype|singles
|player|p1|RBYZA PersNegRNG|swimmerf-gen4dp|1568
|player|p2|fsgsfksflksf|dawn-masters3|1524
|teamsize|p1|6
|teamsize|p2|6
|gen|1
|tier|[Gen 1] OU
|rated|
|rule|Desync Clause Mod: Desyncs changed to move failure.
|rule|Sleep Clause Mod: Limit one foe put to sleep
|rule|Freeze Clause Mod: Limit one foe frozen
|rule|Species Clause: Limit one of each Pokémon
|rule|OHKO Clause: OHKO moves are banned
|rule|Evasion Moves Clause: Evasion moves are banned
|rule|Endless Battle Clause: Forcing endless battles is banned
|rule|HP Percentage Mod: HP is shown in percentages
|
|t:|1711937251
|start
|switch|p1a: Zapdos|Zapdos|100/100
|switch|p2a: Starmie|Starmie|100/100
|turn|1
|
|t:|1711937279
|switch|p2a: Jolteon|Jolteon|100/100
|move|p1a: Zapdos|Thunder Wave|p2a: Jolteon
|-status|p2a: Jolteon|par
|
|upkeep
|turn|2
|
|t:|1711937290
|switch|p1a: Exeggutor|Exeggutor|100/100
|move|p2a: Jolteon|Thunderbolt|p1a: Exeggutor
|-resisted|p1a: Exeggutor
|-damage|p1a: Exeggutor|88/100
|
|upkeep
|turn|3
|
|t:|1711937296
|switch|p2a: Starmie|Starmie|100/100
|move|p1a: Exeggutor|Psychic|p2a: Starmie
|-resisted|p2a: Starmie
|-damage|p2a: Starmie|81/100
|-unboost|p2a: Starmie|spa|1
|-unboost|p2a: Starmie|spd|1
|
|upkeep
|turn|4
|j| mikonn
|
|t:|1711937308
|move|p2a: Starmie|Blizzard|p1a: Exeggutor|[miss]
|-miss|p2a: Starmie
|move|p1a: Exeggutor|Sleep Powder|p2a: Starmie|[miss]
|-miss|p1a: Exeggutor
|
|upkeep
|turn|5
|
|t:|1711937312
|move|p2a: Starmie|Blizzard|p1a: Exeggutor
|-crit|p1a: Exeggutor
|-supereffective|p1a: Exeggutor
|-damage|p1a: Exeggutor|11/100
|move|p1a: Exeggutor|Sleep Powder|p2a: Starmie|[miss]
|-miss|p1a: Exeggutor
|
|upkeep
|turn|6
|
|t:|1711937327
|switch|p1a: Chansey|Chansey|100/100
|move|p2a: Starmie|Blizzard|p1a: Chansey|[miss]
|-miss|p2a: Starmie
|
|upkeep
|turn|7
|
|t:|1711937340
|switch|p2a: Chansey|Chansey|100/100
|move|p1a: Chansey|Thunder Wave|p2a: Chansey
|-status|p2a: Chansey|par
|
|upkeep
|turn|8
|l| mikonn
|
|t:|1711937347
|switch|p1a: Zapdos|Zapdos|100/100
|move|p2a: Chansey|Ice Beam|p1a: Zapdos
|-supereffective|p1a: Zapdos
|-damage|p1a: Zapdos|68/100
|
|upkeep
|turn|9
|
|t:|1711937355
|switch|p2a: Jolteon|Jolteon|100/100 par
|move|p1a: Zapdos|Drill Peck|p2a: Jolteon
|-resisted|p2a: Jolteon
|-damage|p2a: Jolteon|83/100 par
|
|upkeep
|turn|10
|
|t:|1711937378
|switch|p1a: Exeggutor|Exeggutor|11/100
|move|p2a: Jolteon|Thunderbolt|p1a: Exeggutor
|-resisted|p1a: Exeggutor
|-damage|p1a: Exeggutor|0 fnt
|faint|p1a: Exeggutor
|
|t:|1711937389
|switch|p1a: Tauros|Tauros|100/100
|turn|11
|
|t:|1711937399
|switch|p2a: Snorlax|Snorlax|100/100
|move|p1a: Tauros|Body Slam|p2a: Snorlax
|-damage|p2a: Snorlax|74/100
|
|upkeep
|turn|12
|
|t:|1711937408
|move|p1a: Tauros|Body Slam|p2a: Snorlax
|-damage|p2a: Snorlax|50/100
|move|p2a: Snorlax|Body Slam|p1a: Tauros
|-damage|p1a: Tauros|70/100
|
|upkeep
|turn|13
|
|t:|1711937414
|move|p1a: Tauros|Body Slam|p2a: Snorlax
|-damage|p2a: Snorlax|26/100
|move|p2a: Snorlax|Body Slam|p1a: Tauros
|-damage|p1a: Tauros|40/100
|
|upkeep
|turn|14
|
|t:|1711937421
|switch|p2a: Starmie|Starmie|81/100
|move|p1a: Tauros|Body Slam|p2a: Starmie
|-damage|p2a: Starmie|47/100
|
|upkeep
|turn|15
|
|t:|1711937430
|move|p2a: Starmie|Recover|p2a: Starmie
|-heal|p2a: Starmie|97/100
|move|p1a: Tauros|Body Slam|p2a: Starmie
|-damage|p2a: Starmie|61/100
|
|upkeep
|turn|16
|
|t:|1711937440
|switch|p1a: Chansey|Chansey|100/100
|move|p2a: Starmie|Psychic|p1a: Chansey
|-damage|p1a: Chansey|87/100
|-unboost|p1a: Chansey|spa|1
|-unboost|p1a: Chansey|spd|1
|
|upkeep
|turn|17
|
|t:|1711937446
|switch|p2a: Chansey|Chansey|100/100 par
|move|p1a: Chansey|Thunder Wave|p2a: Chansey
|-fail|p2a: Chansey|par
|
|upkeep
|turn|18
|
|t:|1711937453
|switch|p1a: Tauros|Tauros|40/100
|move|p2a: Chansey|Ice Beam|p1a: Tauros
|-damage|p1a: Tauros|12/100
|-status|p1a: Tauros|frz
|
|upkeep
|turn|19
|
|t:|1711937463
|switch|p1a: Chansey|Chansey|87/100
|move|p2a: Chansey|Sing|p1a: Chansey|[miss]
|-miss|p2a: Chansey
|
|upkeep
|turn|20
|
|t:|1711937476
|switch|p1a: Zapdos|Zapdos|68/100
|cant|p2a: Chansey|par
|
|upkeep
|turn|21
|
|t:|1711937492
|move|p1a: Zapdos|Drill Peck|p2a: Chansey
|-damage|p2a: Chansey|66/100 par
|cant|p2a: Chansey|par
|
|upkeep
|turn|22
|
|t:|1711937497
|switch|p2a: Jolteon|Jolteon|83/100 par
|move|p1a: Zapdos|Drill Peck|p2a: Jolteon
|-crit|p2a: Jolteon
|-resisted|p2a: Jolteon
|-damage|p2a: Jolteon|51/100 par
|
|upkeep
|turn|23
|
|t:|1711937503
|switch|p1a: Chansey|Chansey|87/100
|move|p2a: Jolteon|Thunderbolt|p1a: Chansey
|-damage|p1a: Chansey|71/100
|
|upkeep
|turn|24
|
|t:|1711937509
|switch|p2a: Chansey|Chansey|66/100 par
|move|p1a: Chansey|Seismic Toss|p2a: Chansey
|-damage|p2a: Chansey|52/100 par
|
|upkeep
|turn|25
|
|t:|1711937516
|switch|p1a: Zapdos|Zapdos|68/100
|move|p2a: Chansey|Soft-Boiled|p2a: Chansey
|-heal|p2a: Chansey|100/100 par
|
|upkeep
|turn|26
|
|t:|1711937522
|move|p1a: Zapdos|Drill Peck|p2a: Chansey
|-damage|p2a: Chansey|68/100 par
|move|p2a: Chansey|Sing|p1a: Zapdos|[miss]
|-miss|p2a: Chansey
|
|upkeep
|turn|27
|
|t:|1711937527
|switch|p2a: Jolteon|Jolteon|51/100 par
|move|p1a: Zapdos|Drill Peck|p2a: Jolteon
|-resisted|p2a: Jolteon
|-damage|p2a: Jolteon|33/100 par
|
|upkeep
|turn|28
|
|t:|1711937532
|move|p1a: Zapdos|Drill Peck|p2a: Jolteon
|-resisted|p2a: Jolteon
|-damage|p2a: Jolteon|14/100 par
|move|p2a: Jolteon|Rest|p2a: Jolteon
|-status|p2a: Jolteon|slp|[from] move: Rest
|-heal|p2a: Jolteon|100/100 slp|[silent]
|
|upkeep
|turn|29
|j| Isthisnametaked
|
|t:|1711937543
|switch|p1a: Snorlax|Snorlax|100/100
|cant|p2a: Jolteon|slp
|
|upkeep
|turn|30
|
|t:|1711937559
|move|p1a: Snorlax|Amnesia|p1a: Snorlax
|-boost|p1a: Snorlax|spa|2
|-boost|p1a: Snorlax|spd|2
|-curestatus|p2a: Jolteon|slp|[msg]
|
|upkeep
|turn|31
|
|t:|1711937584
|move|p1a: Snorlax|Amnesia|p1a: Snorlax
|-boost|p1a: Snorlax|spa|2
|-boost|p1a: Snorlax|spd|2
|move|p2a: Jolteon|Thunder Wave|p1a: Snorlax
|-status|p1a: Snorlax|par
|
|upkeep
|turn|32
|
|t:|1711937596
|switch|p2a: Starmie|Starmie|61/100
|move|p1a: Snorlax|Ice Beam|p2a: Starmie
|-resisted|p2a: Starmie
|-damage|p2a: Starmie|35/100
|
|upkeep
|turn|33
|j|+Vileman
|
|t:|1711937602
|move|p2a: Starmie|Recover|p2a: Starmie
|-heal|p2a: Starmie|84/100
|move|p1a: Snorlax|Thunderbolt|p2a: Starmie
|-supereffective|p2a: Starmie
|-damage|p2a: Starmie|0 fnt
|faint|p2a: Starmie
|
|t:|1711937612
|switch|p2a: Tauros|Tauros|100/100
|turn|34
|
|t:|1711937618
|move|p2a: Tauros|Body Slam|p1a: Snorlax
|-damage|p1a: Snorlax|74/100 par
|cant|p1a: Snorlax|par
|
|upkeep
|turn|35
|
|t:|1711937623
|move|p2a: Tauros|Body Slam|p1a: Snorlax
|-damage|p1a: Snorlax|50/100 par
|move|p1a: Snorlax|Ice Beam|p2a: Tauros
|-damage|p2a: Tauros|40/100
|
|upkeep
|turn|36
|
|t:|1711937633
|move|p2a: Tauros|Body Slam|p1a: Snorlax
|-damage|p1a: Snorlax|26/100 par
|move|p1a: Snorlax|Ice Beam|p2a: Tauros
|-damage|p2a: Tauros|0 fnt
|faint|p2a: Tauros
|
|t:|1711937641
|switch|p2a: Snorlax|Snorlax|26/100
|turn|37
|
|t:|1711937668
|move|p2a: Snorlax|Body Slam|p1a: Snorlax
|-damage|p1a: Snorlax|0 fnt
|faint|p1a: Snorlax
|
|t:|1711937673
|switch|p1a: Zapdos|Zapdos|68/100
|turn|38
|
|t:|1711937682
|switch|p2a: Jolteon|Jolteon|100/100
|move|p1a: Zapdos|Thunderbolt|p2a: Jolteon
|-resisted|p2a: Jolteon
|-damage|p2a: Jolteon|81/100
|
|upkeep
|turn|39
|
|t:|1711937699
|move|p2a: Jolteon|Thunderbolt|p1a: Zapdos
|-damage|p1a: Zapdos|44/100
|move|p1a: Zapdos|Thunder Wave|p2a: Jolteon
|-status|p2a: Jolteon|par
|
|upkeep
|turn|40
|j|+Sceptross
|
|t:|1711937712
|switch|p1a: Chansey|Chansey|71/100
|cant|p2a: Jolteon|par
|
|upkeep
|turn|41
|
|t:|1711937722
|switch|p2a: Chansey|Chansey|68/100 par
|move|p1a: Chansey|Seismic Toss|p2a: Chansey
|-damage|p2a: Chansey|54/100 par
|
|upkeep
|turn|42
|j| N00bsTeam
|
|t:|1711937734
|switch|p1a: Zapdos|Zapdos|44/100
|move|p2a: Chansey|Soft-Boiled|p2a: Chansey
|-heal|p2a: Chansey|100/100 par
|
|upkeep
|turn|43
|
|t:|1711937744
|switch|p2a: Jolteon|Jolteon|81/100 par
|move|p1a: Zapdos|Drill Peck|p2a: Jolteon
|-resisted|p2a: Jolteon
|-damage|p2a: Jolteon|63/100 par
|
|upkeep
|turn|44
|
|t:|1711937753
|move|p1a: Zapdos|Drill Peck|p2a: Jolteon
|-resisted|p2a: Jolteon
|-damage|p2a: Jolteon|44/100 par
|move|p2a: Jolteon|Rest|p2a: Jolteon
|-status|p2a: Jolteon|slp|[from] move: Rest
|-heal|p2a: Jolteon|100/100 slp|[silent]
|
|upkeep
|turn|45
|
|t:|1711937763
|move|p1a: Zapdos|Drill Peck|p2a: Jolteon
|-crit|p2a: Jolteon
|-resisted|p2a: Jolteon
|-damage|p2a: Jolteon|68/100 slp
|cant|p2a: Jolteon|slp
|
|upkeep
|turn|46
|
|t:|1711937769
|move|p1a: Zapdos|Drill Peck|p2a: Jolteon
|-crit|p2a: Jolteon
|-resisted|p2a: Jolteon
|-damage|p2a: Jolteon|33/100 slp
|-curestatus|p2a: Jolteon|slp|[msg]
|
|upkeep
|turn|47
|
|t:|1711937774
|switch|p1a: Slowbro|Slowbro|100/100
|move|p2a: Jolteon|Rest|p2a: Jolteon
|-status|p2a: Jolteon|slp|[from] move: Rest
|-heal|p2a: Jolteon|100/100 slp|[silent]
|
|upkeep
|turn|48
|
|t:|1711937780
|switch|p2a: Zapdos|Zapdos|100/100
|move|p1a: Slowbro|Amnesia|p1a: Slowbro
|-boost|p1a: Slowbro|spa|2
|-boost|p1a: Slowbro|spd|2
|
|upkeep
|turn|49
|
|t:|1711937785
|move|p2a: Zapdos|Thunderbolt|p1a: Slowbro
|-supereffective|p1a: Slowbro
|-damage|p1a: Slowbro|59/100
|move|p1a: Slowbro|Thunder Wave|p2a: Zapdos
|-status|p2a: Zapdos|par
|
|upkeep
|turn|50
|
|t:|1711937798
|move|p1a: Slowbro|Amnesia|p1a: Slowbro
|-boost|p1a: Slowbro|spa|2
|-boost|p1a: Slowbro|spd|2
|move|p2a: Zapdos|Thunderbolt|p1a: Slowbro
|-supereffective|p1a: Slowbro
|-damage|p1a: Slowbro|32/100
|
|upkeep
|turn|51
|
|t:|1711937804
|move|p1a: Slowbro|Surf|p2a: Zapdos
|-damage|p2a: Zapdos|35/100 par
|move|p2a: Zapdos|Thunderbolt|p1a: Slowbro
|-supereffective|p1a: Slowbro
|-damage|p1a: Slowbro|7/100
|
|upkeep
|turn|52
|
|t:|1711937812
|move|p1a: Slowbro|Surf|p2a: Zapdos
|-damage|p2a: Zapdos|0 fnt
|faint|p2a: Zapdos
|
|t:|1711937815
|switch|p2a: Snorlax|Snorlax|26/100
|turn|53
|
|t:|1711937829
|move|p1a: Slowbro|Surf|p2a: Snorlax
|-damage|p2a: Snorlax|0 fnt
|faint|p2a: Snorlax
|
|t:|1711937833
|switch|p2a: Chansey|Chansey|100/100 par
|turn|54
|
|t:|1711937853
|move|p1a: Slowbro|Rest|p1a: Slowbro
|-status|p1a: Slowbro|slp|[from] move: Rest
|-heal|p1a: Slowbro|100/100 slp|[silent]
|move|p2a: Chansey|Ice Beam|p1a: Slowbro
|-resisted|p1a: Slowbro
|-damage|p1a: Slowbro|97/100 slp
|
|upkeep
|turn|55
|
|t:|1711937879
|cant|p1a: Slowbro|slp
|move|p2a: Chansey|Sing|p1a: Slowbro
|-fail|p1a: Slowbro|slp
|
|upkeep
|turn|56
|
|t:|1711937886
|switch|p1a: Zapdos|Zapdos|44/100
|cant|p2a: Chansey|par
|
|upkeep
|turn|57
|
|t:|1711937902
|switch|p2a: Jolteon|Jolteon|100/100 slp
|move|p1a: Zapdos|Drill Peck|p2a: Jolteon
|-crit|p2a: Jolteon
|-resisted|p2a: Jolteon
|-damage|p2a: Jolteon|66/100 slp
|
|upkeep
|turn|58
|
|t:|1711937912
|cant|p2a: Jolteon|slp
|move|p1a: Zapdos|Drill Peck|p2a: Jolteon
|-resisted|p2a: Jolteon
|-damage|p2a: Jolteon|47/100 slp
|
|upkeep
|turn|59
|
|t:|1711937917
|-curestatus|p2a: Jolteon|slp|[msg]
|move|p1a: Zapdos|Thunder Wave|p2a: Jolteon
|-status|p2a: Jolteon|par
|
|upkeep
|turn|60
|
|t:|1711937924
|move|p1a: Zapdos|Drill Peck|p2a: Jolteon
|-crit|p2a: Jolteon
|-resisted|p2a: Jolteon
|-damage|p2a: Jolteon|14/100 par
|move|p2a: Jolteon|Rest|p2a: Jolteon
|-status|p2a: Jolteon|slp|[from] move: Rest
|-heal|p2a: Jolteon|100/100 slp|[silent]
|
|upkeep
|turn|61
|
|t:|1711937932
|switch|p1a: Slowbro|Slowbro|97/100 slp
|cant|p2a: Jolteon|slp
|
|upkeep
|turn|62
|l| Isthisnametaked
|
|t:|1711937939
|-curestatus|p1a: Slowbro|slp|[msg]
|-curestatus|p2a: Jolteon|slp|[msg]
|
|upkeep
|turn|63
|
|t:|1711937948
|switch|p1a: Chansey|Chansey|71/100
|move|p2a: Jolteon|Thunderbolt|p1a: Chansey
|-damage|p1a: Chansey|57/100
|
|upkeep
|turn|64
|
|t:|1711937955
|switch|p2a: Chansey|Chansey|100/100 par
|move|p1a: Chansey|Soft-Boiled|p1a: Chansey
|-heal|p1a: Chansey|100/100
|
|upkeep
|turn|65
|
|t:|1711937967
|switch|p1a: Zapdos|Zapdos|44/100
|cant|p2a: Chansey|par
|
|upkeep
|turn|66
|
|t:|1711937973
|switch|p2a: Jolteon|Jolteon|100/100
|move|p1a: Zapdos|Thunder Wave|p2a: Jolteon
|-status|p2a: Jolteon|par
|
|upkeep
|turn|67
|
|t:|1711937978
|switch|p1a: Chansey|Chansey|100/100
|move|p2a: Jolteon|Thunderbolt|p1a: Chansey
|-damage|p1a: Chansey|85/100
|
|upkeep
|turn|68
|
|t:|1711937984
|switch|p2a: Chansey|Chansey|100/100 par
|move|p1a: Chansey|Seismic Toss|p2a: Chansey
|-damage|p2a: Chansey|86/100 par
|
|upkeep
|turn|69
|j| Isthisnametaked
|
|t:|1711937991
|move|p1a: Chansey|Seismic Toss|p2a: Chansey
|-damage|p2a: Chansey|72/100 par
|move|p2a: Chansey|Sing|p1a: Chansey
|-status|p1a: Chansey|slp|[from] move: Sing
|
|upkeep
|turn|70
|
|t:|1711938001
|switch|p1a: Slowbro|Slowbro|97/100
|switch|p2a: Jolteon|Jolteon|100/100 par
|
|upkeep
|turn|71
|
|t:|1711938006
|move|p1a: Slowbro|Amnesia|p1a: Slowbro
|-boost|p1a: Slowbro|spa|2
|-boost|p1a: Slowbro|spd|2
|cant|p2a: Jolteon|par
|
|upkeep
|turn|72
|
|t:|1711938037
|move|p1a: Slowbro|Surf|p2a: Jolteon
|-damage|p2a: Jolteon|48/100 par
|move|p2a: Jolteon|Thunderbolt|p1a: Slowbro
|-supereffective|p1a: Slowbro
|-damage|p1a: Slowbro|60/100
|
|upkeep
|turn|73
|
|t:|1711938049
|switch|p2a: Chansey|Chansey|72/100 par
|move|p1a: Slowbro|Surf|p2a: Chansey
|-damage|p2a: Chansey|44/100 par
|
|upkeep
|turn|74
|
|t:|1711938058
|move|p1a: Slowbro|Amnesia|p1a: Slowbro
|-boost|p1a: Slowbro|spa|2
|-boost|p1a: Slowbro|spd|2
|cant|p2a: Chansey|par
|
|upkeep
|turn|75
|
|t:|1711938065
|move|p1a: Slowbro|Surf|p2a: Chansey
|-damage|p2a: Chansey|5/100 par
|cant|p2a: Chansey|par
|
|upkeep
|turn|76
|-message|fsgsfksflksf forfeited.
|
|win|RBYZA PersNegRNG
|raw|RBYZA PersNegRNG's rating: 1568 &rarr; <strong>1585</strong><br />(+17 for winning)
|raw|fsgsfksflksf's rating: 1524 &rarr; <strong>1507</strong><br />(-17 for losing)
|l|‽fsgsfksflksf
|player|p2|
