|raw|<div class="broadcast-blue"><strong>This battle is required to be public due to a player having a name starting with 'rbyza'.</div>
|j|☆Venomothra
|j|☆rbyza acii
|t:|1711943019
|gametype|singles
|player|p1|Venomothra|169|1421
|player|p2|rbyza acii|brock|1619
|teamsize|p1|6
|teamsize|p2|6
|gen|1
|tier|[Gen 1] OU
|rated|
|rule|Desync Clause Mod: Desyncs changed to move failure.
|rule|Sleep Clause Mod: Limit one foe put to sleep
|rule|Freeze Clause Mod: Limit one foe frozen
|rule|Species Clause: Limit one of each Pokémon
|rule|OHKO Clause: OHKO moves are banned
|rule|Evasion Moves Clause: Evasion moves are banned
|rule|Endless Battle Clause: Forcing endless battles is banned
|rule|HP Percentage Mod: HP is shown in percentages
|
|t:|1711943019
|start
|switch|p1a: Starmie|Starmie|100/100
|switch|p2a: Starmie|Starmie|100/100
|turn|1
|inactive|Battle timer is ON: inactive players will automatically lose when time's up. (requested by rbyza acii)
|j| UltiNooba19
|c|☆rbyza acii|hf
|
|t:|1711943049
|switch|p1a: Chansey|Chansey|100/100
|move|p2a: Starmie|Ice Beam|p1a: Chansey
|-crit|p1a: Chansey
|-damage|p1a: Chansey|82/100
|
|upkeep
|turn|2
|
|t:|1711943058
|move|p2a: Starmie|Ice Beam|p1a: Chansey
|-damage|p1a: Chansey|71/100
|move|p1a: Chansey|Thunderbolt|p2a: Starmie
|-supereffective|p2a: Starmie
|-damage|p2a: Starmie|54/100
|
|upkeep
|turn|3
|
|t:|1711943065
|switch|p2a: Exeggutor|Exeggutor|100/100
|move|p1a: Chansey|Thunderbolt|p2a: Exeggutor
|-resisted|p2a: Exeggutor
|-damage|p2a: Exeggutor|92/100
|
|upkeep
|turn|4
|
|t:|1711943073
|switch|p1a: Gengar|Gengar|100/100
|move|p2a: Exeggutor|Sleep Powder|p1a: Gengar
|-status|p1a: Gengar|slp|[from] move: Sleep Powder
|
|upkeep
|turn|5
|
|t:|1711943100
|switch|p1a: Exeggutor|Exeggutor|100/100
|move|p2a: Exeggutor|Stun Spore|p1a: Exeggutor|[miss]
|-miss|p2a: Exeggutor
|
|upkeep
|turn|6
|
|t:|1711943109
|move|p1a: Exeggutor|Sleep Powder|p2a: Exeggutor
|-status|p2a: Exeggutor|slp|[from] move: Sleep Powder
|cant|p2a: Exeggutor|slp
|
|upkeep
|turn|7
|c|☆rbyza acii|click faster dude
|inactive|Venomothra has 120 seconds left.
|
|t:|1711943137
|switch|p1a: Starmie|Starmie|100/100
|switch|p2a: Starmie|Starmie|54/100
|
|upkeep
|turn|8
|inactive|Venomothra has 120 seconds left.
|
|t:|1711943146
|switch|p2a: Chansey|Chansey|100/100
|switch|p1a: Chansey|Chansey|71/100
|
|upkeep
|turn|9
|inactive|Venomothra has 120 seconds left.
|j| jokey1990
|
|t:|1711943175
|switch|p1a: Snorlax|Snorlax|100/100
|move|p2a: Chansey|Thunder Wave|p1a: Snorlax
|-status|p1a: Snorlax|par
|
|upkeep
|turn|10
|j| Strange Cr3ature
|
|t:|1711943180
|move|p2a: Chansey|Ice Beam|p1a: Snorlax
|-damage|p1a: Snorlax|80/100 par
|move|p1a: Snorlax|Body Slam|p2a: Chansey
|-damage|p2a: Chansey|59/100
|
|upkeep
|turn|11
|j|+Sceptross
|l| Strange Cr3ature
|
|t:|1711943190
|move|p2a: Chansey|Soft-Boiled|p2a: Chansey
|-heal|p2a: Chansey|100/100
|move|p1a: Snorlax|Body Slam|p2a: Chansey
|-damage|p2a: Chansey|58/100
|
|upkeep
|turn|12
|inactive|Venomothra has 120 seconds left.
|
|t:|1711943196
|switch|p2a: Snorlax|Snorlax|100/100
|move|p1a: Snorlax|Body Slam|p2a: Snorlax
|-damage|p2a: Snorlax|76/100
|
|upkeep
|turn|13
|inactive|Venomothra has 120 seconds left.
|
|t:|1711943214
|switch|p1a: Gengar|Gengar|100/100 slp
|move|p2a: Snorlax|Body Slam|p1a: Gengar
|-immune|p1a: Gengar
|
|upkeep
|turn|14
|inactive|Venomothra has 120 seconds left.
|
|t:|1711943220
|switch|p1a: Exeggutor|Exeggutor|100/100
|move|p2a: Snorlax|Body Slam|p1a: Exeggutor
|-damage|p1a: Exeggutor|70/100
|-status|p1a: Exeggutor|par
|
|upkeep
|turn|15
|
|t:|1711943227
|move|p2a: Snorlax|Body Slam|p1a: Exeggutor
|-damage|p1a: Exeggutor|39/100 par
|move|p1a: Exeggutor|Stun Spore|p2a: Snorlax
|-status|p2a: Snorlax|par
|
|upkeep
|turn|16
|
|t:|1711943234
|switch|p2a: Exeggutor|Exeggutor|92/100 slp
|move|p1a: Exeggutor|Explosion|p2a: Exeggutor
|-damage|p2a: Exeggutor|16/100 slp
|faint|p1a: Exeggutor
|
|t:|1711943241
|switch|p1a: Gengar|Gengar|100/100 slp
|turn|17
|
|t:|1711943245
|switch|p2a: Rhydon|Rhydon|100/100
|cant|p1a: Gengar|slp
|
|upkeep
|turn|18
|
|t:|1711943259
|switch|p1a: Starmie|Starmie|100/100
|move|p2a: Rhydon|Earthquake|p1a: Starmie
|-damage|p1a: Starmie|52/100
|
|upkeep
|turn|19
|
|t:|1711943265
|switch|p2a: Chansey|Chansey|58/100
|move|p1a: Starmie|Hydro Pump|p2a: Chansey
|-damage|p2a: Chansey|38/100
|
|upkeep
|turn|20
|
|t:|1711943272
|move|p1a: Starmie|Hydro Pump|p2a: Chansey
|-damage|p2a: Chansey|17/100
|move|p2a: Chansey|Soft-Boiled|p2a: Chansey
|-heal|p2a: Chansey|67/100
|
|upkeep
|turn|21
|
|t:|1711943281
|switch|p1a: Snorlax|Snorlax|80/100 par
|move|p2a: Chansey|Thunder Wave|p1a: Snorlax
|-fail|p1a: Snorlax|par
|
|upkeep
|turn|22
|j| Kolarias
|
|t:|1711943292
|switch|p2a: Snorlax|Snorlax|76/100 par
|move|p1a: Snorlax|Surf|p2a: Snorlax
|-damage|p2a: Snorlax|62/100 par
|
|upkeep
|turn|23
|j| rbyza haxerohaxero
|l| rbyza haxerohaxero
|
|t:|1711943315
|switch|p1a: Gengar|Gengar|100/100 slp
|move|p2a: Snorlax|Body Slam|p1a: Gengar
|-immune|p1a: Gengar
|
|upkeep
|turn|24
|c|☆rbyza acii|brooo clickkk please
|
|t:|1711943328
|switch|p2a: Starmie|Starmie|54/100
|cant|p1a: Gengar|slp
|
|upkeep
|turn|25
|
|t:|1711943334
|switch|p1a: Chansey|Chansey|71/100
|move|p2a: Starmie|Recover|p2a: Starmie
|-heal|p2a: Starmie|100/100
|
|upkeep
|turn|26
|
|t:|1711943344
|switch|p2a: Chansey|Chansey|67/100
|move|p1a: Chansey|Ice Beam|p2a: Chansey
|-damage|p2a: Chansey|57/100
|
|upkeep
|turn|27
|
|t:|1711943353
|switch|p1a: Snorlax|Snorlax|80/100 par
|move|p2a: Chansey|Thunder Wave|p1a: Snorlax
|-fail|p1a: Snorlax|par
|
|upkeep
|turn|28
|
|t:|1711943360
|switch|p2a: Snorlax|Snorlax|62/100 par
|move|p1a: Snorlax|Body Slam|p2a: Snorlax
|-damage|p2a: Snorlax|35/100 par
|
|upkeep
|turn|29
|
|t:|1711943370
|switch|p1a: Gengar|Gengar|100/100 slp
|switch|p2a: Rhydon|Rhydon|100/100
|
|upkeep
|turn|30
|
|t:|1711943385
|switch|p1a: Starmie|Starmie|52/100
|move|p2a: Rhydon|Earthquake|p1a: Starmie
|-damage|p1a: Starmie|4/100
|
|upkeep
|turn|31
|
|t:|1711943395
|switch|p2a: Chansey|Chansey|57/100
|move|p1a: Starmie|Recover|p1a: Starmie
|-heal|p1a: Starmie|53/100
|
|upkeep
|turn|32
|c|☆rbyza acii|click click clikc!!
|
|t:|1711943412
|move|p1a: Starmie|Hydro Pump|p2a: Chansey
|-damage|p2a: Chansey|37/100
|move|p2a: Chansey|Thunderbolt|p1a: Starmie
|-supereffective|p1a: Starmie
|-damage|p1a: Starmie|8/100
|-status|p1a: Starmie|par
|
|upkeep
|turn|33
|
|t:|1711943423
|switch|p1a: Snorlax|Snorlax|80/100 par
|move|p2a: Chansey|Soft-Boiled|p2a: Chansey
|-heal|p2a: Chansey|87/100
|
|upkeep
|turn|34
|
|t:|1711943431
|switch|p2a: Exeggutor|Exeggutor|16/100 slp
|move|p1a: Snorlax|Body Slam|p2a: Exeggutor
|-crit|p2a: Exeggutor
|-damage|p2a: Exeggutor|0 fnt
|faint|p2a: Exeggutor
|
|t:|1711943433
|switch|p2a: Starmie|Starmie|100/100
|turn|35
|
|t:|1711943443
|switch|p1a: Chansey|Chansey|71/100
|move|p2a: Starmie|Psychic|p1a: Chansey
|-damage|p1a: Chansey|56/100
|
|upkeep
|turn|36
|
|t:|1711943449
|move|p2a: Starmie|Thunder Wave|p1a: Chansey
|-status|p1a: Chansey|par
|cant|p1a: Chansey|par
|
|upkeep
|turn|37
|
|t:|1711943455
|switch|p2a: Snorlax|Snorlax|35/100 par
|move|p1a: Chansey|Ice Beam|p2a: Snorlax
|-damage|p2a: Snorlax|14/100 par
|
|upkeep
|turn|38
|
|t:|1711943462
|switch|p1a: Gengar|Gengar|100/100 slp
|move|p2a: Snorlax|Rest|p2a: Snorlax
|-status|p2a: Snorlax|slp|[from] move: Rest
|-heal|p2a: Snorlax|100/100 slp|[silent]
|
|upkeep
|turn|39
|n| RBYZA Courage|sceptross
|
|t:|1711943475
|switch|p1a: Snorlax|Snorlax|80/100 par
|switch|p2a: Rhydon|Rhydon|100/100
|
|upkeep
|turn|40
|
|t:|1711943483
|move|p2a: Rhydon|Earthquake|p1a: Snorlax
|-damage|p1a: Snorlax|43/100 par
|move|p1a: Snorlax|Surf|p2a: Rhydon
|-supereffective|p2a: Rhydon
|-damage|p2a: Rhydon|17/100
|
|upkeep
|turn|41
|c|☆rbyza acii|click click click!!1!!!!!
|c|☆rbyza acii|please
|inactive|Venomothra has 120 seconds left.
|
|t:|1711943514
|move|p2a: Rhydon|Earthquake|p1a: Snorlax
|-damage|p1a: Snorlax|5/100 par
|move|p1a: Snorlax|Surf|p2a: Rhydon
|-supereffective|p2a: Rhydon
|-damage|p2a: Rhydon|0 fnt
|faint|p2a: Rhydon
|c|☆rbyza acii|XD
|
|t:|1711943517
|switch|p2a: Tauros|Tauros|100/100
|turn|42
|inactive|Venomothra has 120 seconds left.
|
|t:|1711943545
|move|p2a: Tauros|Body Slam|p1a: Snorlax
|-damage|p1a: Snorlax|0 fnt
|faint|p1a: Snorlax
|
|t:|1711943552
|switch|p1a: Tauros|Tauros|100/100
|turn|43
|
|t:|1711943555
|move|p1a: Tauros|Body Slam|p2a: Tauros
|-damage|p2a: Tauros|71/100
|move|p2a: Tauros|Body Slam|p1a: Tauros
|-damage|p1a: Tauros|69/100
|
|upkeep
|turn|44
|inactive|Venomothra has 120 seconds left.
|
|t:|1711943588
|move|p1a: Tauros|Body Slam|p2a: Tauros
|-damage|p2a: Tauros|44/100
|move|p2a: Tauros|Body Slam|p1a: Tauros
|-damage|p1a: Tauros|40/100
|
|upkeep
|turn|45
|
|t:|1711943594
|switch|p2a: Chansey|Chansey|87/100
|move|p1a: Tauros|Hyper Beam|p2a: Chansey
|-damage|p2a: Chansey|19/100
|-mustrecharge|p1a: Tauros
|
|upkeep
|turn|46
|
|t:|1711943600
|cant|p1a: Tauros|recharge
|move|p2a: Chansey|Thunder Wave|p1a: Tauros
|-status|p1a: Tauros|par
|
|upkeep
|turn|47
|c|☆rbyza acii|broooooo
|c|☆rbyza acii|clickkkkk
|c|☆rbyza acii|pleaseee
|inactive|Venomothra has 90 seconds left.
|c|☆rbyza acii|click clikc click
|c|☆rbyza acii|click click click
|c|☆rbyza acii|Venomothra
|c|☆rbyza acii|brooo
|inactive|Venomothra has 60 seconds left.
|
|t:|1711943661
|switch|p2a: Snorlax|Snorlax|100/100 slp
|switch|p1a: Chansey|Chansey|56/100 par
|
|upkeep
|turn|48
|c|☆rbyza acii|please don't stall
|
|t:|1711943666
|cant|p2a: Snorlax|slp
|cant|p1a: Chansey|par
|
|upkeep
|turn|49
|
|t:|1711943671
|switch|p1a: Starmie|Starmie|8/100 par
|-curestatus|p2a: Snorlax|slp|[msg]
|
|upkeep
|turn|50
|j|+emma
|c|☆rbyza acii|very important for me
|
|t:|1711943676
|switch|p1a: Gengar|Gengar|100/100 slp
|move|p2a: Snorlax|Body Slam|p1a: Gengar
|-immune|p1a: Gengar
|
|upkeep
|turn|51
|c|☆Venomothra|It's not over until it is over
|inactive|Venomothra has 60 seconds left.
|c|☆rbyza acii|yea but click faster
|c|☆rbyza acii|!
|c|☆rbyza acii|I am on a timer
|c|☆rbyza acii|for real
|
|t:|1711943716
|switch|p2a: Tauros|Tauros|44/100
|cant|p1a: Gengar|slp
|
|upkeep
|turn|52
|c| UltiNooba19|Nah don't click
|c|☆rbyza acii|it's not to be an asshole
|c| UltiNooba19|Take your time
|c|☆Venomothra|Ya gotta think sometimes
|c|☆rbyza acii|broo
|c|☆rbyza acii|pleas
|c|☆rbyza acii|e
|c| UltiNooba19|Exactly
|c|☆rbyza acii|wtf
|c|☆rbyza acii|come on
|
|t:|1711943742
|move|p2a: Tauros|Earthquake|p1a: Gengar
|-crit|p1a: Gengar
|-supereffective|p1a: Gengar
|-damage|p1a: Gengar|0 fnt
|faint|p1a: Gengar
|inactive|Venomothra has 30 seconds left.
|c|☆rbyza acii|please don't stall
|
|t:|1711943758
|switch|p1a: Tauros|Tauros|40/100 par
|turn|53
|
|t:|1711943761
|move|p2a: Tauros|Hyper Beam|p1a: Tauros
|-damage|p1a: Tauros|0 fnt
|faint|p1a: Tauros
|inactive|Venomothra has 30 seconds left.
|
|t:|1711943773
|switch|p1a: Starmie|Starmie|8/100 par
|turn|54
|c|☆rbyza acii|please click
|
|t:|1711943776
|move|p2a: Tauros|Body Slam|p1a: Starmie
|-damage|p1a: Starmie|0 fnt
|faint|p1a: Starmie
|
|t:|1711943783
|switch|p1a: Chansey|Chansey|56/100 par
|turn|55
|
|t:|1711943789
|move|p2a: Tauros|Hyper Beam|p1a: Chansey
|-damage|p1a: Chansey|0 fnt
|faint|p1a: Chansey
|
|win|rbyza acii
|raw|Venomothra's rating: 1421 &rarr; <strong>1411</strong><br />(-10 for losing)
|raw|rbyza acii's rating: 1619 &rarr; <strong>1629</strong><br />(+10 for winning)
|l|+emma
|l| Kolarias
|l|☆rbyza acii
|player|p2|
|c|☆Venomothra|Well, I hope your happy
|l| UltiNooba19
|l| jokey1990
|c|☆Venomothra|I have much to learn
|c|☆Venomothra|Still, when I was in 1100 ranking I would be envious of where I am today
|l|☆Venomothra
|player|p1|
