|j|☆saltybae7
|j|☆worms deluxe
|t:|1711946715
|gametype|singles
|player|p1|saltybae7|170|1363
|player|p2|worms deluxe|gardenia|1418
|teamsize|p1|6
|teamsize|p2|6
|gen|9
|tier|[Gen 9] OU
|rated|
|rule|Species Clause: Limit one of each Pokémon
|rule|OHKO Clause: OHKO moves are banned
|rule|Evasion Items Clause: Evasion items are banned
|rule|Evasion Moves Clause: Evasion moves are banned
|rule|Endless Battle Clause: Forcing endless battles is banned
|rule|HP Percentage Mod: HP is shown in percentages
|rule|Sleep Moves Clause: Sleep-inducing moves are banned
|clearpoke
|poke|p1|Grimmsnarl, M|
|poke|p1|Ceruledge, M|
|poke|p1|Quaquaval, F|
|poke|p1|Gliscor, F|
|poke|p1|Espeon, M|
|poke|p1|Serperior, F|
|poke|p2|Landorus-Therian, M|
|poke|p2|Primarina, F|
|poke|p2|Ogerpon-Wellspring, F|
|poke|p2|Kingambit, F|
|poke|p2|Skeledirge, F|
|poke|p2|Rillaboom, F|
|teampreview
|inactive|Battle timer is ON: inactive players will automatically lose when time's up. (requested by worms deluxe)
|inactive|saltybae7 has 120 seconds left.
|inactive|saltybae7 has 90 seconds left.
|
|t:|1711946855
|start
|switch|p1a: Espeon|Espeon, M|100/100
|switch|p2a: Primarina|Primarina, F|100/100
|turn|1
|
|t:|1711946873
|move|p1a: Espeon|Psychic|p2a: Primarina
|-damage|p2a: Primarina|44/100
|move|p2a: Primarina|Psychic Noise|p1a: Espeon
|-damage|p1a: Espeon|57/100
|-start|p1a: Espeon|move: Heal Block
|
|upkeep
|turn|2
|
|t:|1711946884
|switch|p2a: Kingambit|Kingambit, F|100/100
|move|p1a: Espeon|Psychic|p2a: Kingambit
|-immune|p2a: Kingambit
|
|-end|p1a: Espeon|move: Heal Block
|upkeep
|turn|3
|
|t:|1711946892
|switch|p1a: Gliscor|Gliscor, F|100/100
|move|p2a: Kingambit|Iron Head|p1a: Gliscor
|-damage|p1a: Gliscor|69/100
|
|-status|p1a: Gliscor|tox|[from] item: Toxic Orb
|upkeep
|turn|4
|
|t:|1711946899
|-end|p2a: Kingambit|fallenundefined|[silent]
|switch|p2a: Rillaboom|Rillaboom, F|100/100
|-fieldstart|move: Grassy Terrain|[from] ability: Grassy Surge|[of] p2a: Rillaboom
|move|p1a: Gliscor|Substitute|p1a: Gliscor
|-start|p1a: Gliscor|Substitute
|-damage|p1a: Gliscor|44/100 tox
|
|-heal|p1a: Gliscor|56/100 tox|[from] ability: Poison Heal
|upkeep
|turn|5
|
|t:|1711946906
|move|p2a: Rillaboom|Grassy Glide|p1a: Gliscor
|-end|p1a: Gliscor|Substitute
|move|p1a: Gliscor|Toxic|p2a: Rillaboom
|-status|p2a: Rillaboom|tox
|
|-heal|p1a: Gliscor|68/100 tox|[from] ability: Poison Heal
|-damage|p2a: Rillaboom|94/100 tox|[from] psn
|upkeep
|turn|6
|
|t:|1711946931
|switch|p1a: Grimmsnarl|Grimmsnarl, M|100/100
|switch|p2a: Ogerpon|Ogerpon-Wellspring, F|100/100
|
|upkeep
|turn|7
|
|t:|1711946939
|switch|p2a: Primarina|Primarina, F|44/100
|-enditem|p2a: Primarina|Grassy Seed
|-boost|p2a: Primarina|def|1|[from] item: Grassy Seed
|move|p1a: Grimmsnarl|Reflect|p1a: Grimmsnarl
|-sidestart|p1: saltybae7|Reflect
|
|-heal|p2a: Primarina|50/100|[from] Grassy Terrain
|upkeep
|turn|8
|
|t:|1711946948
|move|p1a: Grimmsnarl|Reflect||[still]
|-fail|p1a: Grimmsnarl
|move|p2a: Primarina|Draining Kiss|p1a: Grimmsnarl
|-supereffective|p1a: Grimmsnarl
|-damage|p1a: Grimmsnarl|58/100
|-heal|p2a: Primarina|79/100|[from] drain|[of] p1a: Grimmsnarl
|
|-heal|p2a: Primarina|85/100|[from] Grassy Terrain
|-heal|p1a: Grimmsnarl|64/100|[from] Grassy Terrain
|upkeep
|turn|9
|
|t:|1711946957
|move|p1a: Grimmsnarl|Light Screen|p1a: Grimmsnarl
|-sidestart|p1: saltybae7|move: Light Screen
|move|p2a: Primarina|Calm Mind|p2a: Primarina
|-boost|p2a: Primarina|spa|1
|-boost|p2a: Primarina|spd|1
|
|-heal|p2a: Primarina|91/100|[from] Grassy Terrain
|-heal|p1a: Grimmsnarl|70/100|[from] Grassy Terrain
|upkeep
|turn|10
|
|t:|1711946966
|move|p1a: Grimmsnarl|Thunder Wave|p2a: Primarina
|-status|p2a: Primarina|par
|cant|p2a: Primarina|par
|
|-heal|p1a: Grimmsnarl|76/100|[from] Grassy Terrain
|-heal|p2a: Primarina|97/100 par|[from] Grassy Terrain
|upkeep
|turn|11
|
|t:|1711946977
|move|p1a: Grimmsnarl|Spirit Break|p2a: Primarina
|-damage|p2a: Primarina|82/100 par
|-unboost|p2a: Primarina|spa|1
|move|p2a: Primarina|Calm Mind|p2a: Primarina
|-boost|p2a: Primarina|spa|1
|-boost|p2a: Primarina|spd|1
|
|-heal|p1a: Grimmsnarl|82/100|[from] Grassy Terrain
|-heal|p2a: Primarina|88/100 par|[from] Grassy Terrain
|-fieldend|move: Grassy Terrain
|upkeep
|turn|12
|
|t:|1711946984
|move|p1a: Grimmsnarl|Spirit Break|p2a: Primarina
|-damage|p2a: Primarina|71/100 par
|-unboost|p2a: Primarina|spa|1
|move|p2a: Primarina|Calm Mind|p2a: Primarina
|-boost|p2a: Primarina|spa|1
|-boost|p2a: Primarina|spd|1
|
|upkeep
|turn|13
|
|t:|1711947005
|move|p1a: Grimmsnarl|Spirit Break|p2a: Primarina
|-damage|p2a: Primarina|55/100 par
|-unboost|p2a: Primarina|spa|1
|cant|p2a: Primarina|par
|
|upkeep
|turn|14
|
|t:|1711947011
|move|p1a: Grimmsnarl|Spirit Break|p2a: Primarina
|-damage|p2a: Primarina|40/100 par
|-unboost|p2a: Primarina|spa|1
|move|p2a: Primarina|Draining Kiss|p1a: Grimmsnarl
|-supereffective|p1a: Grimmsnarl
|-damage|p1a: Grimmsnarl|68/100
|-heal|p2a: Primarina|50/100 par|[from] drain|[of] p1a: Grimmsnarl
|
|-sideend|p1: saltybae7|Reflect
|upkeep
|turn|15
|
|t:|1711947025
|move|p1a: Grimmsnarl|Spirit Break|p2a: Primarina
|-damage|p2a: Primarina|34/100 par
|-unboost|p2a: Primarina|spa|1
|move|p2a: Primarina|Calm Mind|p2a: Primarina
|-boost|p2a: Primarina|spa|1
|-boost|p2a: Primarina|spd|1
|
|upkeep
|turn|16
|
|t:|1711947033
|move|p1a: Grimmsnarl|Spirit Break|p2a: Primarina
|-damage|p2a: Primarina|18/100 par
|-unboost|p2a: Primarina|spa|1
|cant|p2a: Primarina|par
|
|-sideend|p1: saltybae7|move: Light Screen
|upkeep
|turn|17
|
|t:|1711947047
|move|p1a: Grimmsnarl|Spirit Break|p2a: Primarina
|-damage|p2a: Primarina|2/100 par
|-unboost|p2a: Primarina|spa|1
|cant|p2a: Primarina|par
|
|upkeep
|turn|18
|
|t:|1711947053
|move|p1a: Grimmsnarl|Light Screen|p1a: Grimmsnarl
|-sidestart|p1: saltybae7|move: Light Screen
|move|p2a: Primarina|Draining Kiss|p1a: Grimmsnarl
|-supereffective|p1a: Grimmsnarl
|-damage|p1a: Grimmsnarl|59/100
|-heal|p2a: Primarina|8/100 par|[from] drain|[of] p1a: Grimmsnarl
|
|upkeep
|turn|19
|
|t:|1711947067
|move|p1a: Grimmsnarl|Spirit Break|p2a: Primarina
|-damage|p2a: Primarina|0 fnt
|faint|p2a: Primarina
|
|upkeep
|
|t:|1711947070
|switch|p2a: Ogerpon|Ogerpon-Wellspring, F|100/100
|turn|20
|
|t:|1711947075
|switch|p2a: Landorus|Landorus-Therian, M|100/100
|-ability|p2a: Landorus|Intimidate|boost
|-unboost|p1a: Grimmsnarl|atk|1
|move|p1a: Grimmsnarl|Reflect|p1a: Grimmsnarl
|-sidestart|p1: saltybae7|Reflect
|
|upkeep
|turn|21
|
|t:|1711947083
|switch|p1a: Gliscor|Gliscor, F|68/100 tox
|move|p2a: Landorus|Taunt|p1a: Gliscor
|-start|p1a: Gliscor|move: Taunt
|
|-heal|p1a: Gliscor|81/100 tox|[from] ability: Poison Heal
|upkeep
|turn|22
|
|t:|1711947087
|move|p2a: Landorus|Stealth Rock|p1a: Gliscor
|-sidestart|p1: saltybae7|move: Stealth Rock
|move|p1a: Gliscor|Rock Tomb|p2a: Landorus
|-damage|p2a: Landorus|88/100
|-unboost|p2a: Landorus|spe|1
|
|-heal|p1a: Gliscor|93/100 tox|[from] ability: Poison Heal
|upkeep
|turn|23
|
|t:|1711947094
|switch|p1a: Espeon|Espeon, M|57/100
|-damage|p1a: Espeon|45/100|[from] Stealth Rock
|switch|p2a: Ogerpon|Ogerpon-Wellspring, F|100/100
|
|upkeep
|turn|24
|
|t:|1711947102
|move|p1a: Espeon|Psychic|p2a: Ogerpon
|-damage|p2a: Ogerpon|28/100
|move|p2a: Ogerpon|Ivy Cudgel|p1a: Espeon|[anim] Ivy Cudgel Water
|-damage|p1a: Espeon|0 fnt
|faint|p1a: Espeon
|
|upkeep
|
|t:|1711947107
|switch|p1a: Serperior|Serperior, F, shiny|100/100
|-damage|p1a: Serperior|88/100|[from] Stealth Rock
|turn|25
|
|t:|1711947109
|switch|p2a: Skeledirge|Skeledirge, F|100/100
|move|p1a: Serperior|Glare|p2a: Skeledirge
|-status|p2a: Skeledirge|par
|
|-heal|p1a: Serperior|94/100|[from] item: Leftovers
|-sideend|p1: saltybae7|move: Light Screen
|upkeep
|turn|26
|
|t:|1711947114
|switch|p1a: Gliscor|Gliscor, F|93/100 tox
|-damage|p1a: Gliscor|81/100 tox|[from] Stealth Rock
|cant|p2a: Skeledirge|par
|
|-heal|p1a: Gliscor|93/100 tox|[from] ability: Poison Heal
|upkeep
|turn|27
|
|t:|1711947121
|move|p1a: Gliscor|Earthquake|p2a: Skeledirge
|-supereffective|p2a: Skeledirge
|-damage|p2a: Skeledirge|46/100 par
|move|p2a: Skeledirge|Torch Song|p1a: Gliscor
|-damage|p1a: Gliscor|61/100 tox
|-boost|p2a: Skeledirge|spa|1
|
|-heal|p1a: Gliscor|73/100 tox|[from] ability: Poison Heal
|-sideend|p1: saltybae7|Reflect
|upkeep
|turn|28
|
|t:|1711947127
|-terastallize|p2a: Skeledirge|Fairy
|move|p1a: Gliscor|Earthquake|p2a: Skeledirge
|-damage|p2a: Skeledirge|20/100 par
|cant|p2a: Skeledirge|par
|
|-heal|p1a: Gliscor|85/100 tox|[from] ability: Poison Heal
|upkeep
|turn|29
|-message|worms deluxe forfeited.
|
|win|saltybae7
|raw|saltybae7's rating: 1363 &rarr; <strong>1386</strong><br />(+23 for winning)
|raw|worms deluxe's rating: 1418 &rarr; <strong>1395</strong><br />(-23 for losing)
|l|☆worms deluxe
|player|p2|
|l|☆saltybae7
|player|p1|
