|j|‽trogrochibreux
|j|☆PokemonGogetaSS4
|t:|1711946793
|gametype|singles
|player|p1|trogrochibreux|skyla|1627
|player|p2|PokemonGogetaSS4|lucas|1606
|teamsize|p1|6
|teamsize|p2|6
|gen|9
|tier|[Gen 9] OU
|rated|
|rule|Species Clause: Limit one of each Pokémon
|rule|OHKO Clause: OHKO moves are banned
|rule|Evasion Items Clause: Evasion items are banned
|rule|Evasion Moves Clause: Evasion moves are banned
|rule|Endless Battle Clause: Forcing endless battles is banned
|rule|HP Percentage Mod: HP is shown in percentages
|rule|Sleep Moves Clause: Sleep-inducing moves are banned
|clearpoke
|poke|p1|Cinderace, F|
|poke|p1|Kingambit, M|
|poke|p1|Dragapult, F|
|poke|p1|Enamorus, F|
|poke|p1|Zamazenta-*|
|poke|p1|Latias, F|
|poke|p2|Glimmora, F|
|poke|p2|Iron Valiant|
|poke|p2|Roaring Moon|
|poke|p2|Pecharunt|
|poke|p2|Enamorus, F|
|poke|p2|Kingambit, M|
|teampreview
|inactive|Battle timer is ON: inactive players will automatically lose when time's up. (requested by PokemonGogetaSS4)
|inactive|trogrochibreux also wants the timer to be on.
|
|t:|1711946806
|start
|switch|p1a: Dragapult|Dragapult, F|100/100
|switch|p2a: Glimmora|Glimmora, F|100/100
|turn|1
|
|t:|1711946810
|move|p1a: Dragapult|Shadow Ball|p2a: Glimmora
|-damage|p2a: Glimmora|33/100
|move|p2a: Glimmora|Mud Shot|p1a: Dragapult
|-damage|p1a: Dragapult|75/100
|-unboost|p1a: Dragapult|spe|1
|
|upkeep
|turn|2
|
|t:|1711946821
|move|p2a: Glimmora|Stealth Rock|p1a: Dragapult
|-sidestart|p1: trogrochibreux|move: Stealth Rock
|move|p1a: Dragapult|Shadow Ball|p2a: Glimmora
|-damage|p2a: Glimmora|0 fnt
|faint|p2a: Glimmora
|
|upkeep
|
|t:|1711946826
|switch|p2a: Roaring Moon|Roaring Moon|100/100
|-enditem|p2a: Roaring Moon|Booster Energy
|-activate|p2a: Roaring Moon|ability: Protosynthesis|[fromitem]
|-start|p2a: Roaring Moon|protosynthesisatk
|turn|3
|
|t:|1711946834
|switch|p1a: Zamazenta|Zamazenta|100/100
|-damage|p1a: Zamazenta|94/100|[from] Stealth Rock
|-ability|p1a: Zamazenta|Dauntless Shield|boost
|-boost|p1a: Zamazenta|def|1
|move|p2a: Roaring Moon|Dragon Dance|p2a: Roaring Moon
|-boost|p2a: Roaring Moon|atk|1
|-boost|p2a: Roaring Moon|spe|1
|
|-heal|p1a: Zamazenta|100/100|[from] item: Leftovers
|upkeep
|turn|4
|
|t:|1711946840
|-terastallize|p2a: Roaring Moon|Flying
|move|p2a: Roaring Moon|Knock Off|p1a: Zamazenta
|-resisted|p1a: Zamazenta
|-damage|p1a: Zamazenta|74/100
|-enditem|p1a: Zamazenta|Leftovers|[from] move: Knock Off|[of] p2a: Roaring Moon
|move|p1a: Zamazenta|Body Press|p2a: Roaring Moon
|-resisted|p2a: Roaring Moon
|-damage|p2a: Roaring Moon|71/100
|
|upkeep
|turn|5
|
|t:|1711946855
|move|p2a: Roaring Moon|Acrobatics|p1a: Zamazenta
|-supereffective|p1a: Zamazenta
|-damage|p1a: Zamazenta|0 fnt
|faint|p1a: Zamazenta
|
|upkeep
|
|t:|1711946871
|switch|p1a: Kingambit|Kingambit, M|100/100
|-damage|p1a: Kingambit|94/100|[from] Stealth Rock
|-activate|p1a: Kingambit|ability: Supreme Overlord
|-start|p1a: Kingambit|fallen1|[silent]
|turn|6
|
|t:|1711946875
|-terastallize|p1a: Kingambit|Dark
|move|p1a: Kingambit|Sucker Punch|p2a: Roaring Moon
|-damage|p2a: Roaring Moon|0 fnt
|faint|p2a: Roaring Moon
|-end|p2a: Roaring Moon|Protosynthesis|[silent]
|
|-heal|p1a: Kingambit|100/100|[from] item: Leftovers
|upkeep
|
|t:|1711946880
|switch|p2a: Enamorus|Enamorus, F|100/100
|turn|7
|
|t:|1711946885
|move|p2a: Enamorus|Moonblast|p1a: Kingambit
|-supereffective|p1a: Kingambit
|-damage|p1a: Kingambit|0 fnt
|faint|p1a: Kingambit
|-end|p1a: Kingambit|fallen1|[silent]
|
|upkeep
|
|t:|1711946895
|switch|p1a: Cinderace|Cinderace, F|100/100
|turn|8
|
|t:|1711946902
|switch|p2a: Pecharunt|Pecharunt|100/100
|move|p1a: Cinderace|Pyro Ball|p2a: Pecharunt
|-damage|p2a: Pecharunt|59/100
|
|upkeep
|turn|9
|
|t:|1711946912
|move|p1a: Cinderace|Pyro Ball|p2a: Pecharunt
|-damage|p2a: Pecharunt|20/100
|move|p2a: Pecharunt|Malignant Chain|p1a: Cinderace
|-damage|p1a: Cinderace|47/100
|
|upkeep
|turn|10
|
|t:|1711946918
|move|p1a: Cinderace|Pyro Ball|p2a: Pecharunt
|-damage|p2a: Pecharunt|0 fnt
|faint|p2a: Pecharunt
|
|upkeep
|
|t:|1711946921
|switch|p2a: Iron Valiant|Iron Valiant|100/100
|-enditem|p2a: Iron Valiant|Booster Energy
|-activate|p2a: Iron Valiant|ability: Quark Drive|[fromitem]
|-start|p2a: Iron Valiant|quarkdrivespe
|turn|11
|
|t:|1711946928
|move|p2a: Iron Valiant|Swords Dance|p2a: Iron Valiant
|-boost|p2a: Iron Valiant|atk|2
|move|p1a: Cinderace|Court Change|p1a: Cinderace
|-start|p1a: Cinderace|typechange|Normal|[from] ability: Libero
|-swapsideconditions
|-activate|p1a: Cinderace|move: Court Change
|
|upkeep
|turn|12
|
|t:|1711946932
|move|p2a: Iron Valiant|Knock Off|p1a: Cinderace
|-damage|p1a: Cinderace|0 fnt
|-enditem|p1a: Cinderace|Heavy-Duty Boots|[from] move: Knock Off|[of] p2a: Iron Valiant
|faint|p1a: Cinderace
|
|upkeep
|
|t:|1711946935
|switch|p1a: Enamorus|Enamorus, F|100/100
|turn|13
|
|t:|1711946938
|move|p2a: Iron Valiant|Moonblast|p1a: Enamorus
|-damage|p1a: Enamorus|40/100
|move|p1a: Enamorus|Moonblast|p2a: Iron Valiant
|-supereffective|p2a: Iron Valiant
|-damage|p2a: Iron Valiant|0 fnt
|faint|p2a: Iron Valiant
|-end|p2a: Iron Valiant|Quark Drive|[silent]
|
|upkeep
|
|t:|1711946945
|switch|p2a: Enamorus|Enamorus, F|100/100
|-damage|p2a: Enamorus|76/100|[from] Stealth Rock
|turn|14
|
|t:|1711946947
|move|p1a: Enamorus|Moonblast|p2a: Enamorus
|-damage|p2a: Enamorus|7/100
|move|p2a: Enamorus|Moonblast|p1a: Enamorus
|-crit|p1a: Enamorus
|-damage|p1a: Enamorus|0 fnt
|faint|p1a: Enamorus
|
|-heal|p2a: Enamorus|13/100|[from] item: Leftovers
|upkeep
|
|t:|1711946956
|switch|p1a: Dragapult|Dragapult, F|75/100
|turn|15
|
|t:|1711946960
|move|p1a: Dragapult|Fire Blast|p2a: Enamorus
|-damage|p2a: Enamorus|0 fnt
|faint|p2a: Enamorus
|
|upkeep
|
|t:|1711946963
|switch|p2a: Kingambit|Kingambit, M|100/100
|-damage|p2a: Kingambit|94/100|[from] Stealth Rock
|-activate|p2a: Kingambit|ability: Supreme Overlord
|-start|p2a: Kingambit|fallen5|[silent]
|turn|16
|
|t:|1711946966
|move|p2a: Kingambit|Sucker Punch|p1a: Dragapult
|-supereffective|p1a: Dragapult
|-damage|p1a: Dragapult|0 fnt
|faint|p1a: Dragapult
|
|upkeep
|
|t:|1711946969
|switch|p1a: Latias|Latias, F|100/100
|turn|17
|
|t:|1711946974
|move|p2a: Kingambit|Sucker Punch||[still]
|-fail|p2a: Kingambit
|move|p1a: Latias|Calm Mind|p1a: Latias
|-boost|p1a: Latias|spa|1
|-boost|p1a: Latias|spd|1
|
|upkeep
|turn|18
|
|t:|1711946979
|move|p2a: Kingambit|Sucker Punch|p1a: Latias
|-supereffective|p1a: Latias
|-damage|p1a: Latias|16/100
|move|p1a: Latias|Thunderbolt|p2a: Kingambit
|-damage|p2a: Kingambit|55/100
|
|-heal|p1a: Latias|22/100|[from] item: Leftovers
|upkeep
|turn|19
|
|t:|1711946985
|move|p1a: Latias|Recover|p1a: Latias
|-heal|p1a: Latias|72/100
|move|p2a: Kingambit|Iron Head|p1a: Latias
|-damage|p1a: Latias|18/100
|
|-heal|p1a: Latias|24/100|[from] item: Leftovers
|upkeep
|turn|20
|
|t:|1711946991
|move|p1a: Latias|Recover|p1a: Latias
|-heal|p1a: Latias|74/100
|move|p2a: Kingambit|Iron Head|p1a: Latias
|-crit|p1a: Latias
|-damage|p1a: Latias|0 fnt
|faint|p1a: Latias
|
|win|PokemonGogetaSS4
|raw|trogrochibreux's rating: 1627 &rarr; <strong>1606</strong><br />(-21 for losing)
|raw|PokemonGogetaSS4's rating: 1606 &rarr; <strong>1627</strong><br />(+21 for winning)
|l|‽trogrochibreux
|player|p1|
|l|☆PokemonGogetaSS4
|player|p2|
