|j|☆chemawatson03
|j|☆ragazzosole
|t:|1711946441
|gametype|singles
|player|p1|chemawatson03|n|1196
|player|p2|ragazzosole|alder|1156
|teamsize|p1|6
|teamsize|p2|6
|gen|9
|tier|[Gen 9] PU
|rated|
|rule|Species Clause: Limit one of each Pokémon
|rule|OHKO Clause: OHKO moves are banned
|rule|Evasion Items Clause: Evasion items are banned
|rule|Evasion Moves Clause: Evasion moves are banned
|rule|Endless Battle Clause: Forcing endless battles is banned
|rule|HP Percentage Mod: HP is shown in percentages
|rule|Sleep Moves Clause: Sleep-inducing moves are banned
|clearpoke
|poke|p1|Alcremie, F|
|poke|p1|Mabosstiff, M|
|poke|p1|Eelektross, M|
|poke|p1|Weezing, F|
|poke|p1|Hitmonchan, M|
|poke|p1|Charizard, F|
|poke|p2|Qwilfish-Hisui, F|
|poke|p2|Porygon2|
|poke|p2|Jolteon, M|
|poke|p2|Hitmonchan, M|
|poke|p2|Mismagius, M|
|poke|p2|Rampardos, M|
|teampreview
|inactive|Battle timer is ON: inactive players will automatically lose when time's up. (requested by ragazzosole)
|
|t:|1711946448
|start
|switch|p1a: Eelektross|Eelektross, M|100/100
|switch|p2a: Rampardos|Rampardos, M|100/100
|-ability|p2a: Rampardos|Mold Breaker
|turn|1
|
|t:|1711946452
|move|p2a: Rampardos|Head Smash|p1a: Eelektross
|-damage|p1a: Eelektross|0 fnt
|faint|p1a: Eelektross
|-damage|p2a: Rampardos|45/100|[from] Recoil
|
|upkeep
|
|t:|1711946459
|switch|p1a: Mabosstiff|Mabosstiff, M|100/100
|turn|2
|
|t:|1711946464
|move|p1a: Mabosstiff|Crunch|p2a: Rampardos
|-damage|p2a: Rampardos|0 fnt
|faint|p2a: Rampardos
|
|upkeep
|
|t:|1711946467
|switch|p2a: Hitmonchan|Hitmonchan, M|100/100
|turn|3
|
|t:|1711946471
|switch|p1a: Weezing|Weezing, F|100/100
|move|p2a: Hitmonchan|Rapid Spin|p1a: Weezing
|-damage|p1a: Weezing|91/100
|-boost|p2a: Hitmonchan|spe|1
|
|-heal|p1a: Weezing|97/100|[from] item: Black Sludge
|upkeep
|turn|4
|
|t:|1711946480
|switch|p2a: Porygon2|Porygon2|100/100
|-ability|p2a: Porygon2|Download|boost
|-boost|p2a: Porygon2|spa|1
|move|p1a: Weezing|Will-O-Wisp|p2a: Porygon2
|-status|p2a: Porygon2|brn
|
|-heal|p1a: Weezing|100/100|[from] item: Black Sludge
|-damage|p2a: Porygon2|94/100 brn|[from] brn
|upkeep
|turn|5
|
|t:|1711946491
|switch|p1a: Hitmonchan|Hitmonchan, M|100/100
|move|p2a: Porygon2|Ice Beam|p1a: Hitmonchan
|-crit|p1a: Hitmonchan
|-damage|p1a: Hitmonchan|66/100
|
|-damage|p2a: Porygon2|88/100 brn|[from] brn
|upkeep
|turn|6
|
|t:|1711946495
|move|p1a: Hitmonchan|Knock Off|p2a: Porygon2
|-damage|p2a: Porygon2|73/100 brn
|-enditem|p2a: Porygon2|Eviolite|[from] move: Knock Off|[of] p1a: Hitmonchan
|move|p2a: Porygon2|Discharge|p1a: Hitmonchan
|-damage|p1a: Hitmonchan|44/100
|
|-damage|p2a: Porygon2|67/100 brn|[from] brn
|upkeep
|turn|7
|
|t:|1711946501
|move|p1a: Hitmonchan|Drain Punch|p2a: Porygon2
|-supereffective|p2a: Porygon2
|-damage|p2a: Porygon2|0 fnt
|-heal|p1a: Hitmonchan|85/100|[from] drain|[of] p2a: Porygon2
|faint|p2a: Porygon2
|
|upkeep
|
|t:|1711946506
|switch|p2a: Qwilfish|Qwilfish-Hisui, F|100/100
|-ability|p2a: Qwilfish|Intimidate|boost
|-unboost|p1a: Hitmonchan|atk|1
|turn|8
|
|t:|1711946510
|switch|p1a: Weezing|Weezing, F|100/100
|-terastallize|p2a: Qwilfish|Water
|move|p2a: Qwilfish|Liquidation|p1a: Weezing
|-damage|p1a: Weezing|64/100
|
|-heal|p1a: Weezing|70/100|[from] item: Black Sludge
|upkeep
|turn|9
|
|t:|1711946520
|switch|p2a: Mismagius|Mismagius, M|100/100
|move|p1a: Weezing|Will-O-Wisp|p2a: Mismagius
|-status|p2a: Mismagius|brn
|
|-heal|p1a: Weezing|76/100|[from] item: Black Sludge
|-damage|p2a: Mismagius|94/100 brn|[from] brn
|upkeep
|turn|10
|
|t:|1711946523
|switch|p1a: Mabosstiff|Mabosstiff, M|100/100
|move|p2a: Mismagius|Calm Mind|p2a: Mismagius
|-boost|p2a: Mismagius|spa|1
|-boost|p2a: Mismagius|spd|1
|
|-damage|p2a: Mismagius|88/100 brn|[from] brn
|upkeep
|turn|11
|
|t:|1711946531
|switch|p2a: Qwilfish|Qwilfish-Hisui, F, tera:Water|100/100
|-ability|p2a: Qwilfish|Intimidate|boost
|-unboost|p1a: Mabosstiff|atk|1
|move|p1a: Mabosstiff|Crunch|p2a: Qwilfish
|-crit|p2a: Qwilfish
|-damage|p2a: Qwilfish|0 fnt
|faint|p2a: Qwilfish
|
|upkeep
|-message|ragazzosole forfeited.
|
|win|chemawatson03
|raw|chemawatson03's rating: 1196 &rarr; <strong>1218</strong><br />(+22 for winning)
|raw|ragazzosole's rating: 1156 &rarr; <strong>1134</strong><br />(-22 for losing)
|l|☆ragazzosole
|player|p2|
|l|☆chemawatson03
|player|p1|
