|j|☆Lothlorien2000
|j|☆Thatoneguy09
|t:|1711937432
|gametype|singles
|player|p1|Lothlorien2000|steven|1523
|player|p2|Thatoneguy09|harlequin|1408
|teamsize|p1|6
|teamsize|p2|6
|gen|7
|tier|[Gen 7] Random Battle
|rated|
|rule|Sleep Clause Mod: Limit one foe put to sleep
|rule|HP Percentage Mod: HP is shown in percentages
|rule|Illusion Level Mod: Illusion disguises the Pokémon's true level
|
|t:|1711937432
|start
|switch|p1a: Abomasnow|Abomasnow, L87, F|298/298
|switch|p2a: Raichu|Raichu, L88, M|249/249
|-weather|Hail|[from] ability: Snow Warning|[of] p1a: Abomasnow
|turn|1
|
|t:|1711937475
|move|p2a: Raichu|Nasty Plot|p2a: Raichu
|-boost|p2a: Raichu|spa|2
|move|p1a: Abomasnow|Blizzard|p2a: Raichu
|-damage|p2a: Raichu|128/249
|
|-weather|Hail|[upkeep]
|-damage|p2a: Raichu|113/249|[from] Hail
|upkeep
|turn|2
|
|t:|1711937493
|move|p2a: Raichu|Focus Blast|p1a: Abomasnow
|-supereffective|p1a: Abomasnow
|-damage|p1a: Abomasnow|15/298
|-damage|p2a: Raichu|89/249|[from] item: Life Orb
|move|p1a: Abomasnow|Blizzard|p2a: Raichu
|-damage|p2a: Raichu|0 fnt
|faint|p2a: Raichu
|
|-weather|Hail|[upkeep]
|upkeep
|
|t:|1711937527
|switch|p2a: Heatmor|Heatmor, L90, M|299/299
|turn|3
|
|t:|1711937535
|move|p2a: Heatmor|Fire Lash|p1a: Abomasnow
|-supereffective|p1a: Abomasnow
|-crit|p1a: Abomasnow
|-damage|p1a: Abomasnow|0 fnt
|faint|p1a: Abomasnow
|-damage|p2a: Heatmor|270/299|[from] item: Life Orb
|
|-weather|Hail|[upkeep]
|-damage|p2a: Heatmor|252/299|[from] Hail
|upkeep
|
|t:|1711937553
|switch|p1a: Magcargo|Magcargo, L93, F|262/262
|turn|4
|
|t:|1711937563
|move|p2a: Heatmor|Superpower|p1a: Magcargo
|-supereffective|p1a: Magcargo
|-damage|p1a: Magcargo|75/262
|-unboost|p2a: Heatmor|atk|1
|-unboost|p2a: Heatmor|def|1
|-damage|p2a: Heatmor|223/299|[from] item: Life Orb
|move|p1a: Magcargo|Shell Smash|p1a: Magcargo
|-unboost|p1a: Magcargo|def|1
|-unboost|p1a: Magcargo|spd|1
|-boost|p1a: Magcargo|atk|2
|-boost|p1a: Magcargo|spa|2
|-boost|p1a: Magcargo|spe|2
|-enditem|p1a: Magcargo|White Herb
|-clearnegativeboost|p1a: Magcargo|[silent]
|
|-weather|Hail|[upkeep]
|-damage|p1a: Magcargo|59/262|[from] Hail
|-damage|p2a: Heatmor|205/299|[from] Hail
|upkeep
|turn|5
|
|t:|1711937589
|move|p2a: Heatmor|Sucker Punch|p1a: Magcargo
|-damage|p1a: Magcargo|23/262
|-damage|p2a: Heatmor|176/299|[from] item: Life Orb
|move|p1a: Magcargo|Ancient Power|p2a: Heatmor
|-supereffective|p2a: Heatmor
|-damage|p2a: Heatmor|0 fnt
|faint|p2a: Heatmor
|
|-weather|none
|upkeep
|
|t:|1711937599
|switch|p2a: Delcatty|Delcatty, L96, F|290/290
|turn|6
|
|t:|1711937606
|move|p2a: Delcatty|Fake Out|p1a: Magcargo
|-resisted|p1a: Magcargo
|-damage|p1a: Magcargo|7/262
|cant|p1a: Magcargo|flinch
|
|upkeep
|turn|7
|
|t:|1711937616
|move|p2a: Delcatty|Stomping Tantrum|p1a: Magcargo
|-supereffective|p1a: Magcargo
|-damage|p1a: Magcargo|0 fnt
|-status|p2a: Delcatty|brn|[from] ability: Flame Body|[of] p1a: Magcargo
|faint|p1a: Magcargo
|
|-damage|p2a: Delcatty|272/290 brn|[from] brn
|upkeep
|
|t:|1711937642
|switch|p1a: Mewtwo|Mewtwo, L71|268/268
|-ability|p1a: Mewtwo|Unnerve
|turn|8
|
|t:|1711937651
|detailschange|p1a: Mewtwo|Mewtwo-Mega-X, L71
|-mega|p1a: Mewtwo|Mewtwo|Mewtwonite X
|move|p2a: Delcatty|Thunder Wave|p1a: Mewtwo
|-status|p1a: Mewtwo|par
|move|p1a: Mewtwo|Bulk Up|p1a: Mewtwo
|-boost|p1a: Mewtwo|atk|1
|-boost|p1a: Mewtwo|def|1
|
|-damage|p2a: Delcatty|254/290 brn|[from] brn
|upkeep
|turn|9
|
|t:|1711937675
|switch|p2a: Meloetta|Meloetta, L82|298/298
|move|p1a: Mewtwo|Zen Headbutt|p2a: Meloetta
|-resisted|p2a: Meloetta
|-damage|p2a: Meloetta|203/298
|
|upkeep
|turn|10
|
|t:|1711937699
|move|p2a: Meloetta|Relic Song|p1a: Mewtwo
|-damage|p1a: Mewtwo|146/268 par
|-formechange|p2a: Meloetta|Meloetta-Pirouette|[msg]
|-damage|p2a: Meloetta|174/298|[from] item: Life Orb
|move|p1a: Mewtwo|Drain Punch|p2a: Meloetta
|-supereffective|p2a: Meloetta
|-damage|p2a: Meloetta|0 fnt
|-heal|p1a: Mewtwo|233/268 par|[from] drain|[of] p2a: Meloetta
|faint|p2a: Meloetta
|
|upkeep
|
|t:|1711937709
|switch|p2a: Zygarde|Zygarde-10%, L83|225/225
|-ability|p2a: Zygarde|Aura Break
|turn|11
|
|t:|1711937730
|move|p2a: Zygarde|Coil|p2a: Zygarde
|-boost|p2a: Zygarde|atk|1
|-boost|p2a: Zygarde|def|1
|-boost|p2a: Zygarde|accuracy|1
|cant|p1a: Mewtwo|par
|
|upkeep
|turn|12
|
|t:|1711937746
|move|p2a: Zygarde|Coil|p2a: Zygarde
|-boost|p2a: Zygarde|atk|1
|-boost|p2a: Zygarde|def|1
|-boost|p2a: Zygarde|accuracy|1
|move|p1a: Mewtwo|Drain Punch|p2a: Zygarde
|-damage|p2a: Zygarde|131/225
|-heal|p1a: Mewtwo|268/268 par|[from] drain|[of] p2a: Zygarde
|
|upkeep
|turn|13
|
|t:|1711937754
|-zpower|p2a: Zygarde
|move|p2a: Zygarde|Devastating Drake|p1a: Mewtwo|[zeffect]
|-damage|p1a: Mewtwo|0 fnt
|faint|p1a: Mewtwo
|
|upkeep
|
|t:|1711937769
|switch|p1a: Noivern|Noivern, L84, M|279/279
|turn|14
|
|t:|1711937784
|move|p1a: Noivern|Draco Meteor|p2a: Zygarde|[miss]
|-miss|p1a: Noivern|p2a: Zygarde
|move|p2a: Zygarde|Outrage|p1a: Noivern
|-supereffective|p1a: Noivern
|-damage|p1a: Noivern|0 fnt
|faint|p1a: Noivern
|
|upkeep
|
|t:|1711937822
|switch|p1a: Floette|Floette-Eternal, L82, F|256/256
|turn|15
|
|t:|1711937835
|move|p1a: Floette|Moonblast|p2a: Zygarde
|-supereffective|p2a: Zygarde
|-damage|p2a: Zygarde|0 fnt
|faint|p2a: Zygarde
|
|upkeep
|
|t:|1711937843
|switch|p2a: Meganium|Meganium, L90, M|290/290
|turn|16
|inactive|Battle timer is ON: inactive players will automatically lose when time's up. (requested by Thatoneguy09)
|
|t:|1711937888
|switch|p1a: Giratina|Giratina, L76|353/353
|-ability|p1a: Giratina|Pressure
|move|p2a: Meganium|Toxic|p1a: Giratina
|-status|p1a: Giratina|tox
|
|-damage|p1a: Giratina|331/353 tox|[from] psn
|upkeep
|turn|17
|
|t:|1711937898
|move|p2a: Meganium|Leech Seed|p1a: Giratina
|-start|p1a: Giratina|move: Leech Seed
|move|p1a: Giratina|Shadow Ball|p2a: Meganium
|-damage|p2a: Meganium|223/290
|
|-heal|p2a: Meganium|241/290|[from] item: Leftovers
|-heal|p1a: Giratina|353/353 tox|[from] item: Leftovers
|-damage|p1a: Giratina|309/353 tox|[from] Leech Seed|[of] p2a: Meganium
|-heal|p2a: Meganium|285/290|[silent]
|-damage|p1a: Giratina|265/353 tox|[from] psn
|upkeep
|turn|18
|
|t:|1711937913
|move|p2a: Meganium|Giga Drain|p1a: Giratina
|-resisted|p1a: Giratina
|-damage|p1a: Giratina|231/353 tox
|-heal|p2a: Meganium|290/290|[from] drain|[of] p1a: Giratina
|move|p1a: Giratina|Shadow Ball|p2a: Meganium
|-damage|p2a: Meganium|230/290
|
|-heal|p2a: Meganium|248/290|[from] item: Leftovers
|-heal|p1a: Giratina|253/353 tox|[from] item: Leftovers
|-damage|p1a: Giratina|209/353 tox|[from] Leech Seed|[of] p2a: Meganium
|-heal|p2a: Meganium|290/290|[silent]
|-damage|p1a: Giratina|143/353 tox|[from] psn
|upkeep
|turn|19
|
|t:|1711937925
|move|p2a: Meganium|Giga Drain|p1a: Giratina
|-resisted|p1a: Giratina
|-damage|p1a: Giratina|108/353 tox
|move|p1a: Giratina|Rest|p1a: Giratina
|-status|p1a: Giratina|slp|[from] move: Rest
|-heal|p1a: Giratina|353/353 slp|[silent]
|
|-damage|p1a: Giratina|309/353 slp|[from] Leech Seed|[of] p2a: Meganium
|upkeep
|turn|20
|
|t:|1711937944
|move|p2a: Meganium|Giga Drain|p1a: Giratina
|-resisted|p1a: Giratina
|-damage|p1a: Giratina|271/353 slp
|cant|p1a: Giratina|slp
|move|p1a: Giratina|Sleep Talk|p1a: Giratina
|move|p1a: Giratina|Rest||[from]move: Sleep Talk|[still]
|-fail|p1a: Giratina
|
|-heal|p1a: Giratina|293/353 slp|[from] item: Leftovers
|-damage|p1a: Giratina|249/353 slp|[from] Leech Seed|[of] p2a: Meganium
|upkeep
|turn|21
|
|t:|1711937953
|move|p2a: Meganium|Giga Drain|p1a: Giratina
|-resisted|p1a: Giratina
|-damage|p1a: Giratina|216/353 slp
|cant|p1a: Giratina|slp
|move|p1a: Giratina|Sleep Talk|p1a: Giratina
|move|p1a: Giratina|Shadow Ball|p2a: Meganium|[from]move: Sleep Talk
|-damage|p2a: Meganium|230/290
|-unboost|p2a: Meganium|spd|1
|
|-heal|p2a: Meganium|248/290|[from] item: Leftovers
|-heal|p1a: Giratina|238/353 slp|[from] item: Leftovers
|-damage|p1a: Giratina|194/353 slp|[from] Leech Seed|[of] p2a: Meganium
|-heal|p2a: Meganium|290/290|[silent]
|upkeep
|turn|22
|
|t:|1711937967
|move|p2a: Meganium|Giga Drain|p1a: Giratina
|-resisted|p1a: Giratina
|-damage|p1a: Giratina|156/353 slp
|-curestatus|p1a: Giratina|slp|[msg]
|move|p1a: Giratina|Rest|p1a: Giratina
|-status|p1a: Giratina|slp|[from] move: Rest
|-heal|p1a: Giratina|353/353 slp|[silent]
|
|-damage|p1a: Giratina|309/353 slp|[from] Leech Seed|[of] p2a: Meganium
|upkeep
|turn|23
|inactive|Lothlorien2000 has 120 seconds left.
|inactive|Lothlorien2000 has 90 seconds left.
|
|t:|1711938038
|switch|p2a: Delcatty|Delcatty, L96, F|254/290 brn
|cant|p1a: Giratina|slp
|move|p1a: Giratina|Sleep Talk|p1a: Giratina
|move|p1a: Giratina|Shadow Ball|p2a: Delcatty|[from]move: Sleep Talk
|-immune|p2a: Delcatty
|
|-heal|p1a: Giratina|331/353 slp|[from] item: Leftovers
|-damage|p1a: Giratina|287/353 slp|[from] Leech Seed|[of] p2a: Delcatty
|-heal|p2a: Delcatty|290/290 brn|[silent]
|-damage|p2a: Delcatty|272/290 brn|[from] brn
|upkeep
|turn|24
|
|t:|1711938053
|move|p2a: Delcatty|Stomping Tantrum|p1a: Giratina
|-damage|p1a: Giratina|265/353 slp
|cant|p1a: Giratina|slp
|
|-heal|p1a: Giratina|287/353 slp|[from] item: Leftovers
|-damage|p1a: Giratina|243/353 slp|[from] Leech Seed|[of] p2a: Delcatty
|-heal|p2a: Delcatty|290/290 brn|[silent]
|-damage|p2a: Delcatty|272/290 brn|[from] brn
|upkeep
|turn|25
|inactive|Lothlorien2000 has 60 seconds left.
|
|t:|1711938100
|move|p2a: Delcatty|Stomping Tantrum|p1a: Giratina
|-damage|p1a: Giratina|220/353 slp
|-curestatus|p1a: Giratina|slp|[msg]
|move|p1a: Giratina|Dragon Tail|p2a: Delcatty
|-damage|p2a: Delcatty|208/290 brn
|drag|p2a: Meganium|Meganium, L90, M|290/290
|
|-heal|p1a: Giratina|242/353|[from] item: Leftovers
|-damage|p1a: Giratina|198/353|[from] Leech Seed|[of] p2a: Meganium
|upkeep
|turn|26
|
|t:|1711938111
|move|p2a: Meganium|Toxic|p1a: Giratina
|-status|p1a: Giratina|tox
|move|p1a: Giratina|Shadow Ball|p2a: Meganium
|-damage|p2a: Meganium|226/290
|
|-heal|p2a: Meganium|244/290|[from] item: Leftovers
|-heal|p1a: Giratina|220/353 tox|[from] item: Leftovers
|-damage|p1a: Giratina|176/353 tox|[from] Leech Seed|[of] p2a: Meganium
|-heal|p2a: Meganium|288/290|[silent]
|-damage|p1a: Giratina|154/353 tox|[from] psn
|upkeep
|turn|27
|
|t:|1711938125
|move|p2a: Meganium|Giga Drain|p1a: Giratina
|-resisted|p1a: Giratina
|-damage|p1a: Giratina|121/353 tox
|-heal|p2a: Meganium|290/290|[from] drain|[of] p1a: Giratina
|move|p1a: Giratina|Rest|p1a: Giratina
|-status|p1a: Giratina|slp|[from] move: Rest
|-heal|p1a: Giratina|353/353 slp|[silent]
|
|-damage|p1a: Giratina|309/353 slp|[from] Leech Seed|[of] p2a: Meganium
|upkeep
|turn|28
|c|☆Thatoneguy09|bro
|c|☆Thatoneguy09|could you like not?
|
|t:|1711938144
|move|p2a: Meganium|Giga Drain|p1a: Giratina
|-resisted|p1a: Giratina
|-damage|p1a: Giratina|273/353 slp
|cant|p1a: Giratina|slp
|move|p1a: Giratina|Sleep Talk|p1a: Giratina
|move|p1a: Giratina|Rest||[from]move: Sleep Talk|[still]
|-fail|p1a: Giratina
|
|-heal|p1a: Giratina|295/353 slp|[from] item: Leftovers
|-damage|p1a: Giratina|251/353 slp|[from] Leech Seed|[of] p2a: Meganium
|upkeep
|turn|29
|inactive|Lothlorien2000 has 60 seconds left.
|
|t:|1711938158
|move|p2a: Meganium|Giga Drain|p1a: Giratina
|-resisted|p1a: Giratina
|-damage|p1a: Giratina|218/353 slp
|cant|p1a: Giratina|slp
|move|p1a: Giratina|Sleep Talk|p1a: Giratina
|move|p1a: Giratina|Rest||[from]move: Sleep Talk|[still]
|-fail|p1a: Giratina
|
|-heal|p1a: Giratina|240/353 slp|[from] item: Leftovers
|-damage|p1a: Giratina|196/353 slp|[from] Leech Seed|[of] p2a: Meganium
|upkeep
|turn|30
|
|t:|1711938172
|move|p2a: Meganium|Toxic||[still]
|-fail|p2a: Meganium
|-curestatus|p1a: Giratina|slp|[msg]
|move|p1a: Giratina|Shadow Ball|p2a: Meganium
|-damage|p2a: Meganium|226/290
|-unboost|p2a: Meganium|spd|1
|
|-heal|p2a: Meganium|244/290|[from] item: Leftovers
|-heal|p1a: Giratina|218/353|[from] item: Leftovers
|-damage|p1a: Giratina|174/353|[from] Leech Seed|[of] p2a: Meganium
|-heal|p2a: Meganium|288/290|[silent]
|upkeep
|turn|31
|
|t:|1711938183
|move|p2a: Meganium|Toxic|p1a: Giratina
|-status|p1a: Giratina|tox
|move|p1a: Giratina|Shadow Ball|p2a: Meganium
|-damage|p2a: Meganium|188/290
|
|-heal|p2a: Meganium|206/290|[from] item: Leftovers
|-heal|p1a: Giratina|196/353 tox|[from] item: Leftovers
|-damage|p1a: Giratina|152/353 tox|[from] Leech Seed|[of] p2a: Meganium
|-heal|p2a: Meganium|250/290|[silent]
|-damage|p1a: Giratina|130/353 tox|[from] psn
|upkeep
|turn|32
|
|t:|1711938194
|move|p2a: Meganium|Synthesis|p2a: Meganium
|-heal|p2a: Meganium|290/290
|move|p1a: Giratina|Rest|p1a: Giratina
|-status|p1a: Giratina|slp|[from] move: Rest
|-heal|p1a: Giratina|353/353 slp|[silent]
|
|-damage|p1a: Giratina|309/353 slp|[from] Leech Seed|[of] p2a: Meganium
|upkeep
|turn|33
|c|☆Thatoneguy09|welp we're gonna be here a bit
|
|t:|1711938211
|move|p2a: Meganium|Synthesis|p2a: Meganium
|-fail|p2a: Meganium|heal
|cant|p1a: Giratina|slp
|move|p1a: Giratina|Sleep Talk|p1a: Giratina
|move|p1a: Giratina|Shadow Ball|p2a: Meganium|[from]move: Sleep Talk
|-damage|p2a: Meganium|190/290
|
|-heal|p2a: Meganium|208/290|[from] item: Leftovers
|-heal|p1a: Giratina|331/353 slp|[from] item: Leftovers
|-damage|p1a: Giratina|287/353 slp|[from] Leech Seed|[of] p2a: Meganium
|-heal|p2a: Meganium|252/290|[silent]
|upkeep
|turn|34
|c|☆Thatoneguy09|so how was your day
|
|t:|1711938226
|move|p2a: Meganium|Synthesis|p2a: Meganium
|-heal|p2a: Meganium|290/290
|cant|p1a: Giratina|slp
|move|p1a: Giratina|Sleep Talk|p1a: Giratina
|move|p1a: Giratina|Dragon Tail|p2a: Meganium|[from]move: Sleep Talk
|-damage|p2a: Meganium|247/290
|drag|p2a: Delcatty|Delcatty, L96, F|208/290 brn
|
|-heal|p1a: Giratina|309/353 slp|[from] item: Leftovers
|-damage|p1a: Giratina|265/353 slp|[from] Leech Seed|[of] p2a: Delcatty
|-heal|p2a: Delcatty|252/290 brn|[silent]
|-damage|p2a: Delcatty|234/290 brn|[from] brn
|upkeep
|turn|35
|
|t:|1711938243
|move|p2a: Delcatty|Fake Out|p1a: Giratina
|-immune|p1a: Giratina
|-curestatus|p1a: Giratina|slp|[msg]
|move|p1a: Giratina|Dragon Tail|p2a: Delcatty
|-damage|p2a: Delcatty|170/290 brn
|drag|p2a: Meganium|Meganium, L90, M|247/290
|
|-heal|p2a: Meganium|265/290|[from] item: Leftovers
|-heal|p1a: Giratina|287/353|[from] item: Leftovers
|-damage|p1a: Giratina|243/353|[from] Leech Seed|[of] p2a: Meganium
|-heal|p2a: Meganium|290/290|[silent]
|upkeep
|turn|36
|inactive|Lothlorien2000 has 90 seconds left.
|
|t:|1711938256
|move|p2a: Meganium|Toxic|p1a: Giratina
|-status|p1a: Giratina|tox
|move|p1a: Giratina|Shadow Ball|p2a: Meganium
|-damage|p2a: Meganium|230/290
|
|-heal|p2a: Meganium|248/290|[from] item: Leftovers
|-heal|p1a: Giratina|265/353 tox|[from] item: Leftovers
|-damage|p1a: Giratina|221/353 tox|[from] Leech Seed|[of] p2a: Meganium
|-heal|p2a: Meganium|290/290|[silent]
|-damage|p1a: Giratina|199/353 tox|[from] psn
|upkeep
|turn|37
|inactive|Lothlorien2000 has 90 seconds left.
|c|☆Thatoneguy09|yk you can just forfeit
|inactive|Thatoneguy09 has 120 seconds left.
|
|t:|1711938272
|move|p2a: Meganium|Synthesis|p2a: Meganium
|-fail|p2a: Meganium|heal
|move|p1a: Giratina|Shadow Ball|p2a: Meganium
|-damage|p2a: Meganium|233/290
|
|-heal|p2a: Meganium|251/290|[from] item: Leftovers
|-heal|p1a: Giratina|221/353 tox|[from] item: Leftovers
|-damage|p1a: Giratina|177/353 tox|[from] Leech Seed|[of] p2a: Meganium
|-heal|p2a: Meganium|290/290|[silent]
|-damage|p1a: Giratina|133/353 tox|[from] psn
|upkeep
|turn|38
|inactive|Thatoneguy09 has 120 seconds left.
|
|t:|1711938285
|move|p2a: Meganium|Synthesis|p2a: Meganium
|-fail|p2a: Meganium|heal
|move|p1a: Giratina|Rest|p1a: Giratina
|-status|p1a: Giratina|slp|[from] move: Rest
|-heal|p1a: Giratina|353/353 slp|[silent]
|
|-damage|p1a: Giratina|309/353 slp|[from] Leech Seed|[of] p2a: Meganium
|upkeep
|turn|39
|inactive|Thatoneguy09 has 120 seconds left.
|c|☆Thatoneguy09|like are we really gonna pp stall?
|
|t:|1711938302
|move|p2a: Meganium|Leech Seed||[still]
|-fail|p2a: Meganium
|cant|p1a: Giratina|slp
|
|-heal|p1a: Giratina|331/353 slp|[from] item: Leftovers
|-damage|p1a: Giratina|287/353 slp|[from] Leech Seed|[of] p2a: Meganium
|upkeep
|turn|40
|inactive|Thatoneguy09 has 120 seconds left.
|
|t:|1711938315
|move|p2a: Meganium|Leech Seed||[still]
|-fail|p2a: Meganium
|cant|p1a: Giratina|slp
|move|p1a: Giratina|Sleep Talk|p1a: Giratina
|move|p1a: Giratina|Shadow Ball|p2a: Meganium|[from]move: Sleep Talk
|-crit|p2a: Meganium
|-damage|p2a: Meganium|191/290
|
|-heal|p2a: Meganium|209/290|[from] item: Leftovers
|-heal|p1a: Giratina|309/353 slp|[from] item: Leftovers
|-damage|p1a: Giratina|265/353 slp|[from] Leech Seed|[of] p2a: Meganium
|-heal|p2a: Meganium|253/290|[silent]
|upkeep
|turn|41
|inactive|Thatoneguy09 has 120 seconds left.
|
|t:|1711938327
|move|p2a: Meganium|Leech Seed||[still]
|-fail|p2a: Meganium
|-curestatus|p1a: Giratina|slp|[msg]
|move|p1a: Giratina|Shadow Ball|p2a: Meganium
|-damage|p2a: Meganium|193/290
|
|-heal|p2a: Meganium|211/290|[from] item: Leftovers
|-heal|p1a: Giratina|287/353|[from] item: Leftovers
|-damage|p1a: Giratina|243/353|[from] Leech Seed|[of] p2a: Meganium
|-heal|p2a: Meganium|255/290|[silent]
|upkeep
|turn|42
|inactive|Thatoneguy09 has 120 seconds left.
|
|t:|1711938337
|switch|p1a: Floette|Floette-Eternal, L82, F|256/256
|move|p2a: Meganium|Toxic|p1a: Floette
|-status|p1a: Floette|tox
|
|-heal|p2a: Meganium|273/290|[from] item: Leftovers
|-damage|p1a: Floette|240/256 tox|[from] psn
|upkeep
|turn|43
|
|t:|1711938345
|move|p1a: Floette|Light of Ruin|p2a: Meganium
|-damage|p2a: Meganium|128/290
|-damage|p1a: Floette|167/256 tox|[from] Recoil
|move|p2a: Meganium|Leech Seed|p1a: Floette
|-start|p1a: Floette|move: Leech Seed
|
|-heal|p2a: Meganium|146/290|[from] item: Leftovers
|-damage|p1a: Floette|135/256 tox|[from] Leech Seed|[of] p2a: Meganium
|-heal|p2a: Meganium|178/290|[silent]
|-damage|p1a: Floette|103/256 tox|[from] psn
|upkeep
|turn|44
|
|t:|1711938357
|switch|p1a: Giratina|Giratina, L76|243/353
|-ability|p1a: Giratina|Pressure
|move|p2a: Meganium|Synthesis|p2a: Meganium
|-heal|p2a: Meganium|290/290
|
|-heal|p1a: Giratina|265/353|[from] item: Leftovers
|upkeep
|turn|45
|
|t:|1711938365
|move|p2a: Meganium|Toxic|p1a: Giratina
|-status|p1a: Giratina|tox
|move|p1a: Giratina|Shadow Ball|p2a: Meganium
|-damage|p2a: Meganium|232/290
|
|-heal|p2a: Meganium|250/290|[from] item: Leftovers
|-heal|p1a: Giratina|287/353 tox|[from] item: Leftovers
|-damage|p1a: Giratina|265/353 tox|[from] psn
|upkeep
|turn|46
|
|t:|1711938374
|move|p2a: Meganium|Leech Seed|p1a: Giratina
|-start|p1a: Giratina|move: Leech Seed
|move|p1a: Giratina|Shadow Ball|p2a: Meganium
|-damage|p2a: Meganium|189/290
|
|-heal|p2a: Meganium|207/290|[from] item: Leftovers
|-heal|p1a: Giratina|287/353 tox|[from] item: Leftovers
|-damage|p1a: Giratina|243/353 tox|[from] Leech Seed|[of] p2a: Meganium
|-heal|p2a: Meganium|251/290|[silent]
|-damage|p1a: Giratina|199/353 tox|[from] psn
|upkeep
|turn|47
|
|t:|1711938386
|move|p2a: Meganium|Synthesis|p2a: Meganium
|-heal|p2a: Meganium|290/290
|move|p1a: Giratina|Shadow Ball|p2a: Meganium
|-damage|p2a: Meganium|226/290
|
|-heal|p2a: Meganium|244/290|[from] item: Leftovers
|-heal|p1a: Giratina|221/353 tox|[from] item: Leftovers
|-damage|p1a: Giratina|177/353 tox|[from] Leech Seed|[of] p2a: Meganium
|-heal|p2a: Meganium|288/290|[silent]
|-damage|p1a: Giratina|111/353 tox|[from] psn
|upkeep
|turn|48
|
|t:|1711938402
|move|p2a: Meganium|Synthesis|p2a: Meganium
|-heal|p2a: Meganium|290/290
|move|p1a: Giratina|Rest|p1a: Giratina
|-status|p1a: Giratina|slp|[from] move: Rest
|-heal|p1a: Giratina|353/353 slp|[silent]
|
|-damage|p1a: Giratina|309/353 slp|[from] Leech Seed|[of] p2a: Meganium
|upkeep
|turn|49
|
|t:|1711938410
|switch|p2a: Delcatty|Delcatty, L96, F|170/290 brn
|cant|p1a: Giratina|slp
|
|-heal|p1a: Giratina|331/353 slp|[from] item: Leftovers
|-damage|p1a: Giratina|287/353 slp|[from] Leech Seed|[of] p2a: Delcatty
|-heal|p2a: Delcatty|214/290 brn|[silent]
|-damage|p2a: Delcatty|196/290 brn|[from] brn
|upkeep
|turn|50
|
|t:|1711938420
|move|p2a: Delcatty|Stomping Tantrum|p1a: Giratina
|-damage|p1a: Giratina|266/353 slp
|cant|p1a: Giratina|slp
|move|p1a: Giratina|Sleep Talk|p1a: Giratina
|move|p1a: Giratina|Dragon Tail|p2a: Delcatty|[from]move: Sleep Talk
|-damage|p2a: Delcatty|141/290 brn
|drag|p2a: Meganium|Meganium, L90, M|290/290
|
|-heal|p1a: Giratina|288/353 slp|[from] item: Leftovers
|-damage|p1a: Giratina|244/353 slp|[from] Leech Seed|[of] p2a: Meganium
|upkeep
|turn|51
|
|t:|1711938438
|move|p2a: Meganium|Toxic||[still]
|-fail|p2a: Meganium
|-curestatus|p1a: Giratina|slp|[msg]
|move|p1a: Giratina|Dragon Tail|p2a: Meganium
|-damage|p2a: Meganium|248/290
|drag|p2a: Delcatty|Delcatty, L96, F|141/290 brn
|
|-heal|p1a: Giratina|266/353|[from] item: Leftovers
|-damage|p1a: Giratina|222/353|[from] Leech Seed|[of] p2a: Delcatty
|-heal|p2a: Delcatty|185/290 brn|[silent]
|-damage|p2a: Delcatty|167/290 brn|[from] brn
|upkeep
|turn|52
|c|☆Thatoneguy09|I really fucking hate you, you know that?
|
|t:|1711938450
|move|p2a: Delcatty|Stomping Tantrum|p1a: Giratina
|-damage|p1a: Giratina|198/353
|move|p1a: Giratina|Dragon Tail|p2a: Delcatty
|-damage|p2a: Delcatty|107/290 brn
|drag|p2a: Meganium|Meganium, L90, M|248/290
|
|-heal|p2a: Meganium|266/290|[from] item: Leftovers
|-heal|p1a: Giratina|220/353|[from] item: Leftovers
|-damage|p1a: Giratina|176/353|[from] Leech Seed|[of] p2a: Meganium
|-heal|p2a: Meganium|290/290|[silent]
|upkeep
|turn|53
|
|t:|1711938462
|move|p2a: Meganium|Toxic|p1a: Giratina
|-status|p1a: Giratina|tox
|move|p1a: Giratina|Dragon Tail|p2a: Meganium
|-damage|p2a: Meganium|244/290
|drag|p2a: Delcatty|Delcatty, L96, F|107/290 brn
|
|-heal|p1a: Giratina|198/353 tox|[from] item: Leftovers
|-damage|p1a: Giratina|154/353 tox|[from] Leech Seed|[of] p2a: Delcatty
|-heal|p2a: Delcatty|151/290 brn|[silent]
|-damage|p1a: Giratina|132/353 tox|[from] psn
|-damage|p2a: Delcatty|133/290 brn|[from] brn
|upkeep
|turn|54
|c|☆Thatoneguy09|like you are genuinely a vile human being
|
|t:|1711938478
|move|p2a: Delcatty|Stomping Tantrum|p1a: Giratina
|-damage|p1a: Giratina|108/353 tox
|move|p1a: Giratina|Dragon Tail|p2a: Delcatty
|-damage|p2a: Delcatty|70/290 brn
|drag|p2a: Meganium|Meganium, L90, M|244/290
|
|-heal|p2a: Meganium|262/290|[from] item: Leftovers
|-heal|p1a: Giratina|130/353 tox|[from] item: Leftovers
|-damage|p1a: Giratina|86/353 tox|[from] Leech Seed|[of] p2a: Meganium
|-heal|p2a: Meganium|290/290|[silent]
|-damage|p1a: Giratina|42/353 tox|[from] psn
|upkeep
|turn|55
|
|t:|1711938489
|move|p2a: Meganium|Leech Seed||[still]
|-fail|p2a: Meganium
|move|p1a: Giratina|Rest|p1a: Giratina
|-status|p1a: Giratina|slp|[from] move: Rest
|-heal|p1a: Giratina|353/353 slp|[silent]
|
|-damage|p1a: Giratina|309/353 slp|[from] Leech Seed|[of] p2a: Meganium
|upkeep
|turn|56
|c|☆Thatoneguy09|fuck this
|-message|Thatoneguy09 forfeited.
|
|win|Lothlorien2000
