|j|☆hhhaaapy
|j|☆Lonely carp
|t:|1711943481
|gametype|singles
|player|p1|hhhaaapy|unknown|1189
|player|p2|Lonely carp|lady|1223
|teamsize|p1|6
|teamsize|p2|6
|gen|7
|tier|[Gen 7] OU
|rated|
|rule|Sleep Clause Mod: Limit one foe put to sleep
|rule|Species Clause: Limit one of each Pokémon
|rule|OHKO Clause: OHKO moves are banned
|rule|Moody Clause: Moody is banned
|rule|Evasion Items Clause: Evasion items are banned
|rule|Evasion Moves Clause: Evasion moves are banned
|rule|Endless Battle Clause: Forcing endless battles is banned
|rule|HP Percentage Mod: HP is shown in percentages
|clearpoke
|poke|p1|Charizard, M|item
|poke|p1|Darmanitan, F|item
|poke|p1|Rotom-Wash|item
|poke|p1|Gliscor, F|item
|poke|p1|Tapu Fini|item
|poke|p1|Ferrothorn, F|item
|poke|p2|Serperior, F|item
|poke|p2|Swanna, M|item
|poke|p2|Lycanroc-Dusk, F|item
|poke|p2|Scizor, M|item
|poke|p2|Rapidash, M|item
|poke|p2|Sandslash, F|item
|teampreview
|
|t:|1711943489
|start
|switch|p1a: Charizard|Charizard, M, shiny|100/100
|switch|p2a: 固拉多|Sandslash, F|100/100
|turn|1
|
|t:|1711943496
|detailschange|p1a: Charizard|Charizard-Mega-Y, M, shiny
|-mega|p1a: Charizard|Charizard|Charizardite Y
|-weather|SunnyDay|[from] ability: Drought|[of] p1a: Charizard
|move|p1a: Charizard|Solar Beam||[still]
|-prepare|p1a: Charizard|Solar Beam
|-anim|p1a: Charizard|Solar Beam|p2a: 固拉多
|-supereffective|p2a: 固拉多
|-damage|p2a: 固拉多|0 fnt
|faint|p2a: 固拉多
|
|-weather|SunnyDay|[upkeep]
|upkeep
|
|t:|1711943508
|switch|p2a: 百战勇者|Lycanroc-Dusk, F|100/100
|turn|2
|
|t:|1711943514
|switch|p1a: Gliscor|Gliscor, F, shiny|100/100
|move|p2a: 百战勇者|Stone Edge|p1a: Gliscor
|-damage|p1a: Gliscor|57/100
|
|-weather|SunnyDay|[upkeep]
|-status|p1a: Gliscor|tox|[from] item: Toxic Orb
|upkeep
|turn|3
|
|t:|1711943525
|switch|p2a: 洛奇亚|Swanna, M|100/100
|move|p1a: Gliscor|Toxic|p2a: 洛奇亚
|-status|p2a: 洛奇亚|tox
|
|-weather|SunnyDay|[upkeep]
|-damage|p2a: 洛奇亚|94/100 tox|[from] psn
|-heal|p1a: Gliscor|70/100 tox|[from] ability: Poison Heal
|upkeep
|turn|4
|
|t:|1711943536
|switch|p1a: Tapu Fini|Tapu Fini, shiny|100/100
|-fieldstart|move: Misty Terrain|[from] ability: Misty Surge|[of] p1a: Tapu Fini
|move|p2a: 洛奇亚|Ice Beam|p1a: Tapu Fini
|-resisted|p1a: Tapu Fini
|-damage|p1a: Tapu Fini|94/100
|
|-weather|SunnyDay|[upkeep]
|-heal|p1a: Tapu Fini|99/100|[from] item: Leftovers
|-damage|p2a: 洛奇亚|82/100 tox|[from] psn
|upkeep
|turn|5
|
|t:|1711943554
|switch|p1a: Charizard|Charizard-Mega-Y, M, shiny|100/100
|move|p2a: 洛奇亚|Tailwind|p2a: 洛奇亚
|-sidestart|p2: Lonely carp|move: Tailwind
|
|-weather|none
|-damage|p2a: 洛奇亚|64/100 tox|[from] psn
|upkeep
|turn|6
|
|t:|1711943566
|move|p2a: 洛奇亚|Surf|p1a: Charizard
|-supereffective|p1a: Charizard
|-damage|p1a: Charizard|28/100
|move|p1a: Charizard|Ancient Power|p2a: 洛奇亚
|-supereffective|p2a: 洛奇亚
|-damage|p2a: 洛奇亚|0 fnt
|faint|p2a: 洛奇亚
|
|upkeep
|
|t:|1711943580
|switch|p2a: 烈空坐|Serperior, F|100/100
|turn|7
|
|t:|1711943585
|move|p2a: 烈空坐|Dragon Pulse|p1a: Charizard
|-damage|p1a: Charizard|13/100
|move|p1a: Charizard|Fire Blast|p2a: 烈空坐
|-supereffective|p2a: 烈空坐
|-damage|p2a: 烈空坐|0 fnt
|faint|p2a: 烈空坐
|
|upkeep
|
|t:|1711943591
|switch|p2a: 百战勇者|Lycanroc-Dusk, F|100/100
|turn|8
|
|t:|1711943598
|move|p2a: 百战勇者|Outrage|p1a: Charizard
|-damage|p1a: Charizard|0 fnt
|faint|p1a: Charizard
|
|-sideend|p2: Lonely carp|move: Tailwind
|-fieldend|Misty Terrain
|upkeep
|
|t:|1711943608
|switch|p1a: Tapu Fini|Tapu Fini, shiny|99/100
|-fieldstart|move: Misty Terrain|[from] ability: Misty Surge|[of] p1a: Tapu Fini
|turn|9
|
|t:|1711943615
|move|p2a: 百战勇者|Outrage|p1a: Tapu Fini|[from]lockedmove
|-immune|p1a: Tapu Fini
|move|p1a: Tapu Fini|Surf|p2a: 百战勇者
|-supereffective|p2a: 百战勇者
|-damage|p2a: 百战勇者|8/100
|
|-heal|p1a: Tapu Fini|100/100|[from] item: Leftovers
|upkeep
|turn|10
|c|☆hhhaaapy|6
|
|t:|1711943631
|move|p2a: 百战勇者|Outrage|p1a: Tapu Fini
|-immune|p1a: Tapu Fini
|move|p1a: Tapu Fini|Surf|p2a: 百战勇者
|-supereffective|p2a: 百战勇者
|-damage|p2a: 百战勇者|0 fnt
|faint|p2a: 百战勇者
|
|upkeep
|
|t:|1711943637
|switch|p2a: 盖诺赛克特|Scizor, M|100/100
|turn|11
|
|t:|1711943643
|detailschange|p2a: 盖诺赛克特|Scizor-Mega, M
|-mega|p2a: 盖诺赛克特|Scizor|Scizorite
|move|p1a: Tapu Fini|Surf|p2a: 盖诺赛克特
|-damage|p2a: 盖诺赛克特|70/100
|move|p2a: 盖诺赛克特|Swords Dance|p2a: 盖诺赛克特
|-boost|p2a: 盖诺赛克特|atk|2
|
|upkeep
|turn|12
|
|t:|1711943652
|move|p1a: Tapu Fini|Surf|p2a: 盖诺赛克特
|-damage|p2a: 盖诺赛克特|39/100
|move|p2a: 盖诺赛克特|Roost|p2a: 盖诺赛克特
|-heal|p2a: 盖诺赛克特|89/100
|-singleturn|p2a: 盖诺赛克特|move: Roost
|
|upkeep
|turn|13
|
|t:|1711943659
|switch|p1a: Rotom|Rotom-Wash, shiny|100/100
|move|p2a: 盖诺赛克特|Bullet Punch|p1a: Rotom
|-resisted|p1a: Rotom
|-damage|p1a: Rotom|87/100
|
|-fieldend|Misty Terrain
|upkeep
|turn|14
|
|t:|1711943669
|move|p1a: Rotom|Hydro Pump|p2a: 盖诺赛克特
|-damage|p2a: 盖诺赛克特|48/100
|move|p2a: 盖诺赛克特|Knock Off|p1a: Rotom
|-damage|p1a: Rotom|27/100
|-enditem|p1a: Rotom|Choice Scarf|[from] move: Knock Off|[of] p2a: 盖诺赛克特
|
|upkeep
|turn|15
|
|t:|1711943677
|move|p1a: Rotom|Hydro Pump|p2a: 盖诺赛克特
|-damage|p2a: 盖诺赛克特|12/100
|move|p2a: 盖诺赛克特|Roost|p2a: 盖诺赛克特
|-heal|p2a: 盖诺赛克特|62/100
|-singleturn|p2a: 盖诺赛克特|move: Roost
|
|upkeep
|turn|16
|
|t:|1711943684
|move|p1a: Rotom|Hydro Pump|p2a: 盖诺赛克特
|-damage|p2a: 盖诺赛克特|24/100
|move|p2a: 盖诺赛克特|Roost|p2a: 盖诺赛克特
|-heal|p2a: 盖诺赛克特|74/100
|-singleturn|p2a: 盖诺赛克特|move: Roost
|
|upkeep
|turn|17
|
|t:|1711943692
|move|p1a: Rotom|Defog|p2a: 盖诺赛克特
|-unboost|p2a: 盖诺赛克特|evasion|1
|move|p2a: 盖诺赛克特|Roost|p2a: 盖诺赛克特
|-heal|p2a: 盖诺赛克特|100/100
|-singleturn|p2a: 盖诺赛克特|move: Roost
|
|upkeep
|turn|18
|
|t:|1711943699
|move|p1a: Rotom|Hydro Pump|p2a: 盖诺赛克特
|-damage|p2a: 盖诺赛克特|58/100
|move|p2a: 盖诺赛克特|Swords Dance|p2a: 盖诺赛克特
|-boost|p2a: 盖诺赛克特|atk|2
|
|upkeep
|turn|19
|
|t:|1711943705
|move|p1a: Rotom|Hydro Pump|p2a: 盖诺赛克特
|-damage|p2a: 盖诺赛克特|20/100
|move|p2a: 盖诺赛克特|Roost|p2a: 盖诺赛克特
|-heal|p2a: 盖诺赛克特|70/100
|-singleturn|p2a: 盖诺赛克特|move: Roost
|
|upkeep
|turn|20
|
|t:|1711943712
|move|p1a: Rotom|Hydro Pump|p2a: 盖诺赛克特
|-damage|p2a: 盖诺赛克特|33/100
|move|p2a: 盖诺赛克特|Roost|p2a: 盖诺赛克特
|-heal|p2a: 盖诺赛克特|83/100
|-singleturn|p2a: 盖诺赛克特|move: Roost
|
|upkeep
|turn|21
|
|t:|1711943719
|move|p1a: Rotom|Hydro Pump|p2a: 盖诺赛克特
|-damage|p2a: 盖诺赛克特|47/100
|move|p2a: 盖诺赛克特|Roost|p2a: 盖诺赛克特
|-heal|p2a: 盖诺赛克特|97/100
|-singleturn|p2a: 盖诺赛克特|move: Roost
|
|upkeep
|turn|22
|
|t:|1711943726
|move|p1a: Rotom|Hydro Pump|p2a: 盖诺赛克特
|-damage|p2a: 盖诺赛克特|58/100
|move|p2a: 盖诺赛克特|Swords Dance|p2a: 盖诺赛克特
|-boost|p2a: 盖诺赛克特|atk|2
|
|upkeep
|turn|23
|
|t:|1711943734
|move|p1a: Rotom|Volt Switch|p2a: 盖诺赛克特
|-damage|p2a: 盖诺赛克特|35/100
|
|t:|1711943738
|switch|p1a: Darmanitan|Darmanitan, F, shiny|100/100|[from] Volt Switch
|move|p2a: 盖诺赛克特|Roost|p2a: 盖诺赛克特
|-heal|p2a: 盖诺赛克特|85/100
|-singleturn|p2a: 盖诺赛克特|move: Roost
|
|upkeep
|turn|24
|
|t:|1711943746
|move|p2a: 盖诺赛克特|Bullet Punch|p1a: Darmanitan
|-resisted|p1a: Darmanitan
|-damage|p1a: Darmanitan|0 fnt
|faint|p1a: Darmanitan
|
|upkeep
|
|t:|1711943754
|switch|p1a: Tapu Fini|Tapu Fini, shiny|100/100
|-fieldstart|move: Misty Terrain|[from] ability: Misty Surge|[of] p1a: Tapu Fini
|turn|25
|
|t:|1711943762
|move|p2a: 盖诺赛克特|Bullet Punch|p1a: Tapu Fini
|-damage|p1a: Tapu Fini|0 fnt
|faint|p1a: Tapu Fini
|
|upkeep
|
|t:|1711943767
|switch|p1a: Rotom|Rotom-Wash, shiny|27/100
|turn|26
|
|t:|1711943772
|move|p1a: Rotom|Volt Switch|p2a: 盖诺赛克特
|-damage|p2a: 盖诺赛克特|59/100
|
|t:|1711943778
|switch|p1a: Ferrothorn|Ferrothorn, F, shiny|100/100|[from] Volt Switch
|move|p2a: 盖诺赛克特|Roost|p2a: 盖诺赛克特
|-heal|p2a: 盖诺赛克特|100/100
|-singleturn|p2a: 盖诺赛克特|move: Roost
|
|upkeep
|turn|27
|
|t:|1711943786
|move|p2a: 盖诺赛克特|Knock Off|p1a: Ferrothorn
|-damage|p1a: Ferrothorn|0 fnt
|-damage|p2a: 盖诺赛克特|88/100|[from] ability: Iron Barbs|[of] p1a: Ferrothorn
|-enditem|p1a: Ferrothorn|Leftovers|[from] move: Knock Off|[of] p2a: 盖诺赛克特
|faint|p1a: Ferrothorn
|
|upkeep
|-message|hhhaaapy forfeited.
|
|win|Lonely carp
|raw|hhhaaapy's rating: 1189 &rarr; <strong>1166</strong><br />(-23 for losing)
|raw|Lonely carp's rating: 1223 &rarr; <strong>1246</strong><br />(+23 for winning)
|l|☆hhhaaapy
|player|p1|
