|j|☆JoeBidem
|j|☆herso
|t:|1711936550
|gametype|singles
|player|p1|JoeBidem|266|1251
|player|p2|herso|volkner|1136
|teamsize|p1|6
|teamsize|p2|6
|gen|9
|tier|[Gen 9] RU
|rated|
|rule|Species Clause: Limit one of each Pokémon
|rule|OHKO Clause: OHKO moves are banned
|rule|Evasion Items Clause: Evasion items are banned
|rule|Evasion Moves Clause: Evasion moves are banned
|rule|Endless Battle Clause: Forcing endless battles is banned
|rule|HP Percentage Mod: HP is shown in percentages
|rule|Sleep Moves Clause: Sleep-inducing moves are banned
|clearpoke
|poke|p1|Muk-Alola, M|
|poke|p1|Gyarados, F|
|poke|p1|Hippowdon, M|
|poke|p1|Cyclizar, F|
|poke|p1|Gardevoir, M|
|poke|p1|Rotom-Heat|
|poke|p2|Feraligatr, M|
|poke|p2|Illumise, F|
|poke|p2|Sableye, M|
|poke|p2|Basculegion, M|
|poke|p2|Floatzel, M|
|poke|p2|Kingdra, F|
|teampreview
|inactive|Battle timer is ON: inactive players will automatically lose when time's up. (requested by JoeBidem)
|
|t:|1711936565
|start
|switch|p1a: Muk|Muk-Alola, M|100/100
|switch|p2a: Basculegion|Basculegion, M|100/100
|turn|1
|c|☆JoeBidem|glhf
|
|t:|1711936575
|switch|p1a: Cyclizar|Cyclizar, F|100/100
|move|p2a: Basculegion|Wave Crash|p1a: Cyclizar
|-resisted|p1a: Cyclizar
|-damage|p1a: Cyclizar|23/100
|-damage|p2a: Basculegion|77/100|[from] Recoil
|
|upkeep
|turn|2
|
|t:|1711936582
|switch|p2a: Illumise|Illumise, F|100/100
|move|p1a: Cyclizar|Knock Off|p2a: Illumise
|-damage|p2a: Illumise|70/100
|-enditem|p2a: Illumise|Damp Rock|[from] move: Knock Off|[of] p1a: Cyclizar
|
|upkeep
|turn|3
|
|t:|1711936587
|move|p2a: Illumise|Rain Dance|p2a: Illumise
|-weather|RainDance
|move|p1a: Cyclizar|U-turn|p2a: Illumise
|-damage|p2a: Illumise|51/100
|
|t:|1711936593
|switch|p1a: Muk|Muk-Alola, M|100/100|[from] U-turn
|
|-weather|RainDance|[upkeep]
|upkeep
|turn|4
|
|t:|1711936597
|move|p2a: Illumise|U-turn|p1a: Muk
|-damage|p1a: Muk|88/100
|
|t:|1711936601
|switch|p2a: Feraligatr|Feraligatr, M|100/100|[from] U-turn
|move|p1a: Muk|Knock Off|p2a: Feraligatr
|-damage|p2a: Feraligatr|61/100
|-enditem|p2a: Feraligatr|Life Orb|[from] move: Knock Off|[of] p1a: Muk
|
|-weather|RainDance|[upkeep]
|-heal|p1a: Muk|94/100|[from] item: Leftovers
|upkeep
|turn|5
|
|t:|1711936608
|switch|p1a: Gyarados|Gyarados, F|100/100
|-ability|p1a: Gyarados|Intimidate|boost
|-unboost|p2a: Feraligatr|atk|1
|move|p2a: Feraligatr|Liquidation|p1a: Gyarados
|-resisted|p1a: Gyarados
|-damage|p1a: Gyarados|68/100
|
|-weather|RainDance|[upkeep]
|upkeep
|turn|6
|
|t:|1711936618
|switch|p2a: Kingdra|Kingdra, F|100/100
|move|p1a: Gyarados|Waterfall|p2a: Kingdra
|-resisted|p2a: Kingdra
|-damage|p2a: Kingdra|83/100
|
|-weather|RainDance|[upkeep]
|upkeep
|turn|7
|
|t:|1711936626
|switch|p1a: Muk|Muk-Alola, M|94/100
|move|p2a: Kingdra|Draco Meteor|p1a: Muk
|-damage|p1a: Muk|49/100
|-unboost|p2a: Kingdra|spa|2
|
|-weather|none
|-heal|p1a: Muk|55/100|[from] item: Leftovers
|upkeep
|turn|8
|
|t:|1711936634
|switch|p2a: Illumise|Illumise, F|51/100
|move|p1a: Muk|Poison Jab|p2a: Illumise
|-damage|p2a: Illumise|15/100
|
|-heal|p1a: Muk|61/100|[from] item: Leftovers
|upkeep
|turn|9
|
|t:|1711936637
|move|p2a: Illumise|Rain Dance|p2a: Illumise
|-weather|RainDance
|move|p1a: Muk|Poison Jab|p2a: Illumise
|-damage|p2a: Illumise|0 fnt
|faint|p2a: Illumise
|
|-weather|RainDance|[upkeep]
|-heal|p1a: Muk|67/100|[from] item: Leftovers
|upkeep
|
|t:|1711936640
|switch|p2a: Basculegion|Basculegion, M|77/100
|turn|10
|
|t:|1711936646
|switch|p1a: Cyclizar|Cyclizar, F|56/100
|move|p2a: Basculegion|Wave Crash|p1a: Cyclizar
|-resisted|p1a: Cyclizar
|-damage|p1a: Cyclizar|0 fnt
|faint|p1a: Cyclizar
|-damage|p2a: Basculegion|61/100|[from] Recoil
|
|-weather|RainDance|[upkeep]
|upkeep
|
|t:|1711936649
|switch|p1a: Gyarados|Gyarados, F|68/100
|-ability|p1a: Gyarados|Intimidate|boost
|-unboost|p2a: Basculegion|atk|1
|turn|11
|
|t:|1711936653
|move|p1a: Gyarados|Waterfall|p2a: Basculegion
|-resisted|p2a: Basculegion
|-damage|p2a: Basculegion|22/100
|move|p2a: Basculegion|Wave Crash|p1a: Gyarados
|-resisted|p1a: Gyarados
|-damage|p1a: Gyarados|0 fnt
|faint|p1a: Gyarados
|-damage|p2a: Basculegion|3/100|[from] Recoil
|
|-weather|RainDance|[upkeep]
|upkeep
|
|t:|1711936658
|switch|p1a: Gardevoir|Gardevoir, M|100/100
|-ability|p1a: Gardevoir|Adaptability|[from] ability: Trace|[of] p2a: Basculegion
|turn|12
|
|t:|1711936662
|move|p1a: Gardevoir|Moonblast|p2a: Basculegion
|-damage|p2a: Basculegion|0 fnt
|faint|p2a: Basculegion
|
|-weather|RainDance|[upkeep]
|upkeep
|
|t:|1711936667
|switch|p2a: Floatzel|Floatzel, M|100/100
|turn|13
|
|t:|1711936672
|switch|p1a: Hippowdon|Hippowdon, M|100/100
|-weather|Sandstorm|[from] ability: Sand Stream|[of] p1a: Hippowdon
|move|p2a: Floatzel|Wave Crash|p1a: Hippowdon
|-supereffective|p1a: Hippowdon
|-damage|p1a: Hippowdon|0 fnt
|-damage|p2a: Floatzel|84/100|[from] item: Rocky Helmet|[of] p1a: Hippowdon
|faint|p1a: Hippowdon
|-damage|p2a: Floatzel|39/100|[from] Recoil
|
|-weather|Sandstorm|[upkeep]
|-damage|p2a: Floatzel|33/100|[from] Sandstorm
|upkeep
|
|t:|1711936676
|switch|p1a: Gardevoir|Gardevoir, M|100/100
|-ability|p1a: Gardevoir|Swift Swim|[from] ability: Trace|[of] p2a: Floatzel
|turn|14
|
|t:|1711936683
|move|p1a: Gardevoir|Moonblast|p2a: Floatzel
|-damage|p2a: Floatzel|0 fnt
|faint|p2a: Floatzel
|
|-weather|Sandstorm|[upkeep]
|-damage|p1a: Gardevoir|94/100|[from] Sandstorm
|upkeep
|
|t:|1711936685
|switch|p2a: Sableye|Sableye, M|100/100
|turn|15
|
|t:|1711936688
|move|p2a: Sableye|Rain Dance|p2a: Sableye
|-weather|RainDance
|move|p1a: Gardevoir|Moonblast|p2a: Sableye
|-supereffective|p2a: Sableye
|-damage|p2a: Sableye|0 fnt
|faint|p2a: Sableye
|
|-weather|RainDance|[upkeep]
|upkeep
|
|t:|1711936692
|switch|p2a: Kingdra|Kingdra, F|83/100
|turn|16
|
|t:|1711936700
|-terastallize|p1a: Gardevoir|Fairy
|-terastallize|p2a: Kingdra|Water
|move|p1a: Gardevoir|Moonblast|p2a: Kingdra
|-damage|p2a: Kingdra|10/100
|move|p2a: Kingdra|Surf|p1a: Gardevoir
|-damage|p1a: Gardevoir|0 fnt
|faint|p1a: Gardevoir
|
|-weather|RainDance|[upkeep]
|upkeep
|
|t:|1711936706
|switch|p1a: Muk|Muk-Alola, M|67/100
|turn|17
|
|t:|1711936714
|switch|p2a: Feraligatr|Feraligatr, M|61/100
|move|p1a: Muk|Knock Off|p2a: Feraligatr
|-damage|p2a: Feraligatr|33/100
|
|-weather|RainDance|[upkeep]
|-heal|p1a: Muk|73/100|[from] item: Leftovers
|upkeep
|turn|18
|
|t:|1711936718
|move|p2a: Feraligatr|Liquidation|p1a: Muk
|-damage|p1a: Muk|0 fnt
|faint|p1a: Muk
|
|-weather|RainDance|[upkeep]
|upkeep
|
|t:|1711936721
|switch|p1a: Rotom|Rotom-Heat|100/100
|turn|19
|
|t:|1711936725
|move|p1a: Rotom|Volt Switch|p2a: Feraligatr
|-supereffective|p2a: Feraligatr
|-damage|p2a: Feraligatr|0 fnt
|faint|p2a: Feraligatr
|
|-weather|RainDance|[upkeep]
|upkeep
|
|t:|1711936728
|switch|p2a: Kingdra|Kingdra, F, tera:Water|10/100
|turn|20
|
|t:|1711936731
|move|p2a: Kingdra|Surf|p1a: Rotom
|-supereffective|p1a: Rotom
|-damage|p1a: Rotom|0 fnt
|faint|p1a: Rotom
|
|win|herso
|raw|JoeBidem's rating: 1251 &rarr; <strong>1218</strong><br />(-33 for losing)
|raw|herso's rating: 1136 &rarr; <strong>1169</strong><br />(+33 for winning)
|l|☆JoeBidem
|player|p1|
|l|☆herso
|player|p2|
