|j|☆jorts4life
|j|☆SquidSpring
|t:|1711944839
|gametype|singles
|player|p1|jorts4life|swimmer|1167
|player|p2|SquidSpring|iono|1138
|teamsize|p1|6
|teamsize|p2|6
|gen|9
|tier|[Gen 9] RU
|rated|
|rule|Species Clause: Limit one of each Pokémon
|rule|OHKO Clause: OHKO moves are banned
|rule|Evasion Items Clause: Evasion items are banned
|rule|Evasion Moves Clause: Evasion moves are banned
|rule|Endless Battle Clause: Forcing endless battles is banned
|rule|HP Percentage Mod: HP is shown in percentages
|rule|Sleep Moves Clause: Sleep-inducing moves are banned
|clearpoke
|poke|p1|Amoonguss, M|
|poke|p1|Empoleon, M|
|poke|p1|Salamence, M|
|poke|p1|Scream Tail|
|poke|p1|Slither Wing|
|poke|p1|Thundurus-Therian, M|
|poke|p2|Zapdos-Galar|
|poke|p2|Suicune|
|poke|p2|Enamorus-Therian, F|
|poke|p2|Breloom, M|
|poke|p2|Zoroark-Hisui, M|
|poke|p2|Mimikyu, M|
|teampreview
|c|☆SquidSpring|glhf
|c|☆jorts4life|gl
|
|t:|1711944864
|start
|switch|p1a: Salamence|Salamence, M|100/100
|switch|p2a: Mimikyu|Mimikyu, M|100/100
|-ability|p1a: Salamence|Intimidate|boost
|-unboost|p2a: Mimikyu|atk|1
|turn|1
|
|t:|1711944871
|switch|p1a: Empoleon|Empoleon, M|100/100
|move|p2a: Mimikyu|Substitute|p2a: Mimikyu
|-start|p2a: Mimikyu|Substitute
|-damage|p2a: Mimikyu|76/100
|
|upkeep
|turn|2
|
|t:|1711944879
|move|p2a: Mimikyu|Nasty Plot|p2a: Mimikyu
|-boost|p2a: Mimikyu|spa|2
|move|p1a: Empoleon|Surf|p2a: Mimikyu
|-end|p2a: Mimikyu|Substitute
|
|upkeep
|turn|3
|
|t:|1711944922
|move|p2a: Mimikyu|Nasty Plot|p2a: Mimikyu
|-boost|p2a: Mimikyu|spa|2
|move|p1a: Empoleon|Surf|p2a: Mimikyu
|-damage|p2a: Mimikyu|3/100
|replace|p2a: Zoroark|Zoroark-Hisui, M
|-end|p2a: Zoroark|Illusion
|
|upkeep
|turn|4
|
|t:|1711944944
|move|p2a: Zoroark|Shadow Ball|p1a: Empoleon
|-damage|p1a: Empoleon|10/100
|move|p1a: Empoleon|Flip Turn|p2a: Zoroark
|-damage|p2a: Zoroark|0 fnt
|faint|p2a: Zoroark
|
|t:|1711944961
|switch|p1a: Thundurus|Thundurus-Therian, M|100/100|[from] Flip Turn
|
|upkeep
|
|t:|1711944966
|switch|p2a: Mimikyu|Mimikyu, M|100/100
|turn|5
|
|t:|1711944972
|move|p1a: Thundurus|Thunderbolt|p2a: Mimikyu
|-activate|p2a: Mimikyu|ability: Disguise
|-damage|p2a: Mimikyu|100/100
|detailschange|p2a: Mimikyu|Mimikyu-Busted, M
|-damage|p2a: Mimikyu|88/100|[from] pokemon: Mimikyu-Busted
|move|p2a: Mimikyu|Play Rough|p1a: Thundurus
|-damage|p1a: Thundurus|42/100
|
|upkeep
|turn|6
|
|t:|1711945010
|switch|p1a: Scream Tail|Scream Tail|100/100
|move|p2a: Mimikyu|Play Rough|p1a: Scream Tail
|-damage|p1a: Scream Tail|71/100
|-unboost|p1a: Scream Tail|atk|1
|
|upkeep
|turn|7
|
|t:|1711945015
|move|p1a: Scream Tail|Thunder Wave|p2a: Mimikyu
|-status|p2a: Mimikyu|par
|-enditem|p2a: Mimikyu|Lum Berry|[eat]
|-curestatus|p2a: Mimikyu|par|[msg]
|move|p2a: Mimikyu|Substitute|p2a: Mimikyu
|-start|p2a: Mimikyu|Substitute
|-damage|p2a: Mimikyu|63/100
|
|upkeep
|turn|8
|
|t:|1711945035
|move|p1a: Scream Tail|Encore|p2a: Mimikyu
|-start|p2a: Mimikyu|Encore
|move|p2a: Mimikyu|Substitute|p2a: Mimikyu
|-fail|p2a: Mimikyu|move: Substitute
|
|upkeep
|turn|9
|
|t:|1711945039
|move|p1a: Scream Tail|Wish|p1a: Scream Tail
|move|p2a: Mimikyu|Substitute|p2a: Mimikyu
|-fail|p2a: Mimikyu|move: Substitute
|
|upkeep
|turn|10
|
|t:|1711945044
|move|p1a: Scream Tail|Dazzling Gleam|p2a: Mimikyu
|-end|p2a: Mimikyu|Substitute
|move|p2a: Mimikyu|Substitute|p2a: Mimikyu
|-start|p2a: Mimikyu|Substitute
|-damage|p2a: Mimikyu|39/100
|
|-heal|p1a: Scream Tail|100/100|[from] move: Wish|[wisher] Scream Tail
|-end|p2a: Mimikyu|Encore
|upkeep
|turn|11
|
|t:|1711945053
|move|p2a: Mimikyu|Shadow Sneak|p1a: Scream Tail
|-supereffective|p1a: Scream Tail
|-damage|p1a: Scream Tail|77/100
|move|p1a: Scream Tail|Encore|p2a: Mimikyu
|-start|p2a: Mimikyu|Encore
|
|upkeep
|turn|12
|
|t:|1711945066
|move|p2a: Mimikyu|Shadow Sneak|p1a: Scream Tail
|-supereffective|p1a: Scream Tail
|-damage|p1a: Scream Tail|50/100
|move|p1a: Scream Tail|Dazzling Gleam|p2a: Mimikyu
|-end|p2a: Mimikyu|Substitute
|
|upkeep
|turn|13
|
|t:|1711945071
|-end|p1a: Scream Tail|Protosynthesis|[silent]
|switch|p1a: Amoonguss|Amoonguss, M|100/100
|move|p2a: Mimikyu|Shadow Sneak|p1a: Amoonguss
|-damage|p1a: Amoonguss|88/100
|-damage|p2a: Mimikyu|22/100|[from] item: Rocky Helmet|[of] p1a: Amoonguss
|
|upkeep
|turn|14
|
|t:|1711945080
|move|p2a: Mimikyu|Shadow Sneak|p1a: Amoonguss
|-crit|p1a: Amoonguss
|-damage|p1a: Amoonguss|70/100
|-damage|p2a: Mimikyu|6/100|[from] item: Rocky Helmet|[of] p1a: Amoonguss
|move|p1a: Amoonguss|Foul Play|p2a: Mimikyu
|-damage|p2a: Mimikyu|0 fnt
|faint|p2a: Mimikyu
|
|upkeep
|
|t:|1711945096
|switch|p2a: Enamorus|Enamorus-Therian, F|100/100
|turn|15
|
|t:|1711945104
|move|p2a: Enamorus|Substitute|p2a: Enamorus
|-start|p2a: Enamorus|Substitute
|-damage|p2a: Enamorus|76/100
|move|p1a: Amoonguss|Sludge Bomb|p2a: Enamorus
|-supereffective|p2a: Enamorus
|-end|p2a: Enamorus|Substitute
|
|-heal|p2a: Enamorus|82/100|[from] item: Leftovers
|upkeep
|turn|16
|
|t:|1711945121
|switch|p2a: Zapdos|Zapdos-Galar|100/100
|move|p1a: Amoonguss|Sludge Bomb|p2a: Zapdos
|-damage|p2a: Zapdos|68/100
|
|-heal|p2a: Zapdos|74/100|[from] item: Leftovers
|upkeep
|turn|17
|
|t:|1711945137
|switch|p1a: Empoleon|Empoleon, M|10/100
|move|p2a: Zapdos|Substitute|p2a: Zapdos
|-start|p2a: Zapdos|Substitute
|-damage|p2a: Zapdos|49/100
|
|-heal|p2a: Zapdos|55/100|[from] item: Leftovers
|-heal|p1a: Empoleon|16/100|[from] item: Leftovers
|upkeep
|turn|18
|
|t:|1711945143
|move|p2a: Zapdos|Thunderous Kick|p1a: Empoleon
|-supereffective|p1a: Empoleon
|-damage|p1a: Empoleon|0 fnt
|faint|p1a: Empoleon
|
|-heal|p2a: Zapdos|62/100|[from] item: Leftovers
|upkeep
|
|t:|1711945158
|switch|p1a: Scream Tail|Scream Tail|50/100
|turn|19
|
|t:|1711945164
|move|p1a: Scream Tail|Encore|p2a: Zapdos
|-start|p2a: Zapdos|Encore
|move|p2a: Zapdos|Thunderous Kick|p1a: Scream Tail
|-resisted|p1a: Scream Tail
|-damage|p1a: Scream Tail|40/100
|-unboost|p1a: Scream Tail|def|1
|
|-heal|p2a: Zapdos|68/100|[from] item: Leftovers
|upkeep
|turn|20
|
|t:|1711945169
|move|p1a: Scream Tail|Wish|p1a: Scream Tail
|move|p2a: Zapdos|Thunderous Kick|p1a: Scream Tail
|-resisted|p1a: Scream Tail
|-damage|p1a: Scream Tail|26/100
|-unboost|p1a: Scream Tail|def|1
|
|-heal|p2a: Zapdos|74/100|[from] item: Leftovers
|upkeep
|turn|21
|
|t:|1711945206
|-end|p1a: Scream Tail|Protosynthesis|[silent]
|switch|p1a: Thundurus|Thundurus-Therian, M|42/100
|move|p2a: Zapdos|Thunderous Kick|p1a: Thundurus
|-resisted|p1a: Thundurus
|-damage|p1a: Thundurus|4/100
|-unboost|p1a: Thundurus|def|1
|
|-heal|p1a: Thundurus|77/100|[from] move: Wish|[wisher] Scream Tail
|-heal|p2a: Zapdos|80/100|[from] item: Leftovers
|-end|p2a: Zapdos|Encore
|upkeep
|turn|22
|
|t:|1711945218
|move|p1a: Thundurus|Thunderbolt|p2a: Zapdos
|-supereffective|p2a: Zapdos
|-end|p2a: Zapdos|Substitute
|move|p2a: Zapdos|Thunderous Kick|p1a: Thundurus
|-resisted|p1a: Thundurus
|-damage|p1a: Thundurus|20/100
|-unboost|p1a: Thundurus|def|1
|
|-heal|p2a: Zapdos|86/100|[from] item: Leftovers
|upkeep
|turn|23
|
|t:|1711945225
|switch|p2a: Breloom|Breloom, M|100/100
|move|p1a: Thundurus|Thunderbolt|p2a: Breloom
|-resisted|p2a: Breloom
|-damage|p2a: Breloom|57/100
|
|-status|p2a: Breloom|tox|[from] item: Toxic Orb
|upkeep
|turn|24
|
|t:|1711945244
|switch|p1a: Slither Wing|Slither Wing|100/100
|switch|p2a: Suicune|Suicune|100/100
|-ability|p2a: Suicune|Pressure
|
|upkeep
|turn|25
|
|t:|1711945250
|move|p2a: Suicune|Protect|p2a: Suicune
|-singleturn|p2a: Suicune|Protect
|move|p1a: Slither Wing|Close Combat|p2a: Suicune
|-activate|p2a: Suicune|move: Protect
|
|upkeep
|turn|26
|
|t:|1711945261
|move|p2a: Suicune|Scald|p1a: Slither Wing
|-damage|p1a: Slither Wing|79/100
|-status|p1a: Slither Wing|brn
|move|p1a: Slither Wing|U-turn|p2a: Suicune
|-damage|p2a: Suicune|88/100
|
|t:|1711945277
|-end|p1a: Slither Wing|Protosynthesis|[silent]
|switch|p1a: Amoonguss|Amoonguss, M|100/100|[from] U-turn
|
|-heal|p2a: Suicune|95/100|[from] item: Leftovers
|upkeep
|turn|27
|
|t:|1711945288
|switch|p2a: Zapdos|Zapdos-Galar|86/100
|move|p1a: Amoonguss|Giga Drain|p2a: Zapdos
|-resisted|p2a: Zapdos
|-damage|p2a: Zapdos|74/100
|
|-heal|p2a: Zapdos|80/100|[from] item: Leftovers
|upkeep
|turn|28
|
|t:|1711945301
|switch|p1a: Slither Wing|Slither Wing|79/100 brn
|move|p2a: Zapdos|Drill Peck|p1a: Slither Wing
|-supereffective|p1a: Slither Wing
|-damage|p1a: Slither Wing|0 fnt
|faint|p1a: Slither Wing
|-end|p1a: Slither Wing|Protosynthesis|[silent]
|
|-heal|p2a: Zapdos|86/100|[from] item: Leftovers
|upkeep
|
|t:|1711945307
|switch|p1a: Salamence|Salamence, M|100/100
|-ability|p1a: Salamence|Intimidate|boost
|-unboost|p2a: Zapdos|atk|1
|-ability|p2a: Zapdos|Defiant|boost
|-boost|p2a: Zapdos|atk|2
|turn|29
|
|t:|1711945318
|move|p2a: Zapdos|Drill Peck|p1a: Salamence
|-damage|p1a: Salamence|25/100
|move|p1a: Salamence|Dragon Dance|p1a: Salamence
|-boost|p1a: Salamence|atk|1
|-boost|p1a: Salamence|spe|1
|
|-heal|p2a: Zapdos|93/100|[from] item: Leftovers
|upkeep
|turn|30
|
|t:|1711945325
|-terastallize|p2a: Zapdos|Steel
|move|p1a: Salamence|Breaking Swipe|p2a: Zapdos
|-resisted|p2a: Zapdos
|-damage|p2a: Zapdos|63/100
|-unboost|p2a: Zapdos|atk|1
|-ability|p2a: Zapdos|Defiant|boost
|-boost|p2a: Zapdos|atk|2
|move|p2a: Zapdos|Drill Peck|p1a: Salamence
|-damage|p1a: Salamence|0 fnt
|faint|p1a: Salamence
|
|-heal|p2a: Zapdos|69/100|[from] item: Leftovers
|upkeep
|
|t:|1711945333
|switch|p1a: Scream Tail|Scream Tail|26/100
|turn|31
|
|t:|1711945336
|move|p1a: Scream Tail|Thunder Wave|p2a: Zapdos
|-status|p2a: Zapdos|par
|cant|p2a: Zapdos|par
|
|-heal|p2a: Zapdos|76/100 par|[from] item: Leftovers
|upkeep
|turn|32
|
|t:|1711945341
|move|p1a: Scream Tail|Wish|p1a: Scream Tail
|move|p2a: Zapdos|Drill Peck|p1a: Scream Tail
|-damage|p1a: Scream Tail|0 fnt
|faint|p1a: Scream Tail
|-end|p1a: Scream Tail|Protosynthesis|[silent]
|
|-heal|p2a: Zapdos|82/100 par|[from] item: Leftovers
|upkeep
|
|t:|1711945348
|switch|p1a: Thundurus|Thundurus-Therian, M|20/100
|turn|33
|
|t:|1711945377
|move|p1a: Thundurus|Focus Blast|p2a: Zapdos|[miss]
|-miss|p1a: Thundurus|p2a: Zapdos
|move|p2a: Zapdos|Drill Peck|p1a: Thundurus
|-resisted|p1a: Thundurus
|-damage|p1a: Thundurus|0 fnt
|faint|p1a: Thundurus
|
|-heal|p2a: Zapdos|88/100 par|[from] item: Leftovers
|upkeep
|
|t:|1711945380
|switch|p1a: Amoonguss|Amoonguss, M|100/100
|turn|34
|
|t:|1711945389
|-terastallize|p1a: Amoonguss|Steel
|cant|p2a: Zapdos|par
|move|p1a: Amoonguss|Foul Play|p2a: Zapdos
|-damage|p2a: Zapdos|11/100 par
|
|-heal|p2a: Zapdos|18/100 par|[from] item: Leftovers
|upkeep
|turn|35
|
|t:|1711945395
|cant|p2a: Zapdos|par
|move|p1a: Amoonguss|Foul Play|p2a: Zapdos
|-damage|p2a: Zapdos|0 fnt
|faint|p2a: Zapdos
|
|upkeep
|
|t:|1711945401
|switch|p2a: Breloom|Breloom, M|57/100 tox
|turn|36
|
|t:|1711945414
|move|p2a: Breloom|Leech Seed|p1a: Amoonguss
|-start|p1a: Amoonguss|move: Leech Seed
|move|p1a: Amoonguss|Sludge Bomb|p2a: Breloom
|-supereffective|p2a: Breloom
|-damage|p2a: Breloom|0 fnt
|faint|p2a: Breloom
|
|upkeep
|
|t:|1711945418
|switch|p2a: Suicune|Suicune|95/100
|-ability|p2a: Suicune|Pressure
|turn|37
|
|t:|1711945425
|move|p2a: Suicune|Protect|p2a: Suicune
|-singleturn|p2a: Suicune|Protect
|move|p1a: Amoonguss|Giga Drain|p2a: Suicune
|-activate|p2a: Suicune|move: Protect
|
|-heal|p2a: Suicune|100/100|[from] item: Leftovers
|-damage|p1a: Amoonguss|88/100|[from] Leech Seed|[of] p2a: Suicune
|upkeep
|turn|38
|
|t:|1711945433
|move|p2a: Suicune|Calm Mind|p2a: Suicune
|-boost|p2a: Suicune|spa|1
|-boost|p2a: Suicune|spd|1
|move|p1a: Amoonguss|Giga Drain|p2a: Suicune
|-supereffective|p2a: Suicune
|-crit|p2a: Suicune
|-damage|p2a: Suicune|53/100
|-heal|p1a: Amoonguss|100/100|[from] drain|[of] p2a: Suicune
|
|-heal|p2a: Suicune|59/100|[from] item: Leftovers
|-damage|p1a: Amoonguss|88/100|[from] Leech Seed|[of] p2a: Suicune
|-heal|p2a: Suicune|73/100|[silent]
|upkeep
|turn|39
|
|t:|1711945440
|move|p2a: Suicune|Calm Mind|p2a: Suicune
|-boost|p2a: Suicune|spa|1
|-boost|p2a: Suicune|spd|1
|move|p1a: Amoonguss|Stun Spore|p2a: Suicune
|-status|p2a: Suicune|par
|
|-heal|p2a: Suicune|79/100 par|[from] item: Leftovers
|-damage|p1a: Amoonguss|75/100|[from] Leech Seed|[of] p2a: Suicune
|-heal|p2a: Suicune|92/100 par|[silent]
|upkeep
|turn|40
|
|t:|1711945446
|move|p2a: Suicune|Calm Mind|p2a: Suicune
|-boost|p2a: Suicune|spa|1
|-boost|p2a: Suicune|spd|1
|move|p1a: Amoonguss|Giga Drain|p2a: Suicune
|-supereffective|p2a: Suicune
|-damage|p2a: Suicune|77/100 par
|-heal|p1a: Amoonguss|82/100|[from] drain|[of] p2a: Suicune
|
|-heal|p2a: Suicune|83/100 par|[from] item: Leftovers
|-damage|p1a: Amoonguss|70/100|[from] Leech Seed|[of] p2a: Suicune
|-heal|p2a: Suicune|97/100 par|[silent]
|upkeep
|turn|41
|
|t:|1711945450
|move|p2a: Suicune|Calm Mind|p2a: Suicune
|-boost|p2a: Suicune|spa|1
|-boost|p2a: Suicune|spd|1
|move|p1a: Amoonguss|Giga Drain|p2a: Suicune
|-supereffective|p2a: Suicune
|-damage|p2a: Suicune|85/100 par
|-heal|p1a: Amoonguss|75/100|[from] drain|[of] p2a: Suicune
|
|-heal|p2a: Suicune|91/100 par|[from] item: Leftovers
|-damage|p1a: Amoonguss|63/100|[from] Leech Seed|[of] p2a: Suicune
|-heal|p2a: Suicune|100/100 par|[silent]
|upkeep
|turn|42
|
|t:|1711945453
|move|p2a: Suicune|Calm Mind|p2a: Suicune
|-boost|p2a: Suicune|spa|1
|-boost|p2a: Suicune|spd|1
|move|p1a: Amoonguss|Giga Drain|p2a: Suicune
|-supereffective|p2a: Suicune
|-damage|p2a: Suicune|91/100 par
|-heal|p1a: Amoonguss|67/100|[from] drain|[of] p2a: Suicune
|
|-heal|p2a: Suicune|97/100 par|[from] item: Leftovers
|-damage|p1a: Amoonguss|55/100|[from] Leech Seed|[of] p2a: Suicune
|-heal|p2a: Suicune|100/100 par|[silent]
|upkeep
|turn|43
|
|t:|1711945455
|move|p2a: Suicune|Calm Mind|p2a: Suicune
|-boost|p2a: Suicune|spa|1
|-boost|p2a: Suicune|spd|1
|move|p1a: Amoonguss|Giga Drain|p2a: Suicune
|-supereffective|p2a: Suicune
|-damage|p2a: Suicune|92/100 par
|-heal|p1a: Amoonguss|59/100|[from] drain|[of] p2a: Suicune
|
|-heal|p2a: Suicune|98/100 par|[from] item: Leftovers
|-damage|p1a: Amoonguss|47/100|[from] Leech Seed|[of] p2a: Suicune
|-heal|p2a: Suicune|100/100 par|[silent]
|upkeep
|turn|44
|
|t:|1711945459
|move|p2a: Suicune|Substitute|p2a: Suicune
|-start|p2a: Suicune|Substitute
|-damage|p2a: Suicune|75/100 par
|move|p1a: Amoonguss|Giga Drain|p2a: Suicune
|-supereffective|p2a: Suicune
|-activate|p2a: Suicune|move: Substitute|[damage]
|-heal|p1a: Amoonguss|50/100|[from] drain|[of] p2a: Suicune
|
|-heal|p2a: Suicune|82/100 par|[from] item: Leftovers
|-damage|p1a: Amoonguss|38/100|[from] Leech Seed|[of] p2a: Suicune
|-heal|p2a: Suicune|95/100 par|[silent]
|upkeep
|turn|45
|c|☆SquidSpring|ggwp
|
|t:|1711945466
|move|p2a: Suicune|Protect|p2a: Suicune
|-singleturn|p2a: Suicune|Protect
|move|p1a: Amoonguss|Giga Drain|p2a: Suicune
|-activate|p2a: Suicune|move: Protect
|
|-heal|p2a: Suicune|100/100 par|[from] item: Leftovers
|-damage|p1a: Amoonguss|25/100|[from] Leech Seed|[of] p2a: Suicune
|upkeep
|turn|46
|c|☆jorts4life|2 crits and its mine
|c|☆jorts4life|gg
|-message|jorts4life forfeited.
|
|win|SquidSpring
|raw|jorts4life's rating: 1167 &rarr; <strong>1140</strong><br />(-27 for losing)
|raw|SquidSpring's rating: 1138 &rarr; <strong>1165</strong><br />(+27 for winning)
|l|☆jorts4life
|player|p1|
|l|☆SquidSpring
|player|p2|
