|j|☆coalmander
|j|☆SonicBoom2787
|t:|1711935845
|gametype|singles
|player|p1|coalmander|lucas|1295
|player|p2|SonicBoom2787|carmine-festival|1387
|teamsize|p1|6
|teamsize|p2|6
|gen|9
|tier|[Gen 9] RU
|rated|
|rule|Species Clause: Limit one of each Pokémon
|rule|OHKO Clause: OHKO moves are banned
|rule|Evasion Items Clause: Evasion items are banned
|rule|Evasion Moves Clause: Evasion moves are banned
|rule|Endless Battle Clause: Forcing endless battles is banned
|rule|HP Percentage Mod: HP is shown in percentages
|rule|Sleep Moves Clause: Sleep-inducing moves are banned
|clearpoke
|poke|p1|Swampert, M|
|poke|p1|Jolteon, M|
|poke|p1|Hitmontop, M|
|poke|p1|Lycanroc-Dusk, F|
|poke|p1|Sableye, M|
|poke|p1|Honchkrow, M|
|poke|p2|Torterra, F|
|poke|p2|Salamence, F|
|poke|p2|Thundurus-Therian, M|
|poke|p2|Azelf|
|poke|p2|Entei|
|poke|p2|Okidogi, M|
|teampreview
|inactive|Battle timer is ON: inactive players will automatically lose when time's up. (requested by SonicBoom2787)
|
|t:|1711935882
|start
|switch|p1a: Sableye|Sableye, M|100/100
|switch|p2a: Okidogi|Okidogi, M|100/100
|turn|1
|
|t:|1711935896
|switch|p2a: Entei|Entei|100/100
|move|p1a: Sableye|Will-O-Wisp|p2a: Entei
|-immune|p2a: Entei
|
|upkeep
|turn|2
|
|t:|1711935906
|move|p1a: Sableye|Thunder Wave|p2a: Entei
|-status|p2a: Entei|par
|move|p2a: Entei|Sacred Fire|p1a: Sableye
|-damage|p1a: Sableye|0 fnt
|faint|p1a: Sableye
|
|upkeep
|
|t:|1711935926
|switch|p1a: Swampert|Swampert, M|100/100
|turn|3
|
|t:|1711935933
|switch|p2a: Thundurus|Thundurus-Therian, M|100/100
|switch|p1a: Lycanroc|Lycanroc-Dusk, F|100/100
|
|upkeep
|turn|4
|
|t:|1711935952
|-terastallize|p2a: Thundurus|Electric
|move|p1a: Lycanroc|Accelerock|p2a: Thundurus
|-damage|p2a: Thundurus|40/100
|move|p2a: Thundurus|Thunderbolt|p1a: Lycanroc
|-damage|p1a: Lycanroc|0 fnt
|faint|p1a: Lycanroc
|
|upkeep
|
|t:|1711935962
|switch|p1a: Honchkrow|Honchkrow, M|100/100
|turn|5
|
|t:|1711935986
|switch|p2a: Entei|Entei|100/100 par
|switch|p1a: Jolteon|Jolteon, M|100/100
|
|upkeep
|turn|6
|
|t:|1711935992
|move|p1a: Jolteon|Volt Switch|p2a: Entei
|-damage|p2a: Entei|62/100 par
|
|t:|1711935995
|switch|p1a: Swampert|Swampert, M|100/100|[from] Volt Switch
|cant|p2a: Entei|par
|
|upkeep
|turn|7
|
|t:|1711936002
|move|p2a: Entei|Sacred Fire|p1a: Swampert
|-resisted|p1a: Swampert
|-damage|p1a: Swampert|69/100
|-status|p1a: Swampert|brn
|move|p1a: Swampert|Stealth Rock|p2a: Entei
|-sidestart|p2: SonicBoom2787|move: Stealth Rock
|
|-heal|p1a: Swampert|75/100 brn|[from] item: Leftovers
|-damage|p1a: Swampert|69/100 brn|[from] brn
|upkeep
|turn|8
|
|t:|1711936008
|cant|p2a: Entei|par
|move|p1a: Swampert|Earthquake|p2a: Entei
|-supereffective|p2a: Entei
|-damage|p2a: Entei|22/100 par
|
|-heal|p1a: Swampert|75/100 brn|[from] item: Leftovers
|-damage|p1a: Swampert|69/100 brn|[from] brn
|upkeep
|turn|9
|
|t:|1711936016
|move|p2a: Entei|Sacred Fire|p1a: Swampert
|-resisted|p1a: Swampert
|-damage|p1a: Swampert|33/100 brn
|move|p1a: Swampert|Earthquake|p2a: Entei
|-supereffective|p2a: Entei
|-crit|p2a: Entei
|-damage|p2a: Entei|0 fnt
|faint|p2a: Entei
|
|-heal|p1a: Swampert|39/100 brn|[from] item: Leftovers
|-damage|p1a: Swampert|33/100 brn|[from] brn
|upkeep
|
|t:|1711936018
|switch|p2a: Okidogi|Okidogi, M|100/100
|-damage|p2a: Okidogi|94/100|[from] Stealth Rock
|turn|10
|
|t:|1711936023
|move|p2a: Okidogi|Bulk Up|p2a: Okidogi
|-boost|p2a: Okidogi|atk|1
|-boost|p2a: Okidogi|def|1
|move|p1a: Swampert|Earthquake|p2a: Okidogi
|-supereffective|p2a: Okidogi
|-damage|p2a: Okidogi|75/100
|
|-heal|p2a: Okidogi|81/100|[from] item: Leftovers
|-heal|p1a: Swampert|39/100 brn|[from] item: Leftovers
|-damage|p1a: Swampert|33/100 brn|[from] brn
|upkeep
|turn|11
|
|t:|1711936026
|move|p2a: Okidogi|Bulk Up|p2a: Okidogi
|-boost|p2a: Okidogi|atk|1
|-boost|p2a: Okidogi|def|1
|move|p1a: Swampert|Roar|p2a: Okidogi
|drag|p2a: Torterra|Torterra, F|100/100
|-damage|p2a: Torterra|94/100|[from] Stealth Rock
|
|-heal|p1a: Swampert|39/100 brn|[from] item: Leftovers
|-damage|p1a: Swampert|33/100 brn|[from] brn
|upkeep
|turn|12
|
|t:|1711936035
|move|p2a: Torterra|Bullet Seed|p1a: Swampert
|-supereffective|p1a: Swampert
|-damage|p1a: Swampert|0 fnt
|faint|p1a: Swampert
|-hitcount|p1: Swampert|1
|
|upkeep
|
|t:|1711936040
|switch|p1a: Honchkrow|Honchkrow, M|100/100
|turn|13
|
|t:|1711936046
|switch|p2a: Thundurus|Thundurus-Therian, M, tera:Electric|40/100
|move|p1a: Honchkrow|Brave Bird|p2a: Thundurus
|-resisted|p2a: Thundurus
|-crit|p2a: Thundurus
|-damage|p2a: Thundurus|0 fnt
|faint|p2a: Thundurus
|-ability|p1a: Honchkrow|Moxie|boost
|-boost|p1a: Honchkrow|atk|1
|-damage|p1a: Honchkrow|91/100|[from] Recoil
|
|upkeep
|
|t:|1711936049
|switch|p2a: Azelf|Azelf|100/100
|-damage|p2a: Azelf|88/100|[from] Stealth Rock
|turn|14
|
|t:|1711936060
|move|p1a: Honchkrow|Sucker Punch||[still]
|-fail|p1a: Honchkrow
|move|p2a: Azelf|Trick|p1a: Honchkrow
|-activate|p2a: Azelf|move: Trick|[of] p1a: Honchkrow
|-item|p1a: Honchkrow|Choice Scarf|[from] move: Trick
|-item|p2a: Azelf|Heavy-Duty Boots|[from] move: Trick
|
|upkeep
|turn|15
|
|t:|1711936075
|move|p2a: Azelf|Dazzling Gleam|p1a: Honchkrow
|-supereffective|p1a: Honchkrow
|-damage|p1a: Honchkrow|21/100
|move|p1a: Honchkrow|Brave Bird|p2a: Azelf
|-damage|p2a: Azelf|0 fnt
|faint|p2a: Azelf
|-ability|p1a: Honchkrow|Moxie|boost
|-boost|p1a: Honchkrow|atk|1
|-damage|p1a: Honchkrow|0 fnt|[from] Recoil
|faint|p1a: Honchkrow
|
|upkeep
|
|t:|1711936088
|switch|p2a: Okidogi|Okidogi, M|81/100
|switch|p1a: Jolteon|Jolteon, M|100/100
|-damage|p2a: Okidogi|75/100|[from] Stealth Rock
|turn|16
|
|t:|1711936093
|move|p1a: Jolteon|Volt Switch|p2a: Okidogi
|-damage|p2a: Okidogi|42/100
|
|t:|1711936095
|switch|p1a: Hitmontop|Hitmontop, M|100/100|[from] Volt Switch
|-ability|p1a: Hitmontop|Intimidate|boost
|-unboost|p2a: Okidogi|atk|1
|move|p2a: Okidogi|Drain Punch|p1a: Hitmontop
|-damage|p1a: Hitmontop|72/100
|-heal|p2a: Okidogi|54/100|[from] drain|[of] p1a: Hitmontop
|
|-heal|p2a: Okidogi|60/100|[from] item: Leftovers
|-heal|p1a: Hitmontop|78/100|[from] item: Leftovers
|upkeep
|turn|17
|
|t:|1711936109
|switch|p1a: Jolteon|Jolteon, M|100/100
|move|p2a: Okidogi|Knock Off|p1a: Jolteon
|-damage|p1a: Jolteon|54/100
|-enditem|p1a: Jolteon|Choice Scarf|[from] move: Knock Off|[of] p2a: Okidogi
|
|-heal|p2a: Okidogi|66/100|[from] item: Leftovers
|upkeep
|turn|18
|
|t:|1711936118
|move|p1a: Jolteon|Volt Switch|p2a: Okidogi
|-damage|p2a: Okidogi|33/100
|
|t:|1711936121
|switch|p1a: Hitmontop|Hitmontop, M|78/100|[from] Volt Switch
|-ability|p1a: Hitmontop|Intimidate|boost
|-unboost|p2a: Okidogi|atk|1
|move|p2a: Okidogi|Poison Jab|p1a: Hitmontop
|-damage|p1a: Hitmontop|57/100
|-status|p1a: Hitmontop|tox|[from] ability: Toxic Chain|[of] p2a: Okidogi
|
|-heal|p2a: Okidogi|39/100|[from] item: Leftovers
|-heal|p1a: Hitmontop|64/100 tox|[from] item: Leftovers
|-damage|p1a: Hitmontop|57/100 tox|[from] psn
|upkeep
|turn|19
|
|t:|1711936128
|switch|p2a: Torterra|Torterra, F|94/100
|-damage|p2a: Torterra|88/100|[from] Stealth Rock
|move|p1a: Hitmontop|Close Combat|p2a: Torterra
|-damage|p2a: Torterra|43/100
|-unboost|p1a: Hitmontop|def|1
|-unboost|p1a: Hitmontop|spd|1
|
|-heal|p1a: Hitmontop|64/100 tox|[from] item: Leftovers
|-damage|p1a: Hitmontop|51/100 tox|[from] psn
|upkeep
|turn|20
|
|t:|1711936133
|move|p2a: Torterra|Bullet Seed|p1a: Hitmontop
|-damage|p1a: Hitmontop|34/100 tox
|-damage|p1a: Hitmontop|18/100 tox
|-damage|p1a: Hitmontop|0 fnt
|faint|p1a: Hitmontop
|-hitcount|p1: Hitmontop|3
|
|upkeep
|
|t:|1711936140
|switch|p1a: Jolteon|Jolteon, M|54/100
|turn|21
|
|t:|1711936145
|-terastallize|p1a: Jolteon|Ice
|move|p1a: Jolteon|Tera Blast|p2a: Torterra|[anim] Tera Blast Ice
|-supereffective|p2a: Torterra
|-damage|p2a: Torterra|0 fnt
|faint|p2a: Torterra
|
|upkeep
|
|t:|1711936149
|switch|p2a: Okidogi|Okidogi, M|39/100
|-damage|p2a: Okidogi|33/100|[from] Stealth Rock
|turn|22
|
|t:|1711936152
|move|p1a: Jolteon|Tera Blast|p2a: Okidogi|[anim] Tera Blast Ice
|-damage|p2a: Okidogi|0 fnt
|faint|p2a: Okidogi
|
|upkeep
|
|t:|1711936155
|switch|p2a: Salamence|Salamence, F|100/100
|-damage|p2a: Salamence|76/100|[from] Stealth Rock
|turn|23
|
|t:|1711936157
|move|p1a: Jolteon|Tera Blast|p2a: Salamence|[anim] Tera Blast Ice
|-supereffective|p2a: Salamence
|-damage|p2a: Salamence|0 fnt
|faint|p2a: Salamence
|
|win|coalmander
|raw|coalmander's rating: 1295 &rarr; <strong>1326</strong><br />(+31 for winning)
|raw|SonicBoom2787's rating: 1387 &rarr; <strong>1362</strong><br />(-25 for losing)
|l|☆SonicBoom2787
|player|p2|
|l|☆coalmander
|player|p1|
