|j|☆bigpapa0of
|j|☆Azure-Saffron
|inactive|Battle timer is ON: inactive players will automatically lose when time's up.
|t:|1711942769
|gametype|singles
|player|p1|bigpapa0of|clay|
|player|p2|Azure-Saffron|florian-bb|
|teamsize|p1|6
|teamsize|p2|6
|gen|9
|tier|[Gen 9] Monotype
|rated|Tournament battle
|rule|Sleep Clause Mod: Limit one foe put to sleep
|rule|Species Clause: Limit one of each Pokémon
|rule|OHKO Clause: OHKO moves are banned
|rule|Evasion Items Clause: Evasion items are banned
|rule|Evasion Moves Clause: Evasion moves are banned
|rule|Endless Battle Clause: Forcing endless battles is banned
|rule|HP Percentage Mod: HP is shown in percentages
|rule|Evasion Abilities Clause: Evasion abilities are banned
|rule|Same Type Clause: Pokémon in a team must share a type
|rule|Terastal Clause: You cannot Terastallize
|clearpoke
|poke|p1|Slither Wing|
|poke|p1|Cobalion|
|poke|p1|Keldeo|
|poke|p1|Scrafty, M|
|poke|p1|Okidogi, M|
|poke|p1|Breloom, F|
|poke|p2|Dragonite, M|
|poke|p2|Kyurem|
|poke|p2|Hydrapple, M|
|poke|p2|Hydreigon, F|
|poke|p2|Dragalge, F|
|poke|p2|Garchomp, M|
|teampreview
|inactive|Azure-Saffron also wants the timer to be on.
|c|☆bigpapa0of|Glhf
|j| mistchief
|c|☆Azure-Saffron|u2
|
|t:|1711942791
|start
|switch|p1a: Breloom|Breloom, F|100/100
|switch|p2a: Dragalge|Dragalge, F|100/100
|turn|1
|
|t:|1711942797
|move|p1a: Breloom|Spore|p2a: Dragalge
|-status|p2a: Dragalge|slp|[from] move: Spore
|cant|p2a: Dragalge|slp
|
|upkeep
|turn|2
|j| 2(sweet)
|
|t:|1711942806
|switch|p2a: Hydrapple|Hydrapple, M|100/100
|move|p1a: Breloom|Rock Tomb|p2a: Hydrapple
|-damage|p2a: Hydrapple|82/100
|-unboost|p2a: Hydrapple|spe|1
|
|upkeep
|turn|3
|j| swordmanjr.
|
|t:|1711942815
|switch|p1a: Okidogi|Okidogi, M|100/100
|move|p2a: Hydrapple|Dragon Tail|p1a: Okidogi
|-damage|p1a: Okidogi|88/100
|drag|p1a: Slither Wing|Slither Wing|100/100
|
|upkeep
|turn|4
|l| 2(sweet)
|j| endallbeallball
|inactive|Azure-Saffron has 120 seconds left.
|
|t:|1711942848
|switch|p2a: Garchomp|Garchomp, M|100/100
|move|p1a: Slither Wing|U-turn|p2a: Garchomp
|-damage|p2a: Garchomp|34/100
|-damage|p1a: Slither Wing|88/100|[from] ability: Rough Skin|[of] p2a: Garchomp
|-damage|p1a: Slither Wing|72/100|[from] item: Rocky Helmet|[of] p2a: Garchomp
|j|+mauby ♆
|
|t:|1711942860
|-end|p1a: Slither Wing|Protosynthesis|[silent]
|switch|p1a: Keldeo|Keldeo|100/100|[from] U-turn
|
|upkeep
|turn|5
|
|t:|1711942865
|move|p1a: Keldeo|Surf|p2a: Garchomp
|-crit|p2a: Garchomp
|-damage|p2a: Garchomp|0 fnt
|faint|p2a: Garchomp
|
|upkeep
|
|t:|1711942868
|switch|p2a: Hydrapple|Hydrapple, M|100/100
|turn|6
|
|t:|1711942875
|switch|p1a: Okidogi|Okidogi, M|88/100
|move|p2a: Hydrapple|Fickle Beam|p1a: Okidogi|[anim] Fickle Beam All Out
|-activate|p2a: Hydrapple|move: Fickle Beam
|-damage|p1a: Okidogi|33/100
|
|upkeep
|turn|7
|
|t:|1711942878
|move|p1a: Okidogi|Ice Punch|p2a: Hydrapple
|-supereffective|p2a: Hydrapple
|-damage|p2a: Hydrapple|43/100
|move|p2a: Hydrapple|Earth Power|p1a: Okidogi
|-supereffective|p1a: Okidogi
|-damage|p1a: Okidogi|0 fnt
|faint|p1a: Okidogi
|
|upkeep
|
|t:|1711942881
|switch|p1a: Slither Wing|Slither Wing|72/100
|turn|8
|l| swordmanjr.
|
|t:|1711942897
|switch|p2a: Dragalge|Dragalge, F|100/100 slp
|move|p1a: Slither Wing|U-turn|p2a: Dragalge
|-resisted|p2a: Dragalge
|-damage|p2a: Dragalge|65/100 slp
|
|t:|1711942901
|-end|p1a: Slither Wing|Protosynthesis|[silent]
|switch|p1a: Keldeo|Keldeo|100/100|[from] U-turn
|
|-heal|p2a: Dragalge|71/100 slp|[from] item: Black Sludge
|upkeep
|turn|9
|
|t:|1711942906
|move|p1a: Keldeo|Calm Mind|p1a: Keldeo
|-boost|p1a: Keldeo|spa|1
|-boost|p1a: Keldeo|spd|1
|cant|p2a: Dragalge|slp
|
|-heal|p2a: Dragalge|77/100 slp|[from] item: Black Sludge
|upkeep
|turn|10
|
|t:|1711942909
|move|p1a: Keldeo|Calm Mind|p1a: Keldeo
|-boost|p1a: Keldeo|spa|1
|-boost|p1a: Keldeo|spd|1
|-curestatus|p2a: Dragalge|slp|[msg]
|move|p2a: Dragalge|Toxic Spikes|p1a: Keldeo
|-sidestart|p1: bigpapa0of|move: Toxic Spikes
|
|-heal|p2a: Dragalge|83/100|[from] item: Black Sludge
|upkeep
|turn|11
|
|t:|1711942912
|move|p1a: Keldeo|Substitute|p1a: Keldeo
|-start|p1a: Keldeo|Substitute
|-damage|p1a: Keldeo|76/100
|move|p2a: Dragalge|Toxic Spikes|p1a: Keldeo
|-sidestart|p1: bigpapa0of|move: Toxic Spikes
|
|-heal|p1a: Keldeo|82/100|[from] item: Leftovers
|-heal|p2a: Dragalge|89/100|[from] item: Black Sludge
|upkeep
|turn|12
|
|t:|1711942915
|move|p1a: Keldeo|Calm Mind|p1a: Keldeo
|-boost|p1a: Keldeo|spa|1
|-boost|p1a: Keldeo|spd|1
|move|p2a: Dragalge|Flip Turn|p1a: Keldeo
|-resisted|p1a: Keldeo
|-activate|p1a: Keldeo|move: Substitute|[damage]
|
|t:|1711942924
|switch|p2a: Dragonite|Dragonite, M|100/100|[from] Flip Turn
|
|-heal|p1a: Keldeo|88/100|[from] item: Leftovers
|upkeep
|turn|13
|
|t:|1711942927
|move|p2a: Dragonite|Extreme Speed|p1a: Keldeo
|-end|p1a: Keldeo|Substitute
|move|p1a: Keldeo|Surf|p2a: Dragonite
|-resisted|p2a: Dragonite
|-damage|p2a: Dragonite|69/100
|
|-heal|p1a: Keldeo|94/100|[from] item: Leftovers
|upkeep
|turn|14
|
|t:|1711942936
|move|p1a: Keldeo|Surf|p2a: Dragonite
|-resisted|p2a: Dragonite
|-damage|p2a: Dragonite|11/100
|move|p2a: Dragonite|Dragon Dance|p2a: Dragonite
|-boost|p2a: Dragonite|atk|1
|-boost|p2a: Dragonite|spe|1
|
|-heal|p1a: Keldeo|100/100|[from] item: Leftovers
|upkeep
|turn|15
|
|t:|1711942943
|move|p1a: Keldeo|Vacuum Wave|p2a: Dragonite
|-resisted|p2a: Dragonite
|-damage|p2a: Dragonite|0 fnt
|faint|p2a: Dragonite
|
|upkeep
|
|t:|1711942951
|switch|p2a: Dragalge|Dragalge, F|89/100
|turn|16
|
|t:|1711942956
|move|p1a: Keldeo|Substitute|p1a: Keldeo
|-start|p1a: Keldeo|Substitute
|-damage|p1a: Keldeo|76/100
|move|p2a: Dragalge|Gunk Shot|p1a: Keldeo
|-end|p1a: Keldeo|Substitute
|
|-heal|p1a: Keldeo|82/100|[from] item: Leftovers
|-heal|p2a: Dragalge|95/100|[from] item: Black Sludge
|upkeep
|turn|17
|
|t:|1711942959
|move|p1a: Keldeo|Substitute|p1a: Keldeo
|-start|p1a: Keldeo|Substitute
|-damage|p1a: Keldeo|57/100
|move|p2a: Dragalge|Gunk Shot|p1a: Keldeo
|-end|p1a: Keldeo|Substitute
|
|-heal|p1a: Keldeo|63/100|[from] item: Leftovers
|-heal|p2a: Dragalge|100/100|[from] item: Black Sludge
|upkeep
|turn|18
|
|t:|1711942961
|move|p1a: Keldeo|Substitute|p1a: Keldeo
|-start|p1a: Keldeo|Substitute
|-damage|p1a: Keldeo|39/100
|move|p2a: Dragalge|Gunk Shot|p1a: Keldeo
|-end|p1a: Keldeo|Substitute
|
|-heal|p1a: Keldeo|45/100|[from] item: Leftovers
|upkeep
|turn|19
|
|t:|1711942964
|move|p1a: Keldeo|Substitute|p1a: Keldeo
|-start|p1a: Keldeo|Substitute
|-damage|p1a: Keldeo|20/100
|move|p2a: Dragalge|Gunk Shot|p1a: Keldeo|[miss]
|-miss|p2a: Dragalge|p1a: Keldeo
|
|-heal|p1a: Keldeo|26/100|[from] item: Leftovers
|upkeep
|turn|20
|
|t:|1711942967
|move|p1a: Keldeo|Surf|p2a: Dragalge
|-resisted|p2a: Dragalge
|-damage|p2a: Dragalge|61/100
|move|p2a: Dragalge|Gunk Shot|p1a: Keldeo
|-end|p1a: Keldeo|Substitute
|
|-heal|p1a: Keldeo|32/100|[from] item: Leftovers
|-heal|p2a: Dragalge|67/100|[from] item: Black Sludge
|upkeep
|turn|21
|
|t:|1711942971
|move|p1a: Keldeo|Surf|p2a: Dragalge
|-resisted|p2a: Dragalge
|-damage|p2a: Dragalge|28/100
|move|p2a: Dragalge|Gunk Shot|p1a: Keldeo
|-damage|p1a: Keldeo|0 fnt
|faint|p1a: Keldeo
|
|-heal|p2a: Dragalge|34/100|[from] item: Black Sludge
|upkeep
|
|t:|1711942982
|switch|p1a: Slither Wing|Slither Wing|72/100
|-status|p1a: Slither Wing|tox
|turn|22
|
|t:|1711942987
|move|p2a: Dragalge|Protect|p2a: Dragalge
|-singleturn|p2a: Dragalge|Protect
|move|p1a: Slither Wing|Close Combat|p2a: Dragalge
|-activate|p2a: Dragalge|move: Protect
|
|-heal|p2a: Dragalge|40/100|[from] item: Black Sludge
|-damage|p1a: Slither Wing|66/100 tox|[from] psn
|upkeep
|turn|23
|
|t:|1711942992
|move|p2a: Dragalge|Protect|p2a: Dragalge
|-singleturn|p2a: Dragalge|Protect
|move|p1a: Slither Wing|Close Combat|p2a: Dragalge
|-activate|p2a: Dragalge|move: Protect
|
|-heal|p2a: Dragalge|46/100|[from] item: Black Sludge
|-damage|p1a: Slither Wing|54/100 tox|[from] psn
|upkeep
|turn|24
|
|t:|1711943002
|move|p1a: Slither Wing|Close Combat|p2a: Dragalge
|-resisted|p2a: Dragalge
|-damage|p2a: Dragalge|0 fnt
|-unboost|p1a: Slither Wing|def|1
|-unboost|p1a: Slither Wing|spd|1
|faint|p2a: Dragalge
|
|-damage|p1a: Slither Wing|35/100 tox|[from] psn
|upkeep
|
|t:|1711943006
|switch|p2a: Hydreigon|Hydreigon, F|100/100
|turn|25
|
|t:|1711943019
|-end|p1a: Slither Wing|Protosynthesis|[silent]
|switch|p1a: Scrafty|Scrafty, M|100/100
|-status|p1a: Scrafty|tox
|move|p2a: Hydreigon|Earth Power|p1a: Scrafty
|-damage|p1a: Scrafty|79/100 tox
|
|-heal|p1a: Scrafty|85/100 tox|[from] item: Leftovers
|-damage|p1a: Scrafty|79/100 tox|[from] psn
|upkeep
|turn|26
|
|t:|1711943025
|switch|p2a: Hydrapple|Hydrapple, M|76/100
|move|p1a: Scrafty|Knock Off|p2a: Hydrapple
|-damage|p2a: Hydrapple|56/100
|-enditem|p2a: Hydrapple|Assault Vest|[from] move: Knock Off|[of] p1a: Scrafty
|
|-heal|p1a: Scrafty|85/100 tox|[from] item: Leftovers
|-damage|p1a: Scrafty|73/100 tox|[from] psn
|upkeep
|turn|27
|
|t:|1711943031
|move|p1a: Scrafty|Bulk Up|p1a: Scrafty
|-boost|p1a: Scrafty|atk|1
|-boost|p1a: Scrafty|def|1
|move|p2a: Hydrapple|Dragon Tail|p1a: Scrafty|[miss]
|-miss|p2a: Hydrapple|p1a: Scrafty
|
|-heal|p1a: Scrafty|79/100 tox|[from] item: Leftovers
|-damage|p1a: Scrafty|61/100 tox|[from] psn
|upkeep
|turn|28
|
|t:|1711943035
|move|p1a: Scrafty|Drain Punch|p2a: Hydrapple
|-damage|p2a: Hydrapple|32/100
|-heal|p1a: Scrafty|76/100 tox|[from] drain|[of] p2a: Hydrapple
|move|p2a: Hydrapple|Dragon Tail|p1a: Scrafty
|-damage|p1a: Scrafty|66/100 tox
|drag|p1a: Slither Wing|Slither Wing|35/100 tox
|
|-damage|p1a: Slither Wing|29/100 tox|[from] psn
|upkeep
|turn|29
|
|t:|1711943038
|switch|p2a: Kyurem|Kyurem|100/100
|-ability|p2a: Kyurem|Pressure
|move|p1a: Slither Wing|U-turn|p2a: Kyurem
|-damage|p2a: Kyurem|38/100
|
|t:|1711943041
|-end|p1a: Slither Wing|Protosynthesis|[silent]
|switch|p1a: Cobalion|Cobalion|100/100|[from] U-turn
|
|upkeep
|turn|30
|
|t:|1711943044
|move|p1a: Cobalion|Flash Cannon|p2a: Kyurem
|-supereffective|p2a: Kyurem
|-damage|p2a: Kyurem|0 fnt
|faint|p2a: Kyurem
|
|upkeep
|
|t:|1711943046
|switch|p2a: Hydrapple|Hydrapple, M|65/100
|turn|31
|
|t:|1711943050
|switch|p1a: Scrafty|Scrafty, M|66/100 tox
|move|p2a: Hydrapple|Earth Power|p1a: Scrafty
|-damage|p1a: Scrafty|47/100 tox
|
|-heal|p1a: Scrafty|53/100 tox|[from] item: Leftovers
|-damage|p1a: Scrafty|47/100 tox|[from] psn
|upkeep
|turn|32
|
|t:|1711943052
|move|p1a: Scrafty|Rest|p1a: Scrafty
|-status|p1a: Scrafty|slp|[from] move: Rest
|-heal|p1a: Scrafty|100/100 slp|[silent]
|move|p2a: Hydrapple|Dragon Tail|p1a: Scrafty
|-damage|p1a: Scrafty|87/100 slp
|drag|p1a: Cobalion|Cobalion|100/100
|
|upkeep
|turn|33
|
|t:|1711943056
|move|p1a: Cobalion|Volt Switch|p2a: Hydrapple
|-resisted|p2a: Hydrapple
|-damage|p2a: Hydrapple|60/100
|
|t:|1711943059
|switch|p1a: Scrafty|Scrafty, M|87/100 slp|[from] Volt Switch
|move|p2a: Hydrapple|Earth Power|p1a: Scrafty
|-damage|p1a: Scrafty|68/100 slp
|
|-heal|p1a: Scrafty|74/100 slp|[from] item: Leftovers
|upkeep
|turn|34
|
|t:|1711943064
|cant|p1a: Scrafty|slp
|move|p2a: Hydrapple|Dragon Tail|p1a: Scrafty
|-damage|p1a: Scrafty|60/100 slp
|drag|p1a: Slither Wing|Slither Wing|29/100 tox
|
|-damage|p1a: Slither Wing|23/100 tox|[from] psn
|upkeep
|turn|35
|
|t:|1711943068
|move|p1a: Slither Wing|U-turn|p2a: Hydrapple
|-supereffective|p2a: Hydrapple
|-damage|p2a: Hydrapple|0 fnt
|faint|p2a: Hydrapple
|
|t:|1711943072
|-end|p1a: Slither Wing|Protosynthesis|[silent]
|switch|p1a: Cobalion|Cobalion|100/100|[from] U-turn
|
|upkeep
|
|t:|1711943073
|switch|p2a: Hydreigon|Hydreigon, F|100/100
|turn|36
|c|☆bigpapa0of|Gg
|c|☆Azure-Saffron|gg
|-message|Azure-Saffron forfeited.
|
|win|bigpapa0of
|n|☆bigpapa0of|bigpapa0of
|n|☆Azure-Saffron|azuresaffron
|n| mistchief|mistchief
|n| endallbeallball|endallbeallball
|n| mauby ♆|mauby
|l|☆Azure-Saffron
|player|p2|
|l| mistchief
