|j|☆megalord.exe
|j|☆oreobeam
|t:|1711943627
|gametype|singles
|player|p1|megalord.exe|wally-masters|1320
|player|p2|oreobeam|janitor-gen9|1291
|teamsize|p1|6
|teamsize|p2|6
|gen|9
|tier|[Gen 9] Monotype
|rated|
|rule|Sleep Clause Mod: Limit one foe put to sleep
|rule|Species Clause: Limit one of each Pokémon
|rule|OHKO Clause: OHKO moves are banned
|rule|Evasion Items Clause: Evasion items are banned
|rule|Evasion Moves Clause: Evasion moves are banned
|rule|Endless Battle Clause: Forcing endless battles is banned
|rule|HP Percentage Mod: HP is shown in percentages
|rule|Evasion Abilities Clause: Evasion abilities are banned
|rule|Same Type Clause: Pokémon in a team must share a type
|rule|Terastal Clause: You cannot Terastallize
|clearpoke
|poke|p1|Great Tusk|
|poke|p1|Iron Valiant|
|poke|p1|Sneasler, F|
|poke|p1|Zamazenta-*|
|poke|p1|Iron Hands|
|poke|p1|Urshifu-*, F|
|poke|p2|Quagsire, F|
|poke|p2|Clodsire, M|
|poke|p2|Ursaluna-Bloodmoon, M|
|poke|p2|Landorus, M|
|poke|p2|Iron Treads|
|poke|p2|Great Tusk|
|teampreview
|inactive|Battle timer is ON: inactive players will automatically lose when time's up. (requested by oreobeam)
|inactive|megalord.exe also wants the timer to be on.
|inactive|oreobeam has 120 seconds left.
|
|t:|1711943663
|start
|switch|p1a: Sneasler|Sneasler, F|100/100
|switch|p2a: Landorus|Landorus, M|100/100
|turn|1
|
|t:|1711943672
|move|p1a: Sneasler|U-turn|p2a: Landorus
|-resisted|p2a: Landorus
|-damage|p2a: Landorus|87/100
|
|t:|1711943675
|switch|p1a: Iron Hands|Iron Hands|100/100|[from] U-turn
|move|p2a: Landorus|Earth Power|p1a: Iron Hands
|-supereffective|p1a: Iron Hands
|-damage|p1a: Iron Hands|39/100
|
|upkeep
|turn|2
|
|t:|1711943681
|move|p2a: Landorus|Earth Power|p1a: Iron Hands
|-supereffective|p1a: Iron Hands
|-damage|p1a: Iron Hands|0 fnt
|faint|p1a: Iron Hands
|-end|p1a: Iron Hands|Quark Drive|[silent]
|
|upkeep
|inactive|megalord.exe has 120 seconds left.
|
|t:|1711943723
|switch|p1a: Iron Valiant|Iron Valiant|100/100
|turn|3
|
|t:|1711943737
|switch|p2a: Clodsire|Clodsire, M|100/100
|move|p1a: Iron Valiant|Moonblast|p2a: Clodsire
|-resisted|p2a: Clodsire
|-damage|p2a: Clodsire|86/100
|
|upkeep
|turn|4
|
|t:|1711943743
|move|p1a: Iron Valiant|Knock Off|p2a: Clodsire
|-damage|p2a: Clodsire|61/100
|-enditem|p2a: Clodsire|Heavy-Duty Boots|[from] move: Knock Off|[of] p1a: Iron Valiant
|move|p2a: Clodsire|Toxic|p1a: Iron Valiant
|-status|p1a: Iron Valiant|tox
|
|-damage|p1a: Iron Valiant|94/100 tox|[from] psn
|upkeep
|turn|5
|inactive|megalord.exe has 120 seconds left.
|
|t:|1711943772
|move|p1a: Iron Valiant|Close Combat|p2a: Clodsire
|-resisted|p2a: Clodsire
|-damage|p2a: Clodsire|39/100
|-unboost|p1a: Iron Valiant|def|1
|-unboost|p1a: Iron Valiant|spd|1
|move|p2a: Clodsire|Recover|p2a: Clodsire
|-heal|p2a: Clodsire|89/100
|
|-damage|p1a: Iron Valiant|82/100 tox|[from] psn
|upkeep
|turn|6
|
|t:|1711943782
|-end|p1a: Iron Valiant|Quark Drive|[silent]
|switch|p1a: Zamazenta|Zamazenta|100/100
|-ability|p1a: Zamazenta|Dauntless Shield|boost
|-boost|p1a: Zamazenta|def|1
|move|p2a: Clodsire|Spikes|p1a: Zamazenta
|-sidestart|p1: megalord.exe|Spikes
|
|upkeep
|turn|7
|
|t:|1711943788
|move|p1a: Zamazenta|Substitute|p1a: Zamazenta
|-start|p1a: Zamazenta|Substitute
|-damage|p1a: Zamazenta|75/100
|move|p2a: Clodsire|Toxic||[still]
|-fail|p2a: Clodsire
|
|-heal|p1a: Zamazenta|82/100|[from] item: Leftovers
|upkeep
|turn|8
|
|t:|1711943798
|switch|p2a: Quagsire|Quagsire, F|100/100
|move|p1a: Zamazenta|Iron Defense|p1a: Zamazenta
|-boost|p1a: Zamazenta|def|2
|
|-heal|p1a: Zamazenta|88/100|[from] item: Leftovers
|upkeep
|turn|9
|
|t:|1711943809
|move|p1a: Zamazenta|Body Press|p2a: Quagsire
|-damage|p2a: Quagsire|78/100
|move|p2a: Quagsire|Stealth Rock|p1a: Zamazenta
|-sidestart|p1: megalord.exe|move: Stealth Rock
|
|-heal|p1a: Zamazenta|94/100|[from] item: Leftovers
|-heal|p2a: Quagsire|84/100|[from] item: Leftovers
|upkeep
|turn|10
|
|t:|1711943825
|switch|p1a: Great Tusk|Great Tusk|100/100
|move|p2a: Quagsire|Body Press|p1a: Great Tusk
|-damage|p1a: Great Tusk|90/100
|
|-heal|p2a: Quagsire|90/100|[from] item: Leftovers
|upkeep
|turn|11
|
|t:|1711943836
|move|p1a: Great Tusk|Rapid Spin|p2a: Quagsire
|-damage|p2a: Quagsire|81/100
|-boost|p1a: Great Tusk|spe|1
|-sideend|p1: megalord.exe|Spikes|[from] move: Rapid Spin|[of] p1a: Great Tusk
|-sideend|p1: megalord.exe|Stealth Rock|[from] move: Rapid Spin|[of] p1a: Great Tusk
|move|p2a: Quagsire|Toxic|p1a: Great Tusk
|-status|p1a: Great Tusk|tox
|
|-heal|p2a: Quagsire|87/100|[from] item: Leftovers
|-damage|p1a: Great Tusk|84/100 tox|[from] psn
|upkeep
|turn|12
|
|t:|1711943849
|move|p1a: Great Tusk|Stealth Rock|p2a: Quagsire
|-sidestart|p2: oreobeam|move: Stealth Rock
|move|p2a: Quagsire|Body Press|p1a: Great Tusk
|-crit|p1a: Great Tusk
|-damage|p1a: Great Tusk|67/100 tox
|
|-heal|p2a: Quagsire|93/100|[from] item: Leftovers
|-damage|p1a: Great Tusk|55/100 tox|[from] psn
|upkeep
|turn|13
|
|t:|1711943857
|-end|p1a: Great Tusk|Protosynthesis|[silent]
|switch|p1a: Sneasler|Sneasler, F|100/100
|move|p2a: Quagsire|Body Press|p1a: Sneasler
|-resisted|p1a: Sneasler
|-damage|p1a: Sneasler|83/100
|
|-heal|p2a: Quagsire|99/100|[from] item: Leftovers
|upkeep
|turn|14
|
|t:|1711943866
|move|p1a: Sneasler|Dire Claw|p2a: Quagsire
|-resisted|p2a: Quagsire
|-damage|p2a: Quagsire|86/100
|-status|p2a: Quagsire|slp
|cant|p2a: Quagsire|slp
|
|-heal|p2a: Quagsire|92/100 slp|[from] item: Leftovers
|upkeep
|turn|15
|c|☆megalord.exe|rng help me
|c|☆megalord.exe|LETS GOO
|
|t:|1711943881
|switch|p1a: Iron Valiant|Iron Valiant|82/100 tox
|cant|p2a: Quagsire|slp
|
|-heal|p2a: Quagsire|98/100 slp|[from] item: Leftovers
|-damage|p1a: Iron Valiant|76/100 tox|[from] psn
|upkeep
|turn|16
|
|t:|1711943892
|move|p1a: Iron Valiant|Moonblast|p2a: Quagsire
|-crit|p2a: Quagsire
|-damage|p2a: Quagsire|5/100 slp
|-unboost|p2a: Quagsire|spa|1
|cant|p2a: Quagsire|slp
|
|-heal|p2a: Quagsire|11/100 slp|[from] item: Leftovers
|-damage|p1a: Iron Valiant|63/100 tox|[from] psn
|upkeep
|turn|17
|
|t:|1711943905
|switch|p2a: Clodsire|Clodsire, M|89/100
|-damage|p2a: Clodsire|83/100|[from] Stealth Rock
|move|p1a: Iron Valiant|Knock Off|p2a: Clodsire
|-damage|p2a: Clodsire|65/100
|
|-damage|p1a: Iron Valiant|44/100 tox|[from] psn
|upkeep
|turn|18
|
|t:|1711943915
|-end|p1a: Iron Valiant|Quark Drive|[silent]
|switch|p1a: Great Tusk|Great Tusk|55/100 tox
|move|p2a: Clodsire|Spikes|p1a: Great Tusk
|-sidestart|p1: megalord.exe|Spikes
|
|-damage|p1a: Great Tusk|49/100 tox|[from] psn
|upkeep
|turn|19
|
|t:|1711943922
|move|p1a: Great Tusk|Rapid Spin|p2a: Clodsire
|-damage|p2a: Clodsire|51/100
|-boost|p1a: Great Tusk|spe|1
|-sideend|p1: megalord.exe|Spikes|[from] move: Rapid Spin|[of] p1a: Great Tusk
|move|p2a: Clodsire|Earthquake|p1a: Great Tusk
|-damage|p1a: Great Tusk|37/100 tox
|
|-damage|p1a: Great Tusk|24/100 tox|[from] psn
|upkeep
|turn|20
|
|t:|1711943930
|move|p1a: Great Tusk|Earthquake|p2a: Clodsire
|-supereffective|p2a: Clodsire
|-damage|p2a: Clodsire|0 fnt
|faint|p2a: Clodsire
|
|-damage|p1a: Great Tusk|6/100 tox|[from] psn
|upkeep
|
|t:|1711943941
|switch|p2a: Ursaluna|Ursaluna-Bloodmoon, M|100/100
|-damage|p2a: Ursaluna|94/100|[from] Stealth Rock
|turn|21
|
|t:|1711943945
|move|p2a: Ursaluna|Vacuum Wave|p1a: Great Tusk
|-damage|p1a: Great Tusk|0 fnt
|faint|p1a: Great Tusk
|-end|p1a: Great Tusk|Protosynthesis|[silent]
|
|upkeep
|
|t:|1711943948
|switch|p1a: Sneasler|Sneasler, F|83/100
|turn|22
|
|t:|1711943956
|switch|p2a: Quagsire|Quagsire, F|11/100 slp
|-damage|p2a: Quagsire|5/100 slp|[from] Stealth Rock
|move|p1a: Sneasler|Close Combat|p2a: Quagsire
|-damage|p2a: Quagsire|0 fnt
|-unboost|p1a: Sneasler|def|1
|-unboost|p1a: Sneasler|spd|1
|faint|p2a: Quagsire
|
|upkeep
|
|t:|1711943967
|switch|p2a: Iron Treads|Iron Treads|100/100
|-damage|p2a: Iron Treads|97/100|[from] Stealth Rock
|turn|23
|
|t:|1711943975
|move|p1a: Sneasler|Close Combat|p2a: Iron Treads
|-supereffective|p2a: Iron Treads
|-crit|p2a: Iron Treads
|-damage|p2a: Iron Treads|0 fnt
|-unboost|p1a: Sneasler|def|1
|-unboost|p1a: Sneasler|spd|1
|faint|p2a: Iron Treads
|-end|p2a: Iron Treads|Quark Drive|[silent]
|
|upkeep
|
|t:|1711943982
|switch|p2a: Landorus|Landorus, M|87/100
|-damage|p2a: Landorus|75/100|[from] Stealth Rock
|turn|24
|
|t:|1711943986
|move|p1a: Sneasler|Close Combat|p2a: Landorus
|-resisted|p2a: Landorus
|-damage|p2a: Landorus|40/100
|-unboost|p1a: Sneasler|def|1
|-unboost|p1a: Sneasler|spd|1
|-status|p2a: Landorus|psn|[from] ability: Poison Touch|[of] p1a: Sneasler
|move|p2a: Landorus|Earth Power|p1a: Sneasler
|-supereffective|p1a: Sneasler
|-damage|p1a: Sneasler|0 fnt
|faint|p1a: Sneasler
|
|-damage|p2a: Landorus|28/100 psn|[from] psn
|upkeep
|
|t:|1711944004
|switch|p1a: Iron Valiant|Iron Valiant|44/100 tox
|turn|25
|inactive|megalord.exe has 120 seconds left.
|
|t:|1711944036
|move|p1a: Iron Valiant|Moonblast|p2a: Landorus
|-damage|p2a: Landorus|0 fnt
|faint|p2a: Landorus
|
|-damage|p1a: Iron Valiant|38/100 tox|[from] psn
|upkeep
|
|t:|1711944049
|switch|p2a: Ursaluna|Ursaluna-Bloodmoon, M|94/100
|-damage|p2a: Ursaluna|88/100|[from] Stealth Rock
|turn|26
|
|t:|1711944055
|move|p1a: Iron Valiant|Close Combat|p2a: Ursaluna
|-supereffective|p2a: Ursaluna
|-damage|p2a: Ursaluna|1/100
|-unboost|p1a: Iron Valiant|def|1
|-unboost|p1a: Iron Valiant|spd|1
|move|p2a: Ursaluna|Earth Power|p1a: Iron Valiant
|-damage|p1a: Iron Valiant|0 fnt
|faint|p1a: Iron Valiant
|-end|p1a: Iron Valiant|Quark Drive|[silent]
|
|upkeep
|
|t:|1711944059
|switch|p1a: Urshifu|Urshifu-Rapid-Strike, F|100/100
|turn|27
|
|t:|1711944066
|switch|p2a: Great Tusk|Great Tusk|100/100
|-damage|p2a: Great Tusk|98/100|[from] Stealth Rock
|move|p1a: Urshifu|Aqua Jet|p2a: Great Tusk
|-supereffective|p2a: Great Tusk
|-damage|p2a: Great Tusk|67/100
|
|-heal|p2a: Great Tusk|73/100|[from] item: Leftovers
|upkeep
|turn|28
|
|t:|1711944074
|move|p1a: Urshifu|Surging Strikes|p2a: Great Tusk
|-supereffective|p2a: Great Tusk
|-crit|p2a: Great Tusk
|-damage|p2a: Great Tusk|44/100
|-supereffective|p2a: Great Tusk
|-crit|p2a: Great Tusk
|-damage|p2a: Great Tusk|12/100
|-supereffective|p2a: Great Tusk
|-crit|p2a: Great Tusk
|-damage|p2a: Great Tusk|0 fnt
|faint|p2a: Great Tusk
|-end|p2a: Great Tusk|Protosynthesis|[silent]
|-hitcount|p2: Great Tusk|3
|
|upkeep
|c|☆megalord.exe|gg
|
|t:|1711944086
|switch|p2a: Ursaluna|Ursaluna-Bloodmoon, M|1/100
|-damage|p2a: Ursaluna|0 fnt|[from] Stealth Rock
|faint|p2a: Ursaluna
|
|win|megalord.exe
|raw|megalord.exe's rating: 1320 &rarr; <strong>1338</strong><br />(+18 for winning)
|raw|oreobeam's rating: 1291 &rarr; <strong>1268</strong><br />(-23 for losing)
|c|☆oreobeam|gg
|l|☆oreobeam
|player|p2|
