|j|☆Revival_mist
|j|☆2(sweet)
|t:|1711944298
|gametype|singles
|player|p1|Revival_mist|benga|1194
|player|p2|2(sweet)|whitney|1244
|teamsize|p1|6
|teamsize|p2|6
|gen|9
|tier|[Gen 9] Monotype
|rated|
|rule|Sleep Clause Mod: Limit one foe put to sleep
|rule|Species Clause: Limit one of each Pokémon
|rule|OHKO Clause: OHKO moves are banned
|rule|Evasion Items Clause: Evasion items are banned
|rule|Evasion Moves Clause: Evasion moves are banned
|rule|Endless Battle Clause: Forcing endless battles is banned
|rule|HP Percentage Mod: HP is shown in percentages
|rule|Evasion Abilities Clause: Evasion abilities are banned
|rule|Same Type Clause: Pokémon in a team must share a type
|rule|Terastal Clause: You cannot Terastallize
|clearpoke
|poke|p1|Corviknight, F|
|poke|p1|Articuno|
|poke|p1|Enamorus, F|
|poke|p1|Zapdos|
|poke|p1|Dragonite, F|
|poke|p1|Gliscor, M|
|poke|p2|Zamazenta-*|
|poke|p2|Quaquaval, M|
|poke|p2|Iron Hands|
|poke|p2|Terrakion|
|poke|p2|Great Tusk|
|poke|p2|Gallade, M|
|teampreview
|
|t:|1711944307
|start
|switch|p1a: Gliscor|Gliscor, M|100/100
|switch|p2a: Terrakion|Terrakion|100/100
|turn|1
|
|t:|1711944321
|move|p1a: Gliscor|Protect|p1a: Gliscor
|-singleturn|p1a: Gliscor|Protect
|move|p2a: Terrakion|Taunt|p1a: Gliscor
|-activate|p1a: Gliscor|move: Protect
|
|-status|p1a: Gliscor|tox|[from] item: Toxic Orb
|upkeep
|turn|2
|
|t:|1711944334
|switch|p2a: Gallade|Gallade, M|100/100
|move|p1a: Gliscor|Earthquake|p2a: Gallade
|-damage|p2a: Gallade|44/100
|
|upkeep
|turn|3
|
|t:|1711944340
|move|p2a: Gallade|Psycho Cut|p1a: Gliscor
|-damage|p1a: Gliscor|49/100 tox
|-damage|p2a: Gallade|35/100|[from] item: Life Orb
|move|p1a: Gliscor|Earthquake|p2a: Gallade
|-damage|p2a: Gallade|0 fnt
|faint|p2a: Gallade
|
|-heal|p1a: Gliscor|62/100 tox|[from] ability: Poison Heal
|upkeep
|
|t:|1711944343
|switch|p2a: Quaquaval|Quaquaval, M|100/100
|turn|4
|
|t:|1711944351
|switch|p1a: Enamorus|Enamorus, F|100/100
|move|p2a: Quaquaval|Aqua Step|p1a: Enamorus
|-damage|p1a: Enamorus|23/100
|-boost|p2a: Quaquaval|spe|1
|-damage|p2a: Quaquaval|91/100|[from] item: Life Orb
|
|upkeep
|turn|5
|
|t:|1711944356
|move|p2a: Quaquaval|Aqua Jet|p1a: Enamorus
|-damage|p1a: Enamorus|0 fnt
|faint|p1a: Enamorus
|-ability|p2a: Quaquaval|Moxie|boost
|-boost|p2a: Quaquaval|atk|1
|-damage|p2a: Quaquaval|81/100|[from] item: Life Orb
|
|upkeep
|
|t:|1711944362
|switch|p1a: Zapdos|Zapdos|100/100
|-ability|p1a: Zapdos|Pressure
|turn|6
|
|t:|1711944368
|switch|p2a: Iron Hands|Iron Hands|100/100
|move|p1a: Zapdos|Discharge|p2a: Iron Hands
|-resisted|p2a: Iron Hands
|-damage|p2a: Iron Hands|94/100
|
|upkeep
|turn|7
|
|t:|1711944373
|move|p1a: Zapdos|Substitute|p1a: Zapdos
|-start|p1a: Zapdos|Substitute
|-damage|p1a: Zapdos|76/100
|move|p2a: Iron Hands|Ice Punch|p1a: Zapdos
|-supereffective|p1a: Zapdos
|-end|p1a: Zapdos|Substitute
|
|-heal|p1a: Zapdos|82/100|[from] item: Leftovers
|upkeep
|turn|8
|
|t:|1711944378
|switch|p1a: Articuno|Articuno|100/100
|-ability|p1a: Articuno|Pressure
|move|p2a: Iron Hands|Ice Punch|p1a: Articuno
|-damage|p1a: Articuno|79/100
|
|upkeep
|turn|9
|
|t:|1711944382
|move|p1a: Articuno|Substitute|p1a: Articuno
|-start|p1a: Articuno|Substitute
|-damage|p1a: Articuno|55/100
|move|p2a: Iron Hands|Thunder Punch|p1a: Articuno
|-supereffective|p1a: Articuno
|-end|p1a: Articuno|Substitute
|
|upkeep
|turn|10
|
|t:|1711944386
|move|p1a: Articuno|Roost|p1a: Articuno
|-heal|p1a: Articuno|100/100
|-singleturn|p1a: Articuno|move: Roost
|move|p2a: Iron Hands|Thunder Punch|p1a: Articuno
|-damage|p1a: Articuno|67/100
|
|upkeep
|turn|11
|
|t:|1711944395
|switch|p1a: Gliscor|Gliscor, M|62/100 tox
|-end|p2a: Iron Hands|Quark Drive|[silent]
|switch|p2a: Terrakion|Terrakion|100/100
|
|-heal|p1a: Gliscor|74/100 tox|[from] ability: Poison Heal
|upkeep
|turn|12
|
|t:|1711944407
|switch|p2a: Quaquaval|Quaquaval, M|81/100
|move|p1a: Gliscor|Toxic|p2a: Quaquaval
|-status|p2a: Quaquaval|tox
|
|-damage|p2a: Quaquaval|75/100 tox|[from] psn
|-heal|p1a: Gliscor|87/100 tox|[from] ability: Poison Heal
|upkeep
|turn|13
|
|t:|1711944416
|move|p1a: Gliscor|Protect|p1a: Gliscor
|-singleturn|p1a: Gliscor|Protect
|move|p2a: Quaquaval|Aqua Step|p1a: Gliscor
|-activate|p1a: Gliscor|move: Protect
|
|-damage|p2a: Quaquaval|62/100 tox|[from] psn
|-heal|p1a: Gliscor|99/100 tox|[from] ability: Poison Heal
|upkeep
|turn|14
|
|t:|1711944434
|switch|p1a: Articuno|Articuno|67/100
|-ability|p1a: Articuno|Pressure
|move|p2a: Quaquaval|Aqua Step|p1a: Articuno
|-damage|p1a: Articuno|22/100
|-boost|p2a: Quaquaval|spe|1
|-damage|p2a: Quaquaval|52/100 tox|[from] item: Life Orb
|
|-damage|p2a: Quaquaval|34/100 tox|[from] psn
|upkeep
|turn|15
|
|t:|1711944451
|move|p2a: Quaquaval|Aqua Step|p1a: Articuno
|-damage|p1a: Articuno|0 fnt
|-boost|p2a: Quaquaval|spe|1
|faint|p1a: Articuno
|-ability|p2a: Quaquaval|Moxie|boost
|-boost|p2a: Quaquaval|atk|1
|-damage|p2a: Quaquaval|24/100 tox|[from] item: Life Orb
|
|-damage|p2a: Quaquaval|0 fnt|[from] psn
|faint|p2a: Quaquaval
|upkeep
|
|t:|1711944462
|switch|p2a: Iron Hands|Iron Hands|94/100
|switch|p1a: Dragonite|Dragonite, F|100/100
|turn|16
|
|t:|1711944469
|move|p1a: Dragonite|Dragon Dance|p1a: Dragonite
|-boost|p1a: Dragonite|atk|1
|-boost|p1a: Dragonite|spe|1
|move|p2a: Iron Hands|Ice Punch|p1a: Dragonite
|-supereffective|p1a: Dragonite
|-damage|p1a: Dragonite|53/100
|
|upkeep
|turn|17
|
|t:|1711944476
|move|p1a: Dragonite|Earthquake|p2a: Iron Hands
|-supereffective|p2a: Iron Hands
|-damage|p2a: Iron Hands|29/100
|move|p2a: Iron Hands|Ice Punch|p1a: Dragonite
|-supereffective|p1a: Dragonite
|-damage|p1a: Dragonite|0 fnt
|faint|p1a: Dragonite
|
|upkeep
|
|t:|1711944481
|switch|p1a: Gliscor|Gliscor, M|99/100 tox
|turn|18
|
|t:|1711944484
|move|p1a: Gliscor|Earthquake|p2a: Iron Hands
|-supereffective|p2a: Iron Hands
|-damage|p2a: Iron Hands|0 fnt
|faint|p2a: Iron Hands
|-end|p2a: Iron Hands|Quark Drive|[silent]
|
|-heal|p1a: Gliscor|100/100 tox|[from] ability: Poison Heal
|upkeep
|
|t:|1711944497
|switch|p2a: Zamazenta|Zamazenta|100/100
|-ability|p2a: Zamazenta|Dauntless Shield|boost
|-boost|p2a: Zamazenta|def|1
|turn|19
|
|t:|1711944502
|move|p1a: Gliscor|Protect|p1a: Gliscor
|-singleturn|p1a: Gliscor|Protect
|move|p2a: Zamazenta|Close Combat|p1a: Gliscor
|-activate|p1a: Gliscor|move: Protect
|
|upkeep
|turn|20
|
|t:|1711944505
|move|p2a: Zamazenta|Close Combat|p1a: Gliscor
|-resisted|p1a: Gliscor
|-crit|p1a: Gliscor
|-damage|p1a: Gliscor|43/100 tox
|-unboost|p2a: Zamazenta|def|1
|-unboost|p2a: Zamazenta|spd|1
|move|p1a: Gliscor|Toxic|p2a: Zamazenta
|-status|p2a: Zamazenta|tox
|
|-damage|p2a: Zamazenta|94/100 tox|[from] psn
|-heal|p1a: Gliscor|56/100 tox|[from] ability: Poison Heal
|upkeep
|turn|21
|
|t:|1711944515
|move|p1a: Gliscor|Protect|p1a: Gliscor
|-singleturn|p1a: Gliscor|Protect
|move|p2a: Zamazenta|Close Combat|p1a: Gliscor
|-activate|p1a: Gliscor|move: Protect
|
|-damage|p2a: Zamazenta|82/100 tox|[from] psn
|-heal|p1a: Gliscor|68/100 tox|[from] ability: Poison Heal
|upkeep
|turn|22
|-message|2(sweet) forfeited.
|
|win|Revival_mist
|raw|Revival_mist's rating: 1194 &rarr; <strong>1223</strong><br />(+29 for winning)
|raw|2(sweet)'s rating: 1244 &rarr; <strong>1215</strong><br />(-29 for losing)
|l|☆2(sweet)
|player|p2|
