|j|☆Team Bonir
|j|☆Sunbracers
|t:|1711936924
|gametype|singles
|player|p1|Team Bonir|acerola|
|player|p2|Sunbracers|hiker-gen4|
|teamsize|p1|6
|teamsize|p2|6
|gen|8
|tier|[Gen 8] OU
|rule|Sleep Clause Mod: Limit one foe put to sleep
|rule|Species Clause: Limit one of each Pokémon
|rule|OHKO Clause: OHKO moves are banned
|rule|Evasion Items Clause: Evasion items are banned
|rule|Evasion Moves Clause: Evasion moves are banned
|rule|Endless Battle Clause: Forcing endless battles is banned
|rule|HP Percentage Mod: HP is shown in percentages
|rule|Dynamax Clause: You cannot dynamax
|clearpoke
|poke|p1|Dragapult, M|
|poke|p1|Urshifu-*, M|
|poke|p1|Clefable, M|
|poke|p1|Corviknight, M|
|poke|p1|Weavile, M|
|poke|p1|Landorus-Therian, M|
|poke|p2|Blissey, F|
|poke|p2|Tornadus-Therian, M|
|poke|p2|Gastrodon, F|
|poke|p2|Clefable, M|
|poke|p2|Ferrothorn, M|
|poke|p2|Ditto|
|teampreview
|inactive|Battle timer is ON: inactive players will automatically lose when time's up. (requested by Team Bonir)
|inactive|Sunbracers also wants the timer to be on.
|c|☆Team Bonir|dude
|c|☆Sunbracers|what
|
|t:|1711936941
|start
|switch|p1a: Landorus|Landorus-Therian, M|100/100
|switch|p2a: Clefable|Clefable, M|100/100
|-ability|p1a: Landorus|Intimidate|boost
|-unboost|p2a: Clefable|atk|1
|turn|1
|
|t:|1711936945
|move|p1a: Landorus|Stealth Rock|p2a: Clefable
|-sidestart|p2: Sunbracers|move: Stealth Rock
|move|p2a: Clefable|Stealth Rock|p1a: Landorus
|-sidestart|p1: Team Bonir|move: Stealth Rock
|
|upkeep
|turn|2
|c|☆Sunbracers|GOOD TURN
|
|t:|1711936954
|move|p1a: Landorus|U-turn|p2a: Clefable
|-resisted|p2a: Clefable
|-damage|p2a: Clefable|92/100
|-damage|p1a: Landorus|84/100|[from] item: Rocky Helmet|[of] p2a: Clefable
|c|☆Team Bonir|HELMET CLEF
|c|☆Team Bonir|DIE
|
|t:|1711936964
|switch|p1a: Clefable|Clefable, M|100/100|[from] U-turn
|move|p2a: Clefable|Knock Off|p1a: Clefable
|-resisted|p1a: Clefable
|-damage|p1a: Clefable|96/100
|-enditem|p1a: Clefable|Leftovers|[from] move: Knock Off|[of] p2a: Clefable
|
|upkeep
|turn|3
|c|☆Sunbracers|idk this team man i havent used it in forever
|c|☆Team Bonir|neither have i
|c|☆Team Bonir|but like
|c|☆Team Bonir|i love this team
|inactive|Sunbracers has 270 seconds left.
|
|t:|1711936996
|switch|p2a: Blissey|Blissey, F|100/100
|move|p1a: Clefable|Knock Off|p2a: Blissey
|-damage|p2a: Blissey|88/100
|-enditem|p2a: Blissey|Heavy-Duty Boots|[from] move: Knock Off|[of] p1a: Clefable
|
|upkeep
|turn|4
|c|☆Team Bonir|good turn
|inactive|Sunbracers has 270 seconds left.
|
|t:|1711937013
|switch|p1a: Corviknight|Corviknight, M|100/100
|-damage|p1a: Corviknight|88/100|[from] Stealth Rock
|-ability|p1a: Corviknight|Pressure
|move|p2a: Blissey|Thunder Wave|p1a: Corviknight
|-status|p1a: Corviknight|par
|
|upkeep
|turn|5
|inactive|Sunbracers has 270 seconds left.
|c|☆Team Bonir|i wanted to go lando
|c|☆Team Bonir|im ass
|c|☆Sunbracers|True...
|
|t:|1711937034
|switch|p2a: Ditto|Ditto, shiny|100/100
|-damage|p2a: Ditto|88/100|[from] Stealth Rock
|-transform|p2a: Ditto|p1a: Corviknight|[from] ability: Imposter
|-ability|p2a: Ditto|Pressure
|move|p1a: Corviknight|U-turn|p2a: Ditto
|-resisted|p2a: Ditto
|-damage|p2a: Ditto|85/100
|
|t:|1711937040
|switch|p1a: Dragapult|Dragapult, M|100/100|[from] U-turn
|-damage|p1a: Dragapult|88/100|[from] Stealth Rock
|
|upkeep
|turn|6
|
|t:|1711937047
|move|p1a: Dragapult|U-turn|p2a: Ditto
|-resisted|p2a: Ditto
|-damage|p2a: Ditto|82/100
|c|☆Team Bonir|Ok Bro
|c|☆Sunbracers|is that fucking scarf pult
|c|☆Sunbracers|wait
|c|☆Team Bonir|bro
|c|☆Team Bonir|youre just slow as balls
|
|t:|1711937064
|switch|p1a: Clefable|Clefable, M|96/100|[from] U-turn
|move|p2a: Ditto|U-turn|p1a: Clefable
|-resisted|p1a: Clefable
|-damage|p1a: Clefable|90/100
|c|☆Sunbracers|wait no pult just outspeeds scarf corv my bad
|inactive|Sunbracers has 270 seconds left.
|
|t:|1711937079
|switch|p2a: Blissey|Blissey, F|88/100|[from] U-turn
|-damage|p2a: Blissey|75/100|[from] Stealth Rock
|
|upkeep
|turn|7
|inactive|Sunbracers has 270 seconds left.
|c|☆Sunbracers|7 turns and nothing has happened bro
|inactive|Team Bonir has 270 seconds left.
|
|t:|1711937109
|switch|p1a: Corviknight|Corviknight, M|88/100 par
|-damage|p1a: Corviknight|75/100 par|[from] Stealth Rock
|-ability|p1a: Corviknight|Pressure
|move|p2a: Blissey|Teleport|p2a: Blissey
|c|☆Team Bonir|good turn
|inactive|Sunbracers has 270 seconds left.
|c|☆Team Bonir|how does your team beat paralyzed corv actually
|c|☆Sunbracers|thunder tornadus
|c|☆Team Bonir|:hes:
|inactive|Sunbracers has 240 seconds left.
|
|t:|1711937156
|switch|p2a: Ferrothorn|Ferrothorn, M|100/100|[from] Teleport
|-damage|p2a: Ferrothorn|94/100|[from] Stealth Rock
|
|-heal|p2a: Ferrothorn|100/100|[from] item: Leftovers
|upkeep
|turn|8
|
|t:|1711937163
|switch|p1a: Urshifu|Urshifu-Rapid-Strike, M|100/100
|-damage|p1a: Urshifu|94/100|[from] Stealth Rock
|move|p2a: Ferrothorn|Knock Off|p1a: Urshifu
|-resisted|p1a: Urshifu
|-damage|p1a: Urshifu|83/100
|-enditem|p1a: Urshifu|Choice Band|[from] move: Knock Off|[of] p2a: Ferrothorn
|
|upkeep
|turn|9
|inactive|Sunbracers has 240 seconds left.
|c|☆Sunbracers|get got fool
|
|t:|1711937174
|switch|p2a: Tornadus|Tornadus-Therian, M|100/100
|move|p1a: Urshifu|Close Combat|p2a: Tornadus
|-resisted|p2a: Tornadus
|-damage|p2a: Tornadus|71/100
|-unboost|p1a: Urshifu|def|1
|-unboost|p1a: Urshifu|spd|1
|
|upkeep
|turn|10
|c|☆Team Bonir|i really thought youd stay in on an aggro read
|c|☆Team Bonir|im ass
|inactive|Sunbracers has 240 seconds left.
|c|☆Sunbracers|what would i do to you man
|c|☆Team Bonir|just click uturn man
|
|t:|1711937194
|switch|p1a: Clefable|Clefable, M|90/100
|move|p2a: Tornadus|Defog|p1a: Clefable
|-unboost|p1a: Clefable|evasion|1
|-sideend|p1: Team Bonir|Stealth Rock|[from] move: Defog|[of] p2a: Tornadus
|-sideend|p2: Sunbracers|Stealth Rock|[from] move: Defog|[of] p2a: Tornadus
|
|upkeep
|turn|11
|c|☆Team Bonir|whip
|c|☆Team Bonir|or that
|inactive|Sunbracers has 240 seconds left.
|c|☆Sunbracers|i forgot ferro gets whip
|
|t:|1711937210
|move|p2a: Tornadus|U-turn|p1a: Clefable
|-resisted|p1a: Clefable
|-damage|p1a: Clefable|85/100
|c|☆Sunbracers|i forgot fairy resisted bug
|c|☆Team Bonir|riveting battle
|
|t:|1711937222
|switch|p2a: Blissey|Blissey, F|75/100|[from] U-turn
|move|p1a: Clefable|Stealth Rock|p2a: Blissey
|-sidestart|p2: Sunbracers|move: Stealth Rock
|
|upkeep
|turn|12
|
|t:|1711937230
|move|p1a: Clefable|Knock Off|p2a: Blissey
|-damage|p2a: Blissey|66/100
|move|p2a: Blissey|Seismic Toss|p1a: Clefable
|-damage|p1a: Clefable|59/100
|
|upkeep
|turn|13
|
|t:|1711937239
|switch|p1a: Corviknight|Corviknight, M|75/100 par
|-ability|p1a: Corviknight|Pressure
|move|p2a: Blissey|Soft-Boiled|p2a: Blissey
|-heal|p2a: Blissey|100/100
|
|upkeep
|turn|14
|inactive|Sunbracers has 240 seconds left.
|
|t:|1711937245
|switch|p2a: Ditto|Ditto, shiny|82/100
|-damage|p2a: Ditto|69/100|[from] Stealth Rock
|-transform|p2a: Ditto|p1a: Corviknight|[from] ability: Imposter
|-ability|p2a: Ditto|Pressure
|cant|p1a: Corviknight|par
|
|upkeep
|turn|15
|c|☆Team Bonir|dude
|c|☆Team Bonir|come on
|c|☆Sunbracers|u dont even have bpress
|inactive|Sunbracers has 240 seconds left.
|c|☆Team Bonir|yeah
|c|☆Sunbracers|ur horrible
|
|t:|1711937267
|move|p2a: Ditto|Roost|p2a: Ditto
|-heal|p2a: Ditto|100/100
|-singleturn|p2a: Ditto|move: Roost
|cant|p1a: Corviknight|par
|
|upkeep
|turn|16
|c|☆Team Bonir|dude
|c|☆Sunbracers|thanks man
|
|t:|1711937280
|switch|p2a: Ferrothorn|Ferrothorn, M|100/100
|-damage|p2a: Ferrothorn|94/100|[from] Stealth Rock
|move|p1a: Corviknight|U-turn|p2a: Ferrothorn
|-damage|p2a: Ferrothorn|86/100
|-damage|p1a: Corviknight|63/100 par|[from] ability: Iron Barbs|[of] p2a: Ferrothorn
|c|☆Team Bonir|Cool Bro
|
|t:|1711937285
|switch|p1a: Urshifu|Urshifu-Rapid-Strike, M|83/100|[from] U-turn
|
|-heal|p2a: Ferrothorn|92/100|[from] item: Leftovers
|upkeep
|turn|17
|inactive|Sunbracers has 240 seconds left.
|c|☆Sunbracers|i dont even have to KO ur corv wiht moves i just switch in ferro and clef 1000000 times and u run out of roosts and die
|c|☆Team Bonir|Dude
|inactive|Sunbracers has 210 seconds left.
|c|☆Team Bonir|i forgot how annoying stallbreaking in ss is
|
|t:|1711937336
|move|p1a: Urshifu|U-turn|p2a: Ferrothorn
|-damage|p2a: Ferrothorn|78/100
|-damage|p1a: Urshifu|71/100|[from] ability: Iron Barbs|[of] p2a: Ferrothorn
|c|☆Team Bonir|i have no balls
|c|☆Team Bonir|i wanted to cc so bad
|
|t:|1711937348
|switch|p1a: Clefable|Clefable, M|59/100|[from] U-turn
|move|p2a: Ferrothorn|Power Whip|p1a: Clefable
|-damage|p1a: Clefable|25/100
|
|-heal|p2a: Ferrothorn|84/100|[from] item: Leftovers
|upkeep
|turn|18
|c|☆Sunbracers|it would not have killed
|c|☆Team Bonir|dude
|
|t:|1711937354
|move|p1a: Clefable|Soft-Boiled|p1a: Clefable
|-heal|p1a: Clefable|75/100
|move|p2a: Ferrothorn|Leech Seed|p1a: Clefable
|-start|p1a: Clefable|move: Leech Seed
|
|-heal|p2a: Ferrothorn|91/100|[from] item: Leftovers
|upkeep
|turn|19
|c|☆Team Bonir|good turn
|inactive|Sunbracers has 210 seconds left.
|
|t:|1711937359
|move|p1a: Clefable|Knock Off|p2a: Ferrothorn
|-damage|p2a: Ferrothorn|82/100
|-activate|p2a: Ferrothorn|ability: Iron Barbs
|-enditem|p2a: Ferrothorn|Leftovers|[from] move: Knock Off|[of] p1a: Clefable
|move|p2a: Ferrothorn|Spikes|p1a: Clefable
|-sidestart|p1: Team Bonir|Spikes
|
|upkeep
|turn|20
|
|t:|1711937367
|move|p1a: Clefable|Moonblast|p2a: Ferrothorn
|-resisted|p2a: Ferrothorn
|-damage|p2a: Ferrothorn|68/100
|-unboost|p2a: Ferrothorn|spa|1
|move|p2a: Ferrothorn|Spikes|p1a: Clefable
|-sidestart|p1: Team Bonir|Spikes
|
|upkeep
|turn|21
|inactive|Sunbracers has 210 seconds left.
|
|t:|1711937382
|move|p1a: Clefable|Moonblast|p2a: Ferrothorn
|-resisted|p2a: Ferrothorn
|-damage|p2a: Ferrothorn|54/100
|move|p2a: Ferrothorn|Power Whip|p1a: Clefable
|-damage|p1a: Clefable|40/100
|
|upkeep
|turn|22
|c|☆Sunbracers|ferro is OP
|
|t:|1711937391
|move|p1a: Clefable|Soft-Boiled|p1a: Clefable
|-heal|p1a: Clefable|90/100
|move|p2a: Ferrothorn|Power Whip|p1a: Clefable
|-damage|p1a: Clefable|55/100
|
|upkeep
|turn|23
|
|t:|1711937397
|switch|p1a: Corviknight|Corviknight, M|63/100 par
|-ability|p1a: Corviknight|Pressure
|move|p2a: Ferrothorn|Power Whip|p1a: Corviknight
|-resisted|p1a: Corviknight
|-damage|p1a: Corviknight|57/100 par
|-damage|p2a: Ferrothorn|38/100|[from] item: Rocky Helmet|[of] p1a: Corviknight
|
|upkeep
|turn|24
|
|t:|1711937403
|switch|p2a: Ditto|Ditto, shiny|100/100
|-damage|p2a: Ditto|88/100|[from] Stealth Rock
|-transform|p2a: Ditto|p1a: Corviknight|[from] ability: Imposter
|-ability|p2a: Ditto|Pressure
|move|p1a: Corviknight|Defog|p2a: Ditto
|-unboost|p2a: Ditto|evasion|1
|-sideend|p2: Sunbracers|Stealth Rock|[from] move: Defog|[of] p1a: Corviknight
|-sideend|p1: Team Bonir|Spikes|[from] move: Defog|[of] p1a: Corviknight
|
|upkeep
|turn|25
|
|t:|1711937412
|move|p2a: Ditto|Brave Bird|p1a: Corviknight
|-resisted|p1a: Corviknight
|-damage|p1a: Corviknight|45/100 par
|-damage|p2a: Ditto|71/100|[from] item: Rocky Helmet|[of] p1a: Corviknight
|-damage|p2a: Ditto|66/100|[from] Recoil
|move|p1a: Corviknight|Roost|p1a: Corviknight
|-heal|p1a: Corviknight|95/100 par
|-singleturn|p1a: Corviknight|move: Roost
|
|upkeep
|turn|26
|c|☆Sunbracers|IM SO GOOD
|c|☆Team Bonir|this battle is gonna take forever dude
|
|t:|1711937426
|switch|p2a: Tornadus|Tornadus-Therian, M|100/100
|move|p1a: Corviknight|U-turn|p2a: Tornadus
|-resisted|p2a: Tornadus
|-damage|p2a: Tornadus|94/100
|c|☆Team Bonir|FINALLY
|
|t:|1711937432
|switch|p1a: Weavile|Weavile, M|100/100|[from] U-turn
|-ability|p1a: Weavile|Pressure
|
|upkeep
|turn|27
|c|☆Sunbracers|thats the point of stall
|inactive|Sunbracers has 240 seconds left.
|
|t:|1711937453
|switch|p2a: Gastrodon|Gastrodon, F|100/100
|move|p1a: Weavile|Swords Dance|p1a: Weavile
|-boost|p1a: Weavile|atk|2
|
|upkeep
|turn|28
|
|t:|1711937465
|switch|p2a: Blissey|Blissey, F|100/100
|move|p1a: Weavile|Triple Axel|p2a: Blissey
|-damage|p2a: Blissey|84/100
|-damage|p2a: Blissey|49/100
|-hitcount|p2a: Blissey|2
|
|upkeep
|turn|29
|c|☆Team Bonir|dude
|
|t:|1711937471
|move|p1a: Weavile|Triple Axel|p2a: Blissey
|-damage|p2a: Blissey|33/100
|-damage|p2a: Blissey|0 fnt
|faint|p2a: Blissey
|-hitcount|p2: Blissey|2
|
|upkeep
|
|t:|1711937473
|switch|p2a: Ditto|Ditto, shiny|66/100
|-transform|p2a: Ditto|p1a: Weavile|[from] ability: Imposter
|-ability|p2a: Ditto|Pressure
|turn|30
|inactive|Sunbracers has 240 seconds left.
|
|t:|1711937494
|switch|p1a: Urshifu|Urshifu-Rapid-Strike, M|71/100
|move|p2a: Ditto|Knock Off|p1a: Urshifu
|-resisted|p1a: Urshifu
|-damage|p1a: Urshifu|41/100
|
|upkeep
|turn|31
|c|☆Team Bonir|im better
|
|t:|1711937509
|switch|p2a: Gastrodon|Gastrodon, F|100/100
|move|p1a: Urshifu|Surging Strikes|p2a: Gastrodon
|-ability|p2a: Gastrodon|Storm Drain|boost
|-boost|p2a: Gastrodon|spa|1
|
|upkeep
|turn|32
|c|☆Team Bonir|im worse
|c|☆Sunbracers|simply not true
|
|t:|1711937517
|move|p1a: Urshifu|U-turn|p2a: Gastrodon
|-damage|p2a: Gastrodon|71/100
|c|☆Sunbracers|oh im horrible
|
|t:|1711937523
|switch|p1a: Clefable|Clefable, M|55/100|[from] U-turn
|move|p2a: Gastrodon|Toxic|p1a: Clefable
|-status|p1a: Clefable|tox
|
|-heal|p2a: Gastrodon|77/100|[from] item: Leftovers
|upkeep
|turn|33
|c|☆Sunbracers|nvm
|c|☆Team Bonir|good turn
|inactive|Sunbracers has 240 seconds left.
|
|t:|1711937535
|move|p1a: Clefable|Stealth Rock|p2a: Gastrodon
|-sidestart|p2: Sunbracers|move: Stealth Rock
|move|p2a: Gastrodon|Scald|p1a: Clefable
|-damage|p1a: Clefable|25/100 tox
|
|-heal|p2a: Gastrodon|84/100|[from] item: Leftovers
|upkeep
|turn|34
|c|☆Team Bonir|wait
|inactive|Sunbracers has 240 seconds left.
|c|☆Team Bonir|doesnt specs pult
|c|☆Team Bonir|just
|c|☆Sunbracers|30% from scald is fucking crazy
|c|☆Team Bonir|click shadow ball forever
|c|☆Team Bonir|dude its +1
|c|☆Sunbracers|no
|c|☆Sunbracers|u cant click ball against blissey
|
|t:|1711937561
|move|p1a: Clefable|Soft-Boiled|p1a: Clefable
|-heal|p1a: Clefable|75/100 tox
|move|p2a: Gastrodon|Scald|p1a: Clefable
|-damage|p1a: Clefable|44/100 tox
|
|-heal|p2a: Gastrodon|90/100|[from] item: Leftovers
|upkeep
|turn|35
|
|t:|1711937567
|move|p1a: Clefable|Knock Off|p2a: Gastrodon
|-damage|p2a: Gastrodon|72/100
|-enditem|p2a: Gastrodon|Leftovers|[from] move: Knock Off|[of] p1a: Clefable
|move|p2a: Gastrodon|Scald|p1a: Clefable
|-damage|p1a: Clefable|10/100 tox
|
|upkeep
|turn|36
|
|t:|1711937572
|move|p1a: Clefable|Soft-Boiled|p1a: Clefable
|-heal|p1a: Clefable|60/100 tox
|move|p2a: Gastrodon|Recover|p2a: Gastrodon
|-heal|p2a: Gastrodon|100/100
|
|upkeep
|turn|37
|c|☆Team Bonir|this battle sucks
|c|☆Team Bonir|i wanna go home
|c|☆Sunbracers|Ur just bad
|c|☆Sunbracers|im outplaying u like crazy bro
|
|t:|1711937593
|move|p1a: Clefable|Moonblast|p2a: Gastrodon
|-damage|p2a: Gastrodon|79/100
|-unboost|p2a: Gastrodon|spa|1
|move|p2a: Gastrodon|Scald|p1a: Clefable
|-damage|p1a: Clefable|38/100 tox
|
|upkeep
|turn|38
|c|☆Team Bonir|good spatk drop
|
|t:|1711937600
|move|p1a: Clefable|Soft-Boiled|p1a: Clefable
|-heal|p1a: Clefable|88/100 tox
|move|p2a: Gastrodon|Earth Power|p1a: Clefable
|-damage|p1a: Clefable|64/100 tox
|-unboost|p1a: Clefable|spd|1
|
|upkeep
|turn|39
|c|☆Team Bonir|DIE
|
|t:|1711937608
|move|p1a: Clefable|Moonblast|p2a: Gastrodon
|-damage|p2a: Gastrodon|58/100
|move|p2a: Gastrodon|Scald|p1a: Clefable
|-damage|p1a: Clefable|33/100 tox
|
|upkeep
|turn|40
|
|t:|1711937612
|switch|p1a: Landorus|Landorus-Therian, M|84/100
|-ability|p1a: Landorus|Intimidate|boost
|-unboost|p2a: Gastrodon|atk|1
|move|p2a: Gastrodon|Recover|p2a: Gastrodon
|-heal|p2a: Gastrodon|100/100
|
|-heal|p1a: Landorus|90/100|[from] item: Leftovers
|upkeep
|turn|41
|c|☆Sunbracers|all skill
|inactive|Sunbracers has 270 seconds left.
|
|t:|1711937634
|move|p1a: Landorus|Toxic|p2a: Gastrodon
|-status|p2a: Gastrodon|tox
|move|p2a: Gastrodon|Scald|p1a: Landorus
|-supereffective|p1a: Landorus
|-damage|p1a: Landorus|52/100
|-status|p1a: Landorus|brn
|
|-heal|p1a: Landorus|58/100 brn|[from] item: Leftovers
|-damage|p2a: Gastrodon|94/100 tox|[from] psn
|-damage|p1a: Landorus|52/100 brn|[from] brn
|upkeep
|turn|42
|c|☆Team Bonir|good turn
|c|☆Sunbracers|im so pro
|
|t:|1711937645
|switch|p2a: Ferrothorn|Ferrothorn, M|38/100
|-damage|p2a: Ferrothorn|32/100|[from] Stealth Rock
|move|p1a: Landorus|U-turn|p2a: Ferrothorn
|-damage|p2a: Ferrothorn|25/100
|-damage|p1a: Landorus|39/100 brn|[from] ability: Iron Barbs|[of] p2a: Ferrothorn
|
|t:|1711937651
|switch|p1a: Clefable|Clefable, M|33/100 tox|[from] U-turn
|
|upkeep
|turn|43
|c|☆Sunbracers|ferrothorn is OP bro
|
|t:|1711937659
|move|p1a: Clefable|Soft-Boiled|p1a: Clefable
|-heal|p1a: Clefable|83/100 tox
|move|p2a: Ferrothorn|Power Whip|p1a: Clefable
|-damage|p1a: Clefable|49/100 tox
|
|upkeep
|turn|44
|c|☆Team Bonir|i forgot you have whip
|
|t:|1711937667
|switch|p1a: Corviknight|Corviknight, M|95/100 par
|-ability|p1a: Corviknight|Pressure
|move|p2a: Ferrothorn|Spikes|p1a: Corviknight
|-sidestart|p1: Team Bonir|Spikes
|
|upkeep
|turn|45
|c|☆Sunbracers|Me too
|
|t:|1711937675
|move|p1a: Corviknight|Brave Bird|p2a: Ferrothorn
|-damage|p2a: Ferrothorn|3/100
|-damage|p1a: Corviknight|82/100 par|[from] ability: Iron Barbs|[of] p2a: Ferrothorn
|-damage|p1a: Corviknight|76/100 par|[from] Recoil
|move|p2a: Ferrothorn|Spikes|p1a: Corviknight
|-sidestart|p1: Team Bonir|Spikes
|
|upkeep
|turn|46
|
|t:|1711937681
|cant|p1a: Corviknight|par
|move|p2a: Ferrothorn|Spikes|p1a: Corviknight
|-sidestart|p1: Team Bonir|Spikes
|
|upkeep
|turn|47
|
|t:|1711937684
|cant|p1a: Corviknight|par
|move|p2a: Ferrothorn|Leech Seed|p1a: Corviknight
|-start|p1a: Corviknight|move: Leech Seed
|
|-damage|p1a: Corviknight|63/100 par|[from] Leech Seed|[of] p2a: Ferrothorn
|-heal|p2a: Ferrothorn|17/100|[silent]
|upkeep
|turn|48
|c|☆Team Bonir|dude
|
|t:|1711937708
|switch|p1a: Clefable|Clefable, M|49/100 tox
|move|p2a: Ferrothorn|Knock Off|p1a: Clefable
|-resisted|p1a: Clefable
|-damage|p1a: Clefable|43/100 tox
|
|upkeep
|turn|49
|c|☆Sunbracers|dude knock does 10% max to corv
|
|t:|1711937718
|move|p1a: Clefable|Moonblast|p2a: Ferrothorn
|-resisted|p2a: Ferrothorn
|-damage|p2a: Ferrothorn|4/100
|move|p2a: Ferrothorn|Power Whip|p1a: Clefable
|-damage|p1a: Clefable|7/100 tox
|
|upkeep
|turn|50
|c|☆Sunbracers|it's over for U bro
|
|t:|1711937730
|move|p1a: Clefable|Soft-Boiled|p1a: Clefable
|-heal|p1a: Clefable|57/100 tox
|move|p2a: Ferrothorn|Knock Off|p1a: Clefable
|-resisted|p1a: Clefable
|-damage|p1a: Clefable|50/100 tox
|
|upkeep
|turn|51
|
|t:|1711937735
|move|p1a: Clefable|Moonblast|p2a: Ferrothorn
|-resisted|p2a: Ferrothorn
|-damage|p2a: Ferrothorn|0 fnt
|faint|p2a: Ferrothorn
|
|upkeep
|
|t:|1711937745
|switch|p2a: Gastrodon|Gastrodon, F|94/100 tox
|-damage|p2a: Gastrodon|88/100 tox|[from] Stealth Rock
|turn|52
|
|t:|1711937754
|move|p1a: Clefable|Moonblast|p2a: Gastrodon
|-damage|p2a: Gastrodon|67/100 tox
|-unboost|p2a: Gastrodon|spa|1
|move|p2a: Gastrodon|Scald|p1a: Clefable
|-damage|p1a: Clefable|35/100 tox
|
|-damage|p2a: Gastrodon|61/100 tox|[from] psn
|upkeep
|turn|53
|
|t:|1711937758
|move|p1a: Clefable|Moonblast|p2a: Gastrodon
|-damage|p2a: Gastrodon|41/100 tox
|move|p2a: Gastrodon|Recover|p2a: Gastrodon
|-heal|p2a: Gastrodon|91/100 tox
|
|-damage|p2a: Gastrodon|78/100 tox|[from] psn
|upkeep
|turn|54
|c|☆Sunbracers|deer
|c|☆Sunbracers|dir
|
|t:|1711937766
|move|p1a: Clefable|Moonblast|p2a: Gastrodon
|-damage|p2a: Gastrodon|58/100 tox
|move|p2a: Gastrodon|Recover|p2a: Gastrodon
|-heal|p2a: Gastrodon|100/100 tox
|
|-damage|p2a: Gastrodon|82/100 tox|[from] psn
|upkeep
|turn|55
|c|☆Team Bonir|Ok Bro
|c|☆Sunbracers|Ur so horrible
|
|t:|1711937776
|move|p1a: Clefable|Moonblast|p2a: Gastrodon
|-damage|p2a: Gastrodon|62/100 tox
|move|p2a: Gastrodon|Earth Power|p1a: Clefable
|-damage|p1a: Clefable|18/100 tox
|
|-damage|p2a: Gastrodon|37/100 tox|[from] psn
|upkeep
|turn|56
|
|t:|1711937778
|move|p1a: Clefable|Soft-Boiled|p1a: Clefable
|-heal|p1a: Clefable|68/100 tox
|move|p2a: Gastrodon|Recover|p2a: Gastrodon
|-heal|p2a: Gastrodon|87/100 tox
|
|-damage|p2a: Gastrodon|57/100 tox|[from] psn
|upkeep
|turn|57
|
|t:|1711937781
|move|p1a: Clefable|Moonblast|p2a: Gastrodon
|-damage|p2a: Gastrodon|35/100 tox
|move|p2a: Gastrodon|Recover|p2a: Gastrodon
|-heal|p2a: Gastrodon|85/100 tox
|
|-damage|p2a: Gastrodon|49/100 tox|[from] psn
|upkeep
|turn|58
|
|t:|1711937783
|move|p1a: Clefable|Moonblast|p2a: Gastrodon
|-crit|p2a: Gastrodon
|-damage|p2a: Gastrodon|18/100 tox
|move|p2a: Gastrodon|Recover|p2a: Gastrodon
|-heal|p2a: Gastrodon|68/100 tox
|
|-damage|p2a: Gastrodon|26/100 tox|[from] psn
|upkeep
|turn|59
|c|☆Sunbracers|ur hacking
|
|t:|1711937792
|move|p1a: Clefable|Moonblast|p2a: Gastrodon
|-damage|p2a: Gastrodon|3/100 tox
|move|p2a: Gastrodon|Recover|p2a: Gastrodon
|-heal|p2a: Gastrodon|53/100 tox
|
|-damage|p2a: Gastrodon|4/100 tox|[from] psn
|upkeep
|turn|60
|c|☆Team Bonir|my bad
|
|t:|1711937798
|move|p1a: Clefable|Moonblast|p2a: Gastrodon
|-damage|p2a: Gastrodon|0 fnt
|faint|p2a: Gastrodon
|
|upkeep
|c|☆Team Bonir|ood recover
|c|☆Team Bonir|good
|c|☆Sunbracers|hacking
|
|t:|1711937804
|switch|p2a: Tornadus|Tornadus-Therian, M|100/100
|turn|61
|c|☆Team Bonir|clef shamone
|
|t:|1711937811
|move|p2a: Tornadus|Hurricane|p1a: Clefable
|-damage|p1a: Clefable|36/100 tox
|-start|p1a: Clefable|confusion
|-activate|p1a: Clefable|confusion
|-damage|p1a: Clefable|30/100 tox|[from] confusion
|
|upkeep
|turn|62
|c|☆Team Bonir|oh
|
|t:|1711937819
|switch|p1a: Landorus|Landorus-Therian, M|39/100 brn
|-ability|p1a: Landorus|Intimidate|boost
|-unboost|p2a: Tornadus|atk|1
|move|p2a: Tornadus|U-turn|p1a: Landorus
|-resisted|p1a: Landorus
|-damage|p1a: Landorus|35/100 brn
|
|t:|1711937822
|switch|p2a: Ditto|Ditto, shiny|66/100|[from] U-turn
|-damage|p2a: Ditto|54/100|[from] Stealth Rock
|-transform|p2a: Ditto|p1a: Landorus|[from] ability: Imposter
|-ability|p2a: Ditto|Intimidate|boost
|-unboost|p1a: Landorus|atk|1
|
|-heal|p1a: Landorus|41/100 brn|[from] item: Leftovers
|-damage|p1a: Landorus|35/100 brn|[from] brn
|upkeep
|turn|63
|
|t:|1711937831
|move|p2a: Ditto|U-turn|p1a: Landorus
|-resisted|p1a: Landorus
|-damage|p1a: Landorus|23/100 brn
|
|t:|1711937835
|switch|p2a: Tornadus|Tornadus-Therian, M|100/100|[from] U-turn
|move|p1a: Landorus|U-turn|p2a: Tornadus
|-resisted|p2a: Tornadus
|-damage|p2a: Tornadus|97/100
|
|t:|1711937839
|switch|p1a: Corviknight|Corviknight, M|63/100 par|[from] U-turn
|-ability|p1a: Corviknight|Pressure
|
|upkeep
|turn|64
|
|t:|1711937842
|move|p2a: Tornadus|Hurricane|p1a: Corviknight
|-resisted|p1a: Corviknight
|-damage|p1a: Corviknight|46/100 par
|move|p1a: Corviknight|Defog|p2a: Tornadus
|-unboost|p2a: Tornadus|evasion|1
|-sideend|p2: Sunbracers|Stealth Rock|[from] move: Defog|[of] p1a: Corviknight
|-sideend|p1: Team Bonir|Spikes|[from] move: Defog|[of] p1a: Corviknight
|
|upkeep
|turn|65
|c|☆Team Bonir|good hurricane
|c|☆Sunbracers|It's over for U brp
|c|☆Sunbracers|when i hit all 16 hurricanes
|
|t:|1711937856
|move|p2a: Tornadus|Hurricane|p1a: Corviknight
|-resisted|p1a: Corviknight
|-damage|p1a: Corviknight|27/100 par
|-start|p1a: Corviknight|confusion
|-activate|p1a: Corviknight|confusion
|move|p1a: Corviknight|Roost|p1a: Corviknight
|-heal|p1a: Corviknight|77/100 par
|-singleturn|p1a: Corviknight|move: Roost
|
|upkeep
|turn|66
|c|☆Team Bonir|dude
|c|☆Team Bonir|im not playing this parafusion bs
|
|t:|1711937867
|switch|p1a: Landorus|Landorus-Therian, M|23/100 brn
|-ability|p1a: Landorus|Intimidate|boost
|-unboost|p2a: Tornadus|atk|1
|move|p2a: Tornadus|Knock Off|p1a: Landorus
|-damage|p1a: Landorus|10/100 brn
|-enditem|p1a: Landorus|Leftovers|[from] move: Knock Off|[of] p2a: Tornadus
|
|-damage|p1a: Landorus|4/100 brn|[from] brn
|upkeep
|turn|67
|c|☆Team Bonir|good knock
|
|t:|1711937872
|move|p2a: Tornadus|U-turn|p1a: Landorus
|-resisted|p1a: Landorus
|-damage|p1a: Landorus|0 fnt
|faint|p1a: Landorus
|c|☆Sunbracers|whoops
|c|☆Team Bonir|go ditto
|c|☆Sunbracers|No bro
|c|☆Team Bonir|do it
|c|☆Sunbracers|I want to go back to clef
|c|☆Sunbracers|torn i mean
|c|☆Team Bonir|go ditto
|
|t:|1711937896
|switch|p2a: Clefable|Clefable, M|92/100|[from] U-turn
|
|upkeep
|
|t:|1711937918
|switch|p1a: Clefable|Clefable, M|30/100 tox
|turn|68
|c|☆Sunbracers|Turn 67 bro
|
|t:|1711937922
|move|p2a: Clefable|Stealth Rock|p1a: Clefable
|-sidestart|p1: Team Bonir|move: Stealth Rock
|move|p1a: Clefable|Soft-Boiled|p1a: Clefable
|-heal|p1a: Clefable|80/100 tox
|
|upkeep
|turn|69
|c|☆Team Bonir|actually how do i break clef
|
|t:|1711937930
|switch|p2a: Tornadus|Tornadus-Therian, M|100/100
|move|p1a: Clefable|Knock Off|p2a: Tornadus
|-damage|p2a: Tornadus|85/100
|-enditem|p2a: Tornadus|Heavy-Duty Boots|[from] move: Knock Off|[of] p1a: Clefable
|
|upkeep
|turn|70
|c|☆Team Bonir|oh
|c|☆Sunbracers|I'm so prooooooooo
|
|t:|1711937938
|move|p2a: Tornadus|Hurricane|p1a: Clefable
|-damage|p1a: Clefable|50/100 tox
|-start|p1a: Clefable|confusion
|-activate|p1a: Clefable|confusion
|-damage|p1a: Clefable|44/100 tox|[from] confusion
|
|upkeep
|turn|71
|c|☆Team Bonir|dude
|c|☆Team Bonir|come on
|c|☆Sunbracers|Have I missed a hurricane yet
|c|☆Team Bonir|no
|
|t:|1711937951
|switch|p1a: Corviknight|Corviknight, M|77/100 par
|-damage|p1a: Corviknight|64/100 par|[from] Stealth Rock
|-ability|p1a: Corviknight|Pressure
|move|p2a: Tornadus|Hurricane|p1a: Corviknight|[miss]
|-miss|p2a: Tornadus|p1a: Corviknight
|
|upkeep
|turn|72
|c|☆Team Bonir|oh
|c|☆Sunbracers|god damn it
|
|t:|1711937957
|move|p2a: Tornadus|Hurricane|p1a: Corviknight
|-resisted|p1a: Corviknight
|-damage|p1a: Corviknight|47/100 par
|move|p1a: Corviknight|Defog|p2a: Tornadus
|-unboost|p2a: Tornadus|evasion|1
|-sideend|p1: Team Bonir|Stealth Rock|[from] move: Defog|[of] p1a: Corviknight
|
|upkeep
|turn|73
|c|☆Team Bonir|theres a justice
|
|t:|1711937961
|move|p2a: Tornadus|Hurricane|p1a: Corviknight|[miss]
|-miss|p2a: Tornadus|p1a: Corviknight
|cant|p1a: Corviknight|par
|
|upkeep
|turn|74
|c|☆Team Bonir|good turn
|
|t:|1711937965
|move|p2a: Tornadus|Hurricane|p1a: Corviknight|[miss]
|-miss|p2a: Tornadus|p1a: Corviknight
|move|p1a: Corviknight|Roost|p1a: Corviknight
|-heal|p1a: Corviknight|97/100 par
|-singleturn|p1a: Corviknight|move: Roost
|
|upkeep
|turn|75
|
|t:|1711937969
|move|p2a: Tornadus|Hurricane|p1a: Corviknight
|-resisted|p1a: Corviknight
|-damage|p1a: Corviknight|78/100 par
|move|p1a: Corviknight|U-turn|p2a: Tornadus
|-resisted|p2a: Tornadus
|-damage|p2a: Tornadus|78/100
|
|t:|1711937971
|switch|p1a: Weavile|Weavile, M|100/100|[from] U-turn
|-ability|p1a: Weavile|Pressure
|
|upkeep
|turn|76
|c|☆Sunbracers|if it werent for pressure I would 6 0 u
|
|t:|1711937981
|switch|p2a: Clefable|Clefable, M|92/100
|move|p1a: Weavile|Swords Dance|p1a: Weavile
|-boost|p1a: Weavile|atk|2
|
|upkeep
|turn|77
|c|☆Team Bonir|:hes:
|
|t:|1711937987
|move|p1a: Weavile|Knock Off|p2a: Clefable
|-resisted|p2a: Clefable
|-damage|p2a: Clefable|53/100
|-damage|p1a: Weavile|84/100|[from] item: Rocky Helmet|[of] p2a: Clefable
|-enditem|p2a: Clefable|Rocky Helmet|[from] move: Knock Off|[of] p1a: Weavile
|move|p2a: Clefable|Knock Off|p1a: Weavile
|-resisted|p1a: Weavile
|-damage|p1a: Weavile|70/100
|-enditem|p1a: Weavile|Heavy-Duty Boots|[from] move: Knock Off|[of] p2a: Clefable
|
|upkeep
|turn|78
|c|☆Sunbracers|its over for u
|c|☆Team Bonir|39 to clef is crazy
|c|☆Team Bonir|wait
|
|t:|1711937998
|move|p1a: Weavile|Triple Axel|p2a: Clefable
|-damage|p2a: Clefable|38/100
|-damage|p2a: Clefable|8/100
|-damage|p2a: Clefable|0 fnt
|faint|p2a: Clefable
|-hitcount|p2: Clefable|3
|
|upkeep
|c|☆Team Bonir|is it unaware
|
|t:|1711938000
|switch|p2a: Ditto|Ditto, shiny|54/100
|-transform|p2a: Ditto|p1a: Weavile|[from] ability: Imposter
|-ability|p2a: Ditto|Pressure
|turn|79
|
|t:|1711938016
|move|p2a: Ditto|Triple Axel|p1a: Weavile
|-resisted|p1a: Weavile
|-damage|p1a: Weavile|52/100
|-resisted|p1a: Weavile
|-damage|p1a: Weavile|17/100
|-resisted|p1a: Weavile
|-damage|p1a: Weavile|0 fnt
|faint|p1a: Weavile
|-hitcount|p1: Weavile|3
|
|upkeep
|
|t:|1711938020
|switch|p1a: Corviknight|Corviknight, M|78/100 par
|-ability|p1a: Corviknight|Pressure
|turn|80
|
|t:|1711938038
|move|p2a: Ditto|Triple Axel|p1a: Corviknight
|-crit|p1a: Corviknight
|-damage|p1a: Corviknight|59/100 par
|-damage|p2a: Ditto|37/100|[from] item: Rocky Helmet|[of] p1a: Corviknight
|-crit|p1a: Corviknight
|-damage|p1a: Corviknight|21/100 par
|-damage|p2a: Ditto|20/100|[from] item: Rocky Helmet|[of] p1a: Corviknight
|-damage|p1a: Corviknight|0 fnt
|-damage|p2a: Ditto|4/100|[from] item: Rocky Helmet|[of] p1a: Corviknight
|faint|p1a: Corviknight
|-hitcount|p1: Corviknight|3
|
|upkeep
|c|☆Sunbracers|all skill
|c|☆Team Bonir|dude
|
|t:|1711938044
|switch|p1a: Urshifu|Urshifu-Rapid-Strike, M|41/100
|turn|81
|
|t:|1711938047
|move|p1a: Urshifu|Aqua Jet|p2a: Ditto
|-damage|p2a: Ditto|0 fnt
|faint|p2a: Ditto
|
|upkeep
|c|☆Sunbracers|i wouldve lost anyway tho cuz i wouldve just run out of triple axel
|
|t:|1711938060
|switch|p2a: Tornadus|Tornadus-Therian, M|100/100
|turn|82
|c|☆Team Bonir|actually i could lose to this torn
|c|☆Team Bonir|with like
|c|☆Team Bonir|egregious luck
|
|t:|1711938070
|move|p2a: Tornadus|U-turn|p1a: Urshifu
|-resisted|p1a: Urshifu
|-damage|p1a: Urshifu|33/100
|move|p1a: Urshifu|Surging Strikes|p2a: Tornadus
|-crit|p2a: Tornadus
|-damage|p2a: Tornadus|79/100
|-crit|p2a: Tornadus
|-damage|p2a: Tornadus|57/100
|-crit|p2a: Tornadus
|-damage|p2a: Tornadus|38/100
|-hitcount|p2a: Tornadus|3
|
|upkeep
|turn|83
|c|☆Team Bonir|oh
|c|☆Team Bonir|ude
|c|☆Team Bonir|dude
|c|☆Team Bonir|4 of your mons
|c|☆Team Bonir|clicked all of their moves
|inactive|Sunbracers has 270 seconds left.
|
|t:|1711938111
|move|p1a: Urshifu|Aqua Jet|p2a: Tornadus
|-damage|p2a: Tornadus|16/100
|move|p2a: Tornadus|U-turn|p1a: Urshifu
|-resisted|p1a: Urshifu
|-damage|p1a: Urshifu|25/100
|
|upkeep
|turn|84
|c|☆Team Bonir|good uturn
|inactive|Sunbracers has 270 seconds left.
|c|☆Sunbracers|u turn is the most damage i can do to u bro
|
|t:|1711938123
|move|p1a: Urshifu|Aqua Jet|p2a: Tornadus
|-damage|p2a: Tornadus|0 fnt
|faint|p2a: Tornadus
|
|win|Team Bonir
|c|☆Team Bonir|oh wait
|c|☆Team Bonir|youre out of canes
|c|☆Team Bonir|LOL
|c|☆Sunbracers|yep
|c|☆Team Bonir|i didnt even notice
|c|☆Sunbracers|84 turns oh my god
|l|☆Sunbracers
|player|p2|
|c|☆Team Bonir|i need to go to bed man
|c|☆Team Bonir|this took too long
