|raw|<div class="broadcast-blue"><strong>This battle is required to be public due to a player having a name starting with 'orasz'.</div>
|j|☆orasz soviet
|j|☆outz u
|t:|1711935849
|gametype|singles
|player|p1|orasz soviet|ogreclan|
|player|p2|outz u|101|
|teamsize|p1|6
|teamsize|p2|6
|gen|8
|tier|[Gen 8] OU
|rule|Sleep Clause Mod: Limit one foe put to sleep
|rule|Species Clause: Limit one of each Pokémon
|rule|OHKO Clause: OHKO moves are banned
|rule|Evasion Items Clause: Evasion items are banned
|rule|Evasion Moves Clause: Evasion moves are banned
|rule|Endless Battle Clause: Forcing endless battles is banned
|rule|HP Percentage Mod: HP is shown in percentages
|rule|Dynamax Clause: You cannot dynamax
|clearpoke
|poke|p1|Tyranitar, M|
|poke|p1|Clefable, M|
|poke|p1|Excadrill, M|
|poke|p1|Tangrowth, M|
|poke|p1|Slowking-Galar, M|
|poke|p1|Rotom-Wash|
|poke|p2|Dragapult, F|
|poke|p2|Tapu Fini|
|poke|p2|Blacephalon|
|poke|p2|Tapu Lele|
|poke|p2|Landorus-Therian, M|
|poke|p2|Melmetal|
|teampreview
|inactive|Battle timer is ON: inactive players will automatically lose when time's up. (requested by orasz soviet)
|c|☆outz u|hf
|inactive|orasz soviet has 270 seconds left.
|inactive|outz u has 270 seconds left.
|j| EROTIC BARBER
|
|t:|1711935891
|start
|switch|p1a: Clefable|Clefable, M|100/100
|switch|p2a: Dragapult|Dragapult, F|100/100
|turn|1
|j| venesha
|
|t:|1711935895
|move|p2a: Dragapult|U-turn|p1a: Clefable
|-resisted|p1a: Clefable
|-damage|p1a: Clefable|94/100
|-damage|p2a: Dragapult|84/100|[from] item: Rocky Helmet|[of] p1a: Clefable
|l| EROTIC BARBER
|
|t:|1711935907
|switch|p2a: Tapu Fini|Tapu Fini|100/100|[from] U-turn
|-fieldstart|move: Misty Terrain|[from] ability: Misty Surge|[of] p2a: Tapu Fini
|move|p1a: Clefable|Knock Off|p2a: Tapu Fini
|-resisted|p2a: Tapu Fini
|-damage|p2a: Tapu Fini|93/100
|-enditem|p2a: Tapu Fini|Choice Scarf|[from] move: Knock Off|[of] p1a: Clefable
|
|upkeep
|turn|2
|c| venesha|double ghost
|c| venesha|respect
|j| EROTIC BARBER
|c| venesha|i too recognize the brokeness
|c| venesha|of pult
|c| venesha|and blace
|j| nudili
|l| EROTIC BARBER
|l| venesha
|inactive|orasz soviet has 270 seconds left.
|
|t:|1711935947
|switch|p1a: Slowking|Slowking-Galar, M|100/100
|move|p2a: Tapu Fini|Trick|p1a: Slowking
|-activate|p2a: Tapu Fini|move: Trick|[of] p1a: Slowking
|-enditem|p1a: Slowking|Black Sludge|[silent]|[from] move: Trick
|-item|p2a: Tapu Fini|Black Sludge|[from] move: Trick
|
|-damage|p2a: Tapu Fini|81/100|[from] item: Black Sludge
|upkeep
|turn|3
|j| venesha
|l| venesha
|
|t:|1711935960
|switch|p2a: Landorus|Landorus-Therian, M|100/100
|-ability|p2a: Landorus|Intimidate|boost
|-unboost|p1a: Slowking|atk|1
|move|p1a: Slowking|Sludge Bomb|p2a: Landorus
|-resisted|p2a: Landorus
|-damage|p2a: Landorus|84/100
|
|-heal|p2a: Landorus|90/100|[from] item: Leftovers
|upkeep
|turn|4
|j| venesha
|j| EROTIC BARBER
|
|t:|1711935972
|switch|p1a: Rotom|Rotom-Wash|100/100
|move|p2a: Landorus|Stealth Rock|p1a: Rotom
|-sidestart|p1: orasz soviet|move: Stealth Rock
|
|-heal|p2a: Landorus|96/100|[from] item: Leftovers
|upkeep
|turn|5
|
|t:|1711935983
|switch|p2a: Dragapult|Dragapult, F|84/100
|move|p1a: Rotom|Hydro Pump|p2a: Dragapult
|-resisted|p2a: Dragapult
|-crit|p2a: Dragapult
|-damage|p2a: Dragapult|43/100
|
|-fieldend|Misty Terrain
|upkeep
|turn|6
|l| nudili
|l| EROTIC BARBER
|
|t:|1711936001
|move|p2a: Dragapult|Shadow Ball|p1a: Rotom
|-damage|p1a: Rotom|52/100
|move|p1a: Rotom|Volt Switch|p2a: Dragapult
|-resisted|p2a: Dragapult
|-damage|p2a: Dragapult|25/100
|c| venesha|is this justice
|
|t:|1711936009
|switch|p1a: Clefable|Clefable, M|94/100|[from] Volt Switch
|
|upkeep
|turn|7
|
|t:|1711936017
|switch|p2a: Melmetal|Melmetal|100/100
|move|p1a: Clefable|Stealth Rock|p2a: Melmetal
|-sidestart|p2: outz u|move: Stealth Rock
|
|upkeep
|turn|8
|l| venesha
|j| EROTIC BARBER
|inactive|orasz soviet has 270 seconds left.
|
|t:|1711936036
|switch|p1a: Tangrowth|Tangrowth, M, shiny|100/100
|-damage|p1a: Tangrowth|88/100|[from] Stealth Rock
|switch|p2a: Tapu Lele|Tapu Lele|100/100
|-damage|p2a: Tapu Lele|88/100|[from] Stealth Rock
|-fieldstart|move: Psychic Terrain|[from] ability: Psychic Surge|[of] p2a: Tapu Lele
|
|upkeep
|turn|9
|j| venesha
|j| whis get the
|
|t:|1711936040
|switch|p1a: Slowking|Slowking-Galar, M|100/100
|-damage|p1a: Slowking|88/100|[from] Stealth Rock
|move|p2a: Tapu Lele|Psyshock|p1a: Slowking
|-damage|p1a: Slowking|22/100
|
|upkeep
|turn|10
|
|t:|1711936051
|switch|p2a: Landorus|Landorus-Therian, M|96/100
|-damage|p2a: Landorus|84/100|[from] Stealth Rock
|-ability|p2a: Landorus|Intimidate|boost
|-unboost|p1a: Slowking|atk|1
|switch|p1a: Tangrowth|Tangrowth, M, shiny|100/100
|-damage|p1a: Tangrowth|88/100|[from] Stealth Rock
|
|-heal|p2a: Landorus|90/100|[from] item: Leftovers
|upkeep
|turn|11
|l| EROTIC BARBER
|j| EROTIC BARBER
|l| EROTIC BARBER
|
|t:|1711936075
|move|p2a: Landorus|Knock Off|p1a: Tangrowth
|-damage|p1a: Tangrowth|70/100
|-damage|p2a: Landorus|73/100|[from] item: Rocky Helmet|[of] p1a: Tangrowth
|-enditem|p1a: Tangrowth|Rocky Helmet|[from] move: Knock Off|[of] p2a: Landorus
|move|p1a: Tangrowth|Sleep Powder|p2a: Landorus|[miss]
|-miss|p1a: Tangrowth|p2a: Landorus
|
|-heal|p2a: Landorus|79/100|[from] item: Leftovers
|upkeep
|turn|12
|l| venesha
|j| nudili
|
|t:|1711936084
|move|p2a: Landorus|U-turn|p1a: Tangrowth
|-supereffective|p1a: Tangrowth
|-damage|p1a: Tangrowth|45/100
|
|t:|1711936087
|switch|p2a: Tapu Fini|Tapu Fini|81/100|[from] U-turn
|-damage|p2a: Tapu Fini|68/100|[from] Stealth Rock
|-fieldstart|move: Misty Terrain|[from] ability: Misty Surge|[of] p2a: Tapu Fini
|move|p1a: Tangrowth|Focus Blast|p2a: Tapu Fini
|-resisted|p2a: Tapu Fini
|-damage|p2a: Tapu Fini|54/100
|
|-damage|p2a: Tapu Fini|41/100|[from] item: Black Sludge
|upkeep
|turn|13
|j| EROTIC BARBER
|j| venesha
|l| venesha
|l| EROTIC BARBER
|c| whis get the|how r u down an oras game alr
|c| whis get the|..
|
|t:|1711936115
|switch|p2a: Tapu Lele|Tapu Lele|88/100
|-damage|p2a: Tapu Lele|76/100|[from] Stealth Rock
|-fieldstart|move: Psychic Terrain|[from] ability: Psychic Surge|[of] p2a: Tapu Lele
|switch|p1a: Slowking|Slowking-Galar, M|55/100
|-damage|p1a: Slowking|42/100|[from] Stealth Rock
|
|upkeep
|turn|14
|j| venesha
|l| venesha
|l| whis get the
|j| venesha
|
|t:|1711936128
|switch|p1a: Excadrill|Excadrill, M|100/100
|-damage|p1a: Excadrill|97/100|[from] Stealth Rock
|move|p2a: Tapu Lele|Moonblast|p1a: Excadrill
|-resisted|p1a: Excadrill
|-damage|p1a: Excadrill|38/100
|-unboost|p1a: Excadrill|spa|1
|
|-heal|p1a: Excadrill|45/100|[from] item: Leftovers
|upkeep
|turn|15
|l| venesha
|
|t:|1711936141
|switch|p1a: Slowking|Slowking-Galar, M|76/100
|-damage|p1a: Slowking|63/100|[from] Stealth Rock
|move|p2a: Tapu Lele|Moonblast|p1a: Slowking
|-resisted|p1a: Slowking
|-damage|p1a: Slowking|33/100
|
|upkeep
|turn|16
|
|t:|1711936155
|switch|p2a: Landorus|Landorus-Therian, M|79/100
|-damage|p2a: Landorus|67/100|[from] Stealth Rock
|-ability|p2a: Landorus|Intimidate|boost
|-unboost|p1a: Slowking|atk|1
|switch|p1a: Rotom|Rotom-Wash|52/100
|-damage|p1a: Rotom|39/100|[from] Stealth Rock
|
|-heal|p2a: Landorus|73/100|[from] item: Leftovers
|-heal|p1a: Rotom|45/100|[from] item: Leftovers
|upkeep
|turn|17
|
|t:|1711936163
|switch|p2a: Tapu Fini|Tapu Fini|41/100
|-damage|p2a: Tapu Fini|29/100|[from] Stealth Rock
|-fieldstart|move: Misty Terrain|[from] ability: Misty Surge|[of] p2a: Tapu Fini
|move|p1a: Rotom|Hydro Pump|p2a: Tapu Fini|[miss]
|-miss|p1a: Rotom|p2a: Tapu Fini
|
|-damage|p2a: Tapu Fini|17/100|[from] item: Black Sludge
|-heal|p1a: Rotom|51/100|[from] item: Leftovers
|upkeep
|turn|18
|j| venesha
|
|t:|1711936182
|switch|p2a: Landorus|Landorus-Therian, M|73/100
|-damage|p2a: Landorus|61/100|[from] Stealth Rock
|-ability|p2a: Landorus|Intimidate|boost
|-unboost|p1a: Rotom|atk|1
|move|p1a: Rotom|Volt Switch|p2a: Landorus
|-immune|p2a: Landorus
|
|-heal|p2a: Landorus|67/100|[from] item: Leftovers
|-heal|p1a: Rotom|57/100|[from] item: Leftovers
|upkeep
|turn|19
|
|t:|1711936188
|switch|p2a: Tapu Fini|Tapu Fini|17/100
|-damage|p2a: Tapu Fini|4/100|[from] Stealth Rock
|move|p1a: Rotom|Hydro Pump|p2a: Tapu Fini|[miss]
|-miss|p1a: Rotom|p2a: Tapu Fini
|
|-damage|p2a: Tapu Fini|0 fnt|[from] item: Black Sludge
|faint|p2a: Tapu Fini
|-heal|p1a: Rotom|63/100|[from] item: Leftovers
|upkeep
|
|t:|1711936193
|switch|p2a: Tapu Lele|Tapu Lele|76/100
|-damage|p2a: Tapu Lele|63/100|[from] Stealth Rock
|-fieldstart|move: Psychic Terrain|[from] ability: Psychic Surge|[of] p2a: Tapu Lele
|turn|20
|l| venesha
|l| nudili
|
|t:|1711936206
|switch|p1a: Slowking|Slowking-Galar, M|66/100
|-damage|p1a: Slowking|54/100|[from] Stealth Rock
|move|p2a: Tapu Lele|Psyshock|p1a: Slowking
|-damage|p1a: Slowking|0 fnt
|faint|p1a: Slowking
|
|upkeep
|
|t:|1711936208
|switch|p1a: Tyranitar|Tyranitar, M|100/100
|-damage|p1a: Tyranitar|88/100|[from] Stealth Rock
|-weather|Sandstorm|[from] ability: Sand Stream|[of] p1a: Tyranitar
|turn|21
|
|t:|1711936215
|switch|p2a: Melmetal|Melmetal|100/100
|-damage|p2a: Melmetal|94/100|[from] Stealth Rock
|move|p1a: Tyranitar|Crunch|p2a: Melmetal
|-damage|p2a: Melmetal|55/100
|-unboost|p2a: Melmetal|def|1
|
|-weather|Sandstorm|[upkeep]
|-heal|p2a: Melmetal|62/100|[from] item: Leftovers
|upkeep
|turn|22
|j| nudili
|
|t:|1711936224
|switch|p1a: Rotom|Rotom-Wash|63/100
|-damage|p1a: Rotom|51/100|[from] Stealth Rock
|move|p2a: Melmetal|Double Iron Bash|p1a: Rotom
|-resisted|p1a: Rotom
|-damage|p1a: Rotom|40/100
|-resisted|p1a: Rotom
|-damage|p1a: Rotom|28/100
|-hitcount|p1a: Rotom|2
|
|-weather|Sandstorm|[upkeep]
|-damage|p1a: Rotom|22/100|[from] Sandstorm
|-heal|p1a: Rotom|28/100|[from] item: Leftovers
|-heal|p2a: Melmetal|68/100|[from] item: Leftovers
|upkeep
|turn|23
|j| whis get the
|
|t:|1711936229
|move|p2a: Melmetal|Protect|p2a: Melmetal
|-singleturn|p2a: Melmetal|Protect
|move|p1a: Rotom|Pain Split|p2a: Melmetal
|-activate|p2a: Melmetal|move: Protect
|
|-weather|Sandstorm|[upkeep]
|-damage|p1a: Rotom|22/100|[from] Sandstorm
|-heal|p1a: Rotom|28/100|[from] item: Leftovers
|-heal|p2a: Melmetal|74/100|[from] item: Leftovers
|upkeep
|turn|24
|j| venesha
|
|t:|1711936240
|switch|p2a: Dragapult|Dragapult, F|25/100
|-damage|p2a: Dragapult|12/100|[from] Stealth Rock
|move|p1a: Rotom|Hydro Pump|p2a: Dragapult
|-resisted|p2a: Dragapult
|-damage|p2a: Dragapult|0 fnt
|faint|p2a: Dragapult
|
|-weather|Sandstorm|[upkeep]
|-damage|p1a: Rotom|22/100|[from] Sandstorm
|-heal|p1a: Rotom|28/100|[from] item: Leftovers
|-fieldend|move: Psychic Terrain
|upkeep
|l| venesha
|
|t:|1711936251
|switch|p2a: Tapu Lele|Tapu Lele|63/100
|-damage|p2a: Tapu Lele|51/100|[from] Stealth Rock
|-fieldstart|move: Psychic Terrain|[from] ability: Psychic Surge|[of] p2a: Tapu Lele
|turn|25
|
|t:|1711936258
|move|p2a: Tapu Lele|Moonblast|p1a: Rotom
|-damage|p1a: Rotom|0 fnt
|faint|p1a: Rotom
|
|-weather|none
|upkeep
|
|t:|1711936262
|switch|p1a: Clefable|Clefable, M|94/100
|turn|26
|
|t:|1711936270
|move|p2a: Tapu Lele|Moonblast|p1a: Clefable
|-damage|p1a: Clefable|17/100
|move|p1a: Clefable|Knock Off|p2a: Tapu Lele
|-damage|p2a: Tapu Lele|27/100
|-enditem|p2a: Tapu Lele|Choice Specs|[from] move: Knock Off|[of] p1a: Clefable
|
|upkeep
|turn|27
|
|t:|1711936283
|move|p2a: Tapu Lele|Moonblast|p1a: Clefable
|-damage|p1a: Clefable|0 fnt
|faint|p1a: Clefable
|
|upkeep
|
|t:|1711936286
|switch|p1a: Excadrill|Excadrill, M|45/100
|-damage|p1a: Excadrill|41/100|[from] Stealth Rock
|turn|28
|l| nudili
|j| nudili
|l| whis get the
|
|t:|1711936324
|switch|p2a: Blacephalon|Blacephalon|100/100
|-damage|p2a: Blacephalon|76/100|[from] Stealth Rock
|move|p1a: Excadrill|Rapid Spin|p2a: Blacephalon
|-immune|p2a: Blacephalon
|
|-heal|p1a: Excadrill|48/100|[from] item: Leftovers
|upkeep
|turn|29
|inactive|outz u has 270 seconds left.
|
|t:|1711936355
|switch|p2a: Landorus|Landorus-Therian, M|67/100
|-damage|p2a: Landorus|54/100|[from] Stealth Rock
|-ability|p2a: Landorus|Intimidate|boost
|-unboost|p1a: Excadrill|atk|1
|move|p1a: Excadrill|Rapid Spin|p2a: Landorus
|-damage|p2a: Landorus|41/100
|-boost|p1a: Excadrill|spe|1
|-sideend|p1: orasz soviet|Stealth Rock|[from] move: Rapid Spin|[of] p1a: Excadrill
|
|-heal|p1a: Excadrill|54/100|[from] item: Leftovers
|-heal|p2a: Landorus|47/100|[from] item: Leftovers
|-fieldend|move: Psychic Terrain
|upkeep
|turn|30
|
|t:|1711936367
|move|p1a: Excadrill|Swords Dance|p1a: Excadrill
|-boost|p1a: Excadrill|atk|2
|move|p2a: Landorus|U-turn|p1a: Excadrill
|-resisted|p1a: Excadrill
|-crit|p1a: Excadrill
|-damage|p1a: Excadrill|26/100
|l| nudili
|j| nudili
|
|t:|1711936374
|switch|p2a: Blacephalon|Blacephalon|76/100|[from] U-turn
|-damage|p2a: Blacephalon|51/100|[from] Stealth Rock
|
|-heal|p1a: Excadrill|32/100|[from] item: Leftovers
|upkeep
|turn|31
|j| whis get the
|j| venesha
|
|t:|1711936382
|switch|p2a: Landorus|Landorus-Therian, M|47/100
|-damage|p2a: Landorus|35/100|[from] Stealth Rock
|-ability|p2a: Landorus|Intimidate|boost
|-unboost|p1a: Excadrill|atk|1
|move|p1a: Excadrill|Iron Head|p2a: Landorus
|-damage|p2a: Landorus|0 fnt
|faint|p2a: Landorus
|
|-heal|p1a: Excadrill|38/100|[from] item: Leftovers
|upkeep
|
|t:|1711936385
|switch|p2a: Melmetal|Melmetal|74/100
|-damage|p2a: Melmetal|68/100|[from] Stealth Rock
|turn|32
|l| nudili
|inactive|outz u has 270 seconds left.
|inactive|orasz soviet has 270 seconds left.
|
|t:|1711936429
|switch|p1a: Tangrowth|Tangrowth, M, shiny|78/100
|move|p2a: Melmetal|Double Iron Bash|p1a: Tangrowth
|-damage|p1a: Tangrowth|56/100
|-damage|p1a: Tangrowth|31/100
|-hitcount|p1a: Tangrowth|2
|
|-heal|p2a: Melmetal|74/100|[from] item: Leftovers
|upkeep
|turn|33
|l| venesha
|
|t:|1711936439
|move|p2a: Melmetal|Protect|p2a: Melmetal
|-singleturn|p2a: Melmetal|Protect
|move|p1a: Tangrowth|Sleep Powder|p2a: Melmetal
|-activate|p2a: Melmetal|move: Protect
|
|-heal|p2a: Melmetal|80/100|[from] item: Leftovers
|upkeep
|turn|34
|l| whis get the
|inactive|outz u has 270 seconds left.
|j| nudili
|
|t:|1711936459
|switch|p2a: Blacephalon|Blacephalon|51/100
|-damage|p2a: Blacephalon|26/100|[from] Stealth Rock
|move|p1a: Tangrowth|Sleep Powder|p2a: Blacephalon
|-status|p2a: Blacephalon|slp|[from] move: Sleep Powder
|
|upkeep
|turn|35
|inactive|outz u has 270 seconds left.
|j| venesha
|
|t:|1711936475
|switch|p1a: Tyranitar|Tyranitar, M|88/100
|-weather|Sandstorm|[from] ability: Sand Stream|[of] p1a: Tyranitar
|cant|p2a: Blacephalon|slp
|
|-weather|Sandstorm|[upkeep]
|-damage|p2a: Blacephalon|20/100 slp|[from] Sandstorm
|upkeep
|turn|36
|
|t:|1711936479
|cant|p2a: Blacephalon|slp
|move|p1a: Tyranitar|Crunch|p2a: Blacephalon
|-supereffective|p2a: Blacephalon
|-damage|p2a: Blacephalon|0 fnt
|faint|p2a: Blacephalon
|
|-weather|Sandstorm|[upkeep]
|upkeep
|j| whis get the
|l| venesha
|
|t:|1711936487
|switch|p2a: Melmetal|Melmetal|80/100
|-damage|p2a: Melmetal|74/100|[from] Stealth Rock
|turn|37
|l| nudili
|inactive|outz u has 270 seconds left.
|
|t:|1711936517
|switch|p1a: Tangrowth|Tangrowth, M, shiny|65/100
|move|p2a: Melmetal|Double Iron Bash|p1a: Tangrowth
|-damage|p1a: Tangrowth|40/100
|-damage|p1a: Tangrowth|16/100
|-hitcount|p1a: Tangrowth|2
|
|-weather|Sandstorm|[upkeep]
|-damage|p1a: Tangrowth|10/100|[from] Sandstorm
|-heal|p2a: Melmetal|80/100|[from] item: Leftovers
|upkeep
|turn|38
|
|t:|1711936524
|move|p2a: Melmetal|Protect|p2a: Melmetal
|-singleturn|p2a: Melmetal|Protect
|move|p1a: Tangrowth|Focus Blast|p2a: Melmetal
|-activate|p2a: Melmetal|move: Protect
|
|-weather|Sandstorm|[upkeep]
|-damage|p1a: Tangrowth|4/100|[from] Sandstorm
|-heal|p2a: Melmetal|87/100|[from] item: Leftovers
|upkeep
|turn|39
|j| venesha
|
|t:|1711936534
|move|p1a: Tangrowth|Focus Blast|p2a: Melmetal|[miss]
|-miss|p1a: Tangrowth|p2a: Melmetal
|move|p2a: Melmetal|Double Iron Bash|p1a: Tangrowth
|-damage|p1a: Tangrowth|0 fnt
|faint|p1a: Tangrowth
|-hitcount|p1: Tangrowth|1
|
|-weather|none
|-heal|p2a: Melmetal|93/100|[from] item: Leftovers
|upkeep
|l| venesha
|
|t:|1711936543
|switch|p1a: Tyranitar|Tyranitar, M|88/100
|-weather|Sandstorm|[from] ability: Sand Stream|[of] p1a: Tyranitar
|turn|40
|l|☆orasz soviet
|inactive|orasz soviet disconnected and has 300 seconds to reconnect!
|player|p1|
|j|☆orasz soviet
|inactive|orasz soviet reconnected and has 300 seconds left.
|player|p1|orasz soviet|ogreclan
|
|t:|1711936555
|move|p2a: Melmetal|Protect|p2a: Melmetal
|-singleturn|p2a: Melmetal|Protect
|move|p1a: Tyranitar|Fire Punch|p2a: Melmetal
|-activate|p2a: Melmetal|move: Protect
|
|-weather|Sandstorm|[upkeep]
|-heal|p2a: Melmetal|99/100|[from] item: Leftovers
|upkeep
|turn|41
|j| nudili
|j| venesha
|c| venesha|save time
|inactive|outz u has 270 seconds left.
|l| whis get the
|
|t:|1711936605
|move|p1a: Tyranitar|Fire Punch|p2a: Melmetal
|-supereffective|p2a: Melmetal
|-damage|p2a: Melmetal|49/100
|move|p2a: Melmetal|Thunder Punch|p1a: Tyranitar
|-damage|p1a: Tyranitar|55/100
|
|-weather|Sandstorm|[upkeep]
|-heal|p2a: Melmetal|55/100|[from] item: Leftovers
|upkeep
|turn|42
|inactive|outz u has 240 seconds left.
|j| whis get the
|l| venesha
|
|t:|1711936631
|switch|p1a: Excadrill|Excadrill, M|38/100
|move|p2a: Melmetal|Protect||[still]
|-fail|p2a: Melmetal
|
|-weather|Sandstorm|[upkeep]
|-heal|p1a: Excadrill|44/100|[from] item: Leftovers
|-heal|p2a: Melmetal|62/100|[from] item: Leftovers
|upkeep
|turn|43
|inactive|outz u has 240 seconds left.
|
|t:|1711936640
|move|p2a: Melmetal|Protect|p2a: Melmetal
|-singleturn|p2a: Melmetal|Protect
|move|p1a: Excadrill|Earthquake|p2a: Melmetal
|-activate|p2a: Melmetal|move: Protect
|
|-weather|Sandstorm|[upkeep]
|-heal|p1a: Excadrill|50/100|[from] item: Leftovers
|-heal|p2a: Melmetal|68/100|[from] item: Leftovers
|upkeep
|turn|44
|inactive|outz u has 240 seconds left.
|l| whis get the
|
|t:|1711936676
|move|p1a: Excadrill|Earthquake|p2a: Melmetal
|-supereffective|p2a: Melmetal
|-damage|p2a: Melmetal|0 fnt
|faint|p2a: Melmetal
|
|-weather|none
|-heal|p1a: Excadrill|56/100|[from] item: Leftovers
|upkeep
|
|t:|1711936679
|switch|p2a: Tapu Lele|Tapu Lele|27/100
|-damage|p2a: Tapu Lele|15/100|[from] Stealth Rock
|-fieldstart|move: Psychic Terrain|[from] ability: Psychic Surge|[of] p2a: Tapu Lele
|turn|45
|l| nudili
|
|t:|1711936693
|switch|p1a: Tyranitar|Tyranitar, M|55/100
|-weather|Sandstorm|[from] ability: Sand Stream|[of] p1a: Tyranitar
|move|p2a: Tapu Lele|Thunderbolt|p1a: Tyranitar
|-damage|p1a: Tyranitar|33/100
|
|-weather|Sandstorm|[upkeep]
|-damage|p2a: Tapu Lele|9/100|[from] Sandstorm
|upkeep
|turn|46
|
|t:|1711936697
|move|p2a: Tapu Lele|Moonblast|p1a: Tyranitar
|-supereffective|p1a: Tyranitar
|-damage|p1a: Tyranitar|0 fnt
|faint|p1a: Tyranitar
|
|-weather|Sandstorm|[upkeep]
|-damage|p2a: Tapu Lele|3/100|[from] Sandstorm
|upkeep
|j| nudili
|
|t:|1711936702
|switch|p1a: Excadrill|Excadrill, M|56/100
|turn|47
|
|t:|1711936703
|move|p1a: Excadrill|Rapid Spin|p2a: Tapu Lele
|-damage|p2a: Tapu Lele|0 fnt
|-boost|p1a: Excadrill|spe|1
|faint|p2a: Tapu Lele
|
|win|orasz soviet
|l| nudili
|j| whis get the
|l| whis get the
|l|☆outz u
|player|p2|
|l|☆orasz soviet
|player|p1|
|j|☆orasz soviet
|player|p1|orasz soviet|ogreclan
|l|☆orasz soviet
|player|p1|
|j|☆orasz soviet
|player|p1|orasz soviet|ogreclan
