|j|☆1vnfe happy man
|j|☆TotalCooper
|inactive|Battle timer is ON: inactive players will automatically lose when time's up.
|t:|1711921211
|gametype|singles
|player|p1|1vnfe happy man|burnet|
|player|p2|TotalCooper|169|
|teamsize|p1|1
|teamsize|p2|1
|gen|9
|tier|[Gen 9] Almost Any Ability
|rated|Tournament battle
|rule|Species Clause: Limit one of each Pokémon
|rule|OHKO Clause: OHKO moves are banned
|rule|Evasion Moves Clause: Evasion moves are banned
|rule|Endless Battle Clause: Forcing endless battles is banned
|rule|HP Percentage Mod: HP is shown in percentages
|rule|1 Ability Clause: Limit 1 of each ability
|rule|Sleep Moves Clause: Sleep-inducing moves are banned
|rule|Terastal Clause: You cannot Terastallize
|clearpoke
|poke|p1|Maushold-Four|
|poke|p2|Maushold|
|teampreview
|j|*Lady Monita ❆
|inactive|TotalCooper also wants the timer to be on.
|inactive|1vnfe happy man also wants the timer to be on.
|j| bergenser
|j| SunlightAndStorms
|
|t:|1711921217
|start
|switch|p1a: Maushold|Maushold-Four|100/100
|switch|p2a: Maushold|Maushold|100/100
|turn|1
|
|t:|1711921221
|move|p2a: Maushold|Baby-Doll Eyes|p1a: Maushold
|-unboost|p1a: Maushold|atk|1
|move|p1a: Maushold|Tickle|p2a: Maushold
|-unboost|p2a: Maushold|atk|1
|-unboost|p2a: Maushold|def|1
|
|upkeep
|turn|2
|
|t:|1711921230
|move|p2a: Maushold|Baby-Doll Eyes|p1a: Maushold
|-unboost|p1a: Maushold|atk|1
|move|p1a: Maushold|Encore|p2a: Maushold
|-start|p2a: Maushold|Encore
|
|upkeep
|turn|3
|
|t:|1711921233
|move|p2a: Maushold|Baby-Doll Eyes|p1a: Maushold
|-unboost|p1a: Maushold|atk|1
|move|p1a: Maushold|Low Sweep|p2a: Maushold
|-supereffective|p2a: Maushold
|-damage|p2a: Maushold|91/100
|-unboost|p2a: Maushold|spe|1
|
|-heal|p2a: Maushold|97/100|[from] item: Leftovers
|upkeep
|turn|4
|
|t:|1711921240
|move|p1a: Maushold|Tickle|p2a: Maushold
|-unboost|p2a: Maushold|atk|1
|-unboost|p2a: Maushold|def|1
|move|p2a: Maushold|Baby-Doll Eyes|p1a: Maushold
|-unboost|p1a: Maushold|atk|1
|
|-heal|p2a: Maushold|100/100|[from] item: Leftovers
|upkeep
|turn|5
|
|t:|1711921242
|move|p1a: Maushold|Tickle|p2a: Maushold
|-unboost|p2a: Maushold|atk|1
|-unboost|p2a: Maushold|def|1
|move|p2a: Maushold|Baby-Doll Eyes|p1a: Maushold
|-unboost|p1a: Maushold|atk|1
|
|-end|p2a: Maushold|Encore
|upkeep
|turn|6
|
|t:|1711921245
|move|p1a: Maushold|Encore|p2a: Maushold
|-start|p2a: Maushold|Encore
|move|p2a: Maushold|Baby-Doll Eyes|p1a: Maushold
|-unboost|p1a: Maushold|atk|1
|
|upkeep
|turn|7
|
|t:|1711921248
|move|p1a: Maushold|Tickle|p2a: Maushold
|-unboost|p2a: Maushold|atk|1
|-unboost|p2a: Maushold|def|1
|move|p2a: Maushold|Baby-Doll Eyes|p1a: Maushold
|-unboost|p1a: Maushold|atk|0
|
|upkeep
|turn|8
|
|t:|1711921250
|move|p1a: Maushold|Tickle|p2a: Maushold
|-unboost|p2a: Maushold|atk|1
|-unboost|p2a: Maushold|def|1
|move|p2a: Maushold|Baby-Doll Eyes|p1a: Maushold
|-unboost|p1a: Maushold|atk|0
|
|-end|p2a: Maushold|Encore
|upkeep
|turn|9
|
|t:|1711921253
|move|p1a: Maushold|Encore|p2a: Maushold
|-start|p2a: Maushold|Encore
|move|p2a: Maushold|Baby-Doll Eyes|p1a: Maushold
|-unboost|p1a: Maushold|atk|0
|
|upkeep
|turn|10
|
|t:|1711921255
|move|p1a: Maushold|Tickle|p2a: Maushold
|-unboost|p2a: Maushold|atk|1
|-unboost|p2a: Maushold|def|1
|move|p2a: Maushold|Baby-Doll Eyes|p1a: Maushold
|-unboost|p1a: Maushold|atk|0
|
|upkeep
|turn|11
|
|t:|1711921256
|move|p2a: Maushold|Baby-Doll Eyes|p1a: Maushold
|-unboost|p1a: Maushold|atk|0
|move|p1a: Maushold|Low Sweep|p2a: Maushold
|-supereffective|p2a: Maushold
|-damage|p2a: Maushold|86/100
|-unboost|p2a: Maushold|spe|1
|
|-heal|p2a: Maushold|92/100|[from] item: Leftovers
|-end|p2a: Maushold|Encore
|upkeep
|turn|12
|
|t:|1711921262
|move|p1a: Maushold|Low Sweep|p2a: Maushold
|-supereffective|p2a: Maushold
|-damage|p2a: Maushold|77/100
|-unboost|p2a: Maushold|spe|1
|move|p2a: Maushold|Super Fang|p1a: Maushold
|-damage|p1a: Maushold|50/100
|-damage|p2a: Maushold|60/100|[from] item: Rocky Helmet|[of] p1a: Maushold
|
|-heal|p2a: Maushold|66/100|[from] item: Leftovers
|upkeep
|turn|13
|
|t:|1711921271
|move|p1a: Maushold|Encore|p2a: Maushold
|-start|p2a: Maushold|Encore
|move|p2a: Maushold|Super Fang|p1a: Maushold
|-damage|p1a: Maushold|25/100
|-damage|p2a: Maushold|50/100|[from] item: Rocky Helmet|[of] p1a: Maushold
|
|-heal|p2a: Maushold|56/100|[from] item: Leftovers
|upkeep
|turn|14
|
|t:|1711921275
|move|p1a: Maushold|Low Sweep|p2a: Maushold
|-supereffective|p2a: Maushold
|-damage|p2a: Maushold|40/100
|-unboost|p2a: Maushold|spe|1
|move|p2a: Maushold|Super Fang|p1a: Maushold|[miss]
|-miss|p2a: Maushold|p1a: Maushold
|
|-heal|p2a: Maushold|46/100|[from] item: Leftovers
|upkeep
|turn|15
|j| EvilGoos33
|
|t:|1711921281
|move|p1a: Maushold|Low Sweep|p2a: Maushold
|-supereffective|p2a: Maushold
|-damage|p2a: Maushold|30/100
|-unboost|p2a: Maushold|spe|1
|move|p2a: Maushold|Super Fang|p1a: Maushold
|-damage|p1a: Maushold|13/100
|-damage|p2a: Maushold|14/100|[from] item: Rocky Helmet|[of] p1a: Maushold
|
|-heal|p2a: Maushold|20/100|[from] item: Leftovers
|-end|p2a: Maushold|Encore
|upkeep
|turn|16
|
|t:|1711921297
|move|p1a: Maushold|Encore|p2a: Maushold
|-start|p2a: Maushold|Encore
|move|p2a: Maushold|Super Fang|p1a: Maushold
|-damage|p1a: Maushold|7/100
|-damage|p2a: Maushold|3/100|[from] item: Rocky Helmet|[of] p1a: Maushold
|
|-heal|p2a: Maushold|10/100|[from] item: Leftovers
|upkeep
|turn|17
|
|t:|1711921302
|move|p1a: Maushold|Low Sweep|p2a: Maushold
|-supereffective|p2a: Maushold
|-damage|p2a: Maushold|0 fnt
|faint|p2a: Maushold
|
|win|1vnfe happy man
|n|☆1vnfe happy man|1vnfehappyman
|n|☆TotalCooper|totalcooper
|n|*Lady Monita ❆|ladymonita
|n| bergenser|bergenser
|n| SunlightAndStorms|sunlightandstorms
|n| EvilGoos33|evilgoos33
