|inactive|Battle timer is ON: inactive players will automatically lose when time's up.
|t:|1711919442
|gametype|singles
|player|p1|Betticus IV|102|
|player|p2|DeepFriedMagikarp|266|
|teamsize|p1|6
|teamsize|p2|6
|gen|9
|tier|[Gen 9] Almost Any Ability
|rule|Species Clause: Limit one of each Pokémon
|rule|OHKO Clause: OHKO moves are banned
|rule|Evasion Moves Clause: Evasion moves are banned
|rule|Endless Battle Clause: Forcing endless battles is banned
|rule|HP Percentage Mod: HP is shown in percentages
|rule|1 Ability Clause: Limit 1 of each ability
|rule|Sleep Moves Clause: Sleep-inducing moves are banned
|rule|Terastal Clause: You cannot Terastallize
|clearpoke
|poke|p1|Roaring Moon|
|poke|p1|Corviknight, F|
|poke|p1|Manaphy|
|poke|p1|Empoleon, F|
|poke|p1|Gengar, M|
|poke|p1|Deoxys-Speed|
|poke|p2|Dragonite, F|
|poke|p2|Ogerpon-Wellspring, F|
|poke|p2|Swampert, M|
|poke|p2|Kingambit, F|
|poke|p2|Corviknight, M|
|poke|p2|Gholdengo|
|teampreview
|c|☆Betticus IV|glhf
|c|☆DeepFriedMagikarp|u2
|
|t:|1711919455
|start
|switch|p1a: Roaring Moon|Roaring Moon|100/100
|switch|p2a: Swampert|Swampert, M|100/100
|-ability|p1a: Roaring Moon|Sword of Ruin
|turn|1
|
|t:|1711919460
|switch|p2a: Corviknight|Corviknight, M|100/100
|move|p1a: Roaring Moon|Knock Off|p2a: Corviknight
|-damage|p2a: Corviknight|81/100
|-damage|p1a: Roaring Moon|84/100|[from] item: Rocky Helmet|[of] p2a: Corviknight
|-enditem|p2a: Corviknight|Rocky Helmet|[from] move: Knock Off|[of] p1a: Roaring Moon
|
|upkeep
|turn|2
|
|t:|1711919467
|move|p1a: Roaring Moon|Knock Off|p2a: Corviknight
|-damage|p2a: Corviknight|66/100
|move|p2a: Corviknight|U-turn|p1a: Roaring Moon
|-supereffective|p1a: Roaring Moon
|-damage|p1a: Roaring Moon|46/100
|inactive|DeepFriedMagikarp has 270 seconds left.
|inactive|DeepFriedMagikarp has 240 seconds left.
|
|t:|1711919547
|switch|p2a: Kingambit|Kingambit, F|100/100|[from] U-turn
|
|upkeep
|turn|3
|
|t:|1711919550
|switch|p1a: Corviknight|Corviknight, F|100/100
|move|p2a: Kingambit|Swords Dance|p2a: Kingambit
|-boost|p2a: Kingambit|atk|2
|
|upkeep
|turn|4
|inactive|DeepFriedMagikarp has 240 seconds left.
|
|t:|1711919557
|switch|p2a: Gholdengo|Gholdengo|100/100
|move|p1a: Corviknight|U-turn|p2a: Gholdengo
|-resisted|p2a: Gholdengo
|-damage|p2a: Gholdengo|96/100
|
|t:|1711919561
|switch|p1a: Empoleon|Empoleon, F, shiny|100/100|[from] U-turn
|
|upkeep
|turn|5
|
|t:|1711919567
|switch|p2a: Swampert|Swampert, M|100/100
|move|p1a: Empoleon|Flip Turn|p2a: Swampert
|-damage|p2a: Swampert|83/100
|
|t:|1711919571
|switch|p1a: Roaring Moon|Roaring Moon|46/100|[from] Flip Turn
|-ability|p1a: Roaring Moon|Sword of Ruin
|
|upkeep
|turn|6
|
|t:|1711919588
|move|p1a: Roaring Moon|Roost|p1a: Roaring Moon
|-heal|p1a: Roaring Moon|96/100
|-singleturn|p1a: Roaring Moon|move: Roost
|move|p2a: Swampert|Knock Off|p1a: Roaring Moon
|-resisted|p1a: Roaring Moon
|-damage|p1a: Roaring Moon|82/100
|-enditem|p1a: Roaring Moon|Heavy-Duty Boots|[from] move: Knock Off|[of] p2a: Swampert
|
|upkeep
|turn|7
|
|t:|1711919592
|switch|p2a: Corviknight|Corviknight, M|66/100
|move|p1a: Roaring Moon|Knock Off|p2a: Corviknight
|-damage|p2a: Corviknight|52/100
|
|upkeep
|turn|8
|
|t:|1711919595
|switch|p1a: Corviknight|Corviknight, F|100/100
|move|p2a: Corviknight|Roost|p2a: Corviknight
|-heal|p2a: Corviknight|100/100
|-singleturn|p2a: Corviknight|move: Roost
|
|upkeep
|turn|9
|
|t:|1711919598
|move|p1a: Corviknight|U-turn|p2a: Corviknight
|-resisted|p2a: Corviknight
|-damage|p2a: Corviknight|99/100
|
|t:|1711919608
|switch|p1a: Gengar|Gengar, M, shiny|100/100|[from] U-turn
|move|p2a: Corviknight|U-turn|p1a: Gengar
|-resisted|p1a: Gengar
|-damage|p1a: Gengar|93/100
|
|t:|1711919612
|switch|p2a: Gholdengo|Gholdengo|96/100|[from] U-turn
|
|upkeep
|turn|10
|
|t:|1711919615
|switch|p2a: Ogerpon|Ogerpon-Wellspring, F|100/100
|-ability|p2a: Ogerpon|Sword of Ruin
|switch|p1a: Empoleon|Empoleon, F, shiny|100/100
|
|upkeep
|turn|11
|
|t:|1711919625
|move|p2a: Ogerpon|Ivy Cudgel|p1a: Empoleon|[anim] Ivy Cudgel Water
|-resisted|p1a: Empoleon
|-crit|p1a: Empoleon
|-damage|p1a: Empoleon|36/100
|move|p1a: Empoleon|Flip Turn|p2a: Ogerpon
|-resisted|p2a: Ogerpon
|-damage|p2a: Ogerpon|95/100
|
|t:|1711919631
|switch|p1a: Roaring Moon|Roaring Moon|82/100|[from] Flip Turn
|-ability|p1a: Roaring Moon|Sword of Ruin
|
|upkeep
|turn|12
|
|t:|1711919637
|switch|p2a: Corviknight|Corviknight, M|99/100
|move|p1a: Roaring Moon|U-turn|p2a: Corviknight
|-resisted|p2a: Corviknight
|-crit|p2a: Corviknight
|-damage|p2a: Corviknight|96/100
|
|t:|1711919642
|switch|p1a: Gengar|Gengar, M, shiny|93/100|[from] U-turn
|
|upkeep
|turn|13
|
|t:|1711919647
|switch|p2a: Swampert|Swampert, M|100/100
|move|p1a: Gengar|Will-O-Wisp|p2a: Swampert
|-status|p2a: Swampert|brn
|
|-damage|p2a: Swampert|94/100 brn|[from] brn
|upkeep
|turn|14
|
|t:|1711919659
|switch|p1a: Manaphy|Manaphy, shiny|100/100
|move|p2a: Swampert|Flip Turn|p1a: Manaphy
|-resisted|p1a: Manaphy
|-damage|p1a: Manaphy|97/100
|
|t:|1711919661
|switch|p2a: Ogerpon|Ogerpon-Wellspring, F|95/100|[from] Flip Turn
|-ability|p2a: Ogerpon|Sword of Ruin
|
|upkeep
|turn|15
|
|t:|1711919669
|move|p2a: Ogerpon|Ivy Cudgel|p1a: Manaphy|[anim] Ivy Cudgel Water
|-resisted|p1a: Manaphy
|-crit|p1a: Manaphy
|-damage|p1a: Manaphy|60/100
|move|p1a: Manaphy|U-turn|p2a: Ogerpon
|-supereffective|p2a: Ogerpon
|-damage|p2a: Ogerpon|51/100
|
|t:|1711919673
|switch|p1a: Roaring Moon|Roaring Moon|82/100|[from] U-turn
|-ability|p1a: Roaring Moon|Sword of Ruin
|
|upkeep
|turn|16
|inactive|DeepFriedMagikarp has 270 seconds left.
|
|t:|1711919723
|switch|p2a: Dragonite|Dragonite, F|100/100
|move|p1a: Roaring Moon|U-turn|p2a: Dragonite
|-resisted|p2a: Dragonite
|-damage|p2a: Dragonite|86/100
|
|t:|1711919726
|switch|p1a: Manaphy|Manaphy, shiny|94/100|[from] U-turn
|
|upkeep
|turn|17
|
|t:|1711919731
|switch|p2a: Corviknight|Corviknight, M|96/100
|move|p1a: Manaphy|Ice Beam|p2a: Corviknight
|-damage|p2a: Corviknight|76/100
|
|upkeep
|turn|18
|
|t:|1711919736
|move|p1a: Manaphy|Scald|p2a: Corviknight
|-damage|p2a: Corviknight|47/100
|-status|p2a: Corviknight|brn
|move|p2a: Corviknight|U-turn|p1a: Manaphy
|-damage|p1a: Manaphy|89/100
|
|t:|1711919739
|switch|p2a: Ogerpon|Ogerpon-Wellspring, F|51/100|[from] U-turn
|-ability|p2a: Ogerpon|Sword of Ruin
|
|upkeep
|turn|19
|
|t:|1711919745
|switch|p1a: Roaring Moon|Roaring Moon|82/100
|-ability|p1a: Roaring Moon|Sword of Ruin
|move|p2a: Ogerpon|Horn Leech|p1a: Roaring Moon
|-resisted|p1a: Roaring Moon
|-damage|p1a: Roaring Moon|56/100
|-heal|p2a: Ogerpon|67/100|[from] drain|[of] p1a: Roaring Moon
|
|upkeep
|turn|20
|
|t:|1711919753
|switch|p2a: Corviknight|Corviknight, M|47/100 brn
|move|p1a: Roaring Moon|U-turn|p2a: Corviknight
|-resisted|p2a: Corviknight
|-damage|p2a: Corviknight|45/100 brn
|
|t:|1711919755
|switch|p1a: Gengar|Gengar, M, shiny|93/100|[from] U-turn
|
|-damage|p2a: Corviknight|38/100 brn|[from] brn
|upkeep
|turn|21
|
|t:|1711919759
|switch|p2a: Swampert|Swampert, M|100/100 brn
|move|p1a: Gengar|Knock Off|p2a: Swampert
|-damage|p2a: Swampert|91/100 brn
|-enditem|p2a: Swampert|Assault Vest|[from] move: Knock Off|[of] p1a: Gengar
|
|-damage|p2a: Swampert|85/100 brn|[from] brn
|upkeep
|turn|22
|
|t:|1711919763
|move|p1a: Gengar|Hex|p2a: Swampert
|-damage|p2a: Swampert|30/100 brn
|move|p2a: Swampert|Knock Off|p1a: Gengar
|-supereffective|p1a: Gengar
|-damage|p1a: Gengar|48/100
|-enditem|p1a: Gengar|Heavy-Duty Boots|[from] move: Knock Off|[of] p2a: Swampert
|
|-damage|p2a: Swampert|24/100 brn|[from] brn
|upkeep
|turn|23
|
|t:|1711919774
|switch|p2a: Gholdengo|Gholdengo|96/100
|move|p1a: Gengar|Hex|p2a: Gholdengo
|-supereffective|p2a: Gholdengo
|-damage|p2a: Gholdengo|0 fnt
|faint|p2a: Gholdengo
|
|upkeep
|
|t:|1711919786
|switch|p2a: Dragonite|Dragonite, F|86/100
|turn|24
|
|t:|1711919789
|switch|p1a: Corviknight|Corviknight, F|100/100
|move|p2a: Dragonite|Extreme Speed|p1a: Corviknight
|-resisted|p1a: Corviknight
|-damage|p1a: Corviknight|83/100
|-damage|p2a: Dragonite|69/100|[from] item: Rocky Helmet|[of] p1a: Corviknight
|
|upkeep
|turn|25
|
|t:|1711919794
|move|p2a: Dragonite|Dragon Dance|p2a: Dragonite
|-boost|p2a: Dragonite|atk|1
|-boost|p2a: Dragonite|spe|1
|move|p1a: Corviknight|U-turn|p2a: Dragonite
|-resisted|p2a: Dragonite
|-damage|p2a: Dragonite|62/100
|
|t:|1711919797
|switch|p1a: Deoxys|Deoxys-Speed|100/100|[from] U-turn
|-fieldstart|move: Psychic Terrain|[from] ability: Psychic Surge|[of] p1a: Deoxys
|
|upkeep
|turn|26
|
|t:|1711919809
|switch|p2a: Kingambit|Kingambit, F|100/100
|move|p1a: Deoxys|Ice Beam|p2a: Kingambit
|-resisted|p2a: Kingambit
|-damage|p2a: Kingambit|87/100
|
|-heal|p2a: Kingambit|94/100|[from] item: Leftovers
|upkeep
|turn|27
|inactive|DeepFriedMagikarp has 270 seconds left.
|
|t:|1711919839
|switch|p2a: Swampert|Swampert, M|57/100 brn
|move|p1a: Deoxys|Superpower|p2a: Swampert
|-damage|p2a: Swampert|26/100 brn
|-unboost|p1a: Deoxys|atk|1
|-unboost|p1a: Deoxys|def|1
|
|-damage|p2a: Swampert|20/100 brn|[from] brn
|upkeep
|turn|28
|
|t:|1711919847
|switch|p2a: Kingambit|Kingambit, F|94/100
|move|p1a: Deoxys|Superpower|p2a: Kingambit
|-supereffective|p2a: Kingambit
|-damage|p2a: Kingambit|38/100
|-unboost|p1a: Deoxys|atk|1
|-unboost|p1a: Deoxys|def|1
|
|-heal|p2a: Kingambit|44/100|[from] item: Leftovers
|upkeep
|turn|29
|
|t:|1711919852
|switch|p1a: Corviknight|Corviknight, F|83/100
|move|p2a: Kingambit|Kowtow Cleave|p1a: Corviknight
|-damage|p1a: Corviknight|43/100
|-damage|p2a: Kingambit|28/100|[from] item: Rocky Helmet|[of] p1a: Corviknight
|
|-heal|p2a: Kingambit|34/100|[from] item: Leftovers
|-fieldend|move: Psychic Terrain
|upkeep
|turn|30
|
|t:|1711919856
|move|p1a: Corviknight|U-turn|p2a: Kingambit
|-damage|p2a: Kingambit|23/100
|
|t:|1711919859
|switch|p1a: Empoleon|Empoleon, F, shiny|36/100|[from] U-turn
|move|p2a: Kingambit|Swords Dance|p2a: Kingambit
|-boost|p2a: Kingambit|atk|2
|
|-heal|p2a: Kingambit|29/100|[from] item: Leftovers
|upkeep
|turn|31
|
|t:|1711919862
|move|p2a: Kingambit|Kowtow Cleave|p1a: Empoleon
|-damage|p1a: Empoleon|0 fnt
|faint|p1a: Empoleon
|
|-heal|p2a: Kingambit|36/100|[from] item: Leftovers
|upkeep
|
|t:|1711919865
|switch|p1a: Deoxys|Deoxys-Speed|100/100
|-fieldstart|move: Psychic Terrain|[from] ability: Psychic Surge|[of] p1a: Deoxys
|turn|32
|
|t:|1711919870
|switch|p2a: Swampert|Swampert, M|53/100 brn
|move|p1a: Deoxys|Superpower|p2a: Swampert
|-damage|p2a: Swampert|26/100 brn
|-unboost|p1a: Deoxys|atk|1
|-unboost|p1a: Deoxys|def|1
|
|-damage|p2a: Swampert|20/100 brn|[from] brn
|upkeep
|turn|33
|
|t:|1711919877
|move|p1a: Deoxys|Expanding Force|p2a: Swampert
|-damage|p2a: Swampert|0 fnt
|faint|p2a: Swampert
|
|upkeep
|
|t:|1711919881
|switch|p2a: Corviknight|Corviknight, M|38/100 brn
|turn|34
|
|t:|1711919885
|switch|p1a: Gengar|Gengar, M, shiny|48/100
|move|p2a: Corviknight|Roost|p2a: Corviknight
|-heal|p2a: Corviknight|88/100 brn
|-singleturn|p2a: Corviknight|move: Roost
|
|-damage|p2a: Corviknight|82/100 brn|[from] brn
|upkeep
|turn|35
|
|t:|1711919890
|switch|p2a: Ogerpon|Ogerpon-Wellspring, F|67/100
|-ability|p2a: Ogerpon|Sword of Ruin
|move|p1a: Gengar|Will-O-Wisp|p2a: Ogerpon
|-status|p2a: Ogerpon|brn
|
|-damage|p2a: Ogerpon|61/100 brn|[from] brn
|upkeep
|turn|36
|
|t:|1711919898
|switch|p1a: Manaphy|Manaphy, shiny|100/100
|move|p2a: Ogerpon|Horn Leech|p1a: Manaphy
|-supereffective|p1a: Manaphy
|-damage|p1a: Manaphy|63/100
|-heal|p2a: Ogerpon|86/100 brn|[from] drain|[of] p1a: Manaphy
|
|-damage|p2a: Ogerpon|80/100 brn|[from] brn
|-fieldend|move: Psychic Terrain
|upkeep
|turn|37
|
|t:|1711919902
|move|p2a: Ogerpon|Play Rough|p1a: Manaphy
|-damage|p1a: Manaphy|48/100
|move|p1a: Manaphy|U-turn|p2a: Ogerpon
|-supereffective|p2a: Ogerpon
|-damage|p2a: Ogerpon|40/100 brn
|
|t:|1711919905
|switch|p1a: Roaring Moon|Roaring Moon|56/100|[from] U-turn
|-ability|p1a: Roaring Moon|Sword of Ruin
|
|-damage|p2a: Ogerpon|34/100 brn|[from] brn
|upkeep
|turn|38
|
|t:|1711919919
|move|p1a: Roaring Moon|U-turn|p2a: Ogerpon
|-supereffective|p2a: Ogerpon
|-damage|p2a: Ogerpon|0 fnt
|faint|p2a: Ogerpon
|
|t:|1711919923
|switch|p1a: Deoxys|Deoxys-Speed|100/100|[from] U-turn
|-fieldstart|move: Psychic Terrain|[from] ability: Psychic Surge|[of] p1a: Deoxys
|
|upkeep
|
|t:|1711919926
|switch|p2a: Corviknight|Corviknight, M|82/100 brn
|turn|39
|
|t:|1711919930
|switch|p1a: Corviknight|Corviknight, F|43/100
|switch|p2a: Kingambit|Kingambit, F|36/100
|
|-heal|p2a: Kingambit|42/100|[from] item: Leftovers
|upkeep
|turn|40
|
|t:|1711919938
|move|p1a: Corviknight|Roost|p1a: Corviknight
|-heal|p1a: Corviknight|93/100
|-singleturn|p1a: Corviknight|move: Roost
|move|p2a: Kingambit|Kowtow Cleave|p1a: Corviknight
|-damage|p1a: Corviknight|51/100
|-damage|p2a: Kingambit|25/100|[from] item: Rocky Helmet|[of] p1a: Corviknight
|
|-heal|p2a: Kingambit|31/100|[from] item: Leftovers
|upkeep
|turn|41
|
|t:|1711919941
|move|p1a: Corviknight|U-turn|p2a: Kingambit
|-damage|p2a: Kingambit|22/100
|
|t:|1711919948
|switch|p1a: Roaring Moon|Roaring Moon|56/100|[from] U-turn
|-ability|p1a: Roaring Moon|Sword of Ruin
|move|p2a: Kingambit|Swords Dance|p2a: Kingambit
|-boost|p2a: Kingambit|atk|2
|
|-heal|p2a: Kingambit|28/100|[from] item: Leftovers
|upkeep
|turn|42
|
|t:|1711919953
|move|p1a: Roaring Moon|Knock Off|p2a: Kingambit
|-resisted|p2a: Kingambit
|-damage|p2a: Kingambit|4/100
|-enditem|p2a: Kingambit|Leftovers|[from] move: Knock Off|[of] p1a: Roaring Moon
|move|p2a: Kingambit|Kowtow Cleave|p1a: Roaring Moon
|-resisted|p1a: Roaring Moon
|-damage|p1a: Roaring Moon|0 fnt
|faint|p1a: Roaring Moon
|
|-fieldend|move: Psychic Terrain
|upkeep
|
|t:|1711919956
|switch|p1a: Deoxys|Deoxys-Speed|100/100
|-fieldstart|move: Psychic Terrain|[from] ability: Psychic Surge|[of] p1a: Deoxys
|turn|43
|
|t:|1711919960
|switch|p2a: Corviknight|Corviknight, M|82/100 brn
|move|p1a: Deoxys|Superpower|p2a: Corviknight
|-damage|p2a: Corviknight|73/100 brn
|-unboost|p1a: Deoxys|atk|1
|-unboost|p1a: Deoxys|def|1
|
|-damage|p2a: Corviknight|67/100 brn|[from] brn
|upkeep
|turn|44
|
|t:|1711919971
|switch|p1a: Corviknight|Corviknight, F|51/100
|switch|p2a: Dragonite|Dragonite, F|62/100
|
|upkeep
|turn|45
|
|t:|1711919976
|move|p2a: Dragonite|Dragon Dance|p2a: Dragonite
|-boost|p2a: Dragonite|atk|1
|-boost|p2a: Dragonite|spe|1
|move|p1a: Corviknight|U-turn|p2a: Dragonite
|-resisted|p2a: Dragonite
|-damage|p2a: Dragonite|56/100
|
|t:|1711919981
|switch|p1a: Manaphy|Manaphy, shiny|81/100|[from] U-turn
|
|upkeep
|turn|46
|
|t:|1711919983
|move|p2a: Dragonite|Roost|p2a: Dragonite
|-heal|p2a: Dragonite|100/100
|-singleturn|p2a: Dragonite|move: Roost
|move|p1a: Manaphy|Ice Beam|p2a: Dragonite
|-supereffective|p2a: Dragonite
|-damage|p2a: Dragonite|61/100
|-status|p2a: Dragonite|frz
|
|upkeep
|turn|47
|c|☆Betticus IV|mb
|c|☆DeepFriedMagikarp|immediately?
|c|☆DeepFriedMagikarp|on all of them
|c|☆DeepFriedMagikarp|thats tough
|
|t:|1711920006
|cant|p2a: Dragonite|frz
|move|p1a: Manaphy|Ice Beam|p2a: Dragonite
|-supereffective|p2a: Dragonite
|-damage|p2a: Dragonite|0 fnt
|faint|p2a: Dragonite
|
|-fieldend|move: Psychic Terrain
|upkeep
|-message|DeepFriedMagikarp forfeited.
|
|win|Betticus IV
