|inactive|Battle timer is ON: inactive players will automatically lose when time's up.
|t:|1711918533
|gametype|singles
|player|p1|Betticus IV|102|
|player|p2|DeepFriedMagikarp|266|
|teamsize|p1|6
|teamsize|p2|6
|gen|9
|tier|[Gen 9] Almost Any Ability
|rule|Species Clause: Limit one of each Pokémon
|rule|OHKO Clause: OHKO moves are banned
|rule|Evasion Moves Clause: Evasion moves are banned
|rule|Endless Battle Clause: Forcing endless battles is banned
|rule|HP Percentage Mod: HP is shown in percentages
|rule|1 Ability Clause: Limit 1 of each ability
|rule|Sleep Moves Clause: Sleep-inducing moves are banned
|rule|Terastal Clause: You cannot Terastallize
|clearpoke
|poke|p1|Roaring Moon|
|poke|p1|Scream Tail|
|poke|p1|Iron Moth|
|poke|p1|Skarmory, M|
|poke|p1|Great Tusk|
|poke|p1|Barraskewda, M|
|poke|p2|Dragonite, M|
|poke|p2|Ogerpon-Wellspring, F|
|poke|p2|Swampert, F|
|poke|p2|Kingambit, F|
|poke|p2|Corviknight, M|
|poke|p2|Gholdengo|
|teampreview
|c|☆Betticus IV|glhf
|c|☆DeepFriedMagikarp|glhf
|
|t:|1711918562
|start
|switch|p1a: Barraskewda|Barraskewda, M, shiny|100/100
|switch|p2a: Ogerpon|Ogerpon-Wellspring, F|100/100
|-weather|PrimordialSea|[from] ability: Primordial Sea|[of] p1a: Barraskewda
|-ability|p2a: Ogerpon|Sword of Ruin
|turn|1
|
|t:|1711918591
|move|p1a: Barraskewda|Flip Turn|p2a: Ogerpon
|-resisted|p2a: Ogerpon
|-damage|p2a: Ogerpon|79/100
|
|t:|1711918595
|-weather|none
|switch|p1a: Roaring Moon|Roaring Moon|100/100|[from] Flip Turn
|move|p2a: Ogerpon|Stomping Tantrum|p1a: Roaring Moon
|-damage|p1a: Roaring Moon|53/100
|
|upkeep
|turn|2
|
|t:|1711918612
|switch|p2a: Corviknight|Corviknight, M|100/100
|move|p1a: Roaring Moon|U-turn|p2a: Corviknight
|-resisted|p2a: Corviknight
|-damage|p2a: Corviknight|99/100
|-damage|p1a: Roaring Moon|36/100|[from] item: Rocky Helmet|[of] p2a: Corviknight
|
|t:|1711918615
|switch|p1a: Iron Moth|Iron Moth|100/100|[from] U-turn
|-weather|DesolateLand|[from] ability: Desolate Land|[of] p1a: Iron Moth
|
|-weather|DesolateLand|[upkeep]
|upkeep
|turn|3
|
|t:|1711918620
|switch|p2a: Dragonite|Dragonite, M|100/100
|move|p1a: Iron Moth|Toxic Spikes|p2a: Dragonite
|-sidestart|p2: DeepFriedMagikarp|move: Toxic Spikes
|
|-weather|DesolateLand|[upkeep]
|upkeep
|turn|4
|
|t:|1711918626
|move|p1a: Iron Moth|U-turn|p2a: Dragonite
|-resisted|p2a: Dragonite
|-damage|p2a: Dragonite|96/100
|
|t:|1711918628
|-weather|none
|switch|p1a: Scream Tail|Scream Tail|100/100|[from] U-turn
|move|p2a: Dragonite|Dragon Dance|p2a: Dragonite
|-boost|p2a: Dragonite|atk|1
|-boost|p2a: Dragonite|spe|1
|
|upkeep
|turn|5
|
|t:|1711918633
|switch|p2a: Gholdengo|Gholdengo|100/100
|move|p1a: Scream Tail|Boomburst|p2a: Gholdengo
|-resisted|p2a: Gholdengo
|-damage|p2a: Gholdengo|76/100
|
|upkeep
|turn|6
|
|t:|1711918638
|switch|p1a: Roaring Moon|Roaring Moon|69/100
|move|p2a: Gholdengo|Trick|p1a: Roaring Moon
|-activate|p2a: Gholdengo|move: Trick|[of] p1a: Roaring Moon
|-item|p1a: Roaring Moon|Choice Scarf|[from] move: Trick
|-item|p2a: Gholdengo|Assault Vest|[from] move: Trick
|
|upkeep
|turn|7
|
|t:|1711918645
|switch|p2a: Corviknight|Corviknight, M|99/100
|move|p1a: Roaring Moon|U-turn|p2a: Corviknight
|-resisted|p2a: Corviknight
|-damage|p2a: Corviknight|97/100
|-damage|p1a: Roaring Moon|53/100|[from] item: Rocky Helmet|[of] p2a: Corviknight
|
|t:|1711918648
|switch|p1a: Skarmory|Skarmory, M, shiny|100/100|[from] U-turn
|
|upkeep
|turn|8
|
|t:|1711918652
|move|p1a: Skarmory|Taunt|p2a: Corviknight
|-start|p2a: Corviknight|move: Taunt
|cant|p2a: Corviknight|move: Taunt|Defog
|
|upkeep
|turn|9
|
|t:|1711918664
|switch|p2a: Kingambit|Kingambit, F|100/100
|move|p1a: Skarmory|Spikes|p2a: Kingambit
|-sidestart|p2: DeepFriedMagikarp|Spikes
|
|upkeep
|turn|10
|
|t:|1711918668
|move|p1a: Skarmory|Taunt|p2a: Kingambit
|-start|p2a: Kingambit|move: Taunt
|cant|p2a: Kingambit|move: Taunt|Swords Dance
|
|upkeep
|turn|11
|
|t:|1711918671
|move|p1a: Skarmory|Spikes|p2a: Kingambit
|-sidestart|p2: DeepFriedMagikarp|Spikes
|move|p2a: Kingambit|Kowtow Cleave|p1a: Skarmory
|-damage|p1a: Skarmory|58/100
|-enditem|p1a: Skarmory|Eject Button
|
|t:|1711918675
|switch|p1a: Great Tusk|Great Tusk, shiny|100/100
|
|upkeep
|turn|12
|
|t:|1711918678
|switch|p2a: Corviknight|Corviknight, M|97/100
|move|p1a: Great Tusk|Knock Off|p2a: Corviknight
|-damage|p2a: Corviknight|89/100
|-damage|p1a: Great Tusk|84/100|[from] item: Rocky Helmet|[of] p2a: Corviknight
|-enditem|p2a: Corviknight|Rocky Helmet|[from] move: Knock Off|[of] p1a: Great Tusk
|
|-heal|p1a: Great Tusk|90/100|[from] item: Leftovers
|upkeep
|turn|13
|
|t:|1711918682
|move|p1a: Great Tusk|Taunt|p2a: Corviknight
|-start|p2a: Corviknight|move: Taunt
|move|p2a: Corviknight|Brave Bird|p1a: Great Tusk
|-supereffective|p1a: Great Tusk
|-damage|p1a: Great Tusk|56/100
|-damage|p2a: Corviknight|77/100|[from] Recoil
|
|-heal|p1a: Great Tusk|63/100|[from] item: Leftovers
|upkeep
|turn|14
|
|t:|1711918689
|move|p1a: Great Tusk|Knock Off|p2a: Corviknight
|-damage|p2a: Corviknight|71/100
|move|p2a: Corviknight|U-turn|p1a: Great Tusk
|-resisted|p1a: Great Tusk
|-crit|p1a: Great Tusk
|-damage|p1a: Great Tusk|57/100
|
|t:|1711918716
|switch|p2a: Gholdengo|Gholdengo|76/100|[from] U-turn
|
|-heal|p1a: Great Tusk|63/100|[from] item: Leftovers
|upkeep
|turn|15
|
|t:|1711918719
|switch|p2a: Corviknight|Corviknight, M|71/100
|switch|p1a: Roaring Moon|Roaring Moon|86/100
|
|upkeep
|turn|16
|
|t:|1711918723
|switch|p1a: Iron Moth|Iron Moth|100/100
|-weather|DesolateLand|[from] ability: Desolate Land|[of] p1a: Iron Moth
|move|p2a: Corviknight|Defog|p1a: Iron Moth
|-unboost|p1a: Iron Moth|evasion|1
|-sideend|p2: DeepFriedMagikarp|Spikes|[from] move: Defog|[of] p2a: Corviknight
|-sideend|p2: DeepFriedMagikarp|Toxic Spikes|[from] move: Defog|[of] p2a: Corviknight
|
|-weather|DesolateLand|[upkeep]
|upkeep
|turn|17
|
|t:|1711918738
|switch|p2a: Dragonite|Dragonite, M|96/100
|move|p1a: Iron Moth|U-turn|p2a: Dragonite
|-resisted|p2a: Dragonite
|-damage|p2a: Dragonite|91/100
|
|t:|1711918740
|-weather|none
|switch|p1a: Scream Tail|Scream Tail|100/100|[from] U-turn
|
|upkeep
|turn|18
|
|t:|1711918743
|switch|p2a: Swampert|Swampert, F|100/100
|move|p1a: Scream Tail|Stealth Rock|p2a: Swampert
|-sidestart|p2: DeepFriedMagikarp|move: Stealth Rock
|
|upkeep
|turn|19
|
|t:|1711918751
|move|p1a: Scream Tail|Wish|p1a: Scream Tail
|move|p2a: Swampert|Flip Turn|p1a: Scream Tail
|-damage|p1a: Scream Tail|82/100
|
|t:|1711918754
|switch|p2a: Kingambit|Kingambit, F|100/100|[from] Flip Turn
|-damage|p2a: Kingambit|94/100|[from] Stealth Rock
|
|-heal|p1a: Scream Tail|88/100|[from] item: Leftovers
|-heal|p2a: Kingambit|100/100|[from] item: Leftovers
|upkeep
|turn|20
|
|t:|1711918758
|switch|p1a: Great Tusk|Great Tusk, shiny|63/100
|move|p2a: Kingambit|Iron Head|p1a: Great Tusk
|-damage|p1a: Great Tusk|33/100
|
|-heal|p1a: Great Tusk|83/100|[from] move: Wish|[wisher] Scream Tail
|-heal|p1a: Great Tusk|89/100|[from] item: Leftovers
|upkeep
|turn|21
|
|t:|1711918764
|switch|p2a: Corviknight|Corviknight, M|71/100
|-damage|p2a: Corviknight|59/100|[from] Stealth Rock
|move|p1a: Great Tusk|Earthquake|p2a: Corviknight
|-immune|p2a: Corviknight
|
|-heal|p1a: Great Tusk|96/100|[from] item: Leftovers
|upkeep
|turn|22
|
|t:|1711918768
|move|p1a: Great Tusk|Taunt|p2a: Corviknight
|-start|p2a: Corviknight|move: Taunt
|move|p2a: Corviknight|Brave Bird|p1a: Great Tusk
|-supereffective|p1a: Great Tusk
|-damage|p1a: Great Tusk|59/100
|-damage|p2a: Corviknight|46/100|[from] Recoil
|
|-heal|p1a: Great Tusk|65/100|[from] item: Leftovers
|upkeep
|turn|23
|
|t:|1711918772
|switch|p1a: Skarmory|Skarmory, M, shiny|58/100
|move|p2a: Corviknight|U-turn|p1a: Skarmory
|-resisted|p1a: Skarmory
|-damage|p1a: Skarmory|56/100
|inactive|DeepFriedMagikarp has 270 seconds left.
|
|t:|1711918814
|switch|p2a: Ogerpon|Ogerpon-Wellspring, F|79/100|[from] U-turn
|-damage|p2a: Ogerpon|67/100|[from] Stealth Rock
|-ability|p2a: Ogerpon|Sword of Ruin
|
|upkeep
|turn|24
|
|t:|1711918817
|switch|p1a: Roaring Moon|Roaring Moon|100/100
|move|p2a: Ogerpon|Play Rough|p1a: Roaring Moon|[miss]
|-miss|p2a: Ogerpon|p1a: Roaring Moon
|
|upkeep
|turn|25
|c|☆Betticus IV|mb
|c|☆DeepFriedMagikarp|mm thats hard
|inactive|DeepFriedMagikarp has 270 seconds left.
|
|t:|1711918837
|move|p1a: Roaring Moon|U-turn|p2a: Ogerpon
|-supereffective|p2a: Ogerpon
|-damage|p2a: Ogerpon|8/100
|
|t:|1711918843
|switch|p1a: Iron Moth|Iron Moth|100/100|[from] U-turn
|-weather|DesolateLand|[from] ability: Desolate Land|[of] p1a: Iron Moth
|move|p2a: Ogerpon|Ivy Cudgel||[still]
|-fail|p2a: Ogerpon|Ivy Cudgel|[from] Desolate Land
|
|-weather|DesolateLand|[upkeep]
|upkeep
|turn|26
|
|t:|1711918853
|-weather|none
|switch|p1a: Roaring Moon|Roaring Moon|100/100
|move|p2a: Ogerpon|Play Rough|p1a: Roaring Moon|[miss]
|-miss|p2a: Ogerpon|p1a: Roaring Moon
|
|upkeep
|turn|27
|c|☆DeepFriedMagikarp|mmm
|c|☆Betticus IV|mb again
|inactive|DeepFriedMagikarp has 270 seconds left.
|
|t:|1711918888
|switch|p2a: Dragonite|Dragonite, M|91/100
|move|p1a: Roaring Moon|U-turn|p2a: Dragonite
|-resisted|p2a: Dragonite
|-damage|p2a: Dragonite|81/100
|
|t:|1711918893
|switch|p1a: Scream Tail|Scream Tail|88/100|[from] U-turn
|
|-heal|p1a: Scream Tail|94/100|[from] item: Leftovers
|upkeep
|turn|28
|
|t:|1711918896
|switch|p2a: Swampert|Swampert, F|100/100
|-damage|p2a: Swampert|94/100|[from] Stealth Rock
|move|p1a: Scream Tail|Boomburst|p2a: Swampert
|-crit|p2a: Swampert
|-damage|p2a: Swampert|66/100
|
|-heal|p1a: Scream Tail|99/100|[from] item: Leftovers
|upkeep
|turn|29
|
|t:|1711918902
|switch|p1a: Great Tusk|Great Tusk, shiny|65/100
|move|p2a: Swampert|Knock Off|p1a: Great Tusk
|-resisted|p1a: Great Tusk
|-damage|p1a: Great Tusk|59/100
|-enditem|p1a: Great Tusk|Leftovers|[from] move: Knock Off|[of] p2a: Swampert
|
|upkeep
|turn|30
|
|t:|1711918906
|move|p1a: Great Tusk|Knock Off|p2a: Swampert
|-damage|p2a: Swampert|42/100
|-enditem|p2a: Swampert|Assault Vest|[from] move: Knock Off|[of] p1a: Great Tusk
|move|p2a: Swampert|Ice Beam|p1a: Great Tusk
|-supereffective|p1a: Great Tusk
|-damage|p1a: Great Tusk|14/100
|
|upkeep
|turn|31
|
|t:|1711918915
|switch|p1a: Barraskewda|Barraskewda, M, shiny|100/100
|-weather|PrimordialSea|[from] ability: Primordial Sea|[of] p1a: Barraskewda
|move|p2a: Swampert|Flip Turn|p1a: Barraskewda
|-resisted|p1a: Barraskewda
|-damage|p1a: Barraskewda|68/100
|
|t:|1711918919
|switch|p2a: Dragonite|Dragonite, M|81/100|[from] Flip Turn
|
|-weather|PrimordialSea|[upkeep]
|upkeep
|turn|32
|
|t:|1711918924
|-weather|none
|switch|p1a: Great Tusk|Great Tusk, shiny|14/100
|move|p2a: Dragonite|Extreme Speed|p1a: Great Tusk
|-supereffective|p1a: Great Tusk
|-damage|p1a: Great Tusk|0 fnt
|faint|p1a: Great Tusk
|
|upkeep
|
|t:|1711918927
|switch|p1a: Scream Tail|Scream Tail|99/100
|turn|33
|
|t:|1711918931
|switch|p1a: Barraskewda|Barraskewda, M, shiny|68/100
|-weather|PrimordialSea|[from] ability: Primordial Sea|[of] p1a: Barraskewda
|switch|p2a: Gholdengo|Gholdengo|76/100
|-damage|p2a: Gholdengo|70/100|[from] Stealth Rock
|
|-weather|PrimordialSea|[upkeep]
|upkeep
|turn|34
|
|t:|1711918944
|switch|p2a: Ogerpon|Ogerpon-Wellspring, F|8/100
|-damage|p2a: Ogerpon|0 fnt|[from] Stealth Rock
|faint|p2a: Ogerpon
|move|p1a: Barraskewda|Liquidation|p2: Ogerpon|[notarget]
|-fail|p1a: Barraskewda
|
|-weather|PrimordialSea|[upkeep]
|upkeep
|inactive|DeepFriedMagikarp has 270 seconds left.
|inactive|DeepFriedMagikarp has 240 seconds left.
|inactive|DeepFriedMagikarp has 210 seconds left.
|
|t:|1711919059
|switch|p2a: Kingambit|Kingambit, F|100/100
|-damage|p2a: Kingambit|94/100|[from] Stealth Rock
|turn|35
|
|t:|1711919067
|move|p2a: Kingambit|Sucker Punch|p1a: Barraskewda
|-damage|p1a: Barraskewda|0 fnt
|faint|p1a: Barraskewda
|-weather|none
|
|-heal|p2a: Kingambit|100/100|[from] item: Leftovers
|upkeep
|
|t:|1711919074
|switch|p1a: Iron Moth|Iron Moth|100/100
|-weather|DesolateLand|[from] ability: Desolate Land|[of] p1a: Iron Moth
|turn|36
|inactive|DeepFriedMagikarp has 180 seconds left.
|inactive|DeepFriedMagikarp has 150 seconds left.
|
|t:|1711919130
|switch|p2a: Swampert|Swampert, F|75/100
|-damage|p2a: Swampert|69/100|[from] Stealth Rock
|move|p1a: Iron Moth|Toxic Spikes|p2a: Swampert
|-sidestart|p2: DeepFriedMagikarp|move: Toxic Spikes
|
|-weather|DesolateLand|[upkeep]
|upkeep
|turn|37
|
|t:|1711919137
|move|p1a: Iron Moth|U-turn|p2a: Swampert
|-damage|p2a: Swampert|59/100
|
|t:|1711919140
|-weather|none
|switch|p1a: Skarmory|Skarmory, M, shiny|56/100|[from] U-turn
|move|p2a: Swampert|Flip Turn|p1a: Skarmory
|-damage|p1a: Skarmory|43/100
|
|t:|1711919153
|switch|p2a: Gholdengo|Gholdengo|70/100|[from] Flip Turn
|-damage|p2a: Gholdengo|64/100|[from] Stealth Rock
|
|upkeep
|turn|38
|
|t:|1711919157
|switch|p2a: Kingambit|Kingambit, F|100/100
|-damage|p2a: Kingambit|94/100|[from] Stealth Rock
|switch|p1a: Roaring Moon|Roaring Moon|100/100
|
|-heal|p2a: Kingambit|100/100|[from] item: Leftovers
|upkeep
|turn|39
|inactive|DeepFriedMagikarp has 150 seconds left.
|
|t:|1711919199
|switch|p2a: Dragonite|Dragonite, M|81/100
|move|p1a: Roaring Moon|Earthquake|p2a: Dragonite
|-immune|p2a: Dragonite
|
|upkeep
|turn|40
|
|t:|1711919202
|switch|p1a: Scream Tail|Scream Tail|99/100
|move|p2a: Dragonite|Dragon Dance|p2a: Dragonite
|-boost|p2a: Dragonite|atk|1
|-boost|p2a: Dragonite|spe|1
|
|-heal|p1a: Scream Tail|100/100|[from] item: Leftovers
|upkeep
|turn|41
|
|t:|1711919207
|switch|p2a: Gholdengo|Gholdengo|64/100
|-damage|p2a: Gholdengo|58/100|[from] Stealth Rock
|move|p1a: Scream Tail|Boomburst|p2a: Gholdengo
|-resisted|p2a: Gholdengo
|-damage|p2a: Gholdengo|41/100
|
|upkeep
|turn|42
|
|t:|1711919212
|switch|p1a: Roaring Moon|Roaring Moon|100/100
|move|p2a: Gholdengo|Make It Rain|p1a: Roaring Moon
|-damage|p1a: Roaring Moon|53/100
|-unboost|p2a: Gholdengo|spa|1
|
|upkeep
|turn|43
|
|t:|1711919218
|move|p2a: Gholdengo|Shadow Ball|p1a: Roaring Moon
|-resisted|p1a: Roaring Moon
|-damage|p1a: Roaring Moon|42/100
|move|p1a: Roaring Moon|Dragon Tail|p2a: Gholdengo
|-resisted|p2a: Gholdengo
|-damage|p2a: Gholdengo|27/100
|drag|p2a: Kingambit|Kingambit, F|100/100
|-damage|p2a: Kingambit|94/100|[from] Stealth Rock
|
|-heal|p2a: Kingambit|100/100|[from] item: Leftovers
|upkeep
|turn|44
|inactive|DeepFriedMagikarp has 180 seconds left.
|
|t:|1711919230
|move|p2a: Kingambit|Iron Head|p1a: Roaring Moon
|-damage|p1a: Roaring Moon|0 fnt
|faint|p1a: Roaring Moon
|
|upkeep
|
|t:|1711919232
|switch|p1a: Iron Moth|Iron Moth|100/100
|-weather|DesolateLand|[from] ability: Desolate Land|[of] p1a: Iron Moth
|turn|45
|inactive|DeepFriedMagikarp has 180 seconds left.
|inactive|DeepFriedMagikarp has 150 seconds left.
|
|t:|1711919282
|switch|p2a: Swampert|Swampert, F|93/100
|-damage|p2a: Swampert|86/100|[from] Stealth Rock
|-status|p2a: Swampert|psn
|move|p1a: Iron Moth|Flamethrower|p2a: Swampert
|-resisted|p2a: Swampert
|-crit|p2a: Swampert
|-damage|p2a: Swampert|52/100 psn
|
|-weather|DesolateLand|[upkeep]
|-damage|p2a: Swampert|39/100 psn|[from] psn
|upkeep
|turn|46
|
|t:|1711919305
|move|p1a: Iron Moth|U-turn|p2a: Swampert
|-damage|p2a: Swampert|30/100 psn
|
|t:|1711919308
|-weather|none
|switch|p1a: Skarmory|Skarmory, M, shiny|43/100|[from] U-turn
|move|p2a: Swampert|Knock Off|p1a: Skarmory
|-damage|p1a: Skarmory|33/100
|
|-damage|p2a: Swampert|17/100 psn|[from] psn
|upkeep
|turn|47
|
|t:|1711919312
|move|p1a: Skarmory|Roost|p1a: Skarmory
|-heal|p1a: Skarmory|83/100
|-singleturn|p1a: Skarmory|move: Roost
|move|p2a: Swampert|Flip Turn|p1a: Skarmory
|-damage|p1a: Skarmory|70/100
|inactive|DeepFriedMagikarp has 150 seconds left.
|
|t:|1711919338
|switch|p2a: Kingambit|Kingambit, F|100/100|[from] Flip Turn
|-damage|p2a: Kingambit|94/100|[from] Stealth Rock
|
|-heal|p2a: Kingambit|100/100|[from] item: Leftovers
|upkeep
|turn|48
|
|t:|1711919342
|move|p1a: Skarmory|Taunt|p2a: Kingambit
|-start|p2a: Kingambit|move: Taunt
|move|p2a: Kingambit|Kowtow Cleave|p1a: Skarmory
|-damage|p1a: Skarmory|27/100
|
|upkeep
|turn|49
|
|t:|1711919345
|move|p1a: Skarmory|Spikes|p2a: Kingambit
|-sidestart|p2: DeepFriedMagikarp|Spikes
|move|p2a: Kingambit|Kowtow Cleave|p1a: Skarmory
|-damage|p1a: Skarmory|0 fnt
|faint|p1a: Skarmory
|
|upkeep
|
|t:|1711919349
|switch|p1a: Iron Moth|Iron Moth|100/100
|-weather|DesolateLand|[from] ability: Desolate Land|[of] p1a: Iron Moth
|turn|50
|inactive|DeepFriedMagikarp has 180 seconds left.
|
|t:|1711919357
|switch|p2a: Dragonite|Dragonite, M|81/100
|move|p1a: Iron Moth|Flamethrower|p2a: Dragonite
|-resisted|p2a: Dragonite
|-damage|p2a: Dragonite|47/100
|
|-weather|DesolateLand|[upkeep]
|upkeep
|turn|51
|inactive|DeepFriedMagikarp has 180 seconds left.
|
|t:|1711919394
|move|p2a: Dragonite|Extreme Speed|p1a: Iron Moth
|-damage|p1a: Iron Moth|0 fnt
|faint|p1a: Iron Moth
|-weather|none
|
|upkeep
|
|t:|1711919396
|switch|p1a: Scream Tail|Scream Tail|100/100
|turn|52
|
|t:|1711919401
|move|p2a: Dragonite|Extreme Speed|p1a: Scream Tail
|-damage|p1a: Scream Tail|59/100
|move|p1a: Scream Tail|Boomburst|p2a: Dragonite
|-supereffective|p2a: Dragonite
|-damage|p2a: Dragonite|0 fnt
|faint|p2a: Dragonite
|
|-heal|p1a: Scream Tail|65/100|[from] item: Leftovers
|upkeep
|
|t:|1711919404
|switch|p2a: Kingambit|Kingambit, F|100/100
|-damage|p2a: Kingambit|94/100|[from] Stealth Rock
|-damage|p2a: Kingambit|82/100|[from] Spikes
|turn|53
|
|t:|1711919406
|move|p1a: Scream Tail|Boomburst|p2a: Kingambit
|-damage|p2a: Kingambit|41/100
|move|p2a: Kingambit|Iron Head|p1a: Scream Tail
|-supereffective|p1a: Scream Tail
|-damage|p1a: Scream Tail|0 fnt
|faint|p1a: Scream Tail
|
|win|DeepFriedMagikarp
