|j|☆Da Pizza Man
|j|☆exithe
|t:|1711922610
|gametype|singles
|player|p1|Da Pizza Man|waiter|
|player|p2|exithe|kris-gen2|
|teamsize|p1|6
|teamsize|p2|6
|gen|9
|tier|[Gen 9] CAP
|rated|Tournament battle
|rule|Species Clause: Limit one of each Pokémon
|rule|OHKO Clause: OHKO moves are banned
|rule|Evasion Items Clause: Evasion items are banned
|rule|Evasion Moves Clause: Evasion moves are banned
|rule|Endless Battle Clause: Forcing endless battles is banned
|rule|HP Percentage Mod: HP is shown in percentages
|rule|Sleep Moves Clause: Sleep-inducing moves are banned
|clearpoke
|poke|p1|Ogerpon, F|
|poke|p1|Dragapult, M|
|poke|p1|Cresceidon, F|
|poke|p1|Gliscor, F|
|poke|p1|Skarmory, M|
|poke|p1|Mollux, F|
|poke|p2|Meowscarada, M|
|poke|p2|Hemogoblin, F|
|poke|p2|Pajantom, F|
|poke|p2|Equilibra|
|poke|p2|Venomicon|
|poke|p2|Slowking, F|
|teampreview
|c|☆exithe|glhf
|c|☆Da Pizza Man|u2
|j|^Spammernoob
|inactive|Battle timer is ON: inactive players will automatically lose when time's up. (requested by Da Pizza Man)
|j|+trick or dies
|
|t:|1711922688
|start
|switch|p1a: Ogerpon|Ogerpon, F|100/100
|switch|p2a: Slowking|Slowking, F|100/100
|turn|1
|
|t:|1711922696
|switch|p2a: Venomicon|Venomicon|100/100
|move|p1a: Ogerpon|Ivy Cudgel|p2a: Venomicon
|-resisted|p2a: Venomicon
|-damage|p2a: Venomicon|92/100
|-ability|p2a: Venomicon|Stamina|boost
|-boost|p2a: Venomicon|def|1
|
|upkeep
|turn|2
|
|t:|1711922710
|move|p1a: Ogerpon|U-turn|p2a: Venomicon
|-resisted|p2a: Venomicon
|-damage|p2a: Venomicon|90/100
|-ability|p2a: Venomicon|Stamina|boost
|-boost|p2a: Venomicon|def|1
|
|t:|1711922712
|switch|p1a: Mollux|Mollux, F|100/100|[from] U-turn
|move|p2a: Venomicon|Stealth Rock|p1a: Mollux
|-sidestart|p1: Da Pizza Man|move: Stealth Rock
|
|upkeep
|turn|3
|
|t:|1711922741
|switch|p2a: Pajantom|Pajantom, F|100/100
|-ability|p2a: Pajantom|Comatose
|move|p1a: Mollux|Lava Plume|p2a: Pajantom
|-resisted|p2a: Pajantom
|-crit|p2a: Pajantom
|-damage|p2a: Pajantom|78/100
|
|-heal|p2a: Pajantom|84/100|[from] item: Leftovers
|upkeep
|turn|4
|
|t:|1711922766
|switch|p1a: Gliscor|Gliscor, F|100/100
|-damage|p1a: Gliscor|88/100|[from] Stealth Rock
|move|p2a: Pajantom|Spirit Shackle|p1a: Gliscor
|-damage|p1a: Gliscor|61/100
|-activate|p1a: Gliscor|trapped
|
|-heal|p2a: Pajantom|90/100|[from] item: Leftovers
|-status|p1a: Gliscor|tox|[from] item: Toxic Orb
|upkeep
|turn|5
|
|t:|1711922781
|move|p1a: Gliscor|Protect|p1a: Gliscor
|-singleturn|p1a: Gliscor|Protect
|move|p2a: Pajantom|Taunt|p1a: Gliscor
|-activate|p1a: Gliscor|move: Protect
|
|-heal|p2a: Pajantom|96/100|[from] item: Leftovers
|-heal|p1a: Gliscor|74/100 tox|[from] ability: Poison Heal
|upkeep
|turn|6
|
|t:|1711922784
|move|p2a: Pajantom|Taunt|p1a: Gliscor
|-start|p1a: Gliscor|move: Taunt
|move|p1a: Gliscor|Knock Off|p2a: Pajantom
|-supereffective|p2a: Pajantom
|-damage|p2a: Pajantom|38/100
|-enditem|p2a: Pajantom|Leftovers|[from] move: Knock Off|[of] p1a: Gliscor
|
|-heal|p1a: Gliscor|86/100 tox|[from] ability: Poison Heal
|upkeep
|turn|7
|
|t:|1711922792
|move|p2a: Pajantom|Ice Punch|p1a: Gliscor
|-supereffective|p1a: Gliscor
|-damage|p1a: Gliscor|17/100 tox
|move|p1a: Gliscor|Earthquake|p2a: Pajantom
|-damage|p2a: Pajantom|0 fnt
|faint|p2a: Pajantom
|
|-heal|p1a: Gliscor|29/100 tox|[from] ability: Poison Heal
|upkeep
|
|t:|1711922796
|switch|p2a: Meowscarada|Meowscarada, M|100/100
|turn|8
|
|t:|1711922800
|switch|p1a: Skarmory|Skarmory, M|100/100
|-damage|p1a: Skarmory|88/100|[from] Stealth Rock
|move|p2a: Meowscarada|Flower Trick|p1a: Skarmory
|-start|p2a: Meowscarada|typechange|Grass|[from] ability: Protean
|-resisted|p1a: Skarmory
|-crit|p1a: Skarmory
|-damage|p1a: Skarmory|81/100
|
|upkeep
|turn|9
|
|t:|1711922808
|move|p2a: Meowscarada|Knock Off|p1a: Skarmory
|-damage|p1a: Skarmory|62/100
|-damage|p2a: Meowscarada|84/100|[from] item: Rocky Helmet|[of] p1a: Skarmory
|-enditem|p1a: Skarmory|Rocky Helmet|[from] move: Knock Off|[of] p2a: Meowscarada
|move|p1a: Skarmory|Stealth Rock|p2a: Meowscarada
|-sidestart|p2: exithe|move: Stealth Rock
|
|upkeep
|turn|10
|
|t:|1711922818
|move|p2a: Meowscarada|U-turn|p1a: Skarmory
|-resisted|p1a: Skarmory
|-damage|p1a: Skarmory|59/100
|
|t:|1711922820
|switch|p2a: Slowking|Slowking, F|100/100|[from] U-turn
|move|p1a: Skarmory|Body Press|p2a: Slowking
|-resisted|p2a: Slowking
|-damage|p2a: Slowking|88/100
|
|upkeep
|turn|11
|
|t:|1711922833
|switch|p1a: Dragapult|Dragapult, M|100/100
|move|p2a: Slowking|Future Sight|p1a: Dragapult
|-start|p2a: Slowking|move: Future Sight
|
|upkeep
|turn|12
|
|t:|1711922851
|switch|p2a: Equilibra|Equilibra|100/100
|-damage|p2a: Equilibra|98/100|[from] Stealth Rock
|move|p1a: Dragapult|Thunder Wave|p2a: Equilibra
|-immune|p2a: Equilibra
|
|-heal|p2a: Equilibra|100/100|[from] item: Leftovers
|upkeep
|turn|13
|
|t:|1711922858
|move|p1a: Dragapult|U-turn|p2a: Equilibra
|-resisted|p2a: Equilibra
|-crit|p2a: Equilibra
|-damage|p2a: Equilibra|87/100
|
|t:|1711922861
|switch|p1a: Skarmory|Skarmory, M|59/100|[from] U-turn
|-damage|p1a: Skarmory|47/100|[from] Stealth Rock
|move|p2a: Equilibra|Earth Power|p1a: Skarmory
|-immune|p1a: Skarmory
|
|-end|p1a: Skarmory|move: Future Sight
|-resisted|p1a: Skarmory
|-damage|p1a: Skarmory|19/100
|-heal|p2a: Equilibra|93/100|[from] item: Leftovers
|upkeep
|turn|14
|
|t:|1711922868
|move|p1a: Skarmory|Body Press|p2a: Equilibra
|-supereffective|p2a: Equilibra
|-damage|p2a: Equilibra|38/100
|move|p2a: Equilibra|Doom Desire|p1a: Skarmory
|-start|p2a: Equilibra|Doom Desire
|
|-heal|p2a: Equilibra|45/100|[from] item: Leftovers
|upkeep
|turn|15
|
|t:|1711922882
|switch|p2a: Venomicon|Venomicon|90/100
|move|p1a: Skarmory|Body Press|p2a: Venomicon
|-resisted|p2a: Venomicon
|-damage|p2a: Venomicon|85/100
|-ability|p2a: Venomicon|Stamina|boost
|-boost|p2a: Venomicon|def|1
|
|upkeep
|turn|16
|
|t:|1711922889
|move|p1a: Skarmory|Roost|p1a: Skarmory
|-heal|p1a: Skarmory|69/100
|-singleturn|p1a: Skarmory|move: Roost
|move|p2a: Venomicon|Body Press|p1a: Skarmory
|-supereffective|p1a: Skarmory
|-damage|p1a: Skarmory|19/100
|
|-end|p1a: Skarmory|move: Doom Desire
|-resisted|p1a: Skarmory
|-damage|p1a: Skarmory|0 fnt
|faint|p1a: Skarmory
|upkeep
|
|t:|1711922907
|switch|p1a: Gliscor|Gliscor, F|29/100 tox
|-damage|p1a: Gliscor|17/100 tox|[from] Stealth Rock
|turn|17
|
|t:|1711922914
|switch|p2a: Meowscarada|Meowscarada, M|84/100
|move|p1a: Gliscor|Knock Off|p2a: Meowscarada
|-resisted|p2a: Meowscarada
|-damage|p2a: Meowscarada|69/100
|-enditem|p2a: Meowscarada|Heavy-Duty Boots|[from] move: Knock Off|[of] p1a: Gliscor
|
|-heal|p1a: Gliscor|29/100 tox|[from] ability: Poison Heal
|upkeep
|turn|18
|
|t:|1711922920
|move|p1a: Gliscor|Protect|p1a: Gliscor
|-singleturn|p1a: Gliscor|Protect
|move|p2a: Meowscarada|Triple Axel|p1a: Gliscor
|-start|p2a: Meowscarada|typechange|Ice|[from] ability: Protean
|-activate|p1a: Gliscor|move: Protect
|
|-heal|p1a: Gliscor|42/100 tox|[from] ability: Poison Heal
|upkeep
|turn|19
|
|t:|1711922936
|switch|p1a: Mollux|Mollux, F|100/100
|move|p2a: Meowscarada|Flower Trick|p1a: Mollux
|-resisted|p1a: Mollux
|-crit|p1a: Mollux
|-damage|p1a: Mollux|92/100
|
|upkeep
|turn|20
|
|t:|1711922947
|move|p2a: Meowscarada|U-turn|p1a: Mollux
|-resisted|p1a: Mollux
|-damage|p1a: Mollux|86/100
|
|t:|1711922948
|switch|p2a: Slowking|Slowking, F|100/100|[from] U-turn
|move|p1a: Mollux|Lava Plume|p2a: Slowking
|-resisted|p2a: Slowking
|-damage|p2a: Slowking|90/100
|-status|p2a: Slowking|brn
|
|-damage|p2a: Slowking|84/100 brn|[from] brn
|upkeep
|turn|21
|
|t:|1711922963
|switch|p1a: Ogerpon|Ogerpon, F|100/100
|move|p2a: Slowking|Future Sight|p1a: Ogerpon
|-start|p2a: Slowking|move: Future Sight
|
|-damage|p2a: Slowking|78/100 brn|[from] brn
|upkeep
|turn|22
|
|t:|1711922976
|switch|p2a: Venomicon|Venomicon|85/100
|move|p1a: Ogerpon|Knock Off|p2a: Venomicon
|-damage|p2a: Venomicon|63/100
|-ability|p2a: Venomicon|Stamina|boost
|-boost|p2a: Venomicon|def|1
|-enditem|p2a: Venomicon|Heavy-Duty Boots|[from] move: Knock Off|[of] p1a: Ogerpon
|
|upkeep
|turn|23
|
|t:|1711922995
|move|p1a: Ogerpon|U-turn|p2a: Venomicon
|-resisted|p2a: Venomicon
|-damage|p2a: Venomicon|60/100
|-ability|p2a: Venomicon|Stamina|boost
|-boost|p2a: Venomicon|def|1
|
|t:|1711922998
|switch|p1a: Gliscor|Gliscor, F|42/100 tox|[from] U-turn
|-damage|p1a: Gliscor|29/100 tox|[from] Stealth Rock
|move|p2a: Venomicon|Roost|p2a: Venomicon
|-heal|p2a: Venomicon|100/100
|-singleturn|p2a: Venomicon|move: Roost
|
|-end|p1a: Gliscor|move: Future Sight
|-damage|p1a: Gliscor|0 fnt
|faint|p1a: Gliscor
|upkeep
|
|t:|1711923002
|switch|p1a: Ogerpon|Ogerpon, F|100/100
|turn|24
|c|☆exithe|smoked
|
|t:|1711923007
|move|p1a: Ogerpon|Encore|p2a: Venomicon
|-start|p2a: Venomicon|Encore
|move|p2a: Venomicon|Roost||[still]
|-fail|p2a: Venomicon|heal
|
|upkeep
|turn|25
|
|t:|1711923013
|switch|p2a: Hemogoblin|Hemogoblin, F|100/100
|move|p1a: Ogerpon|U-turn|p2a: Hemogoblin
|-resisted|p2a: Hemogoblin
|-damage|p2a: Hemogoblin|94/100
|
|t:|1711923028
|switch|p1a: Cresceidon|Cresceidon, F|100/100|[from] U-turn
|
|upkeep
|turn|26
|
|t:|1711923031
|switch|p2a: Slowking|Slowking, F|100/100 brn
|move|p1a: Cresceidon|Scald|p2a: Slowking
|-resisted|p2a: Slowking
|-damage|p2a: Slowking|92/100 brn
|
|-damage|p2a: Slowking|86/100 brn|[from] brn
|upkeep
|turn|27
|
|t:|1711923040
|switch|p1a: Dragapult|Dragapult, M|100/100
|move|p2a: Slowking|Future Sight|p1a: Dragapult
|-start|p2a: Slowking|move: Future Sight
|
|-damage|p2a: Slowking|80/100 brn|[from] brn
|upkeep
|turn|28
|
|t:|1711923053
|switch|p2a: Hemogoblin|Hemogoblin, F|94/100
|move|p1a: Dragapult|Hex|p2a: Hemogoblin
|-damage|p2a: Hemogoblin|70/100
|
|upkeep
|turn|29
|
|t:|1711923069
|-terastallize|p1a: Dragapult|Ghost
|move|p2a: Hemogoblin|Extreme Speed|p1a: Dragapult
|-damage|p1a: Dragapult|37/100
|move|p1a: Dragapult|U-turn|p2a: Hemogoblin
|-resisted|p2a: Hemogoblin
|-damage|p2a: Hemogoblin|64/100
|
|t:|1711923075
|switch|p1a: Cresceidon|Cresceidon, F|100/100|[from] U-turn
|
|-end|p1a: Cresceidon|move: Future Sight
|-damage|p1a: Cresceidon|80/100
|upkeep
|turn|30
|
|t:|1711923088
|switch|p1a: Dragapult|Dragapult, M, tera:Ghost|37/100
|switch|p2a: Slowking|Slowking, F|100/100 brn
|
|-damage|p2a: Slowking|94/100 brn|[from] brn
|upkeep
|turn|31
|inactive|exithe has 120 seconds left.
|inactive|exithe has 90 seconds left.
|
|t:|1711923153
|switch|p2a: Equilibra|Equilibra|45/100
|-damage|p2a: Equilibra|42/100|[from] Stealth Rock
|move|p1a: Dragapult|Hex|p2a: Equilibra
|-crit|p2a: Equilibra
|-damage|p2a: Equilibra|13/100
|
|-heal|p2a: Equilibra|19/100|[from] item: Leftovers
|upkeep
|turn|32
|
|t:|1711923163
|move|p1a: Dragapult|U-turn|p2a: Equilibra
|-resisted|p2a: Equilibra
|-damage|p2a: Equilibra|10/100
|
|t:|1711923165
|switch|p1a: Ogerpon|Ogerpon, F|100/100|[from] U-turn
|move|p2a: Equilibra|Pain Split|p1a: Ogerpon
|-sethp|p1a: Ogerpon|57/100|[from] move: Pain Split|[silent]
|-sethp|p2a: Equilibra|42/100|[from] move: Pain Split
|
|-heal|p2a: Equilibra|48/100|[from] item: Leftovers
|upkeep
|turn|33
|
|t:|1711923177
|switch|p2a: Venomicon|Venomicon|100/100
|-damage|p2a: Venomicon|76/100|[from] Stealth Rock
|move|p1a: Ogerpon|U-turn|p2a: Venomicon
|-resisted|p2a: Venomicon
|-damage|p2a: Venomicon|72/100
|-ability|p2a: Venomicon|Stamina|boost
|-boost|p2a: Venomicon|def|1
|
|t:|1711923182
|switch|p1a: Mollux|Mollux, F|86/100|[from] U-turn
|
|upkeep
|turn|34
|inactive|exithe has 120 seconds left.
|
|t:|1711923190
|switch|p2a: Slowking|Slowking, F|100/100 brn
|move|p1a: Mollux|Calm Mind|p1a: Mollux
|-boost|p1a: Mollux|spa|1
|-boost|p1a: Mollux|spd|1
|
|-damage|p2a: Slowking|94/100 brn|[from] brn
|upkeep
|turn|35
|
|t:|1711923200
|move|p1a: Mollux|Calm Mind|p1a: Mollux
|-boost|p1a: Mollux|spa|1
|-boost|p1a: Mollux|spd|1
|move|p2a: Slowking|Future Sight|p1a: Mollux
|-start|p2a: Slowking|move: Future Sight
|
|-damage|p2a: Slowking|88/100 brn|[from] brn
|upkeep
|turn|36
|
|t:|1711923205
|move|p1a: Mollux|Clear Smog|p2a: Slowking
|-damage|p2a: Slowking|60/100 brn
|-clearboost|p2a: Slowking
|move|p2a: Slowking|Chilly Reception|p2a: Slowking
|-weather|Snow
|inactive|exithe has 120 seconds left.
|
|t:|1711923228
|switch|p2a: Meowscarada|Meowscarada, M|69/100|[from] Chilly Reception
|-damage|p2a: Meowscarada|56/100|[from] Stealth Rock
|
|-weather|Snow|[upkeep]
|upkeep
|turn|37
|
|t:|1711923242
|move|p2a: Meowscarada|Knock Off|p1a: Mollux
|-start|p2a: Meowscarada|typechange|Dark|[from] ability: Protean
|-damage|p1a: Mollux|38/100
|-enditem|p1a: Mollux|Heavy-Duty Boots|[from] move: Knock Off|[of] p2a: Meowscarada
|move|p1a: Mollux|Lava Plume|p2a: Meowscarada
|-damage|p2a: Meowscarada|0 fnt
|faint|p2a: Meowscarada
|
|-weather|Snow|[upkeep]
|-end|p1a: Mollux|move: Future Sight
|-supereffective|p1a: Mollux
|-damage|p1a: Mollux|12/100
|upkeep
|inactive|exithe has 120 seconds left.
|
|t:|1711923264
|switch|p2a: Equilibra|Equilibra|48/100
|-damage|p2a: Equilibra|45/100|[from] Stealth Rock
|turn|38
|
|t:|1711923269
|-terastallize|p2a: Equilibra|Water
|move|p1a: Mollux|Lava Plume|p2a: Equilibra
|-resisted|p2a: Equilibra
|-damage|p2a: Equilibra|28/100
|move|p2a: Equilibra|Earth Power|p1a: Mollux
|-supereffective|p1a: Mollux
|-damage|p1a: Mollux|0 fnt
|faint|p1a: Mollux
|
|-weather|Snow|[upkeep]
|-heal|p2a: Equilibra|34/100|[from] item: Leftovers
|upkeep
|
|t:|1711923279
|switch|p1a: Cresceidon|Cresceidon, F|80/100
|turn|39
|
|t:|1711923283
|switch|p2a: Slowking|Slowking, F|93/100 brn
|move|p1a: Cresceidon|Thunder Wave||[still]
|-fail|p1a: Cresceidon
|
|-weather|Snow|[upkeep]
|-damage|p2a: Slowking|87/100 brn|[from] brn
|upkeep
|turn|40
|
|t:|1711923288
|switch|p1a: Ogerpon|Ogerpon, F|57/100
|move|p2a: Slowking|Future Sight|p1a: Ogerpon
|-start|p2a: Slowking|move: Future Sight
|
|-weather|none
|-damage|p2a: Slowking|81/100 brn|[from] brn
|upkeep
|turn|41
|
|t:|1711923302
|switch|p2a: Equilibra|Equilibra, tera:Water|34/100
|-damage|p2a: Equilibra|22/100|[from] Stealth Rock
|move|p1a: Ogerpon|U-turn|p2a: Equilibra
|-damage|p2a: Equilibra|2/100
|
|t:|1711923320
|switch|p1a: Cresceidon|Cresceidon, F|80/100|[from] U-turn
|
|-heal|p2a: Equilibra|8/100|[from] item: Leftovers
|upkeep
|turn|42
|
|t:|1711923325
|move|p1a: Cresceidon|Moonblast|p2a: Equilibra
|-damage|p2a: Equilibra|0 fnt
|faint|p2a: Equilibra
|
|-end|p1a: Cresceidon|move: Future Sight
|-damage|p1a: Cresceidon|41/100
|upkeep
|
|t:|1711923327
|switch|p2a: Hemogoblin|Hemogoblin, F|64/100
|turn|43
|inactive|exithe has 120 seconds left.
|inactive|exithe has 90 seconds left.
|
|t:|1711923388
|move|p1a: Cresceidon|Recover|p1a: Cresceidon
|-heal|p1a: Cresceidon|91/100
|move|p2a: Hemogoblin|Bulk Up|p2a: Hemogoblin
|-boost|p2a: Hemogoblin|atk|1
|-boost|p2a: Hemogoblin|def|1
|
|upkeep
|turn|44
|
|t:|1711923392
|move|p2a: Hemogoblin|Extreme Speed|p1a: Cresceidon
|-damage|p1a: Cresceidon|29/100
|move|p1a: Cresceidon|Scald|p2a: Hemogoblin
|-supereffective|p2a: Hemogoblin
|-damage|p2a: Hemogoblin|13/100
|
|upkeep
|turn|45
|
|t:|1711923401
|move|p2a: Hemogoblin|Extreme Speed|p1a: Cresceidon
|-damage|p1a: Cresceidon|0 fnt
|faint|p1a: Cresceidon
|
|upkeep
|
|t:|1711923403
|switch|p1a: Ogerpon|Ogerpon, F|57/100
|turn|46
|
|t:|1711923408
|move|p2a: Hemogoblin|Extreme Speed|p1a: Ogerpon
|-damage|p1a: Ogerpon|0 fnt
|faint|p1a: Ogerpon
|
|upkeep
|c|☆exithe|gg
|
|t:|1711923410
|switch|p1a: Dragapult|Dragapult, M, tera:Ghost|37/100
|turn|47
|c|☆Da Pizza Man|gg
|
|t:|1711923414
|move|p2a: Hemogoblin|Extreme Speed|p1a: Dragapult
|-damage|p1a: Dragapult|0 fnt
|faint|p1a: Dragapult
|
|win|exithe
|n|☆Da Pizza Man|dapizzaman
|n|☆exithe|exithe
|n| Spammernoob|spammernoob
|n| trick or dies|trickordies
|l|☆exithe
|player|p2|
|l|☆Da Pizza Man
|player|p1|
|l| trick or dies
