|j|☆Hhsdhh
|j|☆5Dots
|inactive|Battle timer is ON: inactive players will automatically lose when time's up.
|t:|1710126899
|gametype|singles
|player|p1|Hhsdhh|falkner|
|player|p2|5Dots|acetrainer-gen4dp|
|teamsize|p1|6
|teamsize|p2|6
|gen|9
|tier|[Gen 9] NFE
|rated|Tournament battle
|rule|Species Clause: Limit one of each Pokémon
|rule|OHKO Clause: OHKO moves are banned
|rule|Evasion Moves Clause: Evasion moves are banned
|rule|Endless Battle Clause: Forcing endless battles is banned
|rule|HP Percentage Mod: HP is shown in percentages
|rule|Sleep Moves Clause: Sleep-inducing moves are banned
|rule|Terastal Clause: You cannot Terastallize
|clearpoke
|poke|p1|Gligar, M|
|poke|p1|Tinkatuff, F|
|poke|p1|Pikachu, F|
|poke|p1|Quaxwell, F|
|poke|p1|Combusken, M|
|poke|p1|Frogadier, M|
|poke|p2|Servine, M|
|poke|p2|Gligar, M|
|poke|p2|Raboot, F|
|poke|p2|Duosion, F|
|poke|p2|Quaxwell, M|
|poke|p2|Krokorok, M|
|teampreview
|inactive|Hhsdhh also wants the timer to be on.
|
|t:|1710126915
|start
|switch|p1a: Frogadier|Frogadier, M|100/100
|switch|p2a: Raboot|Raboot, F|100/100
|turn|1
|
|t:|1710126942
|switch|p2a: Quaxwell|Quaxwell, M|100/100
|move|p1a: Frogadier|Hydro Pump|p2a: Quaxwell
|-resisted|p2a: Quaxwell
|-damage|p2a: Quaxwell|79/100
|
|upkeep
|turn|2
|j| colorednaem
|inactive|Hhsdhh has 120 seconds left.
|l| colorednaem
|
|t:|1710126962
|move|p1a: Frogadier|U-turn|p2a: Quaxwell
|-start|p1a: Frogadier|typechange|Bug|[from] ability: Protean
|-damage|p2a: Quaxwell|68/100
|inactive|Hhsdhh has 120 seconds left.
|
|t:|1710126971
|switch|p1a: Tinkatuff|Tinkatuff, F|100/100|[from] U-turn
|-ability|p1a: Tinkatuff|Mold Breaker
|move|p2a: Quaxwell|Flip Turn|p1a: Tinkatuff
|-damage|p1a: Tinkatuff|81/100
|
|t:|1710126985
|switch|p2a: Raboot|Raboot, F|100/100|[from] Flip Turn
|
|upkeep
|turn|3
|inactive|Hhsdhh has 120 seconds left.
|
|t:|1710127005
|switch|p1a: Quaxwell|Quaxwell, F|100/100
|move|p2a: Raboot|U-turn|p1a: Quaxwell
|-start|p2a: Raboot|typechange|Bug|[from] ability: Libero
|-damage|p1a: Quaxwell|80/100
|
|t:|1710127015
|switch|p2a: Gligar|Gligar, M|100/100|[from] U-turn
|
|upkeep
|turn|4
|inactive|Hhsdhh has 120 seconds left.
|
|t:|1710127025
|move|p2a: Gligar|Toxic|p1a: Quaxwell
|-status|p1a: Quaxwell|tox
|move|p1a: Quaxwell|Rapid Spin|p2a: Gligar
|-damage|p2a: Gligar|95/100
|-boost|p1a: Quaxwell|spe|1
|
|-damage|p1a: Quaxwell|74/100 tox|[from] psn
|upkeep
|turn|5
|
|t:|1710127030
|move|p1a: Quaxwell|Flip Turn|p2a: Gligar
|-supereffective|p2a: Gligar
|-damage|p2a: Gligar|77/100
|
|t:|1710127041
|switch|p1a: Frogadier|Frogadier, M|100/100|[from] Flip Turn
|move|p2a: Gligar|Knock Off|p1a: Frogadier
|-damage|p1a: Frogadier|56/100
|-enditem|p1a: Frogadier|Heavy-Duty Boots|[from] move: Knock Off|[of] p2a: Gligar
|
|upkeep
|turn|6
|
|t:|1710127047
|switch|p2a: Quaxwell|Quaxwell, M|68/100
|move|p1a: Frogadier|Toxic Spikes|p2a: Quaxwell
|-start|p1a: Frogadier|typechange|Poison|[from] ability: Protean
|-sidestart|p2: 5Dots|move: Toxic Spikes
|
|upkeep
|turn|7
|
|t:|1710127069
|move|p1a: Frogadier|U-turn|p2a: Quaxwell
|-crit|p2a: Quaxwell
|-damage|p2a: Quaxwell|59/100
|inactive|Hhsdhh has 120 seconds left.
|
|t:|1710127099
|switch|p1a: Tinkatuff|Tinkatuff, F|81/100|[from] U-turn
|-ability|p1a: Tinkatuff|Mold Breaker
|move|p2a: Quaxwell|Rapid Spin|p1a: Tinkatuff
|-resisted|p1a: Tinkatuff
|-damage|p1a: Tinkatuff|76/100
|-boost|p2a: Quaxwell|spe|1
|-sideend|p2: 5Dots|Toxic Spikes|[from] move: Rapid Spin|[of] p2a: Quaxwell
|
|upkeep
|turn|8
|
|t:|1710127111
|move|p2a: Quaxwell|Flip Turn|p1a: Tinkatuff
|-damage|p1a: Tinkatuff|56/100
|
|t:|1710127117
|switch|p2a: Gligar|Gligar, M|77/100|[from] Flip Turn
|move|p1a: Tinkatuff|Knock Off|p2a: Gligar
|-damage|p2a: Gligar|69/100
|-enditem|p2a: Gligar|Eviolite|[from] move: Knock Off|[of] p1a: Tinkatuff
|
|upkeep
|turn|9
|
|t:|1710127134
|move|p2a: Gligar|Stealth Rock|p1a: Tinkatuff
|-sidestart|p1: Hhsdhh|move: Stealth Rock
|move|p1a: Tinkatuff|Stealth Rock|p2a: Gligar
|-sidestart|p2: 5Dots|move: Stealth Rock
|
|upkeep
|turn|10
|
|t:|1710127140
|move|p2a: Gligar|Earthquake|p1a: Tinkatuff
|-supereffective|p1a: Tinkatuff
|-crit|p1a: Tinkatuff
|-damage|p1a: Tinkatuff|0 fnt
|faint|p1a: Tinkatuff
|
|upkeep
|inactive|Hhsdhh has 90 seconds left.
|
|t:|1710127179
|switch|p1a: Quaxwell|Quaxwell, F|74/100 tox
|-damage|p1a: Quaxwell|62/100 tox|[from] Stealth Rock
|turn|11
|
|t:|1710127193
|move|p2a: Gligar|Knock Off|p1a: Quaxwell
|-damage|p1a: Quaxwell|49/100 tox
|-enditem|p1a: Quaxwell|Eviolite|[from] move: Knock Off|[of] p2a: Gligar
|move|p1a: Quaxwell|Triple Axel|p2a: Gligar
|-supereffective|p2a: Gligar
|-damage|p2a: Gligar|56/100
|-supereffective|p2a: Gligar
|-damage|p2a: Gligar|32/100
|-supereffective|p2a: Gligar
|-damage|p2a: Gligar|0 fnt
|faint|p2a: Gligar
|-ability|p1a: Quaxwell|Moxie|boost
|-boost|p1a: Quaxwell|atk|1
|-hitcount|p2: Gligar|3
|
|-damage|p1a: Quaxwell|43/100 tox|[from] psn
|upkeep
|
|t:|1710127206
|switch|p2a: Servine|Servine, M|100/100
|-damage|p2a: Servine|88/100|[from] Stealth Rock
|turn|12
|c|☆Hhsdhh|that huge tbh
|c|☆Hhsdhh|thats*
|inactive|Hhsdhh has 90 seconds left.
|
|t:|1710127225
|switch|p1a: Combusken|Combusken, M|100/100
|-damage|p1a: Combusken|88/100|[from] Stealth Rock
|move|p2a: Servine|Leaf Storm|p1a: Combusken
|-resisted|p1a: Combusken
|-damage|p1a: Combusken|57/100
|-boost|p2a: Servine|spa|2
|
|upkeep
|turn|13
|inactive|Hhsdhh has 90 seconds left.
|inactive|5Dots has 120 seconds left.
|
|t:|1710127277
|move|p1a: Combusken|Protect|p1a: Combusken
|-singleturn|p1a: Combusken|Protect
|move|p2a: Servine|Glare|p1a: Combusken
|-activate|p1a: Combusken|move: Protect
|
|-ability|p1a: Combusken|Speed Boost|boost
|-boost|p1a: Combusken|spe|1
|upkeep
|turn|14
|inactive|Hhsdhh has 90 seconds left.
|
|t:|1710127293
|move|p1a: Combusken|Fire Punch|p2a: Servine
|-supereffective|p2a: Servine
|-damage|p2a: Servine|32/100
|move|p2a: Servine|Glare|p1a: Combusken
|-status|p1a: Combusken|par
|
|-ability|p1a: Combusken|Speed Boost|boost
|-boost|p1a: Combusken|spe|1
|upkeep
|turn|15
|inactive|Hhsdhh has 90 seconds left.
|
|t:|1710127304
|move|p1a: Combusken|Protect|p1a: Combusken
|-singleturn|p1a: Combusken|Protect
|move|p2a: Servine|Synthesis|p2a: Servine
|-heal|p2a: Servine|82/100
|
|-ability|p1a: Combusken|Speed Boost|boost
|-boost|p1a: Combusken|spe|1
|upkeep
|turn|16
|inactive|Hhsdhh has 90 seconds left.
|
|t:|1710127317
|switch|p2a: Quaxwell|Quaxwell, M|59/100
|-damage|p2a: Quaxwell|47/100|[from] Stealth Rock
|cant|p1a: Combusken|par
|
|-ability|p1a: Combusken|Speed Boost|boost
|-boost|p1a: Combusken|spe|1
|upkeep
|turn|17
|
|t:|1710127324
|move|p1a: Combusken|Close Combat|p2a: Quaxwell
|-damage|p2a: Quaxwell|14/100
|-unboost|p1a: Combusken|def|1
|-unboost|p1a: Combusken|spd|1
|move|p2a: Quaxwell|Rapid Spin|p1a: Combusken
|-crit|p1a: Combusken
|-damage|p1a: Combusken|11/100 par
|-boost|p2a: Quaxwell|spe|1
|-sideend|p2: 5Dots|Stealth Rock|[from] move: Rapid Spin|[of] p2a: Quaxwell
|
|-ability|p1a: Combusken|Speed Boost|boost
|-boost|p1a: Combusken|spe|1
|upkeep
|turn|18
|
|t:|1710127336
|move|p1a: Combusken|Close Combat|p2a: Quaxwell
|-damage|p2a: Quaxwell|0 fnt
|-unboost|p1a: Combusken|def|1
|-unboost|p1a: Combusken|spd|1
|faint|p2a: Quaxwell
|
|-ability|p1a: Combusken|Speed Boost|boost
|-boost|p1a: Combusken|spe|1
|upkeep
|
|t:|1710127340
|switch|p2a: Duosion|Duosion, F|100/100
|turn|19
|
|t:|1710127348
|move|p1a: Combusken|Fire Punch|p2a: Duosion
|-damage|p2a: Duosion|76/100
|move|p2a: Duosion|Acid Armor|p2a: Duosion
|-boost|p2a: Duosion|def|2
|
|upkeep
|turn|20
|inactive|Hhsdhh has 90 seconds left.
|
|t:|1710127376
|move|p1a: Combusken|Fire Punch|p2a: Duosion
|-damage|p2a: Duosion|63/100
|move|p2a: Duosion|Calm Mind|p2a: Duosion
|-boost|p2a: Duosion|spa|1
|-boost|p2a: Duosion|spd|1
|
|upkeep
|turn|21
|inactive|Hhsdhh has 90 seconds left.
|
|t:|1710127393
|switch|p1a: Frogadier|Frogadier, M|56/100
|-damage|p1a: Frogadier|44/100|[from] Stealth Rock
|move|p2a: Duosion|Calm Mind|p2a: Duosion
|-boost|p2a: Duosion|spa|1
|-boost|p2a: Duosion|spd|1
|
|upkeep
|turn|22
|
|t:|1710127398
|move|p1a: Frogadier|U-turn|p2a: Duosion
|-start|p1a: Frogadier|typechange|Bug|[from] ability: Protean
|-supereffective|p2a: Duosion
|-damage|p2a: Duosion|50/100
|
|t:|1710127405
|switch|p1a: Gligar|Gligar, M|100/100|[from] U-turn
|-damage|p1a: Gligar|88/100|[from] Stealth Rock
|move|p2a: Duosion|Stored Power|p1a: Gligar
|-damage|p1a: Gligar|0 fnt
|faint|p1a: Gligar
|
|upkeep
|inactive|Hhsdhh has 90 seconds left.
|
|t:|1710127421
|switch|p1a: Pikachu|Pikachu, F|100/100
|-damage|p1a: Pikachu|88/100|[from] Stealth Rock
|turn|23
|inactive|Hhsdhh has 90 seconds left.
|
|t:|1710127437
|move|p1a: Pikachu|Thunderbolt|p2a: Duosion
|-damage|p2a: Duosion|22/100
|move|p2a: Duosion|Stored Power|p1a: Pikachu
|-damage|p1a: Pikachu|0 fnt
|faint|p1a: Pikachu
|
|upkeep
|inactive|Hhsdhh has 90 seconds left.
|c|☆5Dots|gg
|inactive|Hhsdhh has 60 seconds left.
|
|t:|1710127486
|switch|p1a: Frogadier|Frogadier, M|44/100
|-damage|p1a: Frogadier|31/100|[from] Stealth Rock
|turn|24
|
|t:|1710127496
|move|p1a: Frogadier|Hydro Pump|p2a: Duosion
|-damage|p2a: Duosion|0 fnt
|faint|p2a: Duosion
|
|upkeep
|
|t:|1710127501
|switch|p2a: Krokorok|Krokorok, M|100/100
|turn|25
|
|t:|1710127506
|move|p2a: Krokorok|Earthquake|p1a: Frogadier
|-damage|p1a: Frogadier|0 fnt
|faint|p1a: Frogadier
|-ability|p2a: Krokorok|Moxie|boost
|-boost|p2a: Krokorok|atk|1
|
|upkeep
|
|t:|1710127510
|switch|p1a: Quaxwell|Quaxwell, F|43/100 tox
|-damage|p1a: Quaxwell|30/100 tox|[from] Stealth Rock
|turn|26
|
|t:|1710127513
|move|p2a: Krokorok|Earthquake|p1a: Quaxwell
|-damage|p1a: Quaxwell|0 fnt
|faint|p1a: Quaxwell
|-ability|p2a: Krokorok|Moxie|boost
|-boost|p2a: Krokorok|atk|1
|
|upkeep
|
|t:|1710127516
|switch|p1a: Combusken|Combusken, M|11/100 par
|-damage|p1a: Combusken|0 fnt|[from] Stealth Rock
|faint|p1a: Combusken
|
|win|5Dots
|n|☆Hhsdhh|hhsdhh
|n|☆5Dots|5dots
