|j|☆summer1401
|j|☆MegaFreak400
|t:|1711945116
|gametype|singles
|player|p1|summer1401|madame|
|player|p2|MegaFreak400|benga|
|teamsize|p1|6
|teamsize|p2|6
|gen|4
|tier|[Gen 4] OU
|rule|Sleep Clause Mod: Limit one foe put to sleep
|rule|Species Clause: Limit one of each Pokémon
|rule|OHKO Clause: OHKO moves are banned
|rule|Evasion Items Clause: Evasion items are banned
|rule|Evasion Moves Clause: Evasion moves are banned
|rule|Endless Battle Clause: Forcing endless battles is banned
|rule|HP Percentage Mod: HP is shown in percentages
|rule|Evasion Abilities Clause: Evasion abilities are banned
|rule|Baton Pass Stat Trap Clause: No Baton Passer may have a way to boost stats or trap Pokémon
|rule|Freeze Clause Mod: Limit one foe frozen
|
|t:|1711945116
|start
|switch|p1a: Glissando|Gliscor, M|100/100
|switch|p2a: Pompeii|Absol, M, shiny|100/100
|turn|1
|j| SneakyScarab
|j| Styrm_WB
|c| Styrm_WB|go cats!
|
|t:|1711945205
|move|p1a: Glissando|Stealth Rock|p2a: Pompeii
|-sidestart|p2: MegaFreak400|move: Stealth Rock
|move|p2a: Pompeii|Night Slash|p1a: Glissando
|-damage|p1a: Glissando|60/100
|
|upkeep
|turn|2
|
|t:|1711945220
|switch|p1a: Libra|Furret, M|100/100
|move|p2a: Pompeii|Sucker Punch|p1a: Libra
|-fail|p2a: Pompeii
|
|-damage|p1a: Libra|88/100|[from] item: Sticky Barb
|upkeep
|turn|3
|
|t:|1711945229
|move|p1a: Libra|U-turn|p2a: Pompeii
|-supereffective|p2a: Pompeii
|-damage|p2a: Pompeii|38/100
|
|t:|1711945239
|switch|p1a: Glissando|Gliscor, M|60/100|[from] U-turn
|move|p2a: Pompeii|Superpower|p1a: Glissando
|-resisted|p1a: Glissando
|-damage|p1a: Glissando|36/100
|-unboost|p2a: Pompeii|atk|1
|-unboost|p2a: Pompeii|def|1
|
|upkeep
|turn|4
|
|t:|1711945265
|switch|p2a: Diskun|Miltank, F|100/100
|-damage|p2a: Diskun|88/100|[from] Stealth Rock
|move|p1a: Glissando|Ice Fang|p2a: Diskun
|-crit|p2a: Diskun
|-damage|p2a: Diskun|55/100
|-status|p2a: Diskun|frz
|
|upkeep
|turn|5
|
|t:|1711945282
|switch|p1a: Libra|Furret, M|88/100
|cant|p2a: Diskun|frz
|
|-damage|p1a: Libra|76/100|[from] item: Sticky Barb
|upkeep
|turn|6
|
|t:|1711945289
|switch|p2a: Penry|Lucario, M|100/100
|-damage|p2a: Penry|98/100|[from] Stealth Rock
|move|p1a: Libra|Trick|p2a: Penry
|-activate|p1a: Libra|move: Trick|[of] p2a: Penry
|-item|p2a: Penry|Sticky Barb|[from] move: Trick
|-item|p1a: Libra|Choice Scarf|[from] move: Trick
|
|-damage|p2a: Penry|85/100|[from] item: Sticky Barb
|upkeep
|turn|7
|
|t:|1711945306
|switch|p1a: Nocturn|Dusknoir, F|100/100
|-ability|p1a: Nocturn|Pressure
|move|p2a: Penry|Ice Punch|p1a: Nocturn
|-crit|p1a: Nocturn
|-damage|p1a: Nocturn|61/100
|
|-damage|p2a: Penry|73/100|[from] item: Sticky Barb
|-heal|p1a: Nocturn|67/100|[from] item: Leftovers
|upkeep
|turn|8
|
|t:|1711945321
|move|p2a: Penry|Thunder Punch|p1a: Nocturn
|-damage|p1a: Nocturn|46/100
|move|p1a: Nocturn|Fire Punch|p2a: Penry
|-supereffective|p2a: Penry
|-damage|p2a: Penry|1/100
|
|-damage|p2a: Penry|0 fnt|[from] item: Sticky Barb
|faint|p2a: Penry
|-heal|p1a: Nocturn|52/100|[from] item: Leftovers
|upkeep
|
|t:|1711945333
|switch|p2a: Diskun|Miltank, F|55/100 frz
|-damage|p2a: Diskun|43/100 frz|[from] Stealth Rock
|turn|9
|
|t:|1711945346
|switch|p1a: Libra|Furret, M|76/100
|cant|p2a: Diskun|frz
|
|upkeep
|turn|10
|
|t:|1711945350
|move|p1a: Libra|Brick Break|p2a: Diskun
|-supereffective|p2a: Diskun
|-damage|p2a: Diskun|6/100 frz
|-curestatus|p2a: Diskun|frz|[msg]
|move|p2a: Diskun|Milk Drink|p2a: Diskun
|-heal|p2a: Diskun|56/100
|
|upkeep
|turn|11
|
|t:|1711945358
|move|p1a: Libra|Brick Break|p2a: Diskun
|-supereffective|p2a: Diskun
|-damage|p2a: Diskun|18/100
|move|p2a: Diskun|Milk Drink|p2a: Diskun
|-heal|p2a: Diskun|67/100
|
|upkeep
|turn|12
|c| Styrm_WB|YUMMY TASTY!!!
|
|t:|1711945389
|switch|p1a: Nocturn|Dusknoir, F|52/100
|-ability|p1a: Nocturn|Pressure
|move|p2a: Diskun|Milk Drink|p2a: Diskun
|-heal|p2a: Diskun|100/100
|
|-heal|p1a: Nocturn|58/100|[from] item: Leftovers
|upkeep
|turn|13
|
|t:|1711945398
|move|p2a: Diskun|Return|p1a: Nocturn
|-damage|p1a: Nocturn|13/100
|-damage|p2a: Diskun|91/100|[from] item: Life Orb
|move|p1a: Nocturn|Pain Split|p2a: Diskun
|-sethp|p2a: Diskun|51/100|[from] move: Pain Split|[silent]
|-sethp|p1a: Nocturn|59/100|[from] move: Pain Split
|
|-heal|p1a: Nocturn|65/100|[from] item: Leftovers
|upkeep
|turn|14
|
|t:|1711945446
|move|p2a: Diskun|Milk Drink|p2a: Diskun
|-heal|p2a: Diskun|100/100
|move|p1a: Nocturn|Fire Punch|p2a: Diskun
|-damage|p2a: Diskun|77/100
|
|-heal|p1a: Nocturn|71/100|[from] item: Leftovers
|upkeep
|turn|15
|
|t:|1711945454
|move|p2a: Diskun|Return|p1a: Nocturn
|-damage|p1a: Nocturn|25/100
|-damage|p2a: Diskun|67/100|[from] item: Life Orb
|move|p1a: Nocturn|Fire Punch|p2a: Diskun
|-damage|p2a: Diskun|43/100
|
|-heal|p1a: Nocturn|31/100|[from] item: Leftovers
|upkeep
|turn|16
|
|t:|1711945466
|move|p2a: Diskun|Return|p1a: Nocturn
|-damage|p1a: Nocturn|0 fnt
|faint|p1a: Nocturn
|-damage|p2a: Diskun|33/100|[from] item: Life Orb
|
|upkeep
|
|t:|1711945476
|switch|p1a: Aquila|Staraptor, M, shiny|100/100
|-ability|p1a: Aquila|Intimidate|boost
|-unboost|p2a: Diskun|atk|1
|turn|17
|
|t:|1711945492
|switch|p2a: Pompeii|Absol, M, shiny|38/100
|-damage|p2a: Pompeii|26/100|[from] Stealth Rock
|move|p1a: Aquila|Close Combat|p2a: Pompeii
|-supereffective|p2a: Pompeii
|-damage|p2a: Pompeii|0 fnt
|-unboost|p1a: Aquila|def|1
|-unboost|p1a: Aquila|spd|1
|faint|p2a: Pompeii
|
|upkeep
|c| Styrm_WB|i sure hope staraptor doesn't push me out of a train
|
|t:|1711945501
|switch|p2a: Pocky/Rocky/Becky|Magneton, shiny|100/100
|-damage|p2a: Pocky/Rocky/Becky|94/100|[from] Stealth Rock
|turn|18
|
|t:|1711945508
|move|p1a: Aquila|Close Combat|p2a: Pocky/Rocky/Becky
|-supereffective|p2a: Pocky/Rocky/Becky
|-damage|p2a: Pocky/Rocky/Becky|0 fnt
|-unboost|p1a: Aquila|def|1
|-unboost|p1a: Aquila|spd|1
|faint|p2a: Pocky/Rocky/Becky
|
|upkeep
|
|t:|1711945536
|switch|p2a: Tenkaichi|Machamp, M|100/100
|-damage|p2a: Tenkaichi|94/100|[from] Stealth Rock
|turn|19
|
|t:|1711945559
|move|p1a: Aquila|Close Combat|p2a: Tenkaichi
|-damage|p2a: Tenkaichi|39/100
|-unboost|p1a: Aquila|def|1
|-unboost|p1a: Aquila|spd|1
|move|p2a: Tenkaichi|Stone Edge|p1a: Aquila
|-supereffective|p1a: Aquila
|-damage|p1a: Aquila|0 fnt
|faint|p1a: Aquila
|
|upkeep
|
|t:|1711945567
|switch|p1a: Fermata|Rotom-Fan|100/100
|turn|20
|
|t:|1711945572
|move|p1a: Fermata|Air Slash|p2a: Tenkaichi
|-supereffective|p2a: Tenkaichi
|-damage|p2a: Tenkaichi|0 fnt
|faint|p2a: Tenkaichi
|-damage|p1a: Fermata|91/100|[from] item: Life Orb
|
|upkeep
|
|t:|1711945580
|switch|p2a: Diskun|Miltank, F|33/100
|-damage|p2a: Diskun|21/100|[from] Stealth Rock
|turn|21
|
|t:|1711945586
|move|p2a: Diskun|Milk Drink|p2a: Diskun
|-heal|p2a: Diskun|71/100
|move|p1a: Fermata|Air Slash|p2a: Diskun
|-damage|p2a: Diskun|26/100
|-damage|p1a: Fermata|81/100|[from] item: Life Orb
|
|upkeep
|turn|22
|
|t:|1711945593
|move|p2a: Diskun|Milk Drink|p2a: Diskun
|-heal|p2a: Diskun|76/100
|move|p1a: Fermata|Air Slash|p2a: Diskun
|-damage|p2a: Diskun|30/100
|-damage|p1a: Fermata|71/100|[from] item: Life Orb
|
|upkeep
|turn|23
|
|t:|1711945600
|move|p2a: Diskun|Milk Drink|p2a: Diskun
|-heal|p2a: Diskun|80/100
|move|p1a: Fermata|Discharge|p2a: Diskun
|-damage|p2a: Diskun|12/100
|-damage|p1a: Fermata|61/100|[from] item: Life Orb
|
|upkeep
|turn|24
|
|t:|1711945607
|move|p2a: Diskun|Return|p1a: Fermata
|-damage|p1a: Fermata|0 fnt
|faint|p1a: Fermata
|-damage|p2a: Diskun|2/100|[from] item: Life Orb
|
|upkeep
|
|t:|1711945616
|switch|p1a: Libra|Furret, M|76/100
|turn|25
|
|t:|1711945621
|move|p1a: Libra|U-turn|p2a: Diskun
|-damage|p2a: Diskun|0 fnt
|faint|p2a: Diskun
|
|t:|1711945625
|switch|p1a: Glissando|Gliscor, M|36/100|[from] U-turn
|
|upkeep
|
|t:|1711945628
|switch|p2a: Kinoko|Breloom, F|100/100
|-damage|p2a: Kinoko|94/100|[from] Stealth Rock
|turn|26
|
|t:|1711945645
|move|p1a: Glissando|Aerial Ace|p2a: Kinoko
|-supereffective|p2a: Kinoko
|-damage|p2a: Kinoko|0 fnt
|faint|p2a: Kinoko
|
|win|summer1401
