|j|☆Luunacie
|j|☆senatormoneyman
|t:|1711945980
|gametype|singles
|player|p1|Luunacie|266|1075
|player|p2|senatormoneyman|roughneck-gen4|1017
|teamsize|p1|6
|teamsize|p2|6
|gen|4
|tier|[Gen 4] OU
|rated|
|rule|Sleep Clause Mod: Limit one foe put to sleep
|rule|Species Clause: Limit one of each Pokémon
|rule|OHKO Clause: OHKO moves are banned
|rule|Evasion Items Clause: Evasion items are banned
|rule|Evasion Moves Clause: Evasion moves are banned
|rule|Endless Battle Clause: Forcing endless battles is banned
|rule|HP Percentage Mod: HP is shown in percentages
|rule|Evasion Abilities Clause: Evasion abilities are banned
|rule|Baton Pass Stat Trap Clause: No Baton Passer may have a way to boost stats or trap Pokémon
|rule|Freeze Clause Mod: Limit one foe frozen
|
|t:|1711945980
|start
|switch|p1a: Luffy|Snorlax, M|100/100
|switch|p2a: Shedinja|Shedinja|100/100
|turn|1
|
|t:|1711945999
|switch|p1a: Yamato|Steelix, F|100/100
|move|p2a: Shedinja|Confuse Ray|p1a: Yamato
|-start|p1a: Yamato|confusion
|
|upkeep
|turn|2
|
|t:|1711946033
|switch|p2a: Blaziken|Blaziken, F|100/100
|-activate|p1a: Yamato|confusion
|move|p1a: Yamato|Stone Edge|p2a: Blaziken
|-damage|p2a: Blaziken|55/100
|
|upkeep
|turn|3
|
|t:|1711946050
|switch|p1a: Chopper|Pelipper, M, shiny|100/100
|move|p2a: Blaziken|Vacuum Wave|p1a: Chopper
|-resisted|p1a: Chopper
|-damage|p1a: Chopper|87/100
|
|upkeep
|turn|4
|
|t:|1711946063
|move|p2a: Blaziken|Fire Blast|p1a: Chopper
|-resisted|p1a: Chopper
|-damage|p1a: Chopper|48/100
|move|p1a: Chopper|Tailwind|p1a: Chopper
|-sidestart|p1: Luunacie|move: Tailwind
|
|upkeep
|turn|5
|
|t:|1711946080
|switch|p2a: Shedinja|Shedinja|100/100
|move|p1a: Chopper|Surf|p2a: Shedinja
|-immune|p2a: Shedinja|[from] ability: Wonder Guard
|
|upkeep
|turn|6
|
|t:|1711946087
|move|p1a: Chopper|Roost|p1a: Chopper
|-heal|p1a: Chopper|97/100
|-singleturn|p1a: Chopper|move: Roost
|move|p2a: Shedinja|Confuse Ray|p1a: Chopper
|-start|p1a: Chopper|confusion
|
|-sideend|p1: Luunacie|move: Tailwind
|upkeep
|turn|7
|
|t:|1711946108
|-activate|p1a: Chopper|confusion
|move|p1a: Chopper|Hydro Pump|p2a: Shedinja
|-immune|p2a: Shedinja|[from] ability: Wonder Guard
|move|p2a: Shedinja|Swords Dance|p2a: Shedinja
|-boost|p2a: Shedinja|atk|2
|
|upkeep
|turn|8
|
|t:|1711946122
|switch|p1a: Yamato|Steelix, F|100/100
|move|p2a: Shedinja|Swords Dance|p2a: Shedinja
|-boost|p2a: Shedinja|atk|2
|
|upkeep
|turn|9
|
|t:|1711946134
|move|p2a: Shedinja|Confuse Ray|p1a: Yamato
|-start|p1a: Yamato|confusion
|-activate|p1a: Yamato|confusion
|-damage|p1a: Yamato|94/100|[from] confusion
|
|-heal|p1a: Yamato|100/100|[from] item: Leftovers
|upkeep
|turn|10
|
|t:|1711946145
|move|p2a: Shedinja|Shadow Sneak|p1a: Yamato
|-resisted|p1a: Yamato
|-damage|p1a: Yamato|85/100
|-activate|p1a: Yamato|confusion
|-damage|p1a: Yamato|78/100|[from] confusion
|
|-heal|p1a: Yamato|84/100|[from] item: Leftovers
|upkeep
|turn|11
|
|t:|1711946155
|move|p2a: Shedinja|Sucker Punch|p1a: Yamato
|-fail|p2a: Shedinja
|-activate|p1a: Yamato|confusion
|move|p1a: Yamato|Rock Polish|p1a: Yamato
|-boost|p1a: Yamato|spe|2
|
|-heal|p1a: Yamato|91/100|[from] item: Leftovers
|upkeep
|turn|12
|
|t:|1711946174
|-activate|p1a: Yamato|confusion
|move|p1a: Yamato|Earthquake|p2a: Shedinja
|-immune|p2a: Shedinja|[from] ability: Wonder Guard
|move|p2a: Shedinja|Swords Dance|p2a: Shedinja
|-boost|p2a: Shedinja|atk|2
|
|-heal|p1a: Yamato|97/100|[from] item: Leftovers
|upkeep
|turn|13
|
|t:|1711946186
|move|p2a: Shedinja|Shadow Sneak|p1a: Yamato
|-resisted|p1a: Yamato
|-damage|p1a: Yamato|76/100
|-end|p1a: Yamato|confusion
|move|p1a: Yamato|Stone Edge|p2a: Shedinja
|-supereffective|p2a: Shedinja
|-damage|p2a: Shedinja|100/100
|-enditem|p2a: Shedinja|Focus Sash
|
|-heal|p1a: Yamato|82/100|[from] item: Leftovers
|upkeep
|turn|14
|
|t:|1711946197
|move|p2a: Shedinja|Shadow Sneak|p1a: Yamato
|-resisted|p1a: Yamato
|-damage|p1a: Yamato|62/100
|move|p1a: Yamato|Stone Edge|p2a: Shedinja
|-supereffective|p2a: Shedinja
|-damage|p2a: Shedinja|0 fnt
|faint|p2a: Shedinja
|
|-heal|p1a: Yamato|69/100|[from] item: Leftovers
|upkeep
|
|t:|1711946223
|switch|p2a: Blaziken|Blaziken, F|55/100
|turn|15
|
|t:|1711946228
|move|p2a: Blaziken|Fire Blast|p1a: Yamato
|-supereffective|p1a: Yamato
|-damage|p1a: Yamato|0 fnt
|faint|p1a: Yamato
|
|upkeep
|
|t:|1711946240
|switch|p1a: Chopper|Pelipper, M, shiny|97/100
|turn|16
|
|t:|1711946247
|move|p2a: Blaziken|Fire Blast|p1a: Chopper
|-resisted|p1a: Chopper
|-damage|p1a: Chopper|55/100
|move|p1a: Chopper|Hydro Pump|p2a: Blaziken
|-supereffective|p2a: Blaziken
|-damage|p2a: Blaziken|0 fnt
|faint|p2a: Blaziken
|
|upkeep
|
|t:|1711946258
|switch|p2a: Skarmory|Skarmory, M|100/100
|turn|17
|
|t:|1711946265
|move|p1a: Chopper|Roost|p1a: Chopper
|-heal|p1a: Chopper|100/100
|-singleturn|p1a: Chopper|move: Roost
|move|p2a: Skarmory|Stealth Rock|p1a: Chopper
|-sidestart|p1: Luunacie|move: Stealth Rock
|
|upkeep
|turn|18
|
|t:|1711946284
|move|p1a: Chopper|Tailwind|p1a: Chopper
|-sidestart|p1: Luunacie|move: Tailwind
|move|p2a: Skarmory|Spikes|p1a: Chopper
|-sidestart|p1: Luunacie|Spikes
|
|upkeep
|turn|19
|
|t:|1711946290
|move|p1a: Chopper|Surf|p2a: Skarmory
|-damage|p2a: Skarmory|56/100
|move|p2a: Skarmory|Toxic|p1a: Chopper|[miss]
|-miss|p2a: Skarmory|p1a: Chopper
|
|-heal|p2a: Skarmory|62/100|[from] item: Leftovers
|upkeep
|turn|20
|
|t:|1711946298
|move|p1a: Chopper|Surf|p2a: Skarmory
|-damage|p2a: Skarmory|20/100
|move|p2a: Skarmory|Toxic|p1a: Chopper
|-status|p1a: Chopper|tox
|
|-sideend|p1: Luunacie|move: Tailwind
|-damage|p1a: Chopper|94/100 tox|[from] psn
|-heal|p2a: Skarmory|26/100|[from] item: Leftovers
|upkeep
|turn|21
|
|t:|1711946307
|move|p1a: Chopper|Surf|p2a: Skarmory
|-damage|p2a: Skarmory|0 fnt
|faint|p2a: Skarmory
|
|-damage|p1a: Chopper|82/100 tox|[from] psn
|upkeep
|
|t:|1711946326
|switch|p2a: Dragonite|Dragonite, M|100/100
|turn|22
|
|t:|1711946336
|move|p2a: Dragonite|Extreme Speed|p1a: Chopper
|-damage|p1a: Chopper|43/100 tox
|move|p1a: Chopper|Tailwind|p1a: Chopper
|-sidestart|p1: Luunacie|move: Tailwind
|
|-damage|p1a: Chopper|24/100 tox|[from] psn
|upkeep
|turn|23
|
|t:|1711946347
|move|p2a: Dragonite|Extreme Speed|p1a: Chopper
|-damage|p1a: Chopper|0 fnt
|faint|p1a: Chopper
|
|upkeep
|
|t:|1711946358
|switch|p1a: Vivi|Alakazam, F|100/100
|-damage|p1a: Vivi|88/100|[from] Stealth Rock
|-damage|p1a: Vivi|76/100|[from] Spikes
|turn|24
|
|t:|1711946367
|switch|p1a: Luffy|Snorlax, M|100/100
|-damage|p1a: Luffy|88/100|[from] Stealth Rock
|-damage|p1a: Luffy|76/100|[from] Spikes
|move|p2a: Dragonite|Extreme Speed|p1a: Luffy
|-damage|p1a: Luffy|52/100
|
|-sideend|p1: Luunacie|move: Tailwind
|upkeep
|turn|25
|
|t:|1711946388
|move|p2a: Dragonite|Extreme Speed|p1a: Luffy
|-damage|p1a: Luffy|26/100
|move|p1a: Luffy|Body Slam|p2a: Dragonite
|-damage|p2a: Dragonite|70/100
|
|upkeep
|turn|26
|
|t:|1711946400
|move|p2a: Dragonite|Extreme Speed|p1a: Luffy
|-damage|p1a: Luffy|0 fnt
|faint|p1a: Luffy
|
|upkeep
|
|t:|1711946417
|switch|p1a: Marianne|Clefable, F|100/100
|turn|27
|
|t:|1711946425
|move|p2a: Dragonite|Extreme Speed|p1a: Marianne
|-damage|p1a: Marianne|66/100
|move|p1a: Marianne|Reflect|p1a: Marianne
|-sidestart|p1: Luunacie|Reflect
|
|upkeep
|turn|28
|
|t:|1711946436
|move|p2a: Dragonite|Extreme Speed|p1a: Marianne
|-damage|p1a: Marianne|47/100
|move|p1a: Marianne|Psychic|p2a: Dragonite
|-damage|p2a: Dragonite|55/100
|
|upkeep
|turn|29
|
|t:|1711946443
|move|p2a: Dragonite|Extreme Speed|p1a: Marianne
|-damage|p1a: Marianne|28/100
|move|p1a: Marianne|Psychic|p2a: Dragonite
|-damage|p2a: Dragonite|39/100
|
|upkeep
|turn|30
|
|t:|1711946459
|switch|p2a: Togekiss|Togekiss, F|100/100
|move|p1a: Marianne|Psychic|p2a: Togekiss
|-damage|p2a: Togekiss|87/100
|
|upkeep
|turn|31
|
|t:|1711946478
|move|p2a: Togekiss|Air Slash|p1a: Marianne|[miss]
|-miss|p2a: Togekiss|p1a: Marianne
|move|p1a: Marianne|Light Screen|p1a: Marianne
|-sidestart|p1: Luunacie|Light Screen
|
|upkeep
|turn|32
|
|t:|1711946488
|switch|p1a: Zoro|Staraptor, M|100/100
|-damage|p1a: Zoro|76/100|[from] Stealth Rock
|-ability|p1a: Zoro|Intimidate|boost
|-unboost|p2a: Togekiss|atk|1
|move|p2a: Togekiss|Air Slash|p1a: Zoro
|-crit|p1a: Zoro
|-damage|p1a: Zoro|0 fnt
|faint|p1a: Zoro
|
|upkeep
|
|t:|1711946497
|switch|p1a: Vivi|Alakazam, F|76/100
|-damage|p1a: Vivi|64/100|[from] Stealth Rock
|-damage|p1a: Vivi|51/100|[from] Spikes
|turn|33
|
|t:|1711946508
|move|p1a: Vivi|Psychic|p2a: Togekiss
|-damage|p2a: Togekiss|25/100
|move|p2a: Togekiss|Air Slash|p1a: Vivi
|-damage|p1a: Vivi|21/100
|
|upkeep
|turn|34
|
|t:|1711946517
|move|p1a: Vivi|Psychic|p2a: Togekiss
|-damage|p2a: Togekiss|0 fnt
|faint|p2a: Togekiss
|
|-sideend|p1: Luunacie|Reflect
|upkeep
|
|t:|1711946524
|switch|p2a: Dragonite|Dragonite, M|39/100
|turn|35
|
|t:|1711946532
|move|p1a: Vivi|Psychic|p2a: Dragonite
|-damage|p2a: Dragonite|0 fnt
|faint|p2a: Dragonite
|
|upkeep
|
|t:|1711946537
|switch|p2a: Hitmonlee|Hitmonlee, M|100/100
|turn|36
|
|t:|1711946541
|move|p2a: Hitmonlee|Bullet Punch|p1a: Vivi
|-damage|p1a: Vivi|0 fnt
|faint|p1a: Vivi
|-damage|p2a: Hitmonlee|91/100|[from] item: Life Orb
|
|upkeep
|
|t:|1711946548
|switch|p1a: Marianne|Clefable, F|28/100
|turn|37
|
|t:|1711946556
|move|p2a: Hitmonlee|Bullet Punch|p1a: Marianne
|-damage|p1a: Marianne|11/100
|-damage|p2a: Hitmonlee|81/100|[from] item: Life Orb
|move|p1a: Marianne|Reflect|p1a: Marianne
|-sidestart|p1: Luunacie|Reflect
|
|upkeep
|turn|38
|
|t:|1711946571
|move|p2a: Hitmonlee|High Jump Kick|p1a: Marianne
|-supereffective|p1a: Marianne
|-damage|p1a: Marianne|0 fnt
|faint|p1a: Marianne
|-damage|p2a: Hitmonlee|71/100|[from] item: Life Orb
|
|win|senatormoneyman
|raw|Luunacie's rating: 1075 &rarr; <strong>1050</strong><br />(-25 for losing)
|raw|senatormoneyman's rating: 1017 &rarr; <strong>1061</strong><br />(+44 for winning)
