|j|☆Uta The Clown
|j|☆Drop A Lando
|inactive|Battle timer is ON: inactive players will automatically lose when time's up.
|t:|1711894865
|gametype|singles
|player|p1|Uta The Clown|clown|
|player|p2|Drop A Lando|preschoolerf|
|teamsize|p1|6
|teamsize|p2|6
|gen|9
|tier|[Gen 9] STABmons
|rated|Tournament battle
|rule|Species Clause: Limit one of each Pokémon
|rule|OHKO Clause: OHKO moves are banned
|rule|Evasion Moves Clause: Evasion moves are banned
|rule|Endless Battle Clause: Forcing endless battles is banned
|rule|HP Percentage Mod: HP is shown in percentages
|rule|Sleep Moves Clause: Sleep-inducing moves are banned
|rule|Same Type Clause: Pokémon in a team must share a type
|rule|Terastal Clause: You cannot Terastallize
|clearpoke
|poke|p1|Iron Valiant|
|poke|p1|Enamorus-Therian, F|
|poke|p1|Tinkaton, F|
|poke|p1|Hatterene, F|
|poke|p1|Mimikyu, M|
|poke|p1|Fezandipiti, M|
|poke|p2|Yanmega, F|
|poke|p2|Moltres|
|poke|p2|Corviknight, M|
|poke|p2|Thundurus-Therian, M|
|poke|p2|Landorus-Therian, M|
|poke|p2|Zapdos-Galar|
|teampreview
|inactive|Drop A Lando also wants the timer to be on.
|c|☆Drop A Lando|glhf
|j| Murphy Lawden
|c|☆Uta The Clown|hf
|j| GhastleVania
|j|%Toy Time King
|
|t:|1711894885
|start
|switch|p1a: Hatterene|Hatterene, F|100/100
|switch|p2a: Yanmega|Yanmega, F|100/100
|turn|1
|c|☆Drop A Lando|you too!
|l| Murphy Lawden
|j| medusssaaa
|
|t:|1711894895
|move|p2a: Yanmega|Tail Glow|p2a: Yanmega
|-boost|p2a: Yanmega|spa|3
|move|p1a: Hatterene|Cosmic Power|p1a: Hatterene
|-boost|p1a: Hatterene|def|1
|-boost|p1a: Hatterene|spd|1
|
|-ability|p2a: Yanmega|Speed Boost|boost
|-boost|p2a: Yanmega|spe|1
|upkeep
|turn|2
|j|+mauby ♆
|
|t:|1711894903
|move|p2a: Yanmega|Bug Buzz|p1a: Hatterene
|-damage|p1a: Hatterene|0 fnt
|faint|p1a: Hatterene
|-damage|p2a: Yanmega|91/100|[from] item: Life Orb
|
|-ability|p2a: Yanmega|Speed Boost|boost
|-boost|p2a: Yanmega|spe|1
|upkeep
|
|t:|1711894909
|switch|p1a: Mimikyu|Mimikyu, M|100/100
|turn|3
|c|☆Drop A Lando|huge
|
|t:|1711894918
|move|p2a: Yanmega|Bug Buzz|p1a: Mimikyu
|-activate|p1a: Mimikyu|ability: Disguise
|-damage|p1a: Mimikyu|100/100
|detailschange|p1a: Mimikyu|Mimikyu-Busted, M
|-damage|p1a: Mimikyu|88/100|[from] pokemon: Mimikyu-Busted
|-damage|p2a: Yanmega|81/100|[from] item: Life Orb
|move|p1a: Mimikyu|Magical Torque|p2a: Yanmega
|-damage|p2a: Yanmega|31/100
|
|-heal|p1a: Mimikyu|94/100|[from] item: Leftovers
|-ability|p2a: Yanmega|Speed Boost|boost
|-boost|p2a: Yanmega|spe|1
|upkeep
|turn|4
|
|t:|1711894932
|move|p1a: Mimikyu|Shadow Sneak|p2a: Yanmega
|-damage|p2a: Yanmega|9/100
|move|p2a: Yanmega|Bug Buzz|p1a: Mimikyu
|-resisted|p1a: Mimikyu
|-damage|p1a: Mimikyu|44/100
|-damage|p2a: Yanmega|0 fnt|[from] item: Life Orb
|faint|p2a: Yanmega
|
|-heal|p1a: Mimikyu|50/100|[from] item: Leftovers
|upkeep
|c| medusssaaa|yanmega is trash
|
|t:|1711894950
|switch|p2a: Thundurus|Thundurus-Therian, M|100/100
|turn|5
|
|t:|1711894955
|move|p2a: Thundurus|Electro Drift|p1a: Mimikyu
|-damage|p1a: Mimikyu|0 fnt
|faint|p1a: Mimikyu
|
|upkeep
|l| medusssaaa
|
|t:|1711894966
|switch|p1a: Tinkaton|Tinkaton, F|100/100
|-ability|p1a: Tinkaton|Mold Breaker
|turn|6
|
|t:|1711894979
|switch|p2a: Landorus|Landorus-Therian, M|100/100
|-ability|p2a: Landorus|Intimidate|boost
|-unboost|p1a: Tinkaton|atk|1
|move|p1a: Tinkaton|Magical Torque|p2a: Landorus
|-damage|p2a: Landorus|74/100
|
|upkeep
|turn|7
|
|t:|1711894988
|switch|p1a: Enamorus|Enamorus-Therian, F|100/100
|move|p2a: Landorus|Dragon Ascent|p1a: Enamorus
|-damage|p1a: Enamorus|43/100
|-unboost|p2a: Landorus|def|1
|-unboost|p2a: Landorus|spd|1
|
|-heal|p1a: Enamorus|49/100|[from] item: Leftovers
|upkeep
|turn|8
|
|t:|1711895002
|switch|p2a: Thundurus|Thundurus-Therian, M|100/100
|move|p1a: Enamorus|Draining Kiss|p2a: Thundurus
|-damage|p2a: Thundurus|71/100
|-heal|p1a: Enamorus|68/100|[from] drain|[of] p2a: Thundurus
|
|-heal|p1a: Enamorus|74/100|[from] item: Leftovers
|upkeep
|turn|9
|c|☆Drop A Lando|yangmega is not trash lol
|c|☆Drop A Lando|also no switch?
|j| NoahTheGreat6.4
|
|t:|1711895019
|switch|p1a: Tinkaton|Tinkaton, F|100/100
|-ability|p1a: Tinkaton|Mold Breaker
|move|p2a: Thundurus|Electro Drift|p1a: Tinkaton
|-damage|p1a: Tinkaton|43/100
|
|upkeep
|turn|10
|
|t:|1711895027
|move|p1a: Tinkaton|Bullet Punch|p2a: Thundurus
|-resisted|p2a: Thundurus
|-damage|p2a: Thundurus|61/100
|move|p2a: Thundurus|Electro Drift|p1a: Tinkaton
|-damage|p1a: Tinkaton|0 fnt
|faint|p1a: Tinkaton
|
|upkeep
|
|t:|1711895036
|switch|p1a: Fezandipiti|Fezandipiti, M|100/100
|turn|11
|
|t:|1711895043
|move|p2a: Thundurus|Psychic|p1a: Fezandipiti
|-supereffective|p1a: Fezandipiti
|-damage|p1a: Fezandipiti|24/100
|move|p1a: Fezandipiti|Calm Mind|p1a: Fezandipiti
|-boost|p1a: Fezandipiti|spa|1
|-boost|p1a: Fezandipiti|spd|1
|
|-heal|p1a: Fezandipiti|30/100|[from] item: Leftovers
|upkeep
|turn|12
|j| medusssaaa
|
|t:|1711895056
|move|p2a: Thundurus|Psychic|p1a: Fezandipiti
|-supereffective|p1a: Fezandipiti
|-damage|p1a: Fezandipiti|0 fnt
|faint|p1a: Fezandipiti
|
|upkeep
|
|t:|1711895059
|switch|p1a: Iron Valiant|Iron Valiant|100/100
|turn|13
|
|t:|1711895065
|switch|p2a: Corviknight|Corviknight, M|100/100
|-ability|p2a: Corviknight|Pressure
|move|p1a: Iron Valiant|Ice Punch|p2a: Corviknight
|-damage|p2a: Corviknight|70/100
|-damage|p1a: Iron Valiant|91/100|[from] item: Life Orb
|
|-heal|p2a: Corviknight|76/100|[from] item: Leftovers
|upkeep
|turn|14
|
|t:|1711895074
|move|p1a: Iron Valiant|Combat Torque|p2a: Corviknight
|-damage|p2a: Corviknight|21/100
|-status|p2a: Corviknight|par
|-damage|p1a: Iron Valiant|81/100|[from] item: Life Orb
|move|p2a: Corviknight|Iron Defense|p2a: Corviknight
|-boost|p2a: Corviknight|def|2
|
|-heal|p2a: Corviknight|27/100 par|[from] item: Leftovers
|upkeep
|turn|15
|c|☆Drop A Lando|oh rah
|
|t:|1711895082
|move|p1a: Iron Valiant|Combat Torque|p2a: Corviknight
|-damage|p2a: Corviknight|0 fnt
|faint|p2a: Corviknight
|-damage|p1a: Iron Valiant|71/100|[from] item: Life Orb
|
|upkeep
|j| Murphy Lawden
|
|t:|1711895084
|switch|p2a: Landorus|Landorus-Therian, M|74/100
|-ability|p2a: Landorus|Intimidate|boost
|-unboost|p1a: Iron Valiant|atk|1
|turn|16
|
|t:|1711895089
|move|p2a: Landorus|Dragon Ascent|p1a: Iron Valiant
|-supereffective|p1a: Iron Valiant
|-damage|p1a: Iron Valiant|0 fnt
|-unboost|p2a: Landorus|def|1
|-unboost|p2a: Landorus|spd|1
|faint|p1a: Iron Valiant
|-end|p1a: Iron Valiant|Quark Drive|[silent]
|
|upkeep
|c|☆Uta The Clown|gg
|
|t:|1711895096
|switch|p1a: Enamorus|Enamorus-Therian, F|74/100
|turn|17
|
|t:|1711895098
|move|p2a: Landorus|Dragon Ascent|p1a: Enamorus
|-damage|p1a: Enamorus|14/100
|-unboost|p2a: Landorus|def|1
|-unboost|p2a: Landorus|spd|1
|move|p1a: Enamorus|Iron Defense|p1a: Enamorus
|-boost|p1a: Enamorus|def|2
|
|-heal|p1a: Enamorus|20/100|[from] item: Leftovers
|upkeep
|turn|18
|c|☆Drop A Lando|gg
|
|t:|1711895107
|move|p2a: Landorus|Dragon Ascent|p1a: Enamorus
|-damage|p1a: Enamorus|0 fnt
|-unboost|p2a: Landorus|def|1
|-unboost|p2a: Landorus|spd|1
|faint|p1a: Enamorus
|
|win|Drop A Lando
|n|☆Uta The Clown|utatheclown
|n|☆Drop A Lando|dropalando
|n| GhastleVania|ghastlevania
|n| Toy Time King|toytimeking
|n| mauby ♆|mauby
|n| NoahTheGreat6.4|noahthegreat64
|n| medusssaaa|medusssaaa
|n| Murphy Lawden|murphylawden
|l|☆Drop A Lando
|player|p2|
|c| Murphy Lawden|This battle you did not survive uta the clown
|l|☆Uta The Clown
|player|p1|
|l| Toy Time King
|l| GhastleVania
