|j|☆Hjhjbhjh
|j|☆dgb dgfb d
|t:|1711936941
|gametype|singles
|player|p1|Hjhjbhjh|265|1000
|player|p2|dgb dgfb d|266|1053
|teamsize|p1|6
|teamsize|p2|6
|gen|8
|tier|[Gen 8] Random Battle
|rated|
|rule|Species Clause: Limit one of each Pokémon
|rule|HP Percentage Mod: HP is shown in percentages
|rule|Sleep Clause Mod: Limit one foe put to sleep
|rule|Illusion Level Mod: Illusion disguises the Pokémon's true level
|
|t:|1711936941
|start
|switch|p1a: Hippowdon|Hippowdon, L81, F|308/308
|switch|p2a: Flareon|Flareon, L86, M|251/251
|-weather|Sandstorm|[from] ability: Sand Stream|[of] p1a: Hippowdon
|turn|1
|j| yerpptheder
|inactive|Battle timer is ON: inactive players will automatically lose when time's up. (requested by dgb dgfb d)
|
|t:|1711936964
|move|p2a: Flareon|Superpower|p1a: Hippowdon
|-damage|p1a: Hippowdon|223/308
|-unboost|p2a: Flareon|atk|1
|-unboost|p2a: Flareon|def|1
|move|p1a: Hippowdon|Earthquake|p2a: Flareon
|-supereffective|p2a: Flareon
|-damage|p2a: Flareon|0 fnt
|faint|p2a: Flareon
|
|-weather|Sandstorm|[upkeep]
|-heal|p1a: Hippowdon|242/308|[from] item: Leftovers
|upkeep
|l|☆dgb dgfb d
|inactive|dgb dgfb d disconnected and has a minute to reconnect!
|player|p2|
|inactive|dgb dgfb d has 30 seconds to reconnect!
|inactive|dgb dgfb d has 20 seconds to reconnect!
|inactive|dgb dgfb d has 15 seconds to reconnect!
|inactive|dgb dgfb d has 10 seconds to reconnect!
|inactive|dgb dgfb d has 5 seconds to reconnect!
|-message|dgb dgfb d lost due to inactivity.
|
|win|Hjhjbhjh
|raw|Hjhjbhjh's rating: 1000 &rarr; <strong>1046</strong><br />(+46 for winning)
|raw|dgb dgfb d's rating: 1053 &rarr; <strong>1032</strong><br />(-21 for losing)
|l|☆Hjhjbhjh
|player|p1|
|l| yerpptheder
|j| yerpptheder
