|j|☆Evie733
|j|☆SammyCe123
|t:|1711903001
|gametype|singles
|player|p1|Evie733|mina-masters|
|player|p2|SammyCe123|caitlin-masters|
|teamsize|p1|6
|teamsize|p2|6
|gen|9
|tier|[Gen 9] Godly Gift
|rule|Species Clause: Limit one of each Pokémon
|rule|OHKO Clause: OHKO moves are banned
|rule|Evasion Moves Clause: Evasion moves are banned
|rule|Endless Battle Clause: Forcing endless battles is banned
|rule|HP Percentage Mod: HP is shown in percentages
|rule|Sleep Moves Clause: Sleep-inducing moves are banned
|clearpoke
|poke|p1|Zamazenta-*|
|poke|p1|Arceus|
|poke|p1|Roaring Moon|
|poke|p1|Iron Treads|
|poke|p1|Iron Hands|
|poke|p1|Baxcalibur, F|
|poke|p2|Skarmory, F|
|poke|p2|Arceus-Ghost|
|poke|p2|Clodsire, F|
|poke|p2|Tornadus-Therian, M|
|poke|p2|Alomomola, F|
|poke|p2|Gholdengo|
|teampreview
|inactive|Battle timer is ON: inactive players will automatically lose when time's up. (requested by Evie733)
|inactive|Evie733 has 270 seconds left.
|inactive|SammyCe123 has 270 seconds left.
|
|t:|1711903044
|start
|switch|p1a: Iron Treads|Iron Treads|100/100
|switch|p2a: Skarmory|Skarmory, F|100/100
|-enditem|p1a: Iron Treads|Booster Energy
|-activate|p1a: Iron Treads|ability: Quark Drive|[fromitem]
|-start|p1a: Iron Treads|quarkdrivespe
|turn|1
|
|t:|1711903054
|switch|p2a: Alomomola|Alomomola, F|100/100
|move|p1a: Iron Treads|Stealth Rock|p2a: Alomomola
|-sidestart|p2: SammyCe123|move: Stealth Rock
|
|upkeep
|turn|2
|
|t:|1711903058
|move|p1a: Iron Treads|Earth Power|p2a: Alomomola
|-damage|p2a: Alomomola|79/100
|move|p2a: Alomomola|Scald|p1a: Iron Treads
|-supereffective|p1a: Iron Treads
|-damage|p1a: Iron Treads|63/100
|
|upkeep
|turn|3
|
|t:|1711903062
|move|p1a: Iron Treads|Earth Power|p2a: Alomomola
|-damage|p2a: Alomomola|57/100
|move|p2a: Alomomola|Scald|p1a: Iron Treads
|-supereffective|p1a: Iron Treads
|-damage|p1a: Iron Treads|24/100
|-status|p1a: Iron Treads|brn
|
|-damage|p1a: Iron Treads|18/100 brn|[from] brn
|upkeep
|turn|4
|
|t:|1711903073
|move|p1a: Iron Treads|Earth Power|p2a: Alomomola
|-damage|p2a: Alomomola|38/100
|move|p2a: Alomomola|Flip Turn|p1a: Iron Treads
|-supereffective|p1a: Iron Treads
|-damage|p1a: Iron Treads|0 fnt
|faint|p1a: Iron Treads
|-end|p1a: Iron Treads|Quark Drive|[silent]
|inactive|SammyCe123 has 270 seconds left.
|inactive|SammyCe123 has 240 seconds left.
|inactive|SammyCe123 has 210 seconds left.
|
|t:|1711903164
|switch|p2a: Skarmory|Skarmory, F|100/100|[from] Flip Turn
|-damage|p2a: Skarmory|88/100|[from] Stealth Rock
|
|upkeep
|
|t:|1711903175
|switch|p1a: Arceus|Arceus|100/100
|turn|5
|inactive|SammyCe123 has 210 seconds left.
|
|t:|1711903209
|switch|p2a: Clodsire|Clodsire, F|100/100
|-terastallize|p1a: Arceus|Ghost
|move|p1a: Arceus|Taunt|p2a: Clodsire
|-start|p2a: Clodsire|move: Taunt
|
|upkeep
|turn|6
|
|t:|1711903223
|move|p1a: Arceus|Shadow Claw|p2a: Clodsire
|-damage|p2a: Clodsire|77/100
|move|p2a: Clodsire|Poison Jab|p1a: Arceus
|-resisted|p1a: Arceus
|-damage|p1a: Arceus|93/100
|
|upkeep
|turn|7
|inactive|SammyCe123 has 180 seconds left.
|inactive|SammyCe123 has 150 seconds left.
|j| Delphox23102008
|
|t:|1711903287
|move|p1a: Arceus|Extreme Speed|p2a: Clodsire
|-damage|p2a: Clodsire|46/100
|move|p2a: Clodsire|Poison Jab|p1a: Arceus
|-resisted|p1a: Arceus
|-damage|p1a: Arceus|84/100
|
|-end|p2a: Clodsire|move: Taunt
|upkeep
|turn|8
|
|t:|1711903313
|switch|p2a: Tornadus|Tornadus-Therian, M|100/100
|move|p1a: Arceus|Taunt|p2a: Tornadus
|-start|p2a: Tornadus|move: Taunt
|
|upkeep
|turn|9
|
|t:|1711903316
|move|p2a: Tornadus|Knock Off|p1a: Arceus
|-supereffective|p1a: Arceus
|-damage|p1a: Arceus|55/100
|-enditem|p1a: Arceus|Silk Scarf|[from] move: Knock Off|[of] p2a: Tornadus
|move|p1a: Arceus|Swords Dance|p1a: Arceus
|-boost|p1a: Arceus|atk|2
|
|upkeep
|turn|10
|
|t:|1711903339
|move|p2a: Tornadus|Knock Off|p1a: Arceus
|-supereffective|p1a: Arceus
|-damage|p1a: Arceus|35/100
|move|p1a: Arceus|Shadow Claw|p2a: Tornadus
|-damage|p2a: Tornadus|7/100
|
|-end|p2a: Tornadus|move: Taunt
|upkeep
|turn|11
|inactive|SammyCe123 has 120 seconds left.
|
|t:|1711903378
|move|p2a: Tornadus|Knock Off|p1a: Arceus
|-supereffective|p1a: Arceus
|-damage|p1a: Arceus|16/100
|move|p1a: Arceus|Shadow Claw|p2a: Tornadus
|-damage|p2a: Tornadus|0 fnt
|faint|p2a: Tornadus
|
|upkeep
|
|t:|1711903386
|switch|p2a: Skarmory|Skarmory, F|88/100
|-damage|p2a: Skarmory|76/100|[from] Stealth Rock
|turn|12
|
|t:|1711903391
|move|p1a: Arceus|Taunt|p2a: Skarmory
|-start|p2a: Skarmory|move: Taunt
|cant|p2a: Skarmory|move: Taunt|Roost
|
|upkeep
|turn|13
|
|t:|1711903396
|move|p1a: Arceus|Shadow Claw|p2a: Skarmory
|-damage|p2a: Skarmory|41/100
|-damage|p1a: Arceus|0 fnt|[from] item: Rocky Helmet|[of] p2a: Skarmory
|faint|p1a: Arceus
|move|p2a: Skarmory|Brave Bird|p1: Arceus|[notarget]
|-fail|p2a: Skarmory
|
|upkeep
|
|t:|1711903419
|switch|p1a: Roaring Moon|Roaring Moon|100/100
|-enditem|p1a: Roaring Moon|Booster Energy
|-activate|p1a: Roaring Moon|ability: Protosynthesis|[fromitem]
|-start|p1a: Roaring Moon|protosynthesisatk
|turn|14
|inactive|SammyCe123 has 120 seconds left.
|inactive|Evie733 has 270 seconds left.
|
|t:|1711903459
|move|p1a: Roaring Moon|Knock Off|p2a: Skarmory
|-damage|p2a: Skarmory|6/100
|-damage|p1a: Roaring Moon|84/100|[from] item: Rocky Helmet|[of] p2a: Skarmory
|-enditem|p2a: Skarmory|Rocky Helmet|[from] move: Knock Off|[of] p1a: Roaring Moon
|move|p2a: Skarmory|Brave Bird|p1a: Roaring Moon
|-damage|p1a: Roaring Moon|57/100
|-damage|p2a: Skarmory|0 fnt|[from] Recoil
|faint|p2a: Skarmory
|
|upkeep
|inactive|SammyCe123 has 90 seconds left.
|
|t:|1711903494
|switch|p2a: Gholdengo|Gholdengo|100/100
|turn|15
|
|t:|1711903497
|move|p2a: Gholdengo|Make It Rain|p1a: Roaring Moon
|-damage|p1a: Roaring Moon|0 fnt
|-unboost|p2a: Gholdengo|spa|1
|faint|p1a: Roaring Moon
|-end|p1a: Roaring Moon|Protosynthesis|[silent]
|
|upkeep
|
|t:|1711903505
|switch|p1a: Iron Hands|Iron Hands|100/100
|-enditem|p1a: Iron Hands|Booster Energy
|-activate|p1a: Iron Hands|ability: Quark Drive|[fromitem]
|-start|p1a: Iron Hands|quarkdriveatk
|turn|16
|inactive|SammyCe123 has 90 seconds left.
|
|t:|1711903532
|move|p2a: Gholdengo|Nasty Plot|p2a: Gholdengo
|-boost|p2a: Gholdengo|spa|2
|move|p1a: Iron Hands|Ice Punch|p2a: Gholdengo
|-resisted|p2a: Gholdengo
|-damage|p2a: Gholdengo|77/100
|
|upkeep
|turn|17
|
|t:|1711903537
|move|p2a: Gholdengo|Shadow Ball|p1a: Iron Hands
|-damage|p1a: Iron Hands|65/100
|move|p1a: Iron Hands|Thunder Punch|p2a: Gholdengo
|-damage|p2a: Gholdengo|8/100
|
|upkeep
|turn|18
|inactive|SammyCe123 has 90 seconds left.
|inactive|SammyCe123 has 60 seconds left.
|
|t:|1711903595
|move|p2a: Gholdengo|Shadow Ball|p1a: Iron Hands
|-damage|p1a: Iron Hands|26/100
|move|p1a: Iron Hands|Ice Punch|p2a: Gholdengo
|-resisted|p2a: Gholdengo
|-damage|p2a: Gholdengo|0 fnt
|faint|p2a: Gholdengo
|
|upkeep
|
|t:|1711903597
|switch|p2a: Arceus|Arceus-Ghost|100/100
|-damage|p2a: Arceus|88/100|[from] Stealth Rock
|turn|19
|inactive|SammyCe123 has 60 seconds left.
|
|t:|1711903603
|move|p2a: Arceus|Calm Mind|p2a: Arceus
|-boost|p2a: Arceus|spa|1
|-boost|p2a: Arceus|spd|1
|move|p1a: Iron Hands|Thunder Punch|p2a: Arceus
|-damage|p2a: Arceus|60/100
|-status|p2a: Arceus|par
|
|upkeep
|turn|20
|
|t:|1711903608
|move|p2a: Arceus|Recover|p2a: Arceus
|-heal|p2a: Arceus|100/100 par
|move|p1a: Iron Hands|Thunder Punch|p2a: Arceus
|-damage|p2a: Arceus|74/100 par
|
|upkeep
|turn|21
|
|t:|1711903613
|move|p2a: Arceus|Calm Mind|p2a: Arceus
|-boost|p2a: Arceus|spa|1
|-boost|p2a: Arceus|spd|1
|move|p1a: Iron Hands|Thunder Punch|p2a: Arceus
|-damage|p2a: Arceus|45/100 par
|
|upkeep
|turn|22
|
|t:|1711903615
|move|p2a: Arceus|Recover|p2a: Arceus
|-heal|p2a: Arceus|95/100 par
|move|p1a: Iron Hands|Swords Dance|p1a: Iron Hands
|-boost|p1a: Iron Hands|atk|2
|
|upkeep
|turn|23
|
|t:|1711903617
|move|p2a: Arceus|Judgment|p1a: Iron Hands
|-damage|p1a: Iron Hands|0 fnt
|faint|p1a: Iron Hands
|-end|p1a: Iron Hands|Quark Drive|[silent]
|
|upkeep
|
|t:|1711903621
|switch|p1a: Baxcalibur|Baxcalibur, F|100/100
|turn|24
|
|t:|1711903625
|-terastallize|p2a: Arceus|Fairy
|move|p1a: Baxcalibur|Scale Shot|p2a: Arceus
|-immune|p2a: Arceus
|move|p2a: Arceus|Judgment|p1a: Baxcalibur
|-damage|p1a: Baxcalibur|3/100
|
|upkeep
|turn|25
|c|☆Evie733|gg
|c|☆SammyCe123|gg
|-message|Evie733 forfeited.
|
|win|SammyCe123
