|j|☆whaud
|j|☆stallingtest123
|t:|1711859522
|gametype|singles
|player|p1|whaud|alain|1106
|player|p2|stallingtest123|miku-flying|1419
|teamsize|p1|6
|teamsize|p2|6
|gen|9
|tier|[Gen 9] Godly Gift
|rated|
|rule|Species Clause: Limit one of each Pokémon
|rule|OHKO Clause: OHKO moves are banned
|rule|Evasion Moves Clause: Evasion moves are banned
|rule|Endless Battle Clause: Forcing endless battles is banned
|rule|HP Percentage Mod: HP is shown in percentages
|rule|Sleep Moves Clause: Sleep-inducing moves are banned
|clearpoke
|poke|p1|Skarmory, F|
|poke|p1|Cinccino, M|
|poke|p1|Clodsire, M|
|poke|p1|Dragapult, M|
|poke|p1|Great Tusk|
|poke|p1|Kyurem-White|
|poke|p2|Skarmory, F|
|poke|p2|Giratina|
|poke|p2|Clodsire, F|
|poke|p2|Clefable, F|
|poke|p2|Alomomola, M|
|poke|p2|Skeledirge, F|
|teampreview
|inactive|Battle timer is ON: inactive players will automatically lose when time's up. (requested by stallingtest123)
|
|t:|1711859535
|start
|switch|p1a: Great Tusk|Great Tusk|100/100
|switch|p2a: Clefable|Clefable, F|100/100
|turn|1
|
|t:|1711859539
|move|p1a: Great Tusk|Knock Off|p2a: Clefable
|-resisted|p2a: Clefable
|-damage|p2a: Clefable|86/100
|-enditem|p2a: Clefable|Leftovers|[from] move: Knock Off|[of] p1a: Great Tusk
|move|p2a: Clefable|Stealth Rock|p1a: Great Tusk
|-sidestart|p1: whaud|move: Stealth Rock
|
|upkeep
|turn|2
|
|t:|1711859543
|move|p1a: Great Tusk|Rapid Spin|p2a: Clefable
|-damage|p2a: Clefable|73/100
|-boost|p1a: Great Tusk|spe|1
|-sideend|p1: whaud|Stealth Rock|[from] move: Rapid Spin|[of] p1a: Great Tusk
|move|p2a: Clefable|Knock Off|p1a: Great Tusk
|-resisted|p1a: Great Tusk
|-damage|p1a: Great Tusk|96/100
|-enditem|p1a: Great Tusk|Assault Vest|[from] move: Knock Off|[of] p2a: Clefable
|
|upkeep
|turn|3
|
|t:|1711859553
|-end|p1a: Great Tusk|Protosynthesis|[silent]
|switch|p1a: Skarmory|Skarmory, F|100/100
|move|p2a: Clefable|Stealth Rock|p1a: Skarmory
|-sidestart|p1: whaud|move: Stealth Rock
|
|upkeep
|turn|4
|
|t:|1711859555
|move|p1a: Skarmory|Spikes|p2a: Clefable
|-sidestart|p2: stallingtest123|Spikes
|move|p2a: Clefable|Knock Off|p1a: Skarmory
|-damage|p1a: Skarmory|93/100
|-enditem|p1a: Skarmory|Rocky Helmet|[from] move: Knock Off|[of] p2a: Clefable
|
|upkeep
|turn|5
|
|t:|1711859558
|switch|p2a: Skarmory|Skarmory, F, shiny|100/100
|move|p1a: Skarmory|Spikes|p2a: Skarmory
|-sidestart|p2: stallingtest123|Spikes
|
|upkeep
|turn|6
|
|t:|1711859560
|move|p2a: Skarmory|Spikes|p1a: Skarmory
|-sidestart|p1: whaud|Spikes
|move|p1a: Skarmory|Whirlwind|p2a: Skarmory
|drag|p2a: Giratina|Giratina|100/100
|-ability|p2a: Giratina|Pressure
|
|upkeep
|turn|7
|
|t:|1711859564
|move|p2a: Giratina|Will-O-Wisp|p1a: Skarmory
|-status|p1a: Skarmory|brn
|move|p1a: Skarmory|Spikes|p2a: Giratina
|-sidestart|p2: stallingtest123|Spikes
|
|-damage|p1a: Skarmory|87/100 brn|[from] brn
|upkeep
|turn|8
|
|t:|1711859569
|switch|p1a: Clodsire|Clodsire, M|100/100
|-damage|p1a: Clodsire|94/100|[from] Stealth Rock
|-damage|p1a: Clodsire|82/100|[from] Spikes
|move|p2a: Giratina|Will-O-Wisp|p1a: Clodsire
|-status|p1a: Clodsire|brn
|
|-heal|p1a: Clodsire|88/100 brn|[from] item: Leftovers
|-damage|p1a: Clodsire|82/100 brn|[from] brn
|upkeep
|turn|9
|
|t:|1711859572
|switch|p2a: Skarmory|Skarmory, F, shiny|100/100
|move|p1a: Clodsire|Stealth Rock|p2a: Skarmory
|-sidestart|p2: stallingtest123|move: Stealth Rock
|
|-heal|p1a: Clodsire|88/100 brn|[from] item: Leftovers
|-damage|p1a: Clodsire|82/100 brn|[from] brn
|upkeep
|turn|10
|
|t:|1711859579
|switch|p1a: Skarmory|Skarmory, F|87/100 brn
|-damage|p1a: Skarmory|75/100 brn|[from] Stealth Rock
|move|p2a: Skarmory|Spikes|p1a: Skarmory
|-sidestart|p1: whaud|Spikes
|
|-damage|p1a: Skarmory|69/100 brn|[from] brn
|upkeep
|turn|11
|
|t:|1711859582
|move|p2a: Skarmory|Spikes|p1a: Skarmory
|-sidestart|p1: whaud|Spikes
|move|p1a: Skarmory|Whirlwind|p2a: Skarmory
|drag|p2a: Skeledirge|Skeledirge, F|100/100
|
|-damage|p1a: Skarmory|63/100 brn|[from] brn
|upkeep
|turn|12
|
|t:|1711859585
|move|p2a: Skeledirge|Torch Song|p1a: Skarmory
|-supereffective|p1a: Skarmory
|-damage|p1a: Skarmory|4/100 brn
|-boost|p2a: Skeledirge|spa|1
|move|p1a: Skarmory|Roost|p1a: Skarmory
|-heal|p1a: Skarmory|54/100 brn
|-singleturn|p1a: Skarmory|move: Roost
|
|-damage|p1a: Skarmory|48/100 brn|[from] brn
|upkeep
|turn|13
|
|t:|1711859588
|move|p2a: Skeledirge|Torch Song|p1a: Skarmory
|-supereffective|p1a: Skarmory
|-damage|p1a: Skarmory|0 fnt
|-boost|p2a: Skeledirge|spa|1
|faint|p1a: Skarmory
|
|upkeep
|
|t:|1711859591
|switch|p1a: Clodsire|Clodsire, M|82/100 brn
|-damage|p1a: Clodsire|75/100 brn|[from] Stealth Rock
|-damage|p1a: Clodsire|50/100 brn|[from] Spikes
|turn|14
|
|t:|1711859608
|switch|p2a: Clefable|Clefable, F|73/100
|move|p1a: Clodsire|Toxic|p2a: Clefable
|-status|p2a: Clefable|tox
|
|-heal|p1a: Clodsire|57/100 brn|[from] item: Leftovers
|-damage|p1a: Clodsire|50/100 brn|[from] brn
|upkeep
|turn|15
|
|t:|1711859614
|move|p2a: Clefable|Knock Off|p1a: Clodsire
|-damage|p1a: Clodsire|39/100 brn
|-enditem|p1a: Clodsire|Leftovers|[from] move: Knock Off|[of] p2a: Clefable
|move|p1a: Clodsire|Recover|p1a: Clodsire
|-heal|p1a: Clodsire|89/100 brn
|
|-damage|p1a: Clodsire|83/100 brn|[from] brn
|upkeep
|turn|16
|
|t:|1711859616
|switch|p1a: Great Tusk|Great Tusk|96/100
|-damage|p1a: Great Tusk|93/100|[from] Stealth Rock
|-damage|p1a: Great Tusk|68/100|[from] Spikes
|move|p2a: Clefable|Moonblast|p1a: Great Tusk
|-supereffective|p1a: Great Tusk
|-damage|p1a: Great Tusk|19/100
|
|upkeep
|turn|17
|
|t:|1711859619
|switch|p2a: Giratina|Giratina|100/100
|-ability|p2a: Giratina|Pressure
|move|p1a: Great Tusk|Rapid Spin|p2a: Giratina
|-immune|p2a: Giratina
|
|upkeep
|turn|18
|
|t:|1711859621
|move|p2a: Giratina|Will-O-Wisp|p1a: Great Tusk
|-status|p1a: Great Tusk|brn
|move|p1a: Great Tusk|Knock Off|p2a: Giratina
|-supereffective|p2a: Giratina
|-damage|p2a: Giratina|84/100
|-enditem|p2a: Giratina|Heavy-Duty Boots|[from] move: Knock Off|[of] p1a: Great Tusk
|
|-damage|p1a: Great Tusk|13/100 brn|[from] brn
|upkeep
|turn|19
|
|t:|1711859623
|move|p2a: Giratina|Will-O-Wisp|p1a: Great Tusk
|-fail|p1a: Great Tusk|brn
|move|p1a: Great Tusk|Earthquake|p2a: Giratina
|-damage|p2a: Giratina|72/100
|
|-damage|p1a: Great Tusk|7/100 brn|[from] brn
|upkeep
|turn|20
|
|t:|1711859626
|move|p2a: Giratina|Will-O-Wisp|p1a: Great Tusk
|-fail|p1a: Great Tusk|brn
|move|p1a: Great Tusk|Earthquake|p2a: Giratina
|-damage|p2a: Giratina|60/100
|
|-damage|p1a: Great Tusk|0 fnt|[from] brn
|faint|p1a: Great Tusk
|-end|p1a: Great Tusk|Protosynthesis|[silent]
|upkeep
|
|t:|1711859627
|switch|p1a: Kyurem|Kyurem-White|100/100
|-damage|p1a: Kyurem|76/100|[from] Stealth Rock
|-damage|p1a: Kyurem|51/100|[from] Spikes
|-ability|p1a: Kyurem|Turboblaze
|turn|21
|
|t:|1711859631
|move|p1a: Kyurem|Ice Beam|p2a: Giratina
|-supereffective|p2a: Giratina
|-damage|p2a: Giratina|0 fnt
|faint|p2a: Giratina
|-damage|p1a: Kyurem|41/100|[from] item: Life Orb
|
|upkeep
|
|t:|1711859637
|switch|p2a: Alomomola|Alomomola, M|100/100
|turn|22
|
|t:|1711859641
|move|p1a: Kyurem|Draco Meteor|p2a: Alomomola
|-damage|p2a: Alomomola|56/100
|-unboost|p1a: Kyurem|spa|2
|-damage|p1a: Kyurem|31/100|[from] item: Life Orb
|move|p2a: Alomomola|Flip Turn|p1a: Kyurem
|-resisted|p1a: Kyurem
|-damage|p1a: Kyurem|22/100
|
|t:|1711859644
|switch|p2a: Clefable|Clefable, F|73/100 tox|[from] Flip Turn
|
|upkeep
|turn|23
|
|t:|1711859648
|move|p1a: Kyurem|Fusion Flare|p2a: Clefable
|-damage|p2a: Clefable|46/100 tox
|-damage|p1a: Kyurem|13/100|[from] item: Life Orb
|move|p2a: Clefable|Moonblast|p1a: Kyurem
|-supereffective|p1a: Kyurem
|-damage|p1a: Kyurem|0 fnt
|faint|p1a: Kyurem
|
|upkeep
|
|t:|1711859652
|switch|p1a: Cinccino|Cinccino, M|100/100
|-damage|p1a: Cinccino|88/100|[from] Stealth Rock
|-damage|p1a: Cinccino|63/100|[from] Spikes
|turn|24
|
|t:|1711859659
|switch|p2a: Skarmory|Skarmory, F, shiny|100/100
|-damage|p2a: Skarmory|88/100|[from] Stealth Rock
|move|p1a: Cinccino|Tidy Up|p1a: Cinccino
|-sideend|p1: whaud|Spikes
|-sideend|p1: whaud|Stealth Rock
|-sideend|p2: stallingtest123|Spikes
|-sideend|p2: stallingtest123|Stealth Rock
|-activate|p1a: Cinccino|move: Tidy Up
|-boost|p1a: Cinccino|atk|1
|-boost|p1a: Cinccino|spe|1
|
|upkeep
|turn|25
|
|t:|1711859663
|move|p1a: Cinccino|Rock Blast|p2a: Skarmory
|-damage|p2a: Skarmory|81/100
|-damage|p2a: Skarmory|74/100
|-damage|p2a: Skarmory|67/100
|-damage|p2a: Skarmory|59/100
|-hitcount|p2a: Skarmory|4
|move|p2a: Skarmory|Body Press|p1a: Cinccino
|-supereffective|p1a: Cinccino
|-damage|p1a: Cinccino|0 fnt
|faint|p1a: Cinccino
|
|upkeep
|
|t:|1711859666
|switch|p1a: Dragapult|Dragapult, M|100/100
|turn|26
|
|t:|1711859669
|switch|p2a: Alomomola|Alomomola, M|89/100
|move|p1a: Dragapult|Thunderbolt|p2a: Alomomola
|-supereffective|p2a: Alomomola
|-damage|p2a: Alomomola|43/100
|
|upkeep
|turn|27
|j| oceanRmarex
|
|t:|1711859676
|-terastallize|p2a: Alomomola|Dark
|move|p1a: Dragapult|Thunderbolt|p2a: Alomomola
|-damage|p2a: Alomomola|21/100
|move|p2a: Alomomola|Wish|p2a: Alomomola
|
|upkeep
|turn|28
|
|t:|1711859678
|move|p2a: Alomomola|Protect|p2a: Alomomola
|-singleturn|p2a: Alomomola|Protect
|move|p1a: Dragapult|Thunderbolt|p2a: Alomomola
|-activate|p2a: Alomomola|move: Protect
|
|-heal|p2a: Alomomola|71/100|[from] move: Wish|[wisher] Alomomola
|upkeep
|turn|29
|l| oceanRmarex
|
|t:|1711859689
|switch|p2a: Skeledirge|Skeledirge, F|100/100
|move|p1a: Dragapult|Thunderbolt|p2a: Skeledirge
|-damage|p2a: Skeledirge|59/100
|
|upkeep
|turn|30
|-message|whaud forfeited.
|
|win|stallingtest123
|raw|whaud's rating: 1106 &rarr; <strong>1099</strong><br />(-7 for losing)
|raw|stallingtest123's rating: 1419 &rarr; <strong>1425</strong><br />(+6 for winning)
|l|☆whaud
|player|p1|
