|j|☆Evie733
|j|☆SammyCe123
|t:|1711901374
|gametype|singles
|player|p1|Evie733|mina-masters|
|player|p2|SammyCe123|caitlin-masters|
|teamsize|p1|6
|teamsize|p2|6
|gen|9
|tier|[Gen 9] Godly Gift
|rule|Species Clause: Limit one of each Pokémon
|rule|OHKO Clause: OHKO moves are banned
|rule|Evasion Moves Clause: Evasion moves are banned
|rule|Endless Battle Clause: Forcing endless battles is banned
|rule|HP Percentage Mod: HP is shown in percentages
|rule|Sleep Moves Clause: Sleep-inducing moves are banned
|clearpoke
|poke|p1|Skarmory, F|
|poke|p1|Giratina|
|poke|p1|Clodsire, M|
|poke|p1|Clefable, M|
|poke|p1|Alomomola, M|
|poke|p1|Skeledirge, M|
|poke|p2|Skarmory, F|
|poke|p2|Eternatus|
|poke|p2|Alomomola, M|
|poke|p2|Dragapult, F|
|poke|p2|Ting-Lu|
|poke|p2|Gholdengo|
|teampreview
|inactive|Battle timer is ON: inactive players will automatically lose when time's up. (requested by Evie733)
|c|☆Evie733|glhf
|c|☆SammyCe123|u2
|inactive|Evie733 has 270 seconds left.
|inactive|SammyCe123 has 270 seconds left.
|inactive|SammyCe123 has 240 seconds left.
|inactive|SammyCe123 has 210 seconds left.
|inactive|SammyCe123 has 180 seconds left.
|
|t:|1711901495
|start
|switch|p1a: Alomomola|Alomomola, M, shiny|100/100
|switch|p2a: Alomomola|Alomomola, M|100/100
|turn|1
|
|t:|1711901503
|switch|p1a: Giratina|Giratina, shiny|100/100
|-ability|p1a: Giratina|Pressure
|move|p2a: Alomomola|Scald|p1a: Giratina
|-resisted|p1a: Giratina
|-damage|p1a: Giratina|96/100
|
|upkeep
|turn|2
|
|t:|1711901511
|move|p1a: Giratina|Will-O-Wisp|p2a: Alomomola
|-status|p2a: Alomomola|brn
|move|p2a: Alomomola|Scald|p1a: Giratina
|-resisted|p1a: Giratina
|-damage|p1a: Giratina|92/100
|-status|p1a: Giratina|brn
|
|-damage|p1a: Giratina|86/100 brn|[from] brn
|-damage|p2a: Alomomola|94/100 brn|[from] brn
|upkeep
|turn|3
|
|t:|1711901522
|switch|p1a: Alomomola|Alomomola, M, shiny|100/100
|move|p2a: Alomomola|Flip Turn|p1a: Alomomola
|-resisted|p1a: Alomomola
|-crit|p1a: Alomomola
|-damage|p1a: Alomomola|96/100
|inactive|SammyCe123 has 240 seconds left.
|
|t:|1711901548
|switch|p2a: Dragapult|Dragapult, F|100/100|[from] Flip Turn
|
|upkeep
|turn|4
|
|t:|1711901556
|move|p1a: Alomomola|Protect|p1a: Alomomola
|-singleturn|p1a: Alomomola|Protect
|move|p2a: Dragapult|Will-O-Wisp|p1a: Alomomola
|-activate|p1a: Alomomola|move: Protect
|
|upkeep
|turn|5
|
|t:|1711901566
|move|p2a: Dragapult|Will-O-Wisp|p1a: Alomomola
|-status|p1a: Alomomola|brn
|move|p1a: Alomomola|Flip Turn|p2a: Dragapult
|-resisted|p2a: Dragapult
|-damage|p2a: Dragapult|95/100
|
|t:|1711901570
|switch|p1a: Clefable|Clefable, M, shiny|100/100|[from] Flip Turn
|
|upkeep
|turn|6
|inactive|SammyCe123 has 270 seconds left.
|
|t:|1711901577
|move|p2a: Dragapult|U-turn|p1a: Clefable
|-resisted|p1a: Clefable
|-damage|p1a: Clefable|94/100
|
|t:|1711901580
|switch|p2a: Skarmory|Skarmory, F|100/100|[from] U-turn
|move|p1a: Clefable|Knock Off|p2a: Skarmory
|-damage|p2a: Skarmory|94/100
|-enditem|p2a: Skarmory|Rocky Helmet|[from] move: Knock Off|[of] p1a: Clefable
|
|-heal|p1a: Clefable|99/100|[from] item: Leftovers
|upkeep
|turn|7
|
|t:|1711901591
|move|p2a: Skarmory|Spikes|p1a: Clefable
|-sidestart|p1: Evie733|Spikes
|move|p1a: Clefable|Stealth Rock|p2a: Skarmory
|-sidestart|p2: SammyCe123|move: Stealth Rock
|
|-heal|p1a: Clefable|100/100|[from] item: Leftovers
|upkeep
|turn|8
|
|t:|1711901599
|switch|p1a: Skarmory|Skarmory, F, shiny|100/100
|move|p2a: Skarmory|Spikes|p1a: Skarmory
|-sidestart|p1: Evie733|Spikes
|
|upkeep
|turn|9
|
|t:|1711901605
|switch|p2a: Dragapult|Dragapult, F|95/100
|move|p1a: Skarmory|Spikes|p2a: Dragapult
|-sidestart|p2: SammyCe123|Spikes
|
|upkeep
|turn|10
|
|t:|1711901613
|switch|p1a: Alomomola|Alomomola, M, shiny|100/100 brn
|move|p2a: Dragapult|Will-O-Wisp|p1a: Alomomola
|-fail|p1a: Alomomola|brn
|
|-damage|p1a: Alomomola|94/100 brn|[from] brn
|upkeep
|turn|11
|
|t:|1711901624
|move|p2a: Dragapult|Hex|p1a: Alomomola
|-damage|p1a: Alomomola|65/100 brn
|move|p1a: Alomomola|Flip Turn|p2a: Dragapult
|-resisted|p2a: Dragapult
|-damage|p2a: Dragapult|89/100
|
|t:|1711901627
|switch|p1a: Clefable|Clefable, M, shiny|100/100|[from] Flip Turn
|
|upkeep
|turn|12
|
|t:|1711901635
|move|p2a: Dragapult|U-turn|p1a: Clefable
|-resisted|p1a: Clefable
|-damage|p1a: Clefable|94/100
|
|t:|1711901637
|switch|p2a: Skarmory|Skarmory, F|94/100|[from] U-turn
|-damage|p2a: Skarmory|82/100|[from] Stealth Rock
|move|p1a: Clefable|Moonblast|p2a: Skarmory
|-resisted|p2a: Skarmory
|-damage|p2a: Skarmory|66/100
|-unboost|p2a: Skarmory|spa|1
|
|-heal|p1a: Clefable|99/100|[from] item: Leftovers
|upkeep
|turn|13
|
|t:|1711901644
|switch|p1a: Skarmory|Skarmory, F, shiny|100/100
|move|p2a: Skarmory|Body Press|p1a: Skarmory
|-damage|p1a: Skarmory|88/100
|-damage|p2a: Skarmory|50/100|[from] item: Rocky Helmet|[of] p1a: Skarmory
|
|upkeep
|turn|14
|
|t:|1711901648
|move|p2a: Skarmory|Roost|p2a: Skarmory
|-heal|p2a: Skarmory|99/100
|-singleturn|p2a: Skarmory|move: Roost
|move|p1a: Skarmory|Spikes|p2a: Skarmory
|-sidestart|p2: SammyCe123|Spikes
|
|upkeep
|turn|15
|
|t:|1711901651
|switch|p2a: Dragapult|Dragapult, F|89/100
|move|p1a: Skarmory|Spikes|p2a: Dragapult
|-sidestart|p2: SammyCe123|Spikes
|
|upkeep
|turn|16
|
|t:|1711901658
|switch|p1a: Alomomola|Alomomola, M, shiny|98/100 brn
|-terastallize|p2a: Dragapult|Ghost
|move|p2a: Dragapult|Hex|p1a: Alomomola
|-damage|p1a: Alomomola|55/100 brn
|
|-damage|p1a: Alomomola|49/100 brn|[from] brn
|upkeep
|turn|17
|inactive|SammyCe123 has 270 seconds left.
|
|t:|1711901693
|-terastallize|p1a: Alomomola|Dark
|move|p2a: Dragapult|U-turn|p1a: Alomomola
|-supereffective|p1a: Alomomola
|-damage|p1a: Alomomola|21/100 brn
|
|t:|1711901701
|switch|p2a: Alomomola|Alomomola, M|100/100 brn|[from] U-turn
|move|p1a: Alomomola|Wish|p1a: Alomomola
|
|-damage|p2a: Alomomola|94/100 brn|[from] brn
|-damage|p1a: Alomomola|15/100 brn|[from] brn
|upkeep
|turn|18
|inactive|SammyCe123 has 270 seconds left.
|
|t:|1711901715
|switch|p2a: Eternatus|Eternatus|100/100
|-ability|p2a: Eternatus|Pressure
|move|p1a: Alomomola|Protect||[still]
|-fail|p1a: Alomomola
|
|-heal|p1a: Alomomola|65/100 brn|[from] move: Wish|[wisher] Alomomola
|-damage|p1a: Alomomola|58/100 brn|[from] brn
|upkeep
|turn|19
|inactive|SammyCe123 has 270 seconds left.
|
|t:|1711901723
|switch|p1a: Clodsire|Clodsire, M, shiny|100/100
|move|p2a: Eternatus|Toxic Spikes|p1a: Clodsire
|-sidestart|p1: Evie733|move: Toxic Spikes
|
|upkeep
|turn|20
|
|t:|1711901737
|switch|p2a: Skarmory|Skarmory, F|99/100
|-damage|p2a: Skarmory|87/100|[from] Stealth Rock
|move|p1a: Clodsire|Earthquake|p2a: Skarmory
|-immune|p2a: Skarmory
|
|upkeep
|turn|21
|
|t:|1711901743
|switch|p1a: Skeledirge|Skeledirge, M, shiny|100/100
|move|p2a: Skarmory|Whirlwind|p1a: Skeledirge
|drag|p1a: Giratina|Giratina, shiny|86/100 brn
|-ability|p1a: Giratina|Pressure
|
|-damage|p1a: Giratina|80/100 brn|[from] brn
|upkeep
|turn|22
|
|t:|1711901752
|switch|p1a: Skeledirge|Skeledirge, M, shiny|100/100
|switch|p2a: Alomomola|Alomomola, M|100/100 brn
|
|-damage|p2a: Alomomola|94/100 brn|[from] brn
|upkeep
|turn|23
|
|t:|1711901762
|move|p1a: Skeledirge|Hex|p2a: Alomomola
|-damage|p2a: Alomomola|49/100 brn
|move|p2a: Alomomola|Flip Turn|p1a: Skeledirge
|-supereffective|p1a: Skeledirge
|-damage|p1a: Skeledirge|86/100
|inactive|SammyCe123 has 270 seconds left.
|
|t:|1711901795
|switch|p2a: Ting-Lu|Ting-Lu|100/100|[from] Flip Turn
|-ability|p2a: Ting-Lu|Vessel of Ruin
|
|upkeep
|turn|24
|
|t:|1711901798
|move|p1a: Skeledirge|Will-O-Wisp|p2a: Ting-Lu|[miss]
|-miss|p1a: Skeledirge|p2a: Ting-Lu
|move|p2a: Ting-Lu|Ruination|p1a: Skeledirge
|-damage|p1a: Skeledirge|43/100
|
|upkeep
|turn|25
|c|☆SammyCe123|mb
|
|t:|1711901805
|move|p1a: Skeledirge|Will-O-Wisp|p2a: Ting-Lu
|-status|p2a: Ting-Lu|brn
|move|p2a: Ting-Lu|Ruination|p1a: Skeledirge
|-damage|p1a: Skeledirge|22/100
|
|-damage|p2a: Ting-Lu|94/100 brn|[from] brn
|upkeep
|turn|26
|
|t:|1711901809
|move|p1a: Skeledirge|Slack Off|p1a: Skeledirge
|-heal|p1a: Skeledirge|72/100
|move|p2a: Ting-Lu|Ruination|p1a: Skeledirge|[miss]
|-miss|p2a: Ting-Lu|p1a: Skeledirge
|
|-damage|p2a: Ting-Lu|88/100 brn|[from] brn
|upkeep
|turn|27
|
|t:|1711901819
|switch|p1a: Alomomola|Alomomola, M, shiny, tera:Dark|92/100 brn
|move|p2a: Ting-Lu|Ruination|p1a: Alomomola
|-damage|p1a: Alomomola|46/100 brn
|
|-damage|p2a: Ting-Lu|82/100 brn|[from] brn
|-damage|p1a: Alomomola|40/100 brn|[from] brn
|upkeep
|turn|28
|
|t:|1711901829
|switch|p2a: Alomomola|Alomomola, M|82/100 brn
|move|p1a: Alomomola|Whirlpool|p2a: Alomomola|[miss]
|-miss|p1a: Alomomola|p2a: Alomomola
|
|-damage|p2a: Alomomola|76/100 brn|[from] brn
|-damage|p1a: Alomomola|34/100 brn|[from] brn
|upkeep
|turn|29
|
|t:|1711901845
|move|p2a: Alomomola|Wish|p2a: Alomomola
|move|p1a: Alomomola|Wish|p1a: Alomomola
|
|-damage|p2a: Alomomola|70/100 brn|[from] brn
|-damage|p1a: Alomomola|28/100 brn|[from] brn
|upkeep
|turn|30
|
|t:|1711901854
|move|p2a: Alomomola|Scald|p1a: Alomomola
|-damage|p1a: Alomomola|22/100 brn
|move|p1a: Alomomola|Whirlpool|p2a: Alomomola
|-resisted|p2a: Alomomola
|-damage|p2a: Alomomola|67/100 brn
|-activate|p2a: Alomomola|move: Whirlpool|[of] p1a: Alomomola
|
|-heal|p2a: Alomomola|100/100 brn|[from] move: Wish|[wisher] Alomomola
|-heal|p1a: Alomomola|72/100 brn|[from] move: Wish|[wisher] Alomomola
|-damage|p2a: Alomomola|94/100 brn|[from] brn
|-damage|p1a: Alomomola|66/100 brn|[from] brn
|-damage|p2a: Alomomola|82/100 brn|[from] move: Whirlpool|[partiallytrapped]
|upkeep
|turn|31
|
|t:|1711901864
|move|p2a: Alomomola|Flip Turn|p1a: Alomomola
|-damage|p1a: Alomomola|60/100 brn
|
|t:|1711901866
|switch|p2a: Eternatus|Eternatus|100/100|[from] Flip Turn
|-ability|p2a: Eternatus|Pressure
|move|p1a: Alomomola|Flip Turn|p2a: Eternatus
|-resisted|p2a: Eternatus
|-damage|p2a: Eternatus|97/100
|
|t:|1711901876
|switch|p1a: Skarmory|Skarmory, F, shiny|88/100|[from] Flip Turn
|
|upkeep
|turn|32
|
|t:|1711901883
|switch|p1a: Clodsire|Clodsire, M, shiny|100/100
|-sideend|p1: Evie733|move: Toxic Spikes|[of] p1a: Clodsire
|move|p2a: Eternatus|Flamethrower|p1a: Clodsire
|-damage|p1a: Clodsire|77/100
|
|upkeep
|turn|33
|
|t:|1711901906
|switch|p2a: Alomomola|Alomomola, M|100/100 brn
|switch|p1a: Alomomola|Alomomola, M, shiny, tera:Dark|93/100 brn
|
|-damage|p2a: Alomomola|94/100 brn|[from] brn
|-damage|p1a: Alomomola|87/100 brn|[from] brn
|upkeep
|turn|34
|
|t:|1711901912
|switch|p2a: Eternatus|Eternatus|97/100
|-ability|p2a: Eternatus|Pressure
|switch|p1a: Giratina|Giratina, shiny|80/100 brn
|-ability|p1a: Giratina|Pressure
|
|-damage|p1a: Giratina|74/100 brn|[from] brn
|upkeep
|turn|35
|
|t:|1711901920
|switch|p1a: Clodsire|Clodsire, M, shiny|77/100
|move|p2a: Eternatus|Flamethrower|p1a: Clodsire
|-damage|p1a: Clodsire|54/100
|
|upkeep
|turn|36
|
|t:|1711901923
|move|p2a: Eternatus|Flamethrower|p1a: Clodsire
|-damage|p1a: Clodsire|30/100
|move|p1a: Clodsire|Recover|p1a: Clodsire
|-heal|p1a: Clodsire|80/100
|
|upkeep
|turn|37
|
|t:|1711901935
|switch|p1a: Giratina|Giratina, shiny|74/100 brn
|-ability|p1a: Giratina|Pressure
|move|p2a: Eternatus|Flamethrower|p1a: Giratina
|-resisted|p1a: Giratina
|-damage|p1a: Giratina|63/100 brn
|
|-damage|p1a: Giratina|57/100 brn|[from] brn
|upkeep
|turn|38
|
|t:|1711901946
|switch|p2a: Alomomola|Alomomola, M|100/100 brn
|switch|p1a: Clodsire|Clodsire, M, shiny|80/100
|
|-damage|p2a: Alomomola|94/100 brn|[from] brn
|upkeep
|turn|39
|
|t:|1711901951
|switch|p1a: Alomomola|Alomomola, M, shiny, tera:Dark|100/100 brn
|move|p2a: Alomomola|Flip Turn|p1a: Alomomola
|-damage|p1a: Alomomola|95/100 brn
|
|t:|1711901969
|switch|p2a: Eternatus|Eternatus|97/100|[from] Flip Turn
|-ability|p2a: Eternatus|Pressure
|
|-damage|p1a: Alomomola|89/100 brn|[from] brn
|upkeep
|turn|40
|
|t:|1711901972
|move|p2a: Eternatus|Toxic Spikes|p1a: Alomomola
|-sidestart|p1: Evie733|move: Toxic Spikes
|move|p1a: Alomomola|Wish|p1a: Alomomola
|
|-damage|p1a: Alomomola|82/100 brn|[from] brn
|upkeep
|turn|41
|
|t:|1711901992
|switch|p2a: Alomomola|Alomomola, M|100/100 brn
|move|p1a: Alomomola|Flip Turn|p2a: Alomomola
|-resisted|p2a: Alomomola
|-damage|p2a: Alomomola|98/100 brn
|
|t:|1711901996
|switch|p1a: Giratina|Giratina, shiny|57/100 brn|[from] Flip Turn
|-ability|p1a: Giratina|Pressure
|
|-heal|p1a: Giratina|100/100 brn|[from] move: Wish|[wisher] Alomomola
|-damage|p1a: Giratina|94/100 brn|[from] brn
|-damage|p2a: Alomomola|92/100 brn|[from] brn
|upkeep
|turn|42
|
|t:|1711902001
|move|p2a: Alomomola|Flip Turn|p1a: Giratina
|-resisted|p1a: Giratina
|-damage|p1a: Giratina|93/100 brn
|
|t:|1711902008
|switch|p2a: Gholdengo|Gholdengo|100/100|[from] Flip Turn
|move|p1a: Giratina|Dragon Tail|p2a: Gholdengo
|-resisted|p2a: Gholdengo
|-damage|p2a: Gholdengo|94/100
|drag|p2a: Dragapult|Dragapult, F, tera:Ghost|89/100
|
|-damage|p1a: Giratina|86/100 brn|[from] brn
|upkeep
|turn|43
|
|t:|1711902015
|switch|p1a: Alomomola|Alomomola, M, shiny, tera:Dark|100/100 brn
|move|p2a: Dragapult|Hex|p1a: Alomomola
|-resisted|p1a: Alomomola
|-damage|p1a: Alomomola|81/100 brn
|
|-damage|p1a: Alomomola|74/100 brn|[from] brn
|upkeep
|turn|44
|
|t:|1711902021
|move|p2a: Dragapult|U-turn|p1a: Alomomola
|-supereffective|p1a: Alomomola
|-damage|p1a: Alomomola|46/100 brn
|
|t:|1711902038
|switch|p2a: Gholdengo|Gholdengo|94/100|[from] U-turn
|move|p1a: Alomomola|Flip Turn|p2a: Gholdengo
|-damage|p2a: Gholdengo|86/100
|
|t:|1711902053
|switch|p1a: Clodsire|Clodsire, M, shiny|80/100|[from] Flip Turn
|-sideend|p1: Evie733|move: Toxic Spikes|[of] p1a: Clodsire
|
|upkeep
|turn|45
|
|t:|1711902058
|switch|p2a: Alomomola|Alomomola, M|100/100 brn
|move|p1a: Clodsire|Haze|p1a: Clodsire
|-clearallboost
|
|-damage|p2a: Alomomola|94/100 brn|[from] brn
|upkeep
|turn|46
|
|t:|1711902066
|switch|p1a: Giratina|Giratina, shiny|86/100 brn
|-ability|p1a: Giratina|Pressure
|move|p2a: Alomomola|Flip Turn|p1a: Giratina
|-resisted|p1a: Giratina
|-damage|p1a: Giratina|85/100 brn
|
|t:|1711902083
|switch|p2a: Dragapult|Dragapult, F, tera:Ghost|89/100|[from] Flip Turn
|
|-damage|p1a: Giratina|78/100 brn|[from] brn
|upkeep
|turn|47
|
|t:|1711902090
|switch|p1a: Alomomola|Alomomola, M, shiny, tera:Dark|80/100 brn
|move|p2a: Dragapult|U-turn|p1a: Alomomola
|-supereffective|p1a: Alomomola
|-damage|p1a: Alomomola|51/100 brn
|
|t:|1711902101
|switch|p2a: Eternatus|Eternatus|97/100|[from] U-turn
|-ability|p2a: Eternatus|Pressure
|
|-damage|p1a: Alomomola|45/100 brn|[from] brn
|upkeep
|turn|48
|
|t:|1711902104
|move|p2a: Eternatus|Flamethrower|p1a: Alomomola
|-damage|p1a: Alomomola|31/100 brn
|move|p1a: Alomomola|Wish|p1a: Alomomola
|
|-damage|p1a: Alomomola|25/100 brn|[from] brn
|upkeep
|turn|49
|
|t:|1711902110
|move|p1a: Alomomola|Protect|p1a: Alomomola
|-singleturn|p1a: Alomomola|Protect
|move|p2a: Eternatus|Toxic Spikes|p1a: Alomomola
|-sidestart|p1: Evie733|move: Toxic Spikes
|
|-heal|p1a: Alomomola|75/100 brn|[from] move: Wish|[wisher] Alomomola
|-damage|p1a: Alomomola|69/100 brn|[from] brn
|upkeep
|turn|50
|
|t:|1711902121
|switch|p2a: Alomomola|Alomomola, M|100/100 brn
|switch|p1a: Clodsire|Clodsire, M, shiny|80/100
|-sideend|p1: Evie733|move: Toxic Spikes|[of] p1a: Clodsire
|
|-damage|p2a: Alomomola|94/100 brn|[from] brn
|upkeep
|turn|51
|
|t:|1711902125
|switch|p1a: Giratina|Giratina, shiny|78/100 brn
|-ability|p1a: Giratina|Pressure
|move|p2a: Alomomola|Flip Turn|p1a: Giratina
|-resisted|p1a: Giratina
|-damage|p1a: Giratina|77/100 brn
|
|t:|1711902143
|switch|p2a: Gholdengo|Gholdengo|86/100|[from] Flip Turn
|
|-damage|p1a: Giratina|71/100 brn|[from] brn
|upkeep
|turn|52
|
|t:|1711902155
|switch|p1a: Clodsire|Clodsire, M, shiny|80/100
|move|p2a: Gholdengo|Shadow Ball|p1a: Clodsire
|-damage|p1a: Clodsire|52/100
|
|upkeep
|turn|53
|
|t:|1711902166
|move|p2a: Gholdengo|Make It Rain|p1a: Clodsire
|-crit|p1a: Clodsire
|-damage|p1a: Clodsire|0 fnt
|-unboost|p2a: Gholdengo|spa|1
|faint|p1a: Clodsire
|
|upkeep
|c|☆SammyCe123|mb
|
|t:|1711902172
|switch|p1a: Alomomola|Alomomola, M, shiny, tera:Dark|100/100 brn
|turn|54
|
|t:|1711902187
|move|p2a: Gholdengo|Nasty Plot|p2a: Gholdengo
|-boost|p2a: Gholdengo|spa|2
|move|p1a: Alomomola|Flip Turn|p2a: Gholdengo
|-damage|p2a: Gholdengo|77/100
|c|☆Evie733|yeah gg
|c|☆SammyCe123|gg
|c|☆Evie733|i cant win after the crit
|c|☆SammyCe123|sorry ab that crit
|-message|Evie733 forfeited.
|
|win|SammyCe123
