|html|<div class="broadcast-blue"><strong>[Gen 9] Ubers is currently suspecting Last Respects! For information on how to participate check out the <a href="https://www.smogon.com/forums/threads/np-sv-ubers-stage-3-respect.3739544/">suspect thread</a>.</strong></div>
|j|☆LKJX
|j|☆Tybizzz
|t:|1711943398
|gametype|singles
|player|p1|LKJX|n|1243
|player|p2|Tybizzz|flint|1224
|teamsize|p1|6
|teamsize|p2|6
|gen|9
|tier|[Gen 9] Ubers
|rated|
|rule|Sleep Clause Mod: Limit one foe put to sleep
|rule|Species Clause: Limit one of each Pokémon
|rule|OHKO Clause: OHKO moves are banned
|rule|Evasion Items Clause: Evasion items are banned
|rule|Evasion Moves Clause: Evasion moves are banned
|rule|Endless Battle Clause: Forcing endless battles is banned
|rule|HP Percentage Mod: HP is shown in percentages
|clearpoke
|poke|p1|Ribombee, M|
|poke|p1|Iron Treads|
|poke|p1|Mewtwo|
|poke|p1|Kyurem-Black|
|poke|p1|Indeedee, M|
|poke|p1|Darkrai|
|poke|p2|Rayquaza|
|poke|p2|Arceus-Steel|
|poke|p2|Kyogre|
|poke|p2|Lugia|
|poke|p2|Giratina|
|poke|p2|Landorus-Therian, M|
|teampreview
|inactive|Battle timer is ON: inactive players will automatically lose when time's up. (requested by LKJX)
|
|t:|1711943407
|start
|switch|p1a: Ribombee|Ribombee, M, shiny|100/100
|switch|p2a: Landorus|Landorus-Therian, M|100/100
|-ability|p2a: Landorus|Intimidate|boost
|-unboost|p1a: Ribombee|atk|1
|turn|1
|inactive|LKJX has 120 seconds left.
|inactive|LKJX has 90 seconds left.
|inactive|LKJX has 60 seconds left.
|
|t:|1711943503
|move|p1a: Ribombee|Stun Spore|p2a: Landorus|[miss]
|-miss|p1a: Ribombee|p2a: Landorus
|move|p2a: Landorus|Stealth Rock|p1a: Ribombee
|-sidestart|p1: LKJX|move: Stealth Rock
|
|upkeep
|turn|2
|inactive|LKJX has 60 seconds left.
|
|t:|1711943509
|move|p1a: Ribombee|Stun Spore|p2a: Landorus
|-status|p2a: Landorus|par
|move|p2a: Landorus|Earthquake|p1a: Ribombee
|-resisted|p1a: Ribombee
|-damage|p1a: Ribombee|57/100
|
|upkeep
|turn|3
|
|t:|1711943516
|move|p1a: Ribombee|Sticky Web|p2a: Landorus
|-sidestart|p2: Tybizzz|move: Sticky Web
|move|p2a: Landorus|U-turn|p1a: Ribombee
|-resisted|p1a: Ribombee
|-damage|p1a: Ribombee|33/100
|
|t:|1711943525
|switch|p2a: Rayquaza|Rayquaza|100/100|[from] U-turn
|-ability|p2a: Rayquaza|Air Lock
|
|upkeep
|turn|4
|
|t:|1711943533
|switch|p1a: Iron Treads|Iron Treads, shiny|100/100
|-damage|p1a: Iron Treads|97/100|[from] Stealth Rock
|move|p2a: Rayquaza|Extreme Speed|p1a: Iron Treads
|-resisted|p1a: Iron Treads
|-damage|p1a: Iron Treads|81/100
|-enditem|p1a: Iron Treads|Red Card|[of] p2a: Rayquaza
|drag|p2a: Arceus|Arceus-Steel|100/100
|-activate|p2a: Arceus|move: Sticky Web
|-unboost|p2a: Arceus|spe|1
|
|upkeep
|turn|5
|
|t:|1711943556
|switch|p2a: Giratina|Giratina|100/100
|-activate|p2a: Giratina|move: Sticky Web
|-unboost|p2a: Giratina|spe|1
|-ability|p2a: Giratina|Pressure
|-end|p1a: Iron Treads|Quark Drive|[silent]
|switch|p1a: Mewtwo|Mewtwo|100/100
|-ability|p1a: Mewtwo|Unnerve
|-damage|p1a: Mewtwo|88/100|[from] Stealth Rock
|
|upkeep
|turn|6
|
|t:|1711943567
|move|p1a: Mewtwo|Taunt|p2a: Giratina
|-start|p2a: Giratina|move: Taunt
|move|p2a: Giratina|Dragon Tail|p1a: Mewtwo
|-damage|p1a: Mewtwo|68/100
|drag|p1a: Kyurem|Kyurem-Black, shiny|100/100
|-damage|p1a: Kyurem|76/100|[from] Stealth Rock
|-ability|p1a: Kyurem|Teravolt
|
|upkeep
|turn|7
|
|t:|1711943581
|switch|p1a: Ribombee|Ribombee, M, shiny|33/100
|-damage|p1a: Ribombee|8/100|[from] Stealth Rock
|switch|p2a: Arceus|Arceus-Steel|100/100
|-activate|p2a: Arceus|move: Sticky Web
|-unboost|p2a: Arceus|spe|1
|
|upkeep
|turn|8
|
|t:|1711943590
|move|p1a: Ribombee|Stun Spore|p2a: Arceus|[miss]
|-miss|p1a: Ribombee|p2a: Arceus
|move|p2a: Arceus|Judgment|p1a: Ribombee
|-supereffective|p1a: Ribombee
|-damage|p1a: Ribombee|0 fnt
|faint|p1a: Ribombee
|
|upkeep
|
|t:|1711943600
|switch|p1a: Mewtwo|Mewtwo|68/100
|-ability|p1a: Mewtwo|Unnerve
|-damage|p1a: Mewtwo|55/100|[from] Stealth Rock
|turn|9
|
|t:|1711943606
|move|p1a: Mewtwo|Thunder Wave|p2a: Arceus
|-status|p2a: Arceus|par
|move|p2a: Arceus|Judgment|p1a: Mewtwo
|-damage|p1a: Mewtwo|15/100
|
|upkeep
|turn|10
|
|t:|1711943613
|move|p1a: Mewtwo|Light Screen|p1a: Mewtwo
|-sidestart|p1: LKJX|move: Light Screen
|move|p2a: Arceus|Judgment|p1a: Mewtwo
|-damage|p1a: Mewtwo|0 fnt
|faint|p1a: Mewtwo
|
|upkeep
|
|t:|1711943625
|switch|p1a: Kyurem|Kyurem-Black, shiny|76/100
|-damage|p1a: Kyurem|51/100|[from] Stealth Rock
|-ability|p1a: Kyurem|Teravolt
|turn|11
|
|t:|1711943631
|move|p1a: Kyurem|Dragon Dance|p1a: Kyurem
|-boost|p1a: Kyurem|atk|1
|-boost|p1a: Kyurem|spe|1
|move|p2a: Arceus|Judgment|p1a: Kyurem
|-supereffective|p1a: Kyurem
|-damage|p1a: Kyurem|3/100
|
|upkeep
|turn|12
|
|t:|1711943644
|switch|p2a: Landorus|Landorus-Therian, M|100/100 par
|-ability|p2a: Landorus|Intimidate|boost
|-unboost|p1a: Kyurem|atk|1
|move|p1a: Kyurem|Fusion Bolt|p2a: Landorus
|-immune|p2a: Landorus
|
|upkeep
|turn|13
|
|t:|1711943662
|switch|p1a: Indeedee|Indeedee, M|100/100
|-damage|p1a: Indeedee|88/100|[from] Stealth Rock
|-fieldstart|move: Psychic Terrain|[from] ability: Psychic Surge|[of] p1a: Indeedee
|move|p2a: Landorus|Earthquake|p1a: Indeedee
|-damage|p1a: Indeedee|2/100
|
|upkeep
|turn|14
|
|t:|1711943673
|move|p1a: Indeedee|Healing Wish|p1a: Indeedee
|faint|p1a: Indeedee
|move|p2a: Landorus|U-turn|p1: Indeedee|[notarget]
|-fail|p2a: Landorus
|
|upkeep
|
|t:|1711943678
|switch|p1a: Kyurem|Kyurem-Black, shiny|3/100
|-heal|p1a: Kyurem|100/100|[from] move: Healing Wish
|-damage|p1a: Kyurem|76/100|[from] Stealth Rock
|-ability|p1a: Kyurem|Teravolt
|turn|15
|
|t:|1711943688
|move|p1a: Kyurem|Dragon Dance|p1a: Kyurem
|-boost|p1a: Kyurem|atk|1
|-boost|p1a: Kyurem|spe|1
|move|p2a: Landorus|Earthquake|p1a: Kyurem
|-damage|p1a: Kyurem|33/100
|
|upkeep
|turn|16
|
|t:|1711943696
|move|p1a: Kyurem|Icicle Spear|p2a: Landorus
|-supereffective|p2a: Landorus
|-damage|p2a: Landorus|0 fnt
|faint|p2a: Landorus
|-hitcount|p2: Landorus|1
|
|upkeep
|
|t:|1711943699
|switch|p2a: Rayquaza|Rayquaza|100/100
|-ability|p2a: Rayquaza|Air Lock
|turn|17
|
|t:|1711943705
|move|p2a: Rayquaza|Extreme Speed|p1a: Kyurem
|-activate|p1a: Kyurem|move: Psychic Terrain
|move|p1a: Kyurem|Icicle Spear|p2a: Rayquaza
|-supereffective|p2a: Rayquaza
|-damage|p2a: Rayquaza|0 fnt
|faint|p2a: Rayquaza
|-hitcount|p2: Rayquaza|1
|
|-sideend|p1: LKJX|move: Light Screen
|upkeep
|
|t:|1711943716
|switch|p2a: Arceus|Arceus-Steel|100/100 par
|-activate|p2a: Arceus|move: Sticky Web
|-unboost|p2a: Arceus|spe|1
|turn|18
|
|t:|1711943722
|-terastallize|p1a: Kyurem|Electric
|move|p1a: Kyurem|Fusion Bolt|p2a: Arceus
|-damage|p2a: Arceus|32/100 par
|cant|p2a: Arceus|par
|
|upkeep
|turn|19
|
|t:|1711943731
|move|p1a: Kyurem|Scale Shot|p2a: Arceus
|-resisted|p2a: Arceus
|-damage|p2a: Arceus|23/100 par
|-resisted|p2a: Arceus
|-damage|p2a: Arceus|14/100 par
|-resisted|p2a: Arceus
|-damage|p2a: Arceus|6/100 par
|-resisted|p2a: Arceus
|-damage|p2a: Arceus|0 fnt
|faint|p2a: Arceus
|-hitcount|p2: Arceus|4
|-unboost|p1a: Kyurem|def|1
|-boost|p1a: Kyurem|spe|1
|
|upkeep
|
|t:|1711943742
|switch|p2a: Kyogre|Kyogre|100/100
|-activate|p2a: Kyogre|move: Sticky Web
|-unboost|p2a: Kyogre|spe|1
|-weather|RainDance|[from] ability: Drizzle|[of] p2a: Kyogre
|turn|20
|
|t:|1711943768
|move|p1a: Kyurem|Fusion Bolt|p2a: Kyogre
|-supereffective|p2a: Kyogre
|-damage|p2a: Kyogre|0 fnt
|faint|p2a: Kyogre
|
|-weather|RainDance|[upkeep]
|-fieldend|move: Psychic Terrain
|upkeep
|
|t:|1711943772
|switch|p2a: Giratina|Giratina|100/100
|-activate|p2a: Giratina|move: Sticky Web
|-unboost|p2a: Giratina|spe|1
|-ability|p2a: Giratina|Pressure
|turn|21
|inactive|LKJX has 120 seconds left.
|
|t:|1711943787
|-terastallize|p2a: Giratina|Fairy
|move|p1a: Kyurem|Icicle Spear|p2a: Giratina
|-damage|p2a: Giratina|89/100
|-damage|p2a: Giratina|77/100
|-damage|p2a: Giratina|66/100
|-damage|p2a: Giratina|54/100
|-damage|p2a: Giratina|44/100
|-hitcount|p2a: Giratina|5
|move|p2a: Giratina|Dragon Tail|p1a: Kyurem
|-damage|p1a: Kyurem|7/100
|drag|p1a: Darkrai|Darkrai|100/100
|-damage|p1a: Darkrai|88/100|[from] Stealth Rock
|
|-weather|RainDance|[upkeep]
|-heal|p2a: Giratina|50/100|[from] item: Leftovers
|upkeep
|turn|22
|inactive|LKJX has 120 seconds left.
|
|t:|1711943804
|move|p1a: Darkrai|Hypnosis|p2a: Giratina|[miss]
|-miss|p1a: Darkrai|p2a: Giratina
|move|p2a: Giratina|Dragon Tail|p1a: Darkrai
|-damage|p1a: Darkrai|58/100
|drag|p1a: Kyurem|Kyurem-Black, shiny, tera:Electric|7/100
|-damage|p1a: Kyurem|0 fnt|[from] Stealth Rock
|faint|p1a: Kyurem
|
|-weather|RainDance|[upkeep]
|-heal|p2a: Giratina|56/100|[from] item: Leftovers
|upkeep
|
|t:|1711943817
|switch|p1a: Iron Treads|Iron Treads, shiny|81/100
|-damage|p1a: Iron Treads|78/100|[from] Stealth Rock
|turn|23
|
|t:|1711943827
|move|p1a: Iron Treads|Rapid Spin|p2a: Giratina
|-crit|p2a: Giratina
|-damage|p2a: Giratina|48/100
|-boost|p1a: Iron Treads|spe|1
|-sideend|p1: LKJX|Stealth Rock|[from] move: Rapid Spin|[of] p1a: Iron Treads
|move|p2a: Giratina|Rest|p2a: Giratina
|-status|p2a: Giratina|slp|[from] move: Rest
|-heal|p2a: Giratina|100/100 slp|[silent]
|
|-weather|RainDance|[upkeep]
|upkeep
|turn|24
|
|t:|1711943843
|-end|p1a: Iron Treads|Quark Drive|[silent]
|switch|p1a: Darkrai|Darkrai|58/100
|cant|p2a: Giratina|slp
|
|-weather|none
|-damage|p2a: Giratina|88/100 slp|[from] ability: Bad Dreams|[of] p1a: Darkrai
|upkeep
|turn|25
|
|t:|1711943852
|move|p1a: Darkrai|Nasty Plot|p1a: Darkrai
|-boost|p1a: Darkrai|spa|2
|cant|p2a: Giratina|slp
|
|-heal|p2a: Giratina|94/100 slp|[from] item: Leftovers
|-damage|p2a: Giratina|82/100 slp|[from] ability: Bad Dreams|[of] p1a: Darkrai
|upkeep
|turn|26
|
|t:|1711943861
|move|p1a: Darkrai|Blizzard|p2a: Giratina
|-damage|p2a: Giratina|34/100 slp
|-curestatus|p2a: Giratina|slp|[msg]
|move|p2a: Giratina|Dragon Tail|p1a: Darkrai
|-damage|p1a: Darkrai|32/100
|drag|p1a: Iron Treads|Iron Treads, shiny|78/100
|
|-heal|p2a: Giratina|40/100|[from] item: Leftovers
|upkeep
|turn|27
|inactive|LKJX has 120 seconds left.
|
|t:|1711943873
|move|p1a: Iron Treads|Earthquake|p2a: Giratina
|-damage|p2a: Giratina|24/100
|move|p2a: Giratina|Dragon Tail|p1a: Iron Treads
|-resisted|p1a: Iron Treads
|-damage|p1a: Iron Treads|70/100
|-end|p1a: Iron Treads|Quark Drive|[silent]
|drag|p1a: Darkrai|Darkrai|32/100
|
|-heal|p2a: Giratina|30/100|[from] item: Leftovers
|upkeep
|turn|28
|inactive|LKJX has 120 seconds left.
|
|t:|1711943883
|move|p1a: Darkrai|Hypnosis|p2a: Giratina|[miss]
|-miss|p1a: Darkrai|p2a: Giratina
|move|p2a: Giratina|Rest|p2a: Giratina
|-status|p2a: Giratina|slp|[from] move: Rest
|-heal|p2a: Giratina|100/100 slp|[silent]
|
|-damage|p2a: Giratina|88/100 slp|[from] ability: Bad Dreams|[of] p1a: Darkrai
|upkeep
|turn|29
|inactive|LKJX has 120 seconds left.
|
|t:|1711943892
|move|p1a: Darkrai|Nasty Plot|p1a: Darkrai
|-boost|p1a: Darkrai|spa|2
|cant|p2a: Giratina|slp
|
|-heal|p2a: Giratina|94/100 slp|[from] item: Leftovers
|-damage|p2a: Giratina|82/100 slp|[from] ability: Bad Dreams|[of] p1a: Darkrai
|upkeep
|turn|30
|
|t:|1711943902
|move|p1a: Darkrai|Nasty Plot|p1a: Darkrai
|-boost|p1a: Darkrai|spa|2
|cant|p2a: Giratina|slp
|
|-heal|p2a: Giratina|88/100 slp|[from] item: Leftovers
|-damage|p2a: Giratina|75/100 slp|[from] ability: Bad Dreams|[of] p1a: Darkrai
|upkeep
|turn|31
|
|t:|1711943913
|move|p1a: Darkrai|Blizzard|p2a: Giratina
|-damage|p2a: Giratina|0 fnt
|faint|p2a: Giratina
|
|upkeep
|
|t:|1711943916
|switch|p2a: Lugia|Lugia|100/100
|turn|32
|
|t:|1711943921
|move|p1a: Darkrai|Dark Pulse|p2a: Lugia
|-supereffective|p2a: Lugia
|-damage|p2a: Lugia|36/100
|move|p2a: Lugia|Aeroblast|p1a: Darkrai|[miss]
|-miss|p2a: Lugia|p1a: Darkrai
|
|upkeep
|turn|33
|-message|Tybizzz forfeited.
|
|win|LKJX
|raw|LKJX's rating: 1243 &rarr; <strong>1267</strong><br />(+24 for winning)
|raw|Tybizzz's rating: 1224 &rarr; <strong>1200</strong><br />(-24 for losing)
|l|☆Tybizzz
|player|p2|
