|html|<div class="broadcast-blue"><strong>[Gen 9] Ubers is currently suspecting Last Respects! For information on how to participate check out the <a href="https://www.smogon.com/forums/threads/np-sv-ubers-stage-3-respect.3739544/">suspect thread</a>.</strong></div>
|j|☆fraggeddrive
|j|☆nb17635
|t:|1711940657
|gametype|singles
|player|p1|fraggeddrive|wallace|1045
|player|p2|nb17635|170|1134
|teamsize|p1|6
|teamsize|p2|6
|gen|9
|tier|[Gen 9] Ubers
|rated|
|rule|Sleep Clause Mod: Limit one foe put to sleep
|rule|Species Clause: Limit one of each Pokémon
|rule|OHKO Clause: OHKO moves are banned
|rule|Evasion Items Clause: Evasion items are banned
|rule|Evasion Moves Clause: Evasion moves are banned
|rule|Endless Battle Clause: Forcing endless battles is banned
|rule|HP Percentage Mod: HP is shown in percentages
|clearpoke
|poke|p1|Kyogre|
|poke|p1|Koraidon|
|poke|p1|Necrozma-Dusk-Mane|
|poke|p1|Landorus-Therian, M|
|poke|p1|Arceus|
|poke|p1|Ting-Lu|
|poke|p2|Flutter Mane|
|poke|p2|Koraidon|
|poke|p2|Scovillain, M|
|poke|p2|Ting-Lu|
|poke|p2|Landorus-Therian, M|
|poke|p2|Dragonite, F|
|teampreview
|
|t:|1711940680
|start
|switch|p1a: Kyogre|Kyogre|100/100
|switch|p2a: Koraidon|Koraidon|100/100
|-weather|SunnyDay|[from] ability: Orichalcum Pulse|[of] p2a: Koraidon
|-activate|p2a: Koraidon|Orichalcum Pulse|[source]
|-weather|RainDance|[from] ability: Drizzle|[of] p1a: Kyogre
|turn|1
|
|t:|1711940693
|switch|p2a: Ting-Lu|Ting-Lu|100/100
|-ability|p2a: Ting-Lu|Vessel of Ruin
|move|p1a: Kyogre|Ice Beam|p2a: Ting-Lu
|-supereffective|p2a: Ting-Lu
|-damage|p2a: Ting-Lu|71/100
|
|-weather|RainDance|[upkeep]
|-heal|p2a: Ting-Lu|77/100|[from] item: Leftovers
|upkeep
|turn|2
|
|t:|1711940713
|move|p1a: Kyogre|Thunder Wave|p2a: Ting-Lu
|-immune|p2a: Ting-Lu
|move|p2a: Ting-Lu|Ruination|p1a: Kyogre
|-damage|p1a: Kyogre|51/100
|
|-weather|RainDance|[upkeep]
|-heal|p2a: Ting-Lu|83/100|[from] item: Leftovers
|upkeep
|turn|3
|inactive|Battle timer is ON: inactive players will automatically lose when time's up. (requested by nb17635)
|
|t:|1711940748
|move|p1a: Kyogre|Origin Pulse|p2a: Ting-Lu
|-supereffective|p2a: Ting-Lu
|-damage|p2a: Ting-Lu|0 fnt
|faint|p2a: Ting-Lu
|
|-weather|RainDance|[upkeep]
|upkeep
|
|t:|1711940760
|switch|p2a: Koraidon|Koraidon|100/100
|-weather|SunnyDay|[from] ability: Orichalcum Pulse|[of] p2a: Koraidon
|-activate|p2a: Koraidon|Orichalcum Pulse|[source]
|turn|4
|
|t:|1711940773
|switch|p1a: Koraidon|Koraidon|100/100
|-activate|p1a: Koraidon|ability: Orichalcum Pulse
|move|p2a: Koraidon|Collision Course|p1a: Koraidon
|-damage|p1a: Koraidon|40/100
|
|-weather|SunnyDay|[upkeep]
|upkeep
|turn|5
|
|t:|1711940783
|switch|p1a: Kyogre|Kyogre|51/100
|-weather|RainDance|[from] ability: Drizzle|[of] p1a: Kyogre
|move|p2a: Koraidon|Dragon Claw|p1a: Kyogre
|-damage|p1a: Kyogre|11/100
|
|-weather|RainDance|[upkeep]
|upkeep
|turn|6
|
|t:|1711940798
|switch|p2a: Dragonite|Dragonite, F|100/100
|move|p1a: Kyogre|Origin Pulse|p2a: Dragonite
|-resisted|p2a: Dragonite
|-damage|p2a: Dragonite|72/100
|
|-weather|RainDance|[upkeep]
|upkeep
|turn|7
|
|t:|1711940806
|switch|p1a: Arceus|Arceus|100/100
|move|p2a: Dragonite|Extreme Speed|p1a: Arceus
|-damage|p1a: Arceus|76/100
|
|-weather|RainDance|[upkeep]
|upkeep
|turn|8
|
|t:|1711940832
|switch|p2a: Landorus|Landorus-Therian, M|100/100
|-ability|p2a: Landorus|Intimidate|boost
|-unboost|p1a: Arceus|atk|1
|move|p1a: Arceus|Extreme Speed|p2a: Landorus
|-damage|p2a: Landorus|81/100
|
|-weather|RainDance|[upkeep]
|-heal|p2a: Landorus|87/100|[from] item: Leftovers
|upkeep
|turn|9
|inactive|fraggeddrive has 120 seconds left.
|
|t:|1711940865
|move|p1a: Arceus|Swords Dance|p1a: Arceus
|-boost|p1a: Arceus|atk|2
|move|p2a: Landorus|Stealth Rock|p1a: Arceus
|-sidestart|p1: fraggeddrive|move: Stealth Rock
|
|-weather|none
|-heal|p2a: Landorus|93/100|[from] item: Leftovers
|upkeep
|turn|10
|
|t:|1711940876
|move|p1a: Arceus|Swords Dance|p1a: Arceus
|-boost|p1a: Arceus|atk|2
|move|p2a: Landorus|Taunt|p1a: Arceus
|-start|p1a: Arceus|move: Taunt
|
|-heal|p2a: Landorus|99/100|[from] item: Leftovers
|upkeep
|turn|11
|
|t:|1711940887
|move|p1a: Arceus|Extreme Speed|p2a: Landorus
|-damage|p2a: Landorus|30/100
|move|p2a: Landorus|Earthquake|p1a: Arceus
|-damage|p1a: Arceus|39/100
|
|-heal|p2a: Landorus|36/100|[from] item: Leftovers
|upkeep
|turn|12
|
|t:|1711940901
|move|p1a: Arceus|Extreme Speed|p2a: Landorus
|-damage|p2a: Landorus|0 fnt
|faint|p2a: Landorus
|
|upkeep
|
|t:|1711940907
|switch|p2a: Flutter Mane|Flutter Mane|100/100
|turn|13
|
|t:|1711940913
|switch|p1a: Necrozma|Necrozma-Dusk-Mane|100/100
|move|p2a: Flutter Mane|Moonblast|p1a: Necrozma
|-resisted|p1a: Necrozma
|-damage|p1a: Necrozma|79/100
|
|upkeep
|turn|14
|
|t:|1711940929
|-end|p2a: Flutter Mane|Protosynthesis|[silent]
|switch|p2a: Koraidon|Koraidon|100/100
|-weather|SunnyDay|[from] ability: Orichalcum Pulse|[of] p2a: Koraidon
|-activate|p2a: Koraidon|Orichalcum Pulse|[source]
|move|p1a: Necrozma|Sunsteel Strike|p2a: Koraidon
|-damage|p2a: Koraidon|57/100
|
|-weather|SunnyDay|[upkeep]
|-heal|p2a: Koraidon|63/100|[from] item: Leftovers
|upkeep
|turn|15
|
|t:|1711940946
|switch|p1a: Kyogre|Kyogre|11/100
|-weather|RainDance|[from] ability: Drizzle|[of] p1a: Kyogre
|-terastallize|p2a: Koraidon|Fire
|move|p2a: Koraidon|Flame Charge|p1a: Kyogre
|-resisted|p1a: Kyogre
|-damage|p1a: Kyogre|4/100
|-boost|p2a: Koraidon|spe|1
|
|-weather|RainDance|[upkeep]
|-heal|p2a: Koraidon|69/100|[from] item: Leftovers
|upkeep
|turn|16
|inactive|nb17635 has 120 seconds left.
|
|t:|1711940962
|switch|p2a: Dragonite|Dragonite, F|72/100
|move|p1a: Kyogre|Origin Pulse|p2a: Dragonite
|-resisted|p2a: Dragonite
|-damage|p2a: Dragonite|19/100
|
|-weather|RainDance|[upkeep]
|upkeep
|turn|17
|
|t:|1711940977
|switch|p1a: Arceus|Arceus|39/100
|move|p2a: Dragonite|Extreme Speed|p1a: Arceus
|-damage|p1a: Arceus|14/100
|
|-weather|RainDance|[upkeep]
|upkeep
|turn|18
|
|t:|1711940985
|move|p2a: Dragonite|Extreme Speed|p1a: Arceus
|-damage|p1a: Arceus|0 fnt
|faint|p1a: Arceus
|
|-weather|RainDance|[upkeep]
|upkeep
|
|t:|1711940991
|switch|p1a: Landorus|Landorus-Therian, M|100/100
|-damage|p1a: Landorus|88/100|[from] Stealth Rock
|-ability|p1a: Landorus|Intimidate|boost
|-unboost|p2a: Dragonite|atk|1
|turn|19
|
|t:|1711941009
|move|p2a: Dragonite|Dragon Dance|p2a: Dragonite
|-boost|p2a: Dragonite|atk|1
|-boost|p2a: Dragonite|spe|1
|move|p1a: Landorus|U-turn|p2a: Dragonite
|-resisted|p2a: Dragonite
|-damage|p2a: Dragonite|6/100
|
|t:|1711941021
|switch|p1a: Necrozma|Necrozma-Dusk-Mane|79/100|[from] U-turn
|
|-weather|none
|upkeep
|turn|20
|
|t:|1711941027
|move|p2a: Dragonite|Fire Punch|p1a: Necrozma
|-supereffective|p1a: Necrozma
|-damage|p1a: Necrozma|55/100
|move|p1a: Necrozma|Dragon Dance|p1a: Necrozma
|-boost|p1a: Necrozma|atk|1
|-boost|p1a: Necrozma|spe|1
|
|upkeep
|turn|21
|
|t:|1711941036
|move|p2a: Dragonite|Fire Punch|p1a: Necrozma
|-supereffective|p1a: Necrozma
|-damage|p1a: Necrozma|30/100
|move|p1a: Necrozma|Knock Off|p2a: Dragonite
|-damage|p2a: Dragonite|0 fnt
|-enditem|p2a: Dragonite|Lum Berry|[from] move: Knock Off|[of] p1a: Necrozma
|faint|p2a: Dragonite
|
|upkeep
|
|t:|1711941048
|switch|p2a: Flutter Mane|Flutter Mane|100/100
|turn|22
|
|t:|1711941052
|move|p2a: Flutter Mane|Thunderbolt|p1a: Necrozma
|-damage|p1a: Necrozma|4/100
|-status|p1a: Necrozma|par
|move|p1a: Necrozma|Moonlight|p1a: Necrozma
|-heal|p1a: Necrozma|54/100 par
|
|upkeep
|turn|23
|
|t:|1711941066
|move|p2a: Flutter Mane|Thunderbolt|p1a: Necrozma
|-damage|p1a: Necrozma|26/100 par
|cant|p1a: Necrozma|par
|
|upkeep
|turn|24
|
|t:|1711941072
|switch|p1a: Ting-Lu|Ting-Lu|100/100
|-damage|p1a: Ting-Lu|94/100|[from] Stealth Rock
|-ability|p1a: Ting-Lu|Vessel of Ruin
|move|p2a: Flutter Mane|Thunderbolt|p1a: Ting-Lu
|-immune|p1a: Ting-Lu
|
|-heal|p1a: Ting-Lu|100/100|[from] item: Leftovers
|upkeep
|turn|25
|
|t:|1711941084
|-end|p2a: Flutter Mane|Protosynthesis|[silent]
|switch|p2a: Koraidon|Koraidon, tera:Fire|69/100
|-weather|SunnyDay|[from] ability: Orichalcum Pulse|[of] p2a: Koraidon
|-activate|p2a: Koraidon|Orichalcum Pulse|[source]
|move|p1a: Ting-Lu|Whirlwind|p2a: Koraidon
|drag|p2a: Flutter Mane|Flutter Mane|100/100
|-activate|p2a: Flutter Mane|ability: Protosynthesis
|-start|p2a: Flutter Mane|protosynthesisspe
|
|-weather|SunnyDay|[upkeep]
|upkeep
|turn|26
|
|t:|1711941099
|-terastallize|p1a: Ting-Lu|Poison
|move|p2a: Flutter Mane|Moonblast|p1a: Ting-Lu
|-resisted|p1a: Ting-Lu
|-damage|p1a: Ting-Lu|91/100
|move|p1a: Ting-Lu|Ruination|p2a: Flutter Mane
|-damage|p2a: Flutter Mane|51/100
|
|-weather|SunnyDay|[upkeep]
|-heal|p1a: Ting-Lu|97/100|[from] item: Leftovers
|upkeep
|turn|27
|
|t:|1711941113
|-end|p2a: Flutter Mane|Protosynthesis|[silent]
|switch|p2a: Koraidon|Koraidon, tera:Fire|69/100
|-activate|p2a: Koraidon|ability: Orichalcum Pulse
|move|p1a: Ting-Lu|Ruination|p2a: Koraidon
|-damage|p2a: Koraidon|35/100
|
|-weather|SunnyDay|[upkeep]
|-heal|p2a: Koraidon|41/100|[from] item: Leftovers
|-heal|p1a: Ting-Lu|100/100|[from] item: Leftovers
|upkeep
|turn|28
|
|t:|1711941126
|move|p2a: Koraidon|Swords Dance|p2a: Koraidon
|-boost|p2a: Koraidon|atk|2
|move|p1a: Ting-Lu|Spikes|p2a: Koraidon
|-sidestart|p2: nb17635|Spikes
|
|-weather|SunnyDay|[upkeep]
|-heal|p2a: Koraidon|47/100|[from] item: Leftovers
|upkeep
|turn|29
|
|t:|1711941142
|move|p2a: Koraidon|Swords Dance|p2a: Koraidon
|-boost|p2a: Koraidon|atk|2
|move|p1a: Ting-Lu|Whirlwind|p2a: Koraidon
|drag|p2a: Flutter Mane|Flutter Mane|51/100
|-damage|p2a: Flutter Mane|38/100|[from] Spikes
|-activate|p2a: Flutter Mane|ability: Protosynthesis
|-start|p2a: Flutter Mane|protosynthesisspe
|
|-weather|none
|-end|p2a: Flutter Mane|Protosynthesis
|upkeep
|turn|30
|
|t:|1711941153
|-end|p2a: Flutter Mane|Protosynthesis|[silent]
|switch|p2a: Koraidon|Koraidon, tera:Fire|47/100
|-damage|p2a: Koraidon|35/100|[from] Spikes
|-weather|SunnyDay|[from] ability: Orichalcum Pulse|[of] p2a: Koraidon
|-activate|p2a: Koraidon|Orichalcum Pulse|[source]
|move|p1a: Ting-Lu|Ruination|p2a: Koraidon
|-damage|p2a: Koraidon|18/100
|
|-weather|SunnyDay|[upkeep]
|-heal|p2a: Koraidon|24/100|[from] item: Leftovers
|upkeep
|turn|31
|
|t:|1711941166
|switch|p1a: Kyogre|Kyogre|4/100
|-weather|RainDance|[from] ability: Drizzle|[of] p1a: Kyogre
|move|p2a: Koraidon|Collision Course|p1a: Kyogre
|-damage|p1a: Kyogre|0 fnt
|faint|p1a: Kyogre
|
|-weather|RainDance|[upkeep]
|-heal|p2a: Koraidon|30/100|[from] item: Leftovers
|upkeep
|
|t:|1711941178
|switch|p1a: Landorus|Landorus-Therian, M|88/100
|-damage|p1a: Landorus|76/100|[from] Stealth Rock
|-ability|p1a: Landorus|Intimidate|boost
|-unboost|p2a: Koraidon|atk|1
|turn|32
|
|t:|1711941185
|switch|p2a: Flutter Mane|Flutter Mane|38/100
|-damage|p2a: Flutter Mane|26/100|[from] Spikes
|move|p1a: Landorus|Earthquake|p2a: Flutter Mane
|-damage|p2a: Flutter Mane|0 fnt
|faint|p2a: Flutter Mane
|-end|p2a: Flutter Mane|Protosynthesis|[silent]
|
|-weather|RainDance|[upkeep]
|upkeep
|
|t:|1711941195
|switch|p2a: Koraidon|Koraidon, tera:Fire|30/100
|-damage|p2a: Koraidon|18/100|[from] Spikes
|-weather|SunnyDay|[from] ability: Orichalcum Pulse|[of] p2a: Koraidon
|-activate|p2a: Koraidon|Orichalcum Pulse|[source]
|turn|33
|
|t:|1711941205
|move|p2a: Koraidon|Dragon Claw|p1a: Landorus
|-damage|p1a: Landorus|36/100
|-damage|p2a: Koraidon|1/100|[from] item: Rocky Helmet|[of] p1a: Landorus
|move|p1a: Landorus|Earthquake|p2a: Koraidon
|-supereffective|p2a: Koraidon
|-damage|p2a: Koraidon|0 fnt
|faint|p2a: Koraidon
|
|-weather|SunnyDay|[upkeep]
|upkeep
|
|t:|1711941216
|switch|p2a: Scovillain|Scovillain, M|100/100
|-damage|p2a: Scovillain|88/100|[from] Spikes
|turn|34
|
|t:|1711941220
|move|p2a: Scovillain|Solar Beam||[still]
|-prepare|p2a: Scovillain|Solar Beam
|-anim|p2a: Scovillain|Solar Beam|p1a: Landorus
|-damage|p1a: Landorus|0 fnt
|faint|p1a: Landorus
|
|-weather|SunnyDay|[upkeep]
|-heal|p2a: Scovillain|94/100|[from] item: Leftovers
|upkeep
|
|t:|1711941231
|switch|p1a: Koraidon|Koraidon|40/100
|-damage|p1a: Koraidon|34/100|[from] Stealth Rock
|-activate|p1a: Koraidon|ability: Orichalcum Pulse
|turn|35
|
|t:|1711941238
|move|p1a: Koraidon|Flare Blitz|p2a: Scovillain
|-damage|p2a: Scovillain|0 fnt
|faint|p2a: Scovillain
|-damage|p1a: Koraidon|7/100|[from] Recoil
|
|win|fraggeddrive
|raw|fraggeddrive's rating: 1045 &rarr; <strong>1087</strong><br />(+42 for winning)
|raw|nb17635's rating: 1134 &rarr; <strong>1103</strong><br />(-31 for losing)
|l|☆nb17635
|player|p2|
