|j|☆Bhol
|j|☆ADV Warrior Poet
|t:|1711945782
|gametype|singles
|player|p1|Bhol|sabrina|1584
|player|p2|ADV Warrior Poet|musician|1523
|teamsize|p1|6
|teamsize|p2|6
|gen|3
|tier|[Gen 3] OU
|rated|
|rule|Sleep Clause Mod: Limit one foe put to sleep
|rule|Switch Priority Clause Mod: Faster Pokémon switch first
|rule|Species Clause: Limit one of each Pokémon
|rule|OHKO Clause: OHKO moves are banned
|rule|Evasion Items Clause: Evasion items are banned
|rule|Evasion Moves Clause: Evasion moves are banned
|rule|Endless Battle Clause: Forcing endless battles is banned
|rule|HP Percentage Mod: HP is shown in percentages
|rule|One Boost Passer Clause: Limit one Baton Passer that has a way to boost its stats
|rule|Freeze Clause Mod: Limit one foe frozen
|
|t:|1711945782
|start
|switch|p1a: Metagross|Metagross, shiny|100/100
|switch|p2a: Hamburger Helper|Skarmory, F|100/100
|turn|1
|
|t:|1711945791
|switch|p2a: The Noid|Banette, F|100/100
|switch|p1a: Forretress|Forretress, F|100/100
|
|upkeep
|turn|2
|
|t:|1711945796
|move|p2a: The Noid|Will-O-Wisp|p1a: Forretress
|-status|p1a: Forretress|brn
|move|p1a: Forretress|Spikes|p2a: The Noid
|-sidestart|p2: ADV Warrior Poet|Spikes
|
|-damage|p1a: Forretress|88/100 brn|[from] brn
|upkeep
|turn|3
|
|t:|1711945800
|switch|p2a: Grimace|Donphan, M, shiny|100/100
|-damage|p2a: Grimace|88/100|[from] Spikes
|move|p1a: Forretress|Spikes|p2a: Grimace
|-sidestart|p2: ADV Warrior Poet|Spikes
|
|-heal|p2a: Grimace|94/100|[from] item: Leftovers
|-heal|p1a: Forretress|94/100 brn|[from] item: Leftovers
|-damage|p1a: Forretress|82/100 brn|[from] brn
|upkeep
|turn|4
|
|t:|1711945808
|move|p2a: Grimace|Rapid Spin|p1a: Forretress
|-resisted|p1a: Forretress
|-damage|p1a: Forretress|79/100 brn
|-sideend|p2: ADV Warrior Poet|Spikes|[from] move: Rapid Spin|[of] p2a: Grimace
|move|p1a: Forretress|Toxic|p2a: Grimace
|-status|p2a: Grimace|tox
|
|-heal|p2a: Grimace|100/100 tox|[from] item: Leftovers
|-damage|p2a: Grimace|94/100 tox|[from] psn
|-heal|p1a: Forretress|86/100 brn|[from] item: Leftovers
|-damage|p1a: Forretress|73/100 brn|[from] brn
|upkeep
|turn|5
|
|t:|1711945821
|switch|p1a: Articuno|Articuno|100/100
|move|p2a: Grimace|Earthquake|p1a: Articuno
|-immune|p1a: Articuno
|
|-heal|p2a: Grimace|100/100 tox|[from] item: Leftovers
|-damage|p2a: Grimace|88/100 tox|[from] psn
|upkeep
|turn|6
|
|t:|1711945837
|switch|p1a: Swampert|Swampert, F|100/100
|switch|p2a: Hamburger|Tyranitar, M|100/100
|-weather|Sandstorm|[from] ability: Sand Stream|[of] p2a: Hamburger
|
|-weather|Sandstorm|[upkeep]
|upkeep
|turn|7
|
|t:|1711945846
|switch|p2a: The Roughage|Celebi|100/100
|move|p1a: Swampert|Hydro Pump|p2a: The Roughage
|-resisted|p2a: The Roughage
|-damage|p2a: The Roughage|85/100
|
|-weather|Sandstorm|[upkeep]
|-damage|p2a: The Roughage|79/100|[from] Sandstorm
|-heal|p2a: The Roughage|85/100|[from] item: Leftovers
|upkeep
|turn|8
|
|t:|1711945855
|switch|p1a: Articuno|Articuno|100/100
|move|p2a: The Roughage|Swords Dance|p2a: The Roughage
|-boost|p2a: The Roughage|atk|2
|
|-weather|Sandstorm|[upkeep]
|-damage|p2a: The Roughage|79/100|[from] Sandstorm
|-damage|p1a: Articuno|94/100|[from] Sandstorm
|-heal|p2a: The Roughage|85/100|[from] item: Leftovers
|-heal|p1a: Articuno|100/100|[from] item: Leftovers
|upkeep
|turn|9
|
|t:|1711945863
|move|p2a: The Roughage|Baton Pass|p2a: The Roughage
|
|t:|1711945865
|switch|p2a: Hamburger|Tyranitar, M|100/100|[from] Baton Pass
|move|p1a: Articuno|Roar|p2a: Hamburger
|drag|p2a: Grimace|Donphan, M, shiny|88/100 tox
|
|-weather|Sandstorm|[upkeep]
|-damage|p1a: Articuno|94/100|[from] Sandstorm
|-heal|p1a: Articuno|100/100|[from] item: Leftovers
|-heal|p2a: Grimace|94/100 tox|[from] item: Leftovers
|-damage|p2a: Grimace|88/100 tox|[from] psn
|upkeep
|turn|10
|
|t:|1711945874
|switch|p1a: Forretress|Forretress, F|73/100 brn
|move|p2a: Grimace|Rock Slide|p1a: Forretress
|-damage|p1a: Forretress|55/100 brn
|
|-weather|Sandstorm|[upkeep]
|-heal|p2a: Grimace|94/100 tox|[from] item: Leftovers
|-damage|p2a: Grimace|82/100 tox|[from] psn
|-heal|p1a: Forretress|62/100 brn|[from] item: Leftovers
|-damage|p1a: Forretress|49/100 brn|[from] brn
|upkeep
|turn|11
|
|t:|1711945881
|move|p2a: Grimace|Earthquake|p1a: Forretress
|-damage|p1a: Forretress|10/100 brn
|move|p1a: Forretress|Spikes|p2a: Grimace
|-sidestart|p2: ADV Warrior Poet|Spikes
|
|-weather|Sandstorm|[upkeep]
|-heal|p2a: Grimace|88/100 tox|[from] item: Leftovers
|-damage|p2a: Grimace|70/100 tox|[from] psn
|-heal|p1a: Forretress|17/100 brn|[from] item: Leftovers
|-damage|p1a: Forretress|4/100 brn|[from] brn
|upkeep
|turn|12
|
|t:|1711945890
|move|p2a: Grimace|Rapid Spin|p1a: Forretress
|-resisted|p1a: Forretress
|-damage|p1a: Forretress|2/100 brn
|-sideend|p2: ADV Warrior Poet|Spikes|[from] move: Rapid Spin|[of] p2a: Grimace
|move|p1a: Forretress|Spikes|p2a: Grimace
|-sidestart|p2: ADV Warrior Poet|Spikes
|
|-weather|Sandstorm|[upkeep]
|-heal|p2a: Grimace|76/100 tox|[from] item: Leftovers
|-damage|p2a: Grimace|51/100 tox|[from] psn
|-heal|p1a: Forretress|8/100 brn|[from] item: Leftovers
|-damage|p1a: Forretress|0 fnt|[from] brn
|faint|p1a: Forretress
|upkeep
|
|t:|1711945902
|switch|p1a: Zapdos|Zapdos|100/100
|turn|13
|
|t:|1711945909
|move|p1a: Zapdos|Hidden Power|p2a: Grimace
|-supereffective|p2a: Grimace
|-damage|p2a: Grimace|0 fnt
|faint|p2a: Grimace
|
|t:|1711945914
|switch|p2a: Hamburger|Tyranitar, M|100/100
|-damage|p2a: Hamburger|88/100|[from] Spikes
|
|-weather|Sandstorm|[upkeep]
|-damage|p1a: Zapdos|94/100|[from] Sandstorm
|-heal|p1a: Zapdos|100/100|[from] item: Leftovers
|upkeep
|turn|14
|
|t:|1711945920
|switch|p1a: Swampert|Swampert, F|100/100
|move|p2a: Hamburger|Dragon Dance|p2a: Hamburger
|-boost|p2a: Hamburger|atk|1
|-boost|p2a: Hamburger|spe|1
|
|-weather|Sandstorm|[upkeep]
|upkeep
|turn|15
|
|t:|1711945928
|move|p2a: Hamburger|Earthquake|p1a: Swampert
|-damage|p1a: Swampert|52/100
|move|p1a: Swampert|Hydro Pump|p2a: Hamburger
|-supereffective|p2a: Hamburger
|-damage|p2a: Hamburger|10/100
|
|-weather|Sandstorm|[upkeep]
|-heal|p1a: Swampert|58/100|[from] item: Leftovers
|upkeep
|turn|16
|
|t:|1711945936
|move|p2a: Hamburger|Hyper Beam|p1a: Swampert
|-damage|p1a: Swampert|0 fnt
|-mustrecharge|p2a: Hamburger
|faint|p1a: Swampert
|
|t:|1711945955
|switch|p1a: Zapdos|Zapdos|100/100
|
|-weather|Sandstorm|[upkeep]
|-damage|p1a: Zapdos|94/100|[from] Sandstorm
|-heal|p1a: Zapdos|100/100|[from] item: Leftovers
|upkeep
|turn|17
|
|t:|1711945960
|cant|p2a: Hamburger|recharge
|move|p1a: Zapdos|Thunderbolt|p2a: Hamburger
|-damage|p2a: Hamburger|0 fnt
|faint|p2a: Hamburger
|
|t:|1711945963
|switch|p2a: Beans 'n Rice|Aerodactyl, M|100/100
|
|-weather|Sandstorm|[upkeep]
|-damage|p1a: Zapdos|94/100|[from] Sandstorm
|-heal|p1a: Zapdos|100/100|[from] item: Leftovers
|upkeep
|turn|18
|
|t:|1711945970
|switch|p1a: Metagross|Metagross, shiny|100/100
|move|p2a: Beans 'n Rice|Earthquake|p1a: Metagross
|-supereffective|p1a: Metagross
|-damage|p1a: Metagross|31/100
|
|-weather|Sandstorm|[upkeep]
|upkeep
|turn|19
|
|t:|1711945979
|switch|p1a: Articuno|Articuno|100/100
|move|p2a: Beans 'n Rice|Earthquake|p1a: Articuno
|-immune|p1a: Articuno
|
|-weather|Sandstorm|[upkeep]
|-damage|p1a: Articuno|94/100|[from] Sandstorm
|-heal|p1a: Articuno|100/100|[from] item: Leftovers
|upkeep
|turn|20
|
|t:|1711945990
|switch|p2a: Hamburger Helper|Skarmory, F|100/100
|move|p1a: Articuno|Ice Beam|p2a: Hamburger Helper
|-damage|p2a: Hamburger Helper|66/100
|
|-weather|Sandstorm|[upkeep]
|-damage|p1a: Articuno|94/100|[from] Sandstorm
|-heal|p1a: Articuno|100/100|[from] item: Leftovers
|-heal|p2a: Hamburger Helper|72/100|[from] item: Leftovers
|upkeep
|turn|21
|
|t:|1711946006
|switch|p1a: Zapdos|Zapdos|100/100
|move|p2a: Hamburger Helper|Spikes|p1a: Zapdos
|-sidestart|p1: Bhol|Spikes
|
|-weather|Sandstorm|[upkeep]
|-damage|p1a: Zapdos|94/100|[from] Sandstorm
|-heal|p1a: Zapdos|100/100|[from] item: Leftovers
|-heal|p2a: Hamburger Helper|78/100|[from] item: Leftovers
|upkeep
|turn|22
|
|t:|1711946013
|switch|p2a: The Roughage|Celebi|85/100
|-damage|p2a: The Roughage|72/100|[from] Spikes
|move|p1a: Zapdos|Thunderbolt|p2a: The Roughage
|-resisted|p2a: The Roughage
|-damage|p2a: The Roughage|52/100
|
|-weather|Sandstorm|[upkeep]
|-damage|p1a: Zapdos|94/100|[from] Sandstorm
|-damage|p2a: The Roughage|46/100|[from] Sandstorm
|-heal|p1a: Zapdos|100/100|[from] item: Leftovers
|-heal|p2a: The Roughage|52/100|[from] item: Leftovers
|upkeep
|turn|23
|
|t:|1711946020
|move|p1a: Zapdos|Drill Peck|p2a: The Roughage
|-supereffective|p2a: The Roughage
|-damage|p2a: The Roughage|18/100
|move|p2a: The Roughage|Leech Seed|p1a: Zapdos
|-start|p1a: Zapdos|move: Leech Seed
|
|-weather|Sandstorm|[upkeep]
|-damage|p1a: Zapdos|94/100|[from] Sandstorm
|-damage|p2a: The Roughage|12/100|[from] Sandstorm
|-heal|p1a: Zapdos|100/100|[from] item: Leftovers
|-damage|p1a: Zapdos|88/100|[from] Leech Seed|[of] p2a: The Roughage
|-heal|p2a: The Roughage|22/100|[silent]
|-heal|p2a: The Roughage|28/100|[from] item: Leftovers
|upkeep
|turn|24
|
|t:|1711946028
|switch|p1a: Metagross|Metagross, shiny|31/100
|-damage|p1a: Metagross|19/100|[from] Spikes
|switch|p2a: Beans 'n Rice|Aerodactyl, M|100/100
|
|-weather|Sandstorm|[upkeep]
|upkeep
|turn|25
|
|t:|1711946044
|move|p2a: Beans 'n Rice|Rock Slide|p1a: Metagross
|-resisted|p1a: Metagross
|-damage|p1a: Metagross|0 fnt
|faint|p1a: Metagross
|
|t:|1711946049
|switch|p1a: Snorlax|Snorlax, M|100/100
|-damage|p1a: Snorlax|88/100|[from] Spikes
|
|-weather|Sandstorm|[upkeep]
|-damage|p1a: Snorlax|82/100|[from] Sandstorm
|-heal|p1a: Snorlax|88/100|[from] item: Leftovers
|upkeep
|turn|26
|
|t:|1711946056
|switch|p2a: The Noid|Banette, F|100/100
|-damage|p2a: The Noid|88/100|[from] Spikes
|move|p1a: Snorlax|Yawn|p2a: The Noid
|-immune|p2a: The Noid|[from] ability: Insomnia
|
|-weather|Sandstorm|[upkeep]
|-damage|p2a: The Noid|82/100|[from] Sandstorm
|-damage|p1a: Snorlax|82/100|[from] Sandstorm
|-heal|p2a: The Noid|88/100|[from] item: Leftovers
|-heal|p1a: Snorlax|88/100|[from] item: Leftovers
|upkeep
|turn|27
|
|t:|1711946065
|switch|p1a: Articuno|Articuno|100/100
|move|p2a: The Noid|Will-O-Wisp|p1a: Articuno|[miss]
|-miss|p2a: The Noid|p1a: Articuno
|
|-weather|Sandstorm|[upkeep]
|-damage|p1a: Articuno|94/100|[from] Sandstorm
|-damage|p2a: The Noid|82/100|[from] Sandstorm
|-heal|p1a: Articuno|100/100|[from] item: Leftovers
|-heal|p2a: The Noid|88/100|[from] item: Leftovers
|upkeep
|turn|28
|
|t:|1711946071
|move|p1a: Articuno|Ice Beam|p2a: The Noid
|-damage|p2a: The Noid|47/100
|move|p2a: The Noid|Knock Off|p1a: Articuno
|-damage|p1a: Articuno|98/100
|-enditem|p1a: Articuno|Leftovers|[from] move: Knock Off|[of] p2a: The Noid
|-hint|In Gens 3-4, Knock Off only makes the target's item unusable; it cannot obtain a new item.
|
|-weather|Sandstorm|[upkeep]
|-damage|p1a: Articuno|92/100|[from] Sandstorm
|-damage|p2a: The Noid|41/100|[from] Sandstorm
|-heal|p2a: The Noid|47/100|[from] item: Leftovers
|upkeep
|turn|29
|
|t:|1711946083
|switch|p2a: The Roughage|Celebi|28/100
|-damage|p2a: The Roughage|15/100|[from] Spikes
|move|p1a: Articuno|Ice Beam|p2a: The Roughage
|-supereffective|p2a: The Roughage
|-damage|p2a: The Roughage|0 fnt
|faint|p2a: The Roughage
|
|t:|1711946085
|switch|p2a: Beans 'n Rice|Aerodactyl, M|100/100
|
|-weather|Sandstorm|[upkeep]
|-damage|p1a: Articuno|86/100|[from] Sandstorm
|upkeep
|turn|30
|
|t:|1711946091
|move|p2a: Beans 'n Rice|Rock Slide|p1a: Articuno
|-supereffective|p1a: Articuno
|-damage|p1a: Articuno|0 fnt
|faint|p1a: Articuno
|
|t:|1711946093
|switch|p1a: Snorlax|Snorlax, M|88/100
|-damage|p1a: Snorlax|76/100|[from] Spikes
|
|-weather|Sandstorm|[upkeep]
|-damage|p1a: Snorlax|70/100|[from] Sandstorm
|-heal|p1a: Snorlax|76/100|[from] item: Leftovers
|upkeep
|turn|31
|
|t:|1711946097
|switch|p2a: The Noid|Banette, F|47/100
|-damage|p2a: The Noid|35/100|[from] Spikes
|move|p1a: Snorlax|Yawn|p2a: The Noid
|-immune|p2a: The Noid|[from] ability: Insomnia
|
|-weather|Sandstorm|[upkeep]
|-damage|p2a: The Noid|29/100|[from] Sandstorm
|-damage|p1a: Snorlax|70/100|[from] Sandstorm
|-heal|p2a: The Noid|35/100|[from] item: Leftovers
|-heal|p1a: Snorlax|76/100|[from] item: Leftovers
|upkeep
|turn|32
|
|t:|1711946103
|switch|p1a: Zapdos|Zapdos|88/100
|move|p2a: The Noid|Will-O-Wisp|p1a: Zapdos
|-status|p1a: Zapdos|brn
|
|-weather|Sandstorm|[upkeep]
|-damage|p1a: Zapdos|82/100 brn|[from] Sandstorm
|-damage|p2a: The Noid|29/100|[from] Sandstorm
|-heal|p1a: Zapdos|88/100 brn|[from] item: Leftovers
|-damage|p1a: Zapdos|76/100 brn|[from] brn
|-heal|p2a: The Noid|35/100|[from] item: Leftovers
|upkeep
|turn|33
|
|t:|1711946108
|switch|p2a: Hamburger Helper|Skarmory, F|78/100
|move|p1a: Zapdos|Thunderbolt|p2a: Hamburger Helper
|-supereffective|p2a: Hamburger Helper
|-damage|p2a: Hamburger Helper|0 fnt
|faint|p2a: Hamburger Helper
|
|t:|1711946112
|switch|p2a: Beans 'n Rice|Aerodactyl, M|100/100
|
|-weather|Sandstorm|[upkeep]
|-damage|p1a: Zapdos|69/100 brn|[from] Sandstorm
|-heal|p1a: Zapdos|76/100 brn|[from] item: Leftovers
|-damage|p1a: Zapdos|63/100 brn|[from] brn
|upkeep
|turn|34
|
|t:|1711946117
|move|p2a: Beans 'n Rice|Rock Slide|p1a: Zapdos
|-supereffective|p1a: Zapdos
|-damage|p1a: Zapdos|0 fnt
|faint|p1a: Zapdos
|
|t:|1711946120
|switch|p1a: Snorlax|Snorlax, M|76/100
|-damage|p1a: Snorlax|63/100|[from] Spikes
|
|-weather|Sandstorm|[upkeep]
|-damage|p1a: Snorlax|57/100|[from] Sandstorm
|-heal|p1a: Snorlax|63/100|[from] item: Leftovers
|upkeep
|turn|35
|
|t:|1711946124
|switch|p2a: The Noid|Banette, F|35/100
|-damage|p2a: The Noid|23/100|[from] Spikes
|move|p1a: Snorlax|Shadow Ball|p2a: The Noid
|-supereffective|p2a: The Noid
|-damage|p2a: The Noid|0 fnt
|faint|p2a: The Noid
|
|t:|1711946127
|switch|p2a: Beans 'n Rice|Aerodactyl, M|100/100
|
|-weather|Sandstorm|[upkeep]
|-damage|p1a: Snorlax|57/100|[from] Sandstorm
|-heal|p1a: Snorlax|63/100|[from] item: Leftovers
|upkeep
|turn|36
|
|t:|1711946140
|move|p2a: Beans 'n Rice|Rock Slide|p1a: Snorlax
|-damage|p1a: Snorlax|21/100
|move|p1a: Snorlax|Shadow Ball|p2a: Beans 'n Rice
|-damage|p2a: Beans 'n Rice|62/100
|
|-weather|Sandstorm|[upkeep]
|-damage|p1a: Snorlax|15/100|[from] Sandstorm
|-heal|p1a: Snorlax|21/100|[from] item: Leftovers
|upkeep
|turn|37
|
|t:|1711946147
|move|p2a: Beans 'n Rice|Rock Slide|p1a: Snorlax|[miss]
|-miss|p2a: Beans 'n Rice|p1a: Snorlax
|move|p1a: Snorlax|Shadow Ball|p2a: Beans 'n Rice
|-damage|p2a: Beans 'n Rice|18/100
|-unboost|p2a: Beans 'n Rice|spd|1
|
|-weather|Sandstorm|[upkeep]
|-damage|p1a: Snorlax|15/100|[from] Sandstorm
|-heal|p1a: Snorlax|21/100|[from] item: Leftovers
|upkeep
|turn|38
|
|t:|1711946154
|move|p2a: Beans 'n Rice|Rock Slide|p1a: Snorlax
|-crit|p1a: Snorlax
|-damage|p1a: Snorlax|0 fnt
|faint|p1a: Snorlax
|
|win|ADV Warrior Poet
|raw|Bhol's rating: 1584 &rarr; <strong>1561</strong><br />(-23 for losing)
|raw|ADV Warrior Poet's rating: 1523 &rarr; <strong>1546</strong><br />(+23 for winning)
|c|☆ADV Warrior Poet|GG!
|c|☆Bhol|gg
