|j|☆Very Orange Cat
|j|☆Relampagos
|t:|1711941621
|gametype|singles
|player|p1|Very Orange Cat|clerkf|1519
|player|p2|Relampagos|psychic-gen4|1403
|teamsize|p1|6
|teamsize|p2|6
|gen|3
|tier|[Gen 3] OU
|rated|
|rule|Sleep Clause Mod: Limit one foe put to sleep
|rule|Switch Priority Clause Mod: Faster Pokémon switch first
|rule|Species Clause: Limit one of each Pokémon
|rule|OHKO Clause: OHKO moves are banned
|rule|Evasion Items Clause: Evasion items are banned
|rule|Evasion Moves Clause: Evasion moves are banned
|rule|Endless Battle Clause: Forcing endless battles is banned
|rule|HP Percentage Mod: HP is shown in percentages
|rule|One Boost Passer Clause: Limit one Baton Passer that has a way to boost its stats
|rule|Freeze Clause Mod: Limit one foe frozen
|
|t:|1711941621
|start
|switch|p1a: Skarmory|Skarmory, M|100/100
|switch|p2a: Zapdos|Zapdos|100/100
|turn|1
|inactive|Battle timer is ON: inactive players will automatically lose when time's up. (requested by Relampagos)
|
|t:|1711941636
|switch|p1a: Venusaur|Venusaur, F|100/100
|move|p2a: Zapdos|Baton Pass|p2a: Zapdos
|j| Dastardlydwarf
|
|t:|1711941654
|switch|p2a: Aerodactyl|Aerodactyl, F|100/100|[from] Baton Pass
|
|upkeep
|turn|2
|j| Tail Glow Zard
|j| aeonfa
|
|t:|1711941669
|switch|p1a: Donphan|Donphan, M|100/100
|move|p2a: Aerodactyl|Hidden Power|p1a: Donphan
|-crit|p1a: Donphan
|-damage|p1a: Donphan|52/100
|
|-heal|p1a: Donphan|58/100|[from] item: Leftovers
|upkeep
|turn|3
|
|t:|1711941682
|switch|p2a: Celebi|Celebi|100/100
|move|p1a: Donphan|Rock Slide|p2a: Celebi
|-crit|p2a: Celebi
|-damage|p2a: Celebi|66/100
|
|-heal|p2a: Celebi|72/100|[from] item: Leftovers
|-heal|p1a: Donphan|65/100|[from] item: Leftovers
|upkeep
|turn|4
|
|t:|1711941701
|switch|p1a: Skarmory|Skarmory, M|100/100
|move|p2a: Celebi|Leech Seed|p1a: Skarmory|[miss]
|-miss|p2a: Celebi|p1a: Skarmory
|
|-heal|p2a: Celebi|78/100|[from] item: Leftovers
|upkeep
|turn|5
|
|t:|1711941704
|move|p2a: Celebi|Baton Pass|p2a: Celebi
|
|t:|1711941706
|switch|p2a: Magneton|Magneton|100/100|[from] Baton Pass
|move|p1a: Skarmory|Spikes|p2a: Magneton
|-sidestart|p2: Relampagos|Spikes
|
|upkeep
|turn|6
|
|t:|1711941712
|move|p2a: Magneton|Thunderbolt|p1a: Skarmory
|-supereffective|p1a: Skarmory
|-damage|p1a: Skarmory|0 fnt
|faint|p1a: Skarmory
|
|t:|1711941728
|switch|p1a: Venusaur|Venusaur, F|100/100
|
|upkeep
|turn|7
|
|t:|1711941742
|move|p2a: Magneton|Thunder Wave|p1a: Venusaur
|-status|p1a: Venusaur|par
|move|p1a: Venusaur|Earthquake|p2a: Magneton
|-supereffective|p2a: Magneton
|-crit|p2a: Magneton
|-damage|p2a: Magneton|0 fnt
|faint|p2a: Magneton
|
|t:|1711941761
|switch|p2a: Metagross|Metagross|100/100
|-damage|p2a: Metagross|88/100|[from] Spikes
|
|upkeep
|turn|8
|
|t:|1711941771
|switch|p1a: Milotic|Milotic, M|100/100
|move|p2a: Metagross|Meteor Mash|p1a: Milotic
|-resisted|p1a: Milotic
|-damage|p1a: Milotic|70/100
|
|-heal|p1a: Milotic|76/100|[from] item: Leftovers
|upkeep
|turn|9
|
|t:|1711941791
|switch|p2a: Zapdos|Zapdos|100/100
|move|p1a: Milotic|Dragon Breath|p2a: Zapdos
|-damage|p2a: Zapdos|85/100
|-status|p2a: Zapdos|par
|
|-heal|p1a: Milotic|82/100|[from] item: Leftovers
|-heal|p2a: Zapdos|91/100 par|[from] item: Leftovers
|upkeep
|turn|10
|
|t:|1711941809
|switch|p1a: Venusaur|Venusaur, F|100/100 par
|move|p2a: Zapdos|Hidden Power|p1a: Venusaur
|-resisted|p1a: Venusaur
|-damage|p1a: Venusaur|97/100 par
|
|-heal|p2a: Zapdos|97/100 par|[from] item: Leftovers
|-heal|p1a: Venusaur|100/100 par|[from] item: Leftovers
|upkeep
|turn|11
|
|t:|1711941822
|move|p2a: Zapdos|Baton Pass|p2a: Zapdos
|
|t:|1711941828
|switch|p2a: Celebi|Celebi|78/100|[from] Baton Pass
|-damage|p2a: Celebi|66/100|[from] Spikes
|move|p1a: Venusaur|Curse|p1a: Venusaur
|-unboost|p1a: Venusaur|spe|1
|-boost|p1a: Venusaur|atk|1
|-boost|p1a: Venusaur|def|1
|
|-heal|p2a: Celebi|72/100|[from] item: Leftovers
|upkeep
|turn|12
|
|t:|1711941836
|move|p2a: Celebi|Baton Pass|p2a: Celebi
|
|t:|1711941845
|switch|p2a: Metagross|Metagross|88/100|[from] Baton Pass
|-damage|p2a: Metagross|76/100|[from] Spikes
|move|p1a: Venusaur|Sludge Bomb|p2a: Metagross
|-immune|p2a: Metagross
|
|upkeep
|turn|13
|
|t:|1711941852
|switch|p1a: Magneton|Magneton|100/100
|move|p2a: Metagross|Explosion|p1a: Magneton
|-resisted|p1a: Magneton
|-damage|p1a: Magneton|0 fnt
|faint|p2a: Metagross
|faint|p1a: Magneton
|
|t:|1711941864
|switch|p1a: Donphan|Donphan, M|65/100
|switch|p2a: Snorlax|Snorlax, F|100/100
|-damage|p2a: Snorlax|88/100|[from] Spikes
|
|-heal|p1a: Donphan|71/100|[from] item: Leftovers
|-heal|p2a: Snorlax|94/100|[from] item: Leftovers
|upkeep
|turn|14
|
|t:|1711941881
|switch|p2a: Zapdos|Zapdos|97/100 par
|move|p1a: Donphan|Earthquake|p2a: Zapdos
|-immune|p2a: Zapdos
|
|-heal|p1a: Donphan|77/100|[from] item: Leftovers
|-heal|p2a: Zapdos|100/100 par|[from] item: Leftovers
|upkeep
|turn|15
|
|t:|1711941888
|switch|p1a: Venusaur|Venusaur, F|100/100 par
|cant|p2a: Zapdos|par
|
|upkeep
|turn|16
|
|t:|1711941901
|move|p2a: Zapdos|Baton Pass|p2a: Zapdos
|
|t:|1711941909
|switch|p2a: Snorlax|Snorlax, F|94/100|[from] Baton Pass
|-damage|p2a: Snorlax|82/100|[from] Spikes
|move|p1a: Venusaur|Curse|p1a: Venusaur
|-unboost|p1a: Venusaur|spe|1
|-boost|p1a: Venusaur|atk|1
|-boost|p1a: Venusaur|def|1
|
|-heal|p2a: Snorlax|88/100|[from] item: Leftovers
|upkeep
|turn|17
|
|t:|1711941913
|move|p2a: Snorlax|Self-Destruct|p1a: Venusaur
|-damage|p1a: Venusaur|0 fnt
|faint|p2a: Snorlax
|faint|p1a: Venusaur
|
|t:|1711941922
|switch|p1a: Donphan|Donphan, M|77/100
|switch|p2a: Celebi|Celebi|72/100
|-damage|p2a: Celebi|59/100|[from] Spikes
|
|-heal|p2a: Celebi|66/100|[from] item: Leftovers
|-heal|p1a: Donphan|83/100|[from] item: Leftovers
|upkeep
|turn|18
|
|t:|1711941929
|switch|p1a: Umbreon|Umbreon, F|100/100
|move|p2a: Celebi|Swords Dance|p2a: Celebi
|-boost|p2a: Celebi|atk|2
|
|-heal|p2a: Celebi|72/100|[from] item: Leftovers
|upkeep
|turn|19
|
|t:|1711941936
|move|p2a: Celebi|Leech Seed|p1a: Umbreon
|-start|p1a: Umbreon|move: Leech Seed
|move|p1a: Umbreon|Toxic|p2a: Celebi
|-status|p2a: Celebi|tox
|
|-heal|p2a: Celebi|78/100 tox|[from] item: Leftovers
|-damage|p2a: Celebi|72/100 tox|[from] psn
|-damage|p1a: Umbreon|88/100|[from] Leech Seed|[of] p2a: Celebi
|-heal|p2a: Celebi|84/100 tox|[silent]
|upkeep
|turn|20
|
|t:|1711941957
|switch|p1a: Donphan|Donphan, M|83/100
|move|p2a: Celebi|Baton Pass|p2a: Celebi
|
|t:|1711941960
|-curestatus|p2a: Celebi|tox|[from] ability: Natural Cure
|switch|p2a: Aerodactyl|Aerodactyl, F|100/100|[from] Baton Pass
|
|-heal|p1a: Donphan|89/100|[from] item: Leftovers
|upkeep
|turn|21
|inactive|Relampagos has 120 seconds left.
|
|t:|1711941997
|move|p2a: Aerodactyl|Hidden Power|p1a: Donphan
|-damage|p1a: Donphan|39/100
|move|p1a: Donphan|Rock Slide|p2a: Aerodactyl
|-supereffective|p2a: Aerodactyl
|-damage|p2a: Aerodactyl|7/100
|
|-enditem|p2a: Aerodactyl|Liechi Berry|[eat]
|-boost|p2a: Aerodactyl|atk|1|[from] item: Liechi Berry
|-heal|p1a: Donphan|45/100|[from] item: Leftovers
|upkeep
|turn|22
|
|t:|1711942009
|move|p2a: Aerodactyl|Hidden Power|p1a: Donphan
|-damage|p1a: Donphan|0 fnt
|faint|p1a: Donphan
|
|t:|1711942012
|switch|p1a: Milotic|Milotic, M|82/100
|
|-heal|p1a: Milotic|88/100|[from] item: Leftovers
|upkeep
|turn|23
|inactive|Relampagos has 120 seconds left.
|
|t:|1711942022
|move|p2a: Aerodactyl|Rock Slide|p1a: Milotic
|-damage|p1a: Milotic|28/100
|move|p1a: Milotic|Surf|p2a: Aerodactyl
|-supereffective|p2a: Aerodactyl
|-damage|p2a: Aerodactyl|0 fnt
|faint|p2a: Aerodactyl
|inactive|Relampagos has 120 seconds left.
|
|t:|1711942028
|switch|p2a: Zapdos|Zapdos|100/100 par
|
|-heal|p1a: Milotic|34/100|[from] item: Leftovers
|upkeep
|turn|24
|
|t:|1711942035
|move|p1a: Milotic|Recover|p1a: Milotic
|-heal|p1a: Milotic|84/100
|move|p2a: Zapdos|Thunderbolt|p1a: Milotic
|-supereffective|p1a: Milotic
|-damage|p1a: Milotic|12/100
|
|-heal|p1a: Milotic|18/100|[from] item: Leftovers
|upkeep
|turn|25
|
|t:|1711942048
|switch|p1a: Umbreon|Umbreon, F|88/100
|move|p2a: Zapdos|Thunderbolt|p1a: Umbreon
|-damage|p1a: Umbreon|58/100
|
|-heal|p1a: Umbreon|64/100|[from] item: Leftovers
|upkeep
|turn|26
|
|t:|1711942059
|move|p1a: Umbreon|Protect|p1a: Umbreon
|-singleturn|p1a: Umbreon|Protect
|move|p2a: Zapdos|Thunderbolt|p1a: Umbreon
|-activate|p1a: Umbreon|Protect
|
|-heal|p1a: Umbreon|70/100|[from] item: Leftovers
|upkeep
|turn|27
|
|t:|1711942067
|move|p1a: Umbreon|Wish|p1a: Umbreon
|move|p2a: Zapdos|Thunderbolt|p1a: Umbreon
|-damage|p1a: Umbreon|41/100
|
|-heal|p1a: Umbreon|47/100|[from] item: Leftovers
|upkeep
|turn|28
|
|t:|1711942070
|move|p1a: Umbreon|Protect|p1a: Umbreon
|-singleturn|p1a: Umbreon|Protect
|move|p2a: Zapdos|Baton Pass|p2a: Zapdos
|
|t:|1711942072
|switch|p2a: Celebi|Celebi|84/100|[from] Baton Pass
|-damage|p2a: Celebi|72/100|[from] Spikes
|
|-heal|p1a: Umbreon|97/100|[from] move: Wish|[wisher] Umbreon
|-heal|p2a: Celebi|78/100|[from] item: Leftovers
|-heal|p1a: Umbreon|100/100|[from] item: Leftovers
|upkeep
|turn|29
|
|t:|1711942077
|switch|p1a: Milotic|Milotic, M|18/100
|move|p2a: Celebi|Leech Seed|p1a: Milotic
|-start|p1a: Milotic|move: Leech Seed
|
|-heal|p2a: Celebi|84/100|[from] item: Leftovers
|-heal|p1a: Milotic|24/100|[from] item: Leftovers
|-damage|p1a: Milotic|11/100|[from] Leech Seed|[of] p2a: Celebi
|-heal|p2a: Celebi|96/100|[silent]
|upkeep
|turn|30
|
|t:|1711942087
|move|p2a: Celebi|Baton Pass|p2a: Celebi
|
|t:|1711942089
|switch|p2a: Zapdos|Zapdos|100/100 par|[from] Baton Pass
|move|p1a: Milotic|Recover|p1a: Milotic
|-heal|p1a: Milotic|61/100
|
|-heal|p1a: Milotic|68/100|[from] item: Leftovers
|-damage|p1a: Milotic|55/100|[from] Leech Seed|[of] p2a: Zapdos
|upkeep
|turn|31
|
|t:|1711942095
|switch|p1a: Umbreon|Umbreon, F|100/100
|cant|p2a: Zapdos|par
|
|upkeep
|turn|32
|
|t:|1711942103
|move|p1a: Umbreon|Pursuit|p2a: Zapdos
|-damage|p2a: Zapdos|87/100 par
|move|p2a: Zapdos|Hidden Power|p1a: Umbreon
|-damage|p1a: Umbreon|87/100
|
|-heal|p1a: Umbreon|93/100|[from] item: Leftovers
|-heal|p2a: Zapdos|94/100 par|[from] item: Leftovers
|upkeep
|turn|33
|
|t:|1711942107
|move|p1a: Umbreon|Pursuit|p2a: Zapdos
|-damage|p2a: Zapdos|80/100 par
|move|p2a: Zapdos|Thunderbolt|p1a: Umbreon
|-damage|p1a: Umbreon|64/100
|
|-heal|p1a: Umbreon|70/100|[from] item: Leftovers
|-heal|p2a: Zapdos|86/100 par|[from] item: Leftovers
|upkeep
|turn|34
|
|t:|1711942116
|move|p1a: Umbreon|Wish|p1a: Umbreon
|move|p2a: Zapdos|Thunderbolt|p1a: Umbreon
|-damage|p1a: Umbreon|42/100
|
|-heal|p1a: Umbreon|48/100|[from] item: Leftovers
|-heal|p2a: Zapdos|92/100 par|[from] item: Leftovers
|upkeep
|turn|35
|
|t:|1711942122
|move|p1a: Umbreon|Protect|p1a: Umbreon
|-singleturn|p1a: Umbreon|Protect
|move|p2a: Zapdos|Substitute|p2a: Zapdos
|-start|p2a: Zapdos|Substitute
|-damage|p2a: Zapdos|67/100 par
|
|-heal|p1a: Umbreon|98/100|[from] move: Wish|[wisher] Umbreon
|-heal|p1a: Umbreon|100/100|[from] item: Leftovers
|-heal|p2a: Zapdos|73/100 par|[from] item: Leftovers
|upkeep
|turn|36
|
|t:|1711942126
|move|p1a: Umbreon|Pursuit|p2a: Zapdos
|-activate|p2a: Zapdos|Substitute|[damage]
|move|p2a: Zapdos|Thunderbolt|p1a: Umbreon
|-damage|p1a: Umbreon|69/100
|
|-heal|p1a: Umbreon|75/100|[from] item: Leftovers
|-heal|p2a: Zapdos|80/100 par|[from] item: Leftovers
|upkeep
|turn|37
|
|t:|1711942132
|move|p1a: Umbreon|Wish|p1a: Umbreon
|cant|p2a: Zapdos|par
|
|-heal|p1a: Umbreon|81/100|[from] item: Leftovers
|-heal|p2a: Zapdos|86/100 par|[from] item: Leftovers
|upkeep
|turn|38
|
|t:|1711942135
|move|p1a: Umbreon|Pursuit|p2a: Zapdos
|-end|p2a: Zapdos|Substitute
|move|p2a: Zapdos|Hidden Power|p1a: Umbreon
|-damage|p1a: Umbreon|68/100
|
|-heal|p1a: Umbreon|100/100|[from] move: Wish|[wisher] Umbreon
|-heal|p2a: Zapdos|92/100 par|[from] item: Leftovers
|upkeep
|turn|39
|
|t:|1711942140
|move|p1a: Umbreon|Pursuit|p2a: Zapdos
|-damage|p2a: Zapdos|80/100 par
|move|p2a: Zapdos|Substitute|p2a: Zapdos
|-start|p2a: Zapdos|Substitute
|-damage|p2a: Zapdos|55/100 par
|
|-heal|p2a: Zapdos|61/100 par|[from] item: Leftovers
|upkeep
|turn|40
|
|t:|1711942145
|move|p1a: Umbreon|Pursuit|p2a: Zapdos
|-activate|p2a: Zapdos|Substitute|[damage]
|cant|p2a: Zapdos|par
|
|-heal|p2a: Zapdos|67/100 par|[from] item: Leftovers
|upkeep
|turn|41
|
|t:|1711942151
|move|p1a: Umbreon|Pursuit|p2a: Zapdos
|-end|p2a: Zapdos|Substitute
|move|p2a: Zapdos|Thunderbolt|p1a: Umbreon
|-crit|p1a: Umbreon
|-damage|p1a: Umbreon|40/100
|
|-heal|p1a: Umbreon|46/100|[from] item: Leftovers
|-heal|p2a: Zapdos|73/100 par|[from] item: Leftovers
|upkeep
|turn|42
|
|t:|1711942159
|move|p1a: Umbreon|Wish|p1a: Umbreon
|move|p2a: Zapdos|Substitute|p2a: Zapdos
|-start|p2a: Zapdos|Substitute
|-damage|p2a: Zapdos|49/100 par
|
|-heal|p1a: Umbreon|52/100|[from] item: Leftovers
|-heal|p2a: Zapdos|55/100 par|[from] item: Leftovers
|upkeep
|turn|43
|
|t:|1711942165
|move|p1a: Umbreon|Protect|p1a: Umbreon
|-singleturn|p1a: Umbreon|Protect
|move|p2a: Zapdos|Hidden Power|p1a: Umbreon
|-activate|p1a: Umbreon|Protect
|
|-heal|p1a: Umbreon|100/100|[from] move: Wish|[wisher] Umbreon
|-heal|p2a: Zapdos|61/100 par|[from] item: Leftovers
|upkeep
|turn|44
|
|t:|1711942169
|move|p1a: Umbreon|Pursuit|p2a: Zapdos
|-activate|p2a: Zapdos|Substitute|[damage]
|move|p2a: Zapdos|Thunderbolt|p1a: Umbreon
|-damage|p1a: Umbreon|71/100
|-status|p1a: Umbreon|par
|
|-heal|p2a: Zapdos|67/100 par|[from] item: Leftovers
|-heal|p1a: Umbreon|77/100 par|[from] item: Leftovers
|upkeep
|turn|45
|
|t:|1711942179
|cant|p2a: Zapdos|par
|move|p1a: Umbreon|Wish|p1a: Umbreon
|
|-heal|p2a: Zapdos|73/100 par|[from] item: Leftovers
|-heal|p1a: Umbreon|83/100 par|[from] item: Leftovers
|upkeep
|turn|46
|
|t:|1711942185
|move|p2a: Zapdos|Hidden Power|p1a: Umbreon
|-damage|p1a: Umbreon|68/100 par
|move|p1a: Umbreon|Pursuit|p2a: Zapdos
|-end|p2a: Zapdos|Substitute
|
|-heal|p1a: Umbreon|100/100 par|[from] move: Wish|[wisher] Umbreon
|-heal|p2a: Zapdos|80/100 par|[from] item: Leftovers
|upkeep
|turn|47
|l| Dastardlydwarf
|
|t:|1711942195
|move|p2a: Zapdos|Substitute|p2a: Zapdos
|-start|p2a: Zapdos|Substitute
|-damage|p2a: Zapdos|55/100 par
|cant|p1a: Umbreon|par
|
|-heal|p2a: Zapdos|61/100 par|[from] item: Leftovers
|upkeep
|turn|48
|
|t:|1711942201
|move|p2a: Zapdos|Hidden Power|p1a: Umbreon
|-damage|p1a: Umbreon|86/100 par
|move|p1a: Umbreon|Pursuit|p2a: Zapdos
|-activate|p2a: Zapdos|Substitute|[damage]
|
|-heal|p2a: Zapdos|67/100 par|[from] item: Leftovers
|-heal|p1a: Umbreon|92/100 par|[from] item: Leftovers
|upkeep
|turn|49
|
|t:|1711942207
|move|p2a: Zapdos|Hidden Power|p1a: Umbreon
|-crit|p1a: Umbreon
|-damage|p1a: Umbreon|62/100 par
|cant|p1a: Umbreon|par
|
|-heal|p2a: Zapdos|73/100 par|[from] item: Leftovers
|-heal|p1a: Umbreon|68/100 par|[from] item: Leftovers
|upkeep
|turn|50
|
|t:|1711942209
|move|p2a: Zapdos|Hidden Power|p1a: Umbreon
|-damage|p1a: Umbreon|55/100 par
|move|p1a: Umbreon|Wish|p1a: Umbreon
|
|-heal|p2a: Zapdos|80/100 par|[from] item: Leftovers
|-heal|p1a: Umbreon|61/100 par|[from] item: Leftovers
|upkeep
|turn|51
|j| Dastardlydwarf
|
|t:|1711942214
|move|p2a: Zapdos|Hidden Power|p1a: Umbreon
|-damage|p1a: Umbreon|47/100 par
|move|p1a: Umbreon|Pursuit|p2a: Zapdos
|-activate|p2a: Zapdos|Substitute|[damage]
|
|-heal|p1a: Umbreon|97/100 par|[from] move: Wish|[wisher] Umbreon
|-heal|p2a: Zapdos|86/100 par|[from] item: Leftovers
|-heal|p1a: Umbreon|100/100 par|[from] item: Leftovers
|upkeep
|turn|52
|
|t:|1711942218
|move|p2a: Zapdos|Hidden Power|p1a: Umbreon
|-damage|p1a: Umbreon|86/100 par
|move|p1a: Umbreon|Pursuit|p2a: Zapdos
|-crit|p2a: Zapdos
|-end|p2a: Zapdos|Substitute
|
|-heal|p2a: Zapdos|92/100 par|[from] item: Leftovers
|-heal|p1a: Umbreon|92/100 par|[from] item: Leftovers
|upkeep
|turn|53
|
|t:|1711942221
|move|p2a: Zapdos|Hidden Power|p1a: Umbreon
|-damage|p1a: Umbreon|79/100 par
|move|p1a: Umbreon|Pursuit|p2a: Zapdos
|-damage|p2a: Zapdos|78/100 par
|
|-heal|p2a: Zapdos|85/100 par|[from] item: Leftovers
|-heal|p1a: Umbreon|85/100 par|[from] item: Leftovers
|upkeep
|turn|54
|
|t:|1711942231
|move|p2a: Zapdos|Hidden Power|p1a: Umbreon
|-damage|p1a: Umbreon|72/100 par
|move|p1a: Umbreon|Pursuit|p2a: Zapdos
|-crit|p2a: Zapdos
|-damage|p2a: Zapdos|59/100 par
|
|-heal|p2a: Zapdos|65/100 par|[from] item: Leftovers
|-heal|p1a: Umbreon|78/100 par|[from] item: Leftovers
|upkeep
|turn|55
|
|t:|1711942241
|cant|p2a: Zapdos|par
|move|p1a: Umbreon|Pursuit|p2a: Zapdos
|-damage|p2a: Zapdos|53/100 par
|
|-heal|p2a: Zapdos|59/100 par|[from] item: Leftovers
|-heal|p1a: Umbreon|84/100 par|[from] item: Leftovers
|upkeep
|turn|56
|
|t:|1711942244
|move|p2a: Zapdos|Thunderbolt|p1a: Umbreon
|-damage|p1a: Umbreon|53/100 par
|move|p1a: Umbreon|Pursuit|p2a: Zapdos
|-damage|p2a: Zapdos|47/100 par
|
|-heal|p2a: Zapdos|53/100 par|[from] item: Leftovers
|-heal|p1a: Umbreon|59/100 par|[from] item: Leftovers
|upkeep
|turn|57
|
|t:|1711942253
|cant|p2a: Zapdos|par
|move|p1a: Umbreon|Wish|p1a: Umbreon
|
|-heal|p2a: Zapdos|59/100 par|[from] item: Leftovers
|-heal|p1a: Umbreon|65/100 par|[from] item: Leftovers
|upkeep
|turn|58
|
|t:|1711942258
|cant|p2a: Zapdos|par
|move|p1a: Umbreon|Toxic||[still]
|-fail|p1a: Umbreon
|
|-heal|p1a: Umbreon|100/100 par|[from] move: Wish|[wisher] Umbreon
|-heal|p2a: Zapdos|65/100 par|[from] item: Leftovers
|upkeep
|turn|59
|
|t:|1711942261
|move|p2a: Zapdos|Substitute|p2a: Zapdos
|-start|p2a: Zapdos|Substitute
|-damage|p2a: Zapdos|41/100 par
|cant|p1a: Umbreon|par
|
|-heal|p2a: Zapdos|47/100 par|[from] item: Leftovers
|upkeep
|turn|60
|l| aeonfa
|
|t:|1711942269
|move|p2a: Zapdos|Hidden Power|p1a: Umbreon
|-damage|p1a: Umbreon|87/100 par
|move|p1a: Umbreon|Toxic||[still]
|-fail|p1a: Umbreon
|
|-heal|p2a: Zapdos|53/100 par|[from] item: Leftovers
|-heal|p1a: Umbreon|93/100 par|[from] item: Leftovers
|upkeep
|turn|61
|
|t:|1711942272
|switch|p1a: Milotic|Milotic, M|55/100
|move|p2a: Zapdos|Hidden Power|p1a: Milotic
|-supereffective|p1a: Milotic
|-damage|p1a: Milotic|23/100
|
|-heal|p1a: Milotic|29/100|[from] item: Leftovers
|-heal|p2a: Zapdos|59/100 par|[from] item: Leftovers
|upkeep
|turn|62
|
|t:|1711942278
|move|p1a: Milotic|Recover|p1a: Milotic
|-heal|p1a: Milotic|79/100
|move|p2a: Zapdos|Thunderbolt|p1a: Milotic
|-supereffective|p1a: Milotic
|-damage|p1a: Milotic|5/100
|
|-heal|p1a: Milotic|11/100|[from] item: Leftovers
|-heal|p2a: Zapdos|65/100 par|[from] item: Leftovers
|upkeep
|turn|63
|
|t:|1711942285
|switch|p1a: Umbreon|Umbreon, F|93/100 par
|move|p2a: Zapdos|Thunderbolt|p1a: Umbreon
|-damage|p1a: Umbreon|66/100 par
|
|-heal|p2a: Zapdos|72/100 par|[from] item: Leftovers
|-heal|p1a: Umbreon|72/100 par|[from] item: Leftovers
|upkeep
|turn|64
|
|t:|1711942290
|move|p2a: Zapdos|Hidden Power|p1a: Umbreon
|-damage|p1a: Umbreon|59/100 par
|cant|p1a: Umbreon|par
|
|-heal|p2a: Zapdos|78/100 par|[from] item: Leftovers
|-heal|p1a: Umbreon|65/100 par|[from] item: Leftovers
|upkeep
|turn|65
|l| Dastardlydwarf
|
|t:|1711942297
|cant|p2a: Zapdos|par
|move|p1a: Umbreon|Toxic||[still]
|-fail|p1a: Umbreon
|
|-heal|p2a: Zapdos|84/100 par|[from] item: Leftovers
|-heal|p1a: Umbreon|71/100 par|[from] item: Leftovers
|upkeep
|turn|66
|
|t:|1711942301
|move|p2a: Zapdos|Baton Pass|p2a: Zapdos
|
|t:|1711942302
|switch|p2a: Celebi|Celebi|96/100|[from] Baton Pass
|-damage|p2a: Celebi|84/100|[from] Spikes
|move|p1a: Umbreon|Wish|p1a: Umbreon
|
|-heal|p2a: Celebi|90/100|[from] item: Leftovers
|-heal|p1a: Umbreon|77/100 par|[from] item: Leftovers
|upkeep
|turn|67
|
|t:|1711942305
|switch|p1a: Milotic|Milotic, M|11/100
|move|p2a: Celebi|Leech Seed|p1a: Milotic
|-start|p1a: Milotic|move: Leech Seed
|
|-heal|p1a: Milotic|61/100|[from] move: Wish|[wisher] Umbreon
|-heal|p2a: Celebi|96/100|[from] item: Leftovers
|-heal|p1a: Milotic|67/100|[from] item: Leftovers
|-damage|p1a: Milotic|55/100|[from] Leech Seed|[of] p2a: Celebi
|-heal|p2a: Celebi|100/100|[silent]
|upkeep
|turn|68
|
|t:|1711942312
|move|p2a: Celebi|Swords Dance|p2a: Celebi
|-boost|p2a: Celebi|atk|2
|move|p1a: Milotic|Recover|p1a: Milotic
|-heal|p1a: Milotic|100/100
|
|-damage|p1a: Milotic|88/100|[from] Leech Seed|[of] p2a: Celebi
|upkeep
|turn|69
|
|t:|1711942316
|switch|p1a: Umbreon|Umbreon, F|77/100 par
|move|p2a: Celebi|Swords Dance|p2a: Celebi
|-boost|p2a: Celebi|atk|2
|
|-heal|p1a: Umbreon|83/100 par|[from] item: Leftovers
|upkeep
|turn|70
|
|t:|1711942320
|switch|p1a: Milotic|Milotic, M|88/100
|move|p2a: Celebi|Swords Dance|p2a: Celebi
|-boost|p2a: Celebi|atk|2
|
|-heal|p1a: Milotic|94/100|[from] item: Leftovers
|upkeep
|turn|71
|
|t:|1711942326
|switch|p1a: Umbreon|Umbreon, F|83/100 par
|move|p2a: Celebi|Leech Seed|p1a: Umbreon|[miss]
|-miss|p2a: Celebi|p1a: Umbreon
|
|-heal|p1a: Umbreon|89/100 par|[from] item: Leftovers
|upkeep
|turn|72
|
|t:|1711942329
|switch|p1a: Milotic|Milotic, M|94/100
|move|p2a: Celebi|Baton Pass|p2a: Celebi
|
|t:|1711942331
|switch|p2a: Zapdos|Zapdos|84/100 par|[from] Baton Pass
|
|-heal|p1a: Milotic|99/100|[from] item: Leftovers
|-heal|p2a: Zapdos|90/100 par|[from] item: Leftovers
|upkeep
|turn|73
|
|t:|1711942336
|move|p1a: Milotic|Surf|p2a: Zapdos
|-end|p2a: Zapdos|Substitute
|move|p2a: Zapdos|Hidden Power|p1a: Milotic
|-supereffective|p1a: Milotic
|-damage|p1a: Milotic|64/100
|
|-heal|p1a: Milotic|71/100|[from] item: Leftovers
|-heal|p2a: Zapdos|96/100 par|[from] item: Leftovers
|upkeep
|turn|74
|
|t:|1711942360
|move|p1a: Milotic|Recover|p1a: Milotic
|-heal|p1a: Milotic|100/100
|move|p2a: Zapdos|Substitute|p2a: Zapdos
|-start|p2a: Zapdos|Substitute
|-damage|p2a: Zapdos|72/100 par
|
|-heal|p2a: Zapdos|78/100 par|[from] item: Leftovers
|upkeep
|turn|75
|
|t:|1711942366
|move|p1a: Milotic|Surf|p2a: Zapdos
|-end|p2a: Zapdos|Substitute
|move|p2a: Zapdos|Thunderbolt|p1a: Milotic
|-supereffective|p1a: Milotic
|-damage|p1a: Milotic|32/100
|-status|p1a: Milotic|par
|
|-heal|p2a: Zapdos|84/100 par|[from] item: Leftovers
|-heal|p1a: Milotic|38/100 par|[from] item: Leftovers
|upkeep
|turn|76
|
|t:|1711942385
|switch|p1a: Umbreon|Umbreon, F|89/100 par
|move|p2a: Zapdos|Thunderbolt|p1a: Umbreon
|-damage|p1a: Umbreon|59/100 par
|
|-heal|p2a: Zapdos|90/100 par|[from] item: Leftovers
|-heal|p1a: Umbreon|65/100 par|[from] item: Leftovers
|upkeep
|turn|77
|
|t:|1711942390
|switch|p2a: Celebi|Celebi|100/100
|-damage|p2a: Celebi|88/100|[from] Spikes
|move|p1a: Umbreon|Wish|p1a: Umbreon
|
|-heal|p2a: Celebi|94/100|[from] item: Leftovers
|-heal|p1a: Umbreon|71/100 par|[from] item: Leftovers
|upkeep
|turn|78
|
|t:|1711942393
|switch|p1a: Milotic|Milotic, M|38/100 par
|move|p2a: Celebi|Leech Seed|p1a: Milotic
|-start|p1a: Milotic|move: Leech Seed
|
|-heal|p1a: Milotic|88/100 par|[from] move: Wish|[wisher] Umbreon
|-heal|p2a: Celebi|100/100|[from] item: Leftovers
|-heal|p1a: Milotic|94/100 par|[from] item: Leftovers
|-damage|p1a: Milotic|82/100 par|[from] Leech Seed|[of] p2a: Celebi
|upkeep
|turn|79
|
|t:|1711942399
|switch|p1a: Umbreon|Umbreon, F|71/100 par
|move|p2a: Celebi|Baton Pass|p2a: Celebi
|
|t:|1711942401
|switch|p2a: Zapdos|Zapdos|90/100 par|[from] Baton Pass
|
|-heal|p2a: Zapdos|96/100 par|[from] item: Leftovers
|-heal|p1a: Umbreon|77/100 par|[from] item: Leftovers
|upkeep
|turn|80
|
|t:|1711942405
|move|p2a: Zapdos|Hidden Power|p1a: Umbreon
|-damage|p1a: Umbreon|63/100 par
|cant|p1a: Umbreon|par
|
|-heal|p2a: Zapdos|100/100 par|[from] item: Leftovers
|-heal|p1a: Umbreon|69/100 par|[from] item: Leftovers
|upkeep
|turn|81
|
|t:|1711942412
|cant|p2a: Zapdos|par
|move|p1a: Umbreon|Toxic||[still]
|-fail|p1a: Umbreon
|
|-heal|p1a: Umbreon|75/100 par|[from] item: Leftovers
|upkeep
|turn|82
|
|t:|1711942415
|move|p2a: Zapdos|Substitute|p2a: Zapdos
|-start|p2a: Zapdos|Substitute
|-damage|p2a: Zapdos|76/100 par
|move|p1a: Umbreon|Wish|p1a: Umbreon
|
|-heal|p2a: Zapdos|82/100 par|[from] item: Leftovers
|-heal|p1a: Umbreon|81/100 par|[from] item: Leftovers
|upkeep
|turn|83
|
|t:|1711942425
|move|p2a: Zapdos|Substitute|p2a: Zapdos
|-fail|p2a: Zapdos|move: Substitute
|move|p1a: Umbreon|Toxic||[still]
|-fail|p1a: Umbreon
|
|-heal|p1a: Umbreon|100/100 par|[from] move: Wish|[wisher] Umbreon
|-heal|p2a: Zapdos|88/100 par|[from] item: Leftovers
|upkeep
|turn|84
|
|t:|1711942432
|move|p2a: Zapdos|Baton Pass|p2a: Zapdos
|
|t:|1711942433
|switch|p2a: Celebi|Celebi|100/100|[from] Baton Pass
|-damage|p2a: Celebi|88/100|[from] Spikes
|move|p1a: Umbreon|Toxic|p2a: Celebi|[miss]
|-miss|p1a: Umbreon|p2a: Celebi
|
|-heal|p2a: Celebi|94/100|[from] item: Leftovers
|upkeep
|turn|85
|
|t:|1711942440
|switch|p1a: Milotic|Milotic, M|82/100 par
|move|p2a: Celebi|Baton Pass|p2a: Celebi
|
|t:|1711942442
|switch|p2a: Zapdos|Zapdos|88/100 par|[from] Baton Pass
|
|-heal|p2a: Zapdos|94/100 par|[from] item: Leftovers
|-heal|p1a: Milotic|88/100 par|[from] item: Leftovers
|upkeep
|turn|86
|
|t:|1711942447
|switch|p1a: Umbreon|Umbreon, F|100/100 par
|move|p2a: Zapdos|Thunderbolt|p1a: Umbreon
|-damage|p1a: Umbreon|73/100 par
|
|-heal|p2a: Zapdos|100/100 par|[from] item: Leftovers
|-heal|p1a: Umbreon|79/100 par|[from] item: Leftovers
|upkeep
|turn|87
|
|t:|1711942454
|move|p1a: Umbreon|Protect|p1a: Umbreon
|-singleturn|p1a: Umbreon|Protect
|cant|p2a: Zapdos|par
|
|-heal|p1a: Umbreon|85/100 par|[from] item: Leftovers
|upkeep
|turn|88
|
|t:|1711942458
|switch|p2a: Celebi|Celebi|94/100
|-damage|p2a: Celebi|82/100|[from] Spikes
|move|p1a: Umbreon|Protect||[still]
|-fail|p1a: Umbreon
|
|-heal|p2a: Celebi|88/100|[from] item: Leftovers
|-heal|p1a: Umbreon|91/100 par|[from] item: Leftovers
|upkeep
|turn|89
|
|t:|1711942463
|switch|p1a: Milotic|Milotic, M|88/100 par
|move|p2a: Celebi|Leech Seed|p1a: Milotic
|-start|p1a: Milotic|move: Leech Seed
|
|-heal|p2a: Celebi|94/100|[from] item: Leftovers
|-heal|p1a: Milotic|94/100 par|[from] item: Leftovers
|-damage|p1a: Milotic|81/100 par|[from] Leech Seed|[of] p2a: Celebi
|-heal|p2a: Celebi|100/100|[silent]
|upkeep
|turn|90
|
|t:|1711942467
|switch|p1a: Umbreon|Umbreon, F|91/100 par
|move|p2a: Celebi|Baton Pass|p2a: Celebi
|
|t:|1711942469
|switch|p2a: Zapdos|Zapdos|100/100 par|[from] Baton Pass
|
|-heal|p1a: Umbreon|97/100 par|[from] item: Leftovers
|upkeep
|turn|91
|j| sizzle z
|
|t:|1711942475
|move|p2a: Zapdos|Baton Pass|p2a: Zapdos
|
|t:|1711942476
|switch|p2a: Celebi|Celebi|100/100|[from] Baton Pass
|-damage|p2a: Celebi|88/100|[from] Spikes
|move|p1a: Umbreon|Toxic|p2a: Celebi
|-status|p2a: Celebi|tox
|
|-heal|p2a: Celebi|94/100 tox|[from] item: Leftovers
|-damage|p2a: Celebi|88/100 tox|[from] psn
|-heal|p1a: Umbreon|100/100 par|[from] item: Leftovers
|upkeep
|turn|92
|
|t:|1711942481
|switch|p1a: Milotic|Milotic, M|81/100 par
|move|p2a: Celebi|Baton Pass|p2a: Celebi
|
|t:|1711942483
|-curestatus|p2a: Celebi|tox|[from] ability: Natural Cure
|switch|p2a: Zapdos|Zapdos|100/100 par|[from] Baton Pass
|
|-heal|p1a: Milotic|88/100 par|[from] item: Leftovers
|upkeep
|turn|93
|
|t:|1711942486
|move|p2a: Zapdos|Substitute|p2a: Zapdos
|-start|p2a: Zapdos|Substitute
|-damage|p2a: Zapdos|76/100 par
|cant|p1a: Milotic|par
|
|-heal|p2a: Zapdos|82/100 par|[from] item: Leftovers
|-heal|p1a: Milotic|94/100 par|[from] item: Leftovers
|upkeep
|turn|94
|
|t:|1711942491
|switch|p1a: Umbreon|Umbreon, F|100/100 par
|move|p2a: Zapdos|Baton Pass|p2a: Zapdos
|
|t:|1711942494
|switch|p2a: Celebi|Celebi|88/100|[from] Baton Pass
|-damage|p2a: Celebi|76/100|[from] Spikes
|
|-heal|p2a: Celebi|82/100|[from] item: Leftovers
|upkeep
|turn|95
|
|t:|1711942499
|switch|p1a: Milotic|Milotic, M|94/100 par
|move|p2a: Celebi|Baton Pass|p2a: Celebi
|
|t:|1711942501
|switch|p2a: Zapdos|Zapdos|82/100 par|[from] Baton Pass
|
|-heal|p2a: Zapdos|88/100 par|[from] item: Leftovers
|-heal|p1a: Milotic|99/100 par|[from] item: Leftovers
|upkeep
|turn|96
|
|t:|1711942504
|switch|p1a: Umbreon|Umbreon, F|100/100 par
|move|p2a: Zapdos|Hidden Power|p1a: Umbreon
|-damage|p1a: Umbreon|87/100 par
|
|-heal|p2a: Zapdos|94/100 par|[from] item: Leftovers
|-heal|p1a: Umbreon|93/100 par|[from] item: Leftovers
|upkeep
|turn|97
|
|t:|1711942512
|move|p1a: Umbreon|Protect|p1a: Umbreon
|-singleturn|p1a: Umbreon|Protect
|move|p2a: Zapdos|Substitute|p2a: Zapdos
|-fail|p2a: Zapdos|move: Substitute
|
|-heal|p2a: Zapdos|100/100 par|[from] item: Leftovers
|-heal|p1a: Umbreon|99/100 par|[from] item: Leftovers
|upkeep
|turn|98
|
|t:|1711942521
|switch|p1a: Milotic|Milotic, M|99/100 par
|cant|p2a: Zapdos|par
|
|-heal|p1a: Milotic|100/100 par|[from] item: Leftovers
|upkeep
|turn|99
|
|t:|1711942525
|switch|p1a: Umbreon|Umbreon, F|99/100 par
|move|p2a: Zapdos|Thunderbolt|p1a: Umbreon
|-crit|p1a: Umbreon
|-damage|p1a: Umbreon|40/100 par
|
|-heal|p1a: Umbreon|46/100 par|[from] item: Leftovers
|upkeep
|turn|100
|
|t:|1711942534
|switch|p2a: Celebi|Celebi|82/100
|-damage|p2a: Celebi|69/100|[from] Spikes
|move|p1a: Umbreon|Protect||[still]
|-fail|p1a: Umbreon
|
|-heal|p2a: Celebi|76/100|[from] item: Leftovers
|-heal|p1a: Umbreon|52/100 par|[from] item: Leftovers
|upkeep
|turn|101
|
|t:|1711942543
|move|p1a: Umbreon|Protect|p1a: Umbreon
|-singleturn|p1a: Umbreon|Protect
|move|p2a: Celebi|Leech Seed|p1a: Umbreon|[miss]
|-miss|p2a: Celebi|p1a: Umbreon
|
|-heal|p2a: Celebi|82/100|[from] item: Leftovers
|-heal|p1a: Umbreon|58/100 par|[from] item: Leftovers
|upkeep
|turn|102
|
|t:|1711942548
|switch|p1a: Milotic|Milotic, M|100/100 par
|move|p2a: Celebi|Recover|p2a: Celebi
|-heal|p2a: Celebi|100/100
|
|upkeep
|turn|103
|
|t:|1711942553
|move|p2a: Celebi|Leech Seed|p1a: Milotic
|-start|p1a: Milotic|move: Leech Seed
|move|p1a: Milotic|Dragon Breath|p2a: Celebi
|-damage|p2a: Celebi|89/100
|
|-heal|p2a: Celebi|95/100|[from] item: Leftovers
|-damage|p1a: Milotic|88/100 par|[from] Leech Seed|[of] p2a: Celebi
|-heal|p2a: Celebi|100/100|[silent]
|upkeep
|turn|104
|
|t:|1711942562
|switch|p1a: Umbreon|Umbreon, F|58/100 par
|move|p2a: Celebi|Swords Dance|p2a: Celebi
|-boost|p2a: Celebi|atk|2
|
|-heal|p1a: Umbreon|64/100 par|[from] item: Leftovers
|upkeep
|turn|105
|
|t:|1711942567
|switch|p1a: Milotic|Milotic, M|88/100 par
|move|p2a: Celebi|Swords Dance|p2a: Celebi
|-boost|p2a: Celebi|atk|2
|
|-heal|p1a: Milotic|94/100 par|[from] item: Leftovers
|upkeep
|turn|106
|
|t:|1711942571
|switch|p1a: Umbreon|Umbreon, F|64/100 par
|move|p2a: Celebi|Leech Seed|p1a: Umbreon|[miss]
|-miss|p2a: Celebi|p1a: Umbreon
|
|-heal|p1a: Umbreon|70/100 par|[from] item: Leftovers
|upkeep
|turn|107
|
|t:|1711942575
|switch|p1a: Milotic|Milotic, M|94/100 par
|move|p2a: Celebi|Baton Pass|p2a: Celebi
|
|t:|1711942577
|switch|p2a: Zapdos|Zapdos|100/100 par|[from] Baton Pass
|
|-heal|p1a: Milotic|99/100 par|[from] item: Leftovers
|upkeep
|turn|108
|
|t:|1711942580
|switch|p1a: Umbreon|Umbreon, F|70/100 par
|move|p2a: Zapdos|Substitute|p2a: Zapdos
|-start|p2a: Zapdos|Substitute
|-damage|p2a: Zapdos|76/100 par
|
|-heal|p2a: Zapdos|82/100 par|[from] item: Leftovers
|-heal|p1a: Umbreon|76/100 par|[from] item: Leftovers
|upkeep
|turn|109
|
|t:|1711942584
|move|p2a: Zapdos|Thunderbolt|p1a: Umbreon
|-damage|p1a: Umbreon|46/100 par
|move|p1a: Umbreon|Toxic||[still]
|-fail|p1a: Umbreon
|
|-heal|p2a: Zapdos|88/100 par|[from] item: Leftovers
|-heal|p1a: Umbreon|52/100 par|[from] item: Leftovers
|upkeep
|turn|110
|
|t:|1711942592
|move|p1a: Umbreon|Protect|p1a: Umbreon
|-singleturn|p1a: Umbreon|Protect
|move|p2a: Zapdos|Substitute|p2a: Zapdos
|-fail|p2a: Zapdos|move: Substitute
|
|-heal|p2a: Zapdos|94/100 par|[from] item: Leftovers
|-heal|p1a: Umbreon|58/100 par|[from] item: Leftovers
|upkeep
|turn|111
|
|t:|1711942597
|move|p2a: Zapdos|Thunderbolt|p1a: Umbreon
|-damage|p1a: Umbreon|31/100 par
|cant|p1a: Umbreon|par
|
|-heal|p2a: Zapdos|100/100 par|[from] item: Leftovers
|-heal|p1a: Umbreon|37/100 par|[from] item: Leftovers
|upkeep
|turn|112
|
|t:|1711942603
|move|p1a: Umbreon|Protect|p1a: Umbreon
|-singleturn|p1a: Umbreon|Protect
|cant|p2a: Zapdos|par
|
|-heal|p1a: Umbreon|43/100 par|[from] item: Leftovers
|upkeep
|turn|113
|
|t:|1711942606
|move|p2a: Zapdos|Hidden Power|p1a: Umbreon
|-damage|p1a: Umbreon|28/100 par
|move|p1a: Umbreon|Wish|p1a: Umbreon
|
|-heal|p1a: Umbreon|35/100 par|[from] item: Leftovers
|upkeep
|turn|114
|
|t:|1711942615
|cant|p1a: Umbreon|par
|cant|p2a: Zapdos|par
|
|-heal|p1a: Umbreon|85/100 par|[from] move: Wish|[wisher] Umbreon
|-heal|p1a: Umbreon|91/100 par|[from] item: Leftovers
|upkeep
|turn|115
|
|t:|1711942622
|switch|p1a: Milotic|Milotic, M|99/100 par
|move|p2a: Zapdos|Hidden Power|p1a: Milotic
|-supereffective|p1a: Milotic
|-damage|p1a: Milotic|64/100 par
|
|-heal|p1a: Milotic|71/100 par|[from] item: Leftovers
|upkeep
|turn|116
|
|t:|1711942627
|switch|p1a: Umbreon|Umbreon, F|91/100 par
|move|p2a: Zapdos|Baton Pass|p2a: Zapdos
|
|t:|1711942629
|switch|p2a: Celebi|Celebi|100/100|[from] Baton Pass
|-damage|p2a: Celebi|88/100|[from] Spikes
|
|-heal|p2a: Celebi|94/100|[from] item: Leftovers
|-heal|p1a: Umbreon|97/100 par|[from] item: Leftovers
|upkeep
|turn|117
|
|t:|1711942631
|switch|p1a: Milotic|Milotic, M|71/100 par
|move|p2a: Celebi|Swords Dance|p2a: Celebi
|-boost|p2a: Celebi|atk|2
|
|-heal|p2a: Celebi|100/100|[from] item: Leftovers
|-heal|p1a: Milotic|77/100 par|[from] item: Leftovers
|upkeep
|turn|118
|
|t:|1711942636
|move|p2a: Celebi|Leech Seed|p1a: Milotic
|-start|p1a: Milotic|move: Leech Seed
|move|p1a: Milotic|Refresh|p1a: Milotic
|-curestatus|p1a: Milotic|par|[msg]
|
|-heal|p1a: Milotic|83/100|[from] item: Leftovers
|-damage|p1a: Milotic|70/100|[from] Leech Seed|[of] p2a: Celebi
|upkeep
|turn|119
|
|t:|1711942657
|switch|p1a: Umbreon|Umbreon, F|97/100 par
|move|p2a: Celebi|Baton Pass|p2a: Celebi
|
|t:|1711942659
|switch|p2a: Zapdos|Zapdos|100/100 par|[from] Baton Pass
|
|-heal|p1a: Umbreon|100/100 par|[from] item: Leftovers
|upkeep
|turn|120
|
|t:|1711942667
|move|p1a: Umbreon|Protect|p1a: Umbreon
|-singleturn|p1a: Umbreon|Protect
|move|p2a: Zapdos|Substitute|p2a: Zapdos
|-fail|p2a: Zapdos|move: Substitute
|
|upkeep
|turn|121
|
|t:|1711942671
|switch|p1a: Milotic|Milotic, M|70/100
|move|p2a: Zapdos|Substitute|p2a: Zapdos
|-fail|p2a: Zapdos|move: Substitute
|
|-heal|p1a: Milotic|76/100|[from] item: Leftovers
|upkeep
|turn|122
|
|t:|1711942675
|switch|p1a: Umbreon|Umbreon, F|100/100 par
|move|p2a: Zapdos|Thunderbolt|p1a: Umbreon
|-damage|p1a: Umbreon|74/100 par
|
|-heal|p1a: Umbreon|80/100 par|[from] item: Leftovers
|upkeep
|turn|123
|
|t:|1711942683
|move|p1a: Umbreon|Protect|p1a: Umbreon
|-singleturn|p1a: Umbreon|Protect
|move|p2a: Zapdos|Substitute|p2a: Zapdos
|-fail|p2a: Zapdos|move: Substitute
|
|-heal|p1a: Umbreon|86/100 par|[from] item: Leftovers
|upkeep
|turn|124
|
|t:|1711942685
|move|p2a: Zapdos|Substitute|p2a: Zapdos
|-fail|p2a: Zapdos|move: Substitute
|move|p1a: Umbreon|Wish|p1a: Umbreon
|
|-heal|p1a: Umbreon|92/100 par|[from] item: Leftovers
|upkeep
|turn|125
|-message|Relampagos forfeited.
|
|win|Very Orange Cat
|raw|Very Orange Cat's rating: 1519 &rarr; <strong>1533</strong><br />(+14 for winning)
|raw|Relampagos's rating: 1403 &rarr; <strong>1389</strong><br />(-14 for losing)
|l|☆Relampagos
|player|p2|
|l| Tail Glow Zard
