|j|☆VivvyWivvy
|j|☆ADV Warrior Poet
|t:|1711944699
|gametype|singles
|player|p1|VivvyWivvy|dawn-gen4pt|1299
|player|p2|ADV Warrior Poet|musician|1496
|teamsize|p1|6
|teamsize|p2|6
|gen|3
|tier|[Gen 3] OU
|rated|
|rule|Sleep Clause Mod: Limit one foe put to sleep
|rule|Switch Priority Clause Mod: Faster Pokémon switch first
|rule|Species Clause: Limit one of each Pokémon
|rule|OHKO Clause: OHKO moves are banned
|rule|Evasion Items Clause: Evasion items are banned
|rule|Evasion Moves Clause: Evasion moves are banned
|rule|Endless Battle Clause: Forcing endless battles is banned
|rule|HP Percentage Mod: HP is shown in percentages
|rule|One Boost Passer Clause: Limit one Baton Passer that has a way to boost its stats
|rule|Freeze Clause Mod: Limit one foe frozen
|
|t:|1711944699
|start
|switch|p1a: My Main Goal|Glalie, F|100/100
|switch|p2a: Hamburger Helper|Skarmory, M|100/100
|turn|1
|
|t:|1711944719
|switch|p2a: Hamburger|Tyranitar, F|100/100
|-weather|Sandstorm|[from] ability: Sand Stream|[of] p2a: Hamburger
|move|p1a: My Main Goal|Taunt|p2a: Hamburger
|-start|p2a: Hamburger|move: Taunt
|
|-weather|Sandstorm|[upkeep]
|-damage|p1a: My Main Goal|94/100|[from] Sandstorm
|upkeep
|turn|2
|
|t:|1711944722
|switch|p1a: Swampert|Swampert, M|100/100
|move|p2a: Hamburger|Rock Slide|p1a: Swampert
|-resisted|p1a: Swampert
|-damage|p1a: Swampert|77/100
|
|-weather|Sandstorm|[upkeep]
|-end|p2a: Hamburger|move: Taunt|[silent]
|-heal|p1a: Swampert|83/100|[from] item: Leftovers
|upkeep
|turn|3
|
|t:|1711944728
|switch|p2a: The Roughage|Celebi|100/100
|move|p1a: Swampert|Hydro Pump|p2a: The Roughage|[miss]
|-miss|p1a: Swampert|p2a: The Roughage
|
|-weather|Sandstorm|[upkeep]
|-damage|p2a: The Roughage|94/100|[from] Sandstorm
|-heal|p2a: The Roughage|100/100|[from] item: Leftovers
|-heal|p1a: Swampert|90/100|[from] item: Leftovers
|upkeep
|turn|4
|
|t:|1711944732
|switch|p1a: My Main Goal|Glalie, F|94/100
|move|p2a: The Roughage|Swords Dance|p2a: The Roughage
|-boost|p2a: The Roughage|atk|2
|
|-weather|Sandstorm|[upkeep]
|-damage|p1a: My Main Goal|88/100|[from] Sandstorm
|-damage|p2a: The Roughage|94/100|[from] Sandstorm
|-heal|p2a: The Roughage|100/100|[from] item: Leftovers
|upkeep
|turn|5
|
|t:|1711944737
|move|p1a: My Main Goal|Spikes|p2a: The Roughage
|-sidestart|p2: ADV Warrior Poet|Spikes
|move|p2a: The Roughage|Baton Pass|p2a: The Roughage
|
|t:|1711944741
|switch|p2a: Hamburger|Tyranitar, F|100/100|[from] Baton Pass
|-damage|p2a: Hamburger|88/100|[from] Spikes
|
|-weather|Sandstorm|[upkeep]
|-damage|p1a: My Main Goal|82/100|[from] Sandstorm
|upkeep
|turn|6
|
|t:|1711944747
|move|p1a: My Main Goal|Spikes|p2a: Hamburger
|-sidestart|p2: ADV Warrior Poet|Spikes
|move|p2a: Hamburger|Dragon Dance|p2a: Hamburger
|-boost|p2a: Hamburger|atk|1
|-boost|p2a: Hamburger|spe|1
|
|-weather|Sandstorm|[upkeep]
|-damage|p1a: My Main Goal|76/100|[from] Sandstorm
|upkeep
|turn|7
|
|t:|1711944754
|move|p2a: Hamburger|Rock Slide|p1a: My Main Goal
|-supereffective|p1a: My Main Goal
|-damage|p1a: My Main Goal|0 fnt
|faint|p1a: My Main Goal
|
|t:|1711944758
|switch|p1a: Jolteon|Jolteon, M|100/100
|
|-weather|Sandstorm|[upkeep]
|-damage|p1a: Jolteon|95/100|[from] Sandstorm
|-heal|p1a: Jolteon|100/100|[from] item: Leftovers
|upkeep
|turn|8
|
|t:|1711944764
|move|p1a: Jolteon|Thunderbolt|p2a: Hamburger
|-damage|p2a: Hamburger|48/100
|move|p2a: Hamburger|Dragon Dance|p2a: Hamburger
|-boost|p2a: Hamburger|atk|1
|-boost|p2a: Hamburger|spe|1
|
|-weather|Sandstorm|[upkeep]
|-damage|p1a: Jolteon|95/100|[from] Sandstorm
|-heal|p1a: Jolteon|100/100|[from] item: Leftovers
|upkeep
|turn|9
|
|t:|1711944771
|switch|p1a: Gengar|Gengar, F|100/100
|move|p2a: Hamburger|Earthquake|p1a: Gengar
|-immune|p1a: Gengar
|
|-weather|Sandstorm|[upkeep]
|-damage|p1a: Gengar|94/100|[from] Sandstorm
|-heal|p1a: Gengar|100/100|[from] item: Leftovers
|upkeep
|turn|10
|
|t:|1711944774
|move|p2a: Hamburger|Rock Slide|p1a: Gengar
|-damage|p1a: Gengar|0 fnt
|faint|p1a: Gengar
|
|t:|1711944776
|switch|p1a: Swampert|Swampert, M|90/100
|
|-weather|Sandstorm|[upkeep]
|-heal|p1a: Swampert|96/100|[from] item: Leftovers
|upkeep
|turn|11
|
|t:|1711944793
|move|p2a: Hamburger|Hyper Beam|p1a: Swampert
|-damage|p1a: Swampert|0 fnt
|-mustrecharge|p2a: Hamburger
|faint|p1a: Swampert
|
|t:|1711944803
|switch|p1a: Jolteon|Jolteon, M|100/100
|
|-weather|Sandstorm|[upkeep]
|-damage|p1a: Jolteon|95/100|[from] Sandstorm
|-heal|p1a: Jolteon|100/100|[from] item: Leftovers
|upkeep
|turn|12
|
|t:|1711944805
|cant|p2a: Hamburger|recharge
|move|p1a: Jolteon|Roar|p2a: Hamburger
|drag|p2a: Grimace|Donphan, M, shiny|100/100
|-damage|p2a: Grimace|84/100|[from] Spikes
|
|-weather|Sandstorm|[upkeep]
|-damage|p1a: Jolteon|95/100|[from] Sandstorm
|-heal|p1a: Jolteon|100/100|[from] item: Leftovers
|-heal|p2a: Grimace|90/100|[from] item: Leftovers
|upkeep
|turn|13
|
|t:|1711944812
|switch|p1a: Moltres|Moltres|100/100
|move|p2a: Grimace|Rapid Spin|p1a: Moltres
|-damage|p1a: Moltres|93/100
|-sideend|p2: ADV Warrior Poet|Spikes|[from] move: Rapid Spin|[of] p2a: Grimace
|
|-weather|Sandstorm|[upkeep]
|-damage|p1a: Moltres|87/100|[from] Sandstorm
|-heal|p1a: Moltres|93/100|[from] item: Leftovers
|-heal|p2a: Grimace|96/100|[from] item: Leftovers
|upkeep
|turn|14
|
|t:|1711944816
|move|p1a: Moltres|Hidden Power|p2a: Grimace
|-supereffective|p2a: Grimace
|-damage|p2a: Grimace|21/100
|move|p2a: Grimace|Rock Slide|p1a: Moltres
|-supereffective|p1a: Moltres
|-damage|p1a: Moltres|0 fnt
|faint|p1a: Moltres
|
|t:|1711944819
|switch|p1a: Jolteon|Jolteon, M|100/100
|
|-weather|Sandstorm|[upkeep]
|-damage|p1a: Jolteon|95/100|[from] Sandstorm
|-heal|p1a: Jolteon|100/100|[from] item: Leftovers
|-heal|p2a: Grimace|27/100|[from] item: Leftovers
|upkeep
|turn|15
|
|t:|1711944823
|move|p1a: Jolteon|Hidden Power|p2a: Grimace
|-supereffective|p2a: Grimace
|-crit|p2a: Grimace
|-damage|p2a: Grimace|0 fnt
|faint|p2a: Grimace
|
|t:|1711944828
|switch|p2a: Hamburger|Tyranitar, F|48/100
|
|-weather|Sandstorm|[upkeep]
|-damage|p1a: Jolteon|95/100|[from] Sandstorm
|-heal|p1a: Jolteon|100/100|[from] item: Leftovers
|upkeep
|turn|16
|
|t:|1711944832
|move|p1a: Jolteon|Thunderbolt|p2a: Hamburger
|-crit|p2a: Hamburger
|-damage|p2a: Hamburger|0 fnt
|faint|p2a: Hamburger
|
|t:|1711944835
|switch|p2a: The Roughage|Celebi|100/100
|
|-weather|Sandstorm|[upkeep]
|-damage|p1a: Jolteon|95/100|[from] Sandstorm
|-damage|p2a: The Roughage|94/100|[from] Sandstorm
|-heal|p1a: Jolteon|100/100|[from] item: Leftovers
|-heal|p2a: The Roughage|100/100|[from] item: Leftovers
|upkeep
|turn|17
|
|t:|1711944838
|move|p1a: Jolteon|Hidden Power|p2a: The Roughage
|-supereffective|p2a: The Roughage
|-damage|p2a: The Roughage|60/100
|move|p2a: The Roughage|Leech Seed|p1a: Jolteon
|-start|p1a: Jolteon|move: Leech Seed
|
|-weather|Sandstorm|[upkeep]
|-damage|p1a: Jolteon|95/100|[from] Sandstorm
|-damage|p2a: The Roughage|54/100|[from] Sandstorm
|-heal|p1a: Jolteon|100/100|[from] item: Leftovers
|-damage|p1a: Jolteon|88/100|[from] Leech Seed|[of] p2a: The Roughage
|-heal|p2a: The Roughage|62/100|[silent]
|-heal|p2a: The Roughage|68/100|[from] item: Leftovers
|upkeep
|turn|18
|
|t:|1711944843
|move|p1a: Jolteon|Hidden Power|p2a: The Roughage
|-supereffective|p2a: The Roughage
|-damage|p2a: The Roughage|34/100
|move|p2a: The Roughage|Recover|p2a: The Roughage
|-heal|p2a: The Roughage|84/100
|
|-weather|Sandstorm|[upkeep]
|-damage|p1a: Jolteon|82/100|[from] Sandstorm
|-damage|p2a: The Roughage|78/100|[from] Sandstorm
|-heal|p1a: Jolteon|88/100|[from] item: Leftovers
|-damage|p1a: Jolteon|76/100|[from] Leech Seed|[of] p2a: The Roughage
|-heal|p2a: The Roughage|86/100|[silent]
|-heal|p2a: The Roughage|93/100|[from] item: Leftovers
|upkeep
|turn|19
|
|t:|1711944849
|move|p2a: The Roughage|Swords Dance|p2a: The Roughage
|-boost|p2a: The Roughage|atk|2
|move|p1a: Jolteon|Roar|p2a: The Roughage
|drag|p2a: Hamburger Helper|Skarmory, M|100/100
|
|-weather|Sandstorm|[upkeep]
|-damage|p1a: Jolteon|70/100|[from] Sandstorm
|-heal|p1a: Jolteon|76/100|[from] item: Leftovers
|-damage|p1a: Jolteon|64/100|[from] Leech Seed|[of] p2a: Hamburger Helper
|upkeep
|turn|20
|
|t:|1711944854
|switch|p2a: The Roughage|Celebi|93/100
|move|p1a: Jolteon|Thunderbolt|p2a: The Roughage
|-resisted|p2a: The Roughage
|-crit|p2a: The Roughage
|-damage|p2a: The Roughage|57/100
|-status|p2a: The Roughage|par
|
|-weather|Sandstorm|[upkeep]
|-damage|p1a: Jolteon|58/100|[from] Sandstorm
|-damage|p2a: The Roughage|51/100 par|[from] Sandstorm
|-heal|p1a: Jolteon|64/100|[from] item: Leftovers
|-damage|p1a: Jolteon|52/100|[from] Leech Seed|[of] p2a: The Roughage
|-heal|p2a: The Roughage|59/100 par|[silent]
|-heal|p2a: The Roughage|66/100 par|[from] item: Leftovers
|upkeep
|turn|21
|
|t:|1711944857
|switch|p1a: Tyranitar|Tyranitar, F|100/100
|-curestatus|p2a: The Roughage|par|[from] ability: Natural Cure
|switch|p2a: Hamburger Helper|Skarmory, M|100/100
|
|-weather|Sandstorm|[upkeep]
|upkeep
|turn|22
|
|t:|1711944862
|move|p1a: Tyranitar|Dragon Dance|p1a: Tyranitar
|-boost|p1a: Tyranitar|atk|1
|-boost|p1a: Tyranitar|spe|1
|move|p2a: Hamburger Helper|Spikes|p1a: Tyranitar
|-sidestart|p1: VivvyWivvy|Spikes
|
|-weather|Sandstorm|[upkeep]
|upkeep
|turn|23
|
|t:|1711944865
|move|p1a: Tyranitar|Dragon Dance|p1a: Tyranitar
|-boost|p1a: Tyranitar|atk|1
|-boost|p1a: Tyranitar|spe|1
|move|p2a: Hamburger Helper|Roar|p1a: Tyranitar
|drag|p1a: Jolteon|Jolteon, M|52/100
|-damage|p1a: Jolteon|40/100|[from] Spikes
|
|-weather|Sandstorm|[upkeep]
|-damage|p1a: Jolteon|34/100|[from] Sandstorm
|-heal|p1a: Jolteon|40/100|[from] item: Leftovers
|upkeep
|turn|24
|
|t:|1711944872
|switch|p2a: The Roughage|Celebi|66/100
|move|p1a: Jolteon|Thunderbolt|p2a: The Roughage
|-resisted|p2a: The Roughage
|-damage|p2a: The Roughage|46/100
|
|-weather|Sandstorm|[upkeep]
|-damage|p1a: Jolteon|34/100|[from] Sandstorm
|-damage|p2a: The Roughage|39/100|[from] Sandstorm
|-heal|p1a: Jolteon|40/100|[from] item: Leftovers
|-heal|p2a: The Roughage|46/100|[from] item: Leftovers
|upkeep
|turn|25
|
|t:|1711944877
|move|p1a: Jolteon|Hidden Power|p2a: The Roughage
|-supereffective|p2a: The Roughage
|-damage|p2a: The Roughage|8/100
|move|p2a: The Roughage|Recover|p2a: The Roughage
|-heal|p2a: The Roughage|58/100
|
|-weather|Sandstorm|[upkeep]
|-damage|p1a: Jolteon|34/100|[from] Sandstorm
|-damage|p2a: The Roughage|51/100|[from] Sandstorm
|-heal|p1a: Jolteon|40/100|[from] item: Leftovers
|-heal|p2a: The Roughage|58/100|[from] item: Leftovers
|upkeep
|turn|26
|
|t:|1711944880
|move|p1a: Jolteon|Hidden Power|p2a: The Roughage
|-supereffective|p2a: The Roughage
|-damage|p2a: The Roughage|22/100
|move|p2a: The Roughage|Recover|p2a: The Roughage
|-heal|p2a: The Roughage|72/100
|
|-weather|Sandstorm|[upkeep]
|-damage|p1a: Jolteon|34/100|[from] Sandstorm
|-damage|p2a: The Roughage|66/100|[from] Sandstorm
|-heal|p1a: Jolteon|40/100|[from] item: Leftovers
|-heal|p2a: The Roughage|72/100|[from] item: Leftovers
|upkeep
|turn|27
|
|t:|1711944885
|switch|p2a: Hamburger Helper|Skarmory, M|100/100
|move|p1a: Jolteon|Hidden Power|p2a: Hamburger Helper
|-damage|p2a: Hamburger Helper|81/100
|
|-weather|Sandstorm|[upkeep]
|-damage|p1a: Jolteon|34/100|[from] Sandstorm
|-heal|p1a: Jolteon|40/100|[from] item: Leftovers
|-heal|p2a: Hamburger Helper|88/100|[from] item: Leftovers
|upkeep
|turn|28
|
|t:|1711944890
|switch|p2a: The Roughage|Celebi|72/100
|move|p1a: Jolteon|Thunderbolt|p2a: The Roughage
|-resisted|p2a: The Roughage
|-damage|p2a: The Roughage|54/100
|
|-weather|Sandstorm|[upkeep]
|-damage|p1a: Jolteon|34/100|[from] Sandstorm
|-damage|p2a: The Roughage|48/100|[from] Sandstorm
|-heal|p1a: Jolteon|40/100|[from] item: Leftovers
|-heal|p2a: The Roughage|54/100|[from] item: Leftovers
|upkeep
|turn|29
|
|t:|1711944896
|move|p1a: Jolteon|Thunderbolt|p2a: The Roughage
|-resisted|p2a: The Roughage
|-damage|p2a: The Roughage|34/100
|move|p2a: The Roughage|Recover|p2a: The Roughage
|-heal|p2a: The Roughage|84/100
|
|-weather|Sandstorm|[upkeep]
|-damage|p1a: Jolteon|34/100|[from] Sandstorm
|-damage|p2a: The Roughage|78/100|[from] Sandstorm
|-heal|p1a: Jolteon|40/100|[from] item: Leftovers
|-heal|p2a: The Roughage|84/100|[from] item: Leftovers
|upkeep
|turn|30
|
|t:|1711944899
|move|p1a: Jolteon|Hidden Power|p2a: The Roughage
|-supereffective|p2a: The Roughage
|-damage|p2a: The Roughage|47/100
|move|p2a: The Roughage|Leech Seed|p1a: Jolteon
|-start|p1a: Jolteon|move: Leech Seed
|
|-weather|Sandstorm|[upkeep]
|-damage|p1a: Jolteon|34/100|[from] Sandstorm
|-damage|p2a: The Roughage|41/100|[from] Sandstorm
|-heal|p1a: Jolteon|40/100|[from] item: Leftovers
|-damage|p1a: Jolteon|27/100|[from] Leech Seed|[of] p2a: The Roughage
|-heal|p2a: The Roughage|49/100|[silent]
|-heal|p2a: The Roughage|55/100|[from] item: Leftovers
|upkeep
|turn|31
|
|t:|1711944905
|move|p1a: Jolteon|Thunderbolt|p2a: The Roughage
|-resisted|p2a: The Roughage
|-damage|p2a: The Roughage|36/100
|move|p2a: The Roughage|Recover|p2a: The Roughage
|-heal|p2a: The Roughage|86/100
|
|-weather|Sandstorm|[upkeep]
|-damage|p1a: Jolteon|22/100|[from] Sandstorm
|-damage|p2a: The Roughage|79/100|[from] Sandstorm
|-heal|p1a: Jolteon|27/100|[from] item: Leftovers
|-damage|p1a: Jolteon|15/100|[from] Leech Seed|[of] p2a: The Roughage
|-heal|p2a: The Roughage|88/100|[silent]
|-heal|p2a: The Roughage|94/100|[from] item: Leftovers
|upkeep
|turn|32
|
|t:|1711944913
|move|p1a: Jolteon|Hidden Power|p2a: The Roughage
|-supereffective|p2a: The Roughage
|-crit|p2a: The Roughage
|-damage|p2a: The Roughage|23/100
|move|p2a: The Roughage|Recover|p2a: The Roughage
|-heal|p2a: The Roughage|73/100
|
|-weather|Sandstorm|[upkeep]
|-damage|p1a: Jolteon|9/100|[from] Sandstorm
|-damage|p2a: The Roughage|67/100|[from] Sandstorm
|-heal|p1a: Jolteon|15/100|[from] item: Leftovers
|-damage|p1a: Jolteon|3/100|[from] Leech Seed|[of] p2a: The Roughage
|-heal|p2a: The Roughage|75/100|[silent]
|-heal|p2a: The Roughage|81/100|[from] item: Leftovers
|upkeep
|turn|33
|
|t:|1711944916
|move|p1a: Jolteon|Hidden Power|p2a: The Roughage
|-supereffective|p2a: The Roughage
|-damage|p2a: The Roughage|43/100
|move|p2a: The Roughage|Recover|p2a: The Roughage
|-heal|p2a: The Roughage|93/100
|
|-weather|Sandstorm|[upkeep]
|-damage|p1a: Jolteon|0 fnt|[from] Sandstorm
|-damage|p2a: The Roughage|86/100|[from] Sandstorm
|faint|p1a: Jolteon
|-heal|p2a: The Roughage|93/100|[from] item: Leftovers
|upkeep
|
|t:|1711944919
|switch|p1a: Tyranitar|Tyranitar, F|100/100
|-damage|p1a: Tyranitar|88/100|[from] Spikes
|turn|34
|
|t:|1711944924
|move|p2a: The Roughage|Leech Seed|p1a: Tyranitar
|-start|p1a: Tyranitar|move: Leech Seed
|move|p1a: Tyranitar|Dragon Dance|p1a: Tyranitar
|-boost|p1a: Tyranitar|atk|1
|-boost|p1a: Tyranitar|spe|1
|
|-weather|Sandstorm|[upkeep]
|-damage|p2a: The Roughage|86/100|[from] Sandstorm
|-damage|p1a: Tyranitar|76/100|[from] Leech Seed|[of] p2a: The Roughage
|-heal|p2a: The Roughage|97/100|[silent]
|-heal|p2a: The Roughage|100/100|[from] item: Leftovers
|upkeep
|turn|35
|
|t:|1711944927
|move|p1a: Tyranitar|Dragon Dance|p1a: Tyranitar
|-boost|p1a: Tyranitar|atk|1
|-boost|p1a: Tyranitar|spe|1
|move|p2a: The Roughage|Baton Pass|p2a: The Roughage
|
|t:|1711944931
|switch|p2a: Hamburger Helper|Skarmory, M|88/100|[from] Baton Pass
|
|-weather|Sandstorm|[upkeep]
|-damage|p1a: Tyranitar|64/100|[from] Leech Seed|[of] p2a: Hamburger Helper
|-heal|p2a: Hamburger Helper|99/100|[silent]
|-heal|p2a: Hamburger Helper|100/100|[from] item: Leftovers
|upkeep
|turn|36
|
|t:|1711944934
|move|p1a: Tyranitar|Rock Slide|p2a: Hamburger Helper
|-damage|p2a: Hamburger Helper|44/100
|move|p2a: Hamburger Helper|Taunt|p1a: Tyranitar
|-start|p1a: Tyranitar|move: Taunt
|
|-weather|Sandstorm|[upkeep]
|-damage|p1a: Tyranitar|51/100|[from] Leech Seed|[of] p2a: Hamburger Helper
|-heal|p2a: Hamburger Helper|56/100|[silent]
|-heal|p2a: Hamburger Helper|62/100|[from] item: Leftovers
|upkeep
|turn|37
|
|t:|1711944941
|switch|p2a: The Roughage|Celebi|100/100
|move|p1a: Tyranitar|Rock Slide|p2a: The Roughage
|-damage|p2a: The Roughage|45/100
|
|-weather|Sandstorm|[upkeep]
|-damage|p2a: The Roughage|39/100|[from] Sandstorm
|-damage|p1a: Tyranitar|39/100|[from] Leech Seed|[of] p2a: The Roughage
|-heal|p2a: The Roughage|49/100|[silent]
|-end|p1a: Tyranitar|move: Taunt|[silent]
|-heal|p2a: The Roughage|55/100|[from] item: Leftovers
|upkeep
|turn|38
|
|t:|1711944950
|switch|p2a: Hamburger Helper|Skarmory, M|62/100
|move|p1a: Tyranitar|Rock Slide|p2a: Hamburger Helper
|-damage|p2a: Hamburger Helper|4/100
|
|-weather|Sandstorm|[upkeep]
|-damage|p1a: Tyranitar|27/100|[from] Leech Seed|[of] p2a: Hamburger Helper
|-heal|p2a: Hamburger Helper|16/100|[silent]
|-heal|p2a: Hamburger Helper|22/100|[from] item: Leftovers
|upkeep
|turn|39
|
|t:|1711944961
|switch|p2a: The Roughage|Celebi|55/100
|move|p1a: Tyranitar|Dragon Dance|p1a: Tyranitar
|-boost|p1a: Tyranitar|atk|1
|-boost|p1a: Tyranitar|spe|1
|
|-weather|Sandstorm|[upkeep]
|-damage|p2a: The Roughage|49/100|[from] Sandstorm
|-damage|p1a: Tyranitar|14/100|[from] Leech Seed|[of] p2a: The Roughage
|-heal|p2a: The Roughage|60/100|[silent]
|-heal|p2a: The Roughage|66/100|[from] item: Leftovers
|upkeep
|turn|40
|
|t:|1711944966
|move|p1a: Tyranitar|Rock Slide|p2a: The Roughage
|-damage|p2a: The Roughage|0 fnt
|faint|p2a: The Roughage
|
|t:|1711944967
|switch|p2a: The Noid|Banette, F|100/100
|
|-weather|Sandstorm|[upkeep]
|-damage|p2a: The Noid|94/100|[from] Sandstorm
|-damage|p1a: Tyranitar|2/100|[from] Leech Seed|[of] p2a: The Noid
|-heal|p2a: The Noid|100/100|[silent]
|upkeep
|turn|41
|
|t:|1711944969
|move|p1a: Tyranitar|Rock Slide|p2a: The Noid
|-damage|p2a: The Noid|0 fnt
|faint|p2a: The Noid
|
|t:|1711944971
|switch|p2a: Hamburger Helper|Skarmory, M|22/100
|
|-weather|Sandstorm|[upkeep]
|-damage|p1a: Tyranitar|0 fnt|[from] Leech Seed|[of] p2a: Hamburger Helper
|-heal|p2a: Hamburger Helper|24/100|[silent]
|faint|p1a: Tyranitar
|
|win|ADV Warrior Poet
|upkeep
|raw|VivvyWivvy's rating: 1299 &rarr; <strong>1287</strong><br />(-12 for losing)
|raw|ADV Warrior Poet's rating: 1496 &rarr; <strong>1506</strong><br />(+10 for winning)
|c|☆ADV Warrior Poet|GG
|l|☆VivvyWivvy
|player|p1|
