|j|☆strykerpoopoo10
|j|☆StarRipper
|t:|1711946505
|gametype|doubles
|player|p1|strykerpoopoo10|101|1222
|player|p2|StarRipper|brycenman|1241
|teamsize|p1|6
|teamsize|p2|6
|gen|9
|tier|[Gen 9] Doubles OU
|rated|
|rule|Species Clause: Limit one of each Pokémon
|rule|OHKO Clause: OHKO moves are banned
|rule|Evasion Moves Clause: Evasion moves are banned
|rule|Gravity Sleep Clause: The combination of sleep-inducing moves with imperfect accuracy and Gravity or Gigantamax Orbeetle are banned
|rule|Endless Battle Clause: Forcing endless battles is banned
|rule|HP Percentage Mod: HP is shown in percentages
|clearpoke
|poke|p1|Oranguru, M|
|poke|p1|Tsareena, F|
|poke|p1|Forretress, F|
|poke|p1|Araquanid, F|
|poke|p1|Hatterene, F|
|poke|p1|Ogerpon, F|
|poke|p2|Amoonguss, F|
|poke|p2|Cresselia, F|
|poke|p2|Kyurem|
|poke|p2|Ninetales-Alola, F|
|poke|p2|Iron Hands|
|poke|p2|Incineroar, M|
|teampreview
|inactive|Battle timer is ON: inactive players will automatically lose when time's up. (requested by StarRipper)
|
|t:|1711946523
|start
|switch|p1a: Tsareena|Tsareena, F|100/100
|switch|p1b: Oranguru|Oranguru, M|100/100
|switch|p2a: Ninetales|Ninetales-Alola, F|100/100
|switch|p2b: Incineroar|Incineroar, M|100/100
|-weather|Snow|[from] ability: Snow Warning|[of] p2a: Ninetales
|-ability|p2b: Incineroar|Intimidate|boost
|-unboost|p1a: Tsareena|atk|1
|-fail|p1b: Oranguru|unboost|Attack|[from] ability: Inner Focus|[of] p1b: Oranguru
|turn|1
|
|t:|1711946546
|move|p2a: Ninetales|Blizzard|p1b: Oranguru|[spread] p1a,p1b
|-supereffective|p1a: Tsareena
|-crit|p1b: Oranguru
|-damage|p1a: Tsareena|26/100
|-damage|p1b: Oranguru|55/100
|move|p1a: Tsareena|Knock Off|p2b: Incineroar
|-resisted|p2b: Incineroar
|-damage|p2b: Incineroar|87/100
|-enditem|p2b: Incineroar|Assault Vest|[from] move: Knock Off|[of] p1a: Tsareena
|-damage|p1a: Tsareena|16/100|[from] item: Life Orb
|move|p2b: Incineroar|Knock Off|p1b: Oranguru
|-supereffective|p1b: Oranguru
|-damage|p1b: Oranguru|0 fnt
|-enditem|p1b: Oranguru|Mental Herb|[from] move: Knock Off|[of] p2b: Incineroar
|faint|p1b: Oranguru
|
|-weather|Snow|[upkeep]
|upkeep
|inactive|strykerpoopoo10 has 120 seconds left.
|
|t:|1711946562
|switch|p1b: Hatterene|Hatterene, F|100/100
|turn|2
|
|t:|1711946570
|move|p2a: Ninetales|Aurora Veil|p2a: Ninetales
|-sidestart|p2: StarRipper|move: Aurora Veil
|move|p1a: Tsareena|U-turn|p2b: Incineroar
|-damage|p2b: Incineroar|74/100
|-damage|p1a: Tsareena|6/100|[from] item: Life Orb
|
|t:|1711946576
|switch|p1a: Araquanid|Araquanid, F|100/100|[from] U-turn
|move|p2b: Incineroar|Flare Blitz|p1b: Hatterene
|-damage|p1b: Hatterene|29/100
|-damage|p2b: Incineroar|55/100|[from] Recoil
|move|p1b: Hatterene|Trick Room|p1b: Hatterene
|-fieldstart|move: Trick Room|[of] p1b: Hatterene
|
|-weather|Snow|[upkeep]
|-heal|p1b: Hatterene|35/100|[from] item: Leftovers
|upkeep
|turn|3
|
|t:|1711946603
|move|p1b: Hatterene|Expanding Force|p2b: Incineroar
|-immune|p2b: Incineroar
|move|p1a: Araquanid|Waterfall|p2a: Ninetales
|-damage|p2a: Ninetales|59/100
|move|p2b: Incineroar|U-turn|p1b: Hatterene
|-damage|p1b: Hatterene|6/100
|
|t:|1711946612
|switch|p2b: Amoonguss|Amoonguss, F|100/100|[from] U-turn
|move|p2a: Ninetales|Nasty Plot|p2a: Ninetales
|-boost|p2a: Ninetales|spa|2
|
|-weather|Snow|[upkeep]
|-heal|p1b: Hatterene|12/100|[from] item: Leftovers
|upkeep
|turn|4
|
|t:|1711946626
|move|p2b: Amoonguss|Rage Powder|p2b: Amoonguss
|-singleturn|p2b: Amoonguss|move: Rage Powder
|move|p1b: Hatterene|Expanding Force|p2b: Amoonguss
|-supereffective|p2b: Amoonguss
|-damage|p2b: Amoonguss|61/100
|move|p1a: Araquanid|Waterfall|p2b: Amoonguss
|-resisted|p2b: Amoonguss
|-damage|p2b: Amoonguss|41/100
|-damage|p1a: Araquanid|84/100|[from] item: Rocky Helmet|[of] p2b: Amoonguss
|move|p2a: Ninetales|Draining Kiss|p1a: Araquanid
|-damage|p1a: Araquanid|45/100
|-heal|p2a: Ninetales|87/100|[from] drain|[of] p1a: Araquanid
|
|-weather|Snow|[upkeep]
|-heal|p1b: Hatterene|18/100|[from] item: Leftovers
|upkeep
|turn|5
|
|t:|1711946649
|switch|p2b: Incineroar|Incineroar, M|55/100
|-ability|p2b: Incineroar|Intimidate|boost
|-unboost|p1a: Araquanid|atk|1
|-unboost|p1b: Hatterene|atk|1
|move|p1b: Hatterene|Life Dew|p1b: Hatterene|[spread] p1a,p1b
|-heal|p1a: Araquanid|70/100
|-heal|p1b: Hatterene|43/100
|move|p1a: Araquanid|Aqua Ring|p1a: Araquanid
|-start|p1a: Araquanid|Aqua Ring
|move|p2a: Ninetales|Blizzard|p1b: Hatterene|[spread] p1a,p1b
|-resisted|p1a: Araquanid
|-damage|p1a: Araquanid|41/100
|-damage|p1b: Hatterene|0 fnt
|faint|p1b: Hatterene
|
|-weather|Snow|[upkeep]
|-heal|p1a: Araquanid|47/100|[from] Aqua Ring
|upkeep
|
|t:|1711946669
|switch|p1b: Tsareena|Tsareena, F|6/100
|turn|6
|
|t:|1711946685
|switch|p2a: Amoonguss|Amoonguss, F|75/100
|move|p1a: Araquanid|Wide Guard|p1a: Araquanid
|-singleturn|p1a: Araquanid|Wide Guard
|move|p2b: Incineroar|Fake Out||[still]
|cant|p1b: Tsareena|ability: Queenly Majesty|Fake Out|[of] p2b: Incineroar
|move|p1b: Tsareena|Knock Off|p2a: Amoonguss
|-damage|p2a: Amoonguss|44/100
|-damage|p1b: Tsareena|0 fnt|[from] item: Rocky Helmet|[of] p2a: Amoonguss
|faint|p1b: Tsareena
|
|-weather|Snow|[upkeep]
|-heal|p1a: Araquanid|53/100|[from] Aqua Ring
|-sideend|p2: StarRipper|move: Aurora Veil
|-fieldend|move: Trick Room
|upkeep
|
|t:|1711946702
|switch|p1b: Ogerpon|Ogerpon, F|100/100
|turn|7
|
|t:|1711946723
|move|p2a: Amoonguss|Rage Powder|p2a: Amoonguss
|-singleturn|p2a: Amoonguss|move: Rage Powder
|move|p1b: Ogerpon|Swords Dance|p1b: Ogerpon
|-boost|p1b: Ogerpon|atk|2
|move|p2b: Incineroar|Flare Blitz|p1b: Ogerpon
|-supereffective|p1b: Ogerpon
|-damage|p1b: Ogerpon|0 fnt
|faint|p1b: Ogerpon
|-damage|p2b: Incineroar|27/100|[from] Recoil
|move|p1a: Araquanid|Waterfall|p2a: Amoonguss
|-resisted|p2a: Amoonguss
|-damage|p2a: Amoonguss|22/100
|-damage|p1a: Araquanid|37/100|[from] item: Rocky Helmet|[of] p2a: Amoonguss
|
|-weather|Snow|[upkeep]
|-heal|p1a: Araquanid|43/100|[from] Aqua Ring
|upkeep
|
|t:|1711946740
|switch|p1b: Forretress|Forretress, F|100/100
|turn|8
|
|t:|1711946759
|switch|p2a: Iron Hands|Iron Hands|100/100
|-terastallize|p2b: Incineroar|Steel
|-terastallize|p1b: Forretress|Ground
|move|p1a: Araquanid|Wide Guard|p1a: Araquanid
|-singleturn|p1a: Araquanid|Wide Guard
|move|p2b: Incineroar|Flare Blitz|p1b: Forretress
|-damage|p1b: Forretress|61/100
|-damage|p2b: Incineroar|18/100|[from] Recoil
|move|p1b: Forretress|Earthquake|p2a: Iron Hands|[spread] p2a,p2b
|-activate|p1a: Araquanid|move: Wide Guard
|-supereffective|p2a: Iron Hands
|-supereffective|p2b: Incineroar
|-damage|p2a: Iron Hands|72/100
|-damage|p2b: Incineroar|0 fnt
|faint|p2b: Incineroar
|
|-weather|none
|-heal|p1a: Araquanid|49/100|[from] Aqua Ring
|upkeep
|
|t:|1711946781
|switch|p2b: Kyurem|Kyurem|100/100
|-ability|p2b: Kyurem|Pressure
|turn|9
|
|t:|1711946796
|move|p2a: Iron Hands|Fake Out|p1a: Araquanid
|-damage|p1a: Araquanid|33/100
|move|p2b: Kyurem|Draco Meteor|p1b: Forretress
|-damage|p1b: Forretress|0 fnt
|-unboost|p2b: Kyurem|spa|2
|faint|p1b: Forretress
|cant|p1a: Araquanid|flinch
|
|-heal|p1a: Araquanid|39/100|[from] Aqua Ring
|upkeep
|turn|10
|
|t:|1711946810
|move|p2b: Kyurem|Draco Meteor|p1a: Araquanid
|-damage|p1a: Araquanid|0 fnt
|-unboost|p2b: Kyurem|spa|2
|faint|p1a: Araquanid
|
|win|StarRipper
|raw|strykerpoopoo10's rating: 1222 &rarr; <strong>1198</strong><br />(-24 for losing)
|raw|StarRipper's rating: 1241 &rarr; <strong>1265</strong><br />(+24 for winning)
|c|☆strykerpoopoo10|Gg
|c|☆StarRipper|gg
|l|☆strykerpoopoo10
|player|p1|
|l|☆StarRipper
|player|p2|
