|j|☆sf\dvzd
|j|☆test4kion54
|t:|1711946210
|gametype|doubles
|player|p1|sf\dvzd|169|1155
|player|p2|test4kion54|102|1231
|teamsize|p1|6
|teamsize|p2|6
|gen|9
|tier|[Gen 9] Doubles OU
|rated|
|rule|Species Clause: Limit one of each Pokémon
|rule|OHKO Clause: OHKO moves are banned
|rule|Evasion Moves Clause: Evasion moves are banned
|rule|Gravity Sleep Clause: The combination of sleep-inducing moves with imperfect accuracy and Gravity or Gigantamax Orbeetle are banned
|rule|Endless Battle Clause: Forcing endless battles is banned
|rule|HP Percentage Mod: HP is shown in percentages
|clearpoke
|poke|p1|Brambleghast, F|
|poke|p1|Oricorio-Sensu, M|
|poke|p1|Cetitan, F|
|poke|p1|Flamigo, F|
|poke|p1|Veluza, F|
|poke|p1|Klawf, F|
|poke|p2|Chi-Yu|
|poke|p2|Indeedee, M|
|poke|p2|Chien-Pao|
|poke|p2|Torkoal, M|
|poke|p2|Talonflame, F|
|poke|p2|Lilligant-Hisui, F|
|teampreview
|
|t:|1711946222
|start
|switch|p1a: Oricorio|Oricorio-Sensu, M, shiny|100/100
|switch|p1b: Klawf|Klawf, F|100/100
|switch|p2a: Indeedee|Indeedee, M|100/100
|switch|p2b: Talonflame|Talonflame, F|100/100
|-fieldstart|move: Psychic Terrain|[from] ability: Psychic Surge|[of] p2a: Indeedee
|turn|1
|
|t:|1711946240
|move|p2b: Talonflame|Tailwind|p2b: Talonflame
|-sidestart|p2: test4kion54|move: Tailwind
|move|p2a: Indeedee|Expanding Force|p1b: Klawf|[spread] p1a,p1b
|-enditem|p1a: Oricorio|Focus Sash
|-damage|p1a: Oricorio|1/100
|-enditem|p1b: Klawf|Focus Sash
|-damage|p1b: Klawf|1/100
|-ability|p1b: Klawf|Anger Shell|boost
|-boost|p1b: Klawf|atk|1
|-boost|p1b: Klawf|spa|1
|-boost|p1b: Klawf|spe|1
|-unboost|p1b: Klawf|def|1
|-unboost|p1b: Klawf|spd|1
|move|p1b: Klawf|Stone Edge|p2b: Talonflame
|-supereffective|p2b: Talonflame
|-damage|p2b: Talonflame|0 fnt
|faint|p2b: Talonflame
|move|p1a: Oricorio|Tailwind|p1a: Oricorio
|-sidestart|p1: sf\dvzd|move: Tailwind
|
|upkeep
|
|t:|1711946253
|switch|p2b: Chi-Yu|Chi-Yu|100/100
|-ability|p2b: Chi-Yu|Beads of Ruin
|turn|2
|
|t:|1711946268
|-terastallize|p1a: Oricorio|Bug
|move|p2b: Chi-Yu|Dark Pulse|p1b: Klawf
|-damage|p1b: Klawf|0 fnt
|faint|p1b: Klawf
|move|p2a: Indeedee|Expanding Force|p1a: Oricorio
|-damage|p1a: Oricorio|0 fnt
|faint|p1a: Oricorio
|
|upkeep
|
|t:|1711946289
|switch|p1a: Cetitan|Cetitan, F|100/100
|switch|p1b: Veluza|Veluza, F|100/100
|turn|3
|
|t:|1711946301
|move|p2b: Chi-Yu|Dark Pulse|p1b: Veluza
|-supereffective|p1b: Veluza
|-damage|p1b: Veluza|0 fnt
|faint|p1b: Veluza
|move|p2a: Indeedee|Expanding Force|p1a: Cetitan
|-damage|p1a: Cetitan|0 fnt
|faint|p1a: Cetitan
|
|upkeep
|-message|sf\dvzd forfeited.
|
|win|test4kion54
|raw|sf\dvzd's rating: 1155 &rarr; <strong>1135</strong><br />(-20 for losing)
|raw|test4kion54's rating: 1231 &rarr; <strong>1251</strong><br />(+20 for winning)
|l|☆sf\dvzd
|player|p1|
|l|☆test4kion54
|player|p2|
