|j|☆CromaZM
|j|☆n1c0_2704
|t:|1711942069
|gametype|singles
|player|p1|CromaZM|101|
|player|p2|n1c0_2704|265|
|teamsize|p1|6
|teamsize|p2|6
|gen|5
|tier|[Gen 5] OU
|rule|Species Clause: Limit one of each Pokémon
|rule|OHKO Clause: OHKO moves are banned
|rule|Moody Clause: Moody is banned
|rule|Evasion Items Clause: Evasion items are banned
|rule|Evasion Moves Clause: Evasion moves are banned
|rule|Endless Battle Clause: Forcing endless battles is banned
|rule|HP Percentage Mod: HP is shown in percentages
|rule|Evasion Abilities Clause: Evasion abilities are banned
|rule|Sleep Moves Clause: Sleep-inducing moves are banned
|rule|Swagger Clause: Swagger is banned
|rule|Baton Pass Stat Clause: No Baton Passer may have a way to boost its stats
|clearpoke
|poke|p1|Tentacruel, M|item
|poke|p1|Raichu, M|item
|poke|p1|Jirachi|item
|poke|p1|Zangoose, M|item
|poke|p1|Typhlosion, M|item
|poke|p1|Wobbuffet, M|item
|poke|p2|Gliscor, F|item
|poke|p2|Azumarill, M|item
|poke|p2|Snorlax, M|item
|poke|p2|Magnezone|item
|poke|p2|Yanmega, F|item
|poke|p2|Tentacruel, F|item
|teampreview
|j| Drakunium429
|c| Drakunium429|alellujah
|
|t:|1711942091
|start
|switch|p1a: Pulpo|Tentacruel, M, shiny|100/100
|switch|p2a: Yanmega|Yanmega, F, shiny|100/100
|turn|1
|
|t:|1711942134
|move|p2a: Yanmega|Protect|p2a: Yanmega
|-singleturn|p2a: Yanmega|Protect
|move|p1a: Pulpo|Toxic Spikes|p2a: Yanmega
|-sidestart|p2: n1c0_2704|move: Toxic Spikes
|
|-ability|p2a: Yanmega|Speed Boost|boost
|-boost|p2a: Yanmega|spe|1
|upkeep
|turn|2
|j| sample team steve
|
|t:|1711942170
|switch|p2a: Magnezone|Magnezone, shiny|100/100
|move|p1a: Pulpo|Surf|p2a: Magnezone
|-damage|p2a: Magnezone|68/100
|
|upkeep
|turn|3
|
|t:|1711942191
|switch|p1a: PikachuSaiyan|Raichu, M|100/100
|move|p2a: Magnezone|Thunderbolt|p1a: PikachuSaiyan
|-resisted|p1a: PikachuSaiyan
|-crit|p1a: PikachuSaiyan
|-damage|p1a: PikachuSaiyan|0 fnt
|faint|p1a: PikachuSaiyan
|
|upkeep
|
|t:|1711942202
|switch|p1a: Digimon|Jirachi|100/100
|turn|4
|
|t:|1711942215
|switch|p2a: Gliscor|Gliscor, F, shiny|100/100
|move|p1a: Digimon|Ice Punch|p2a: Gliscor
|-supereffective|p2a: Gliscor
|-damage|p2a: Gliscor|38/100
|
|-status|p2a: Gliscor|tox|[from] item: Toxic Orb
|upkeep
|turn|5
|j| Xelax97
|
|t:|1711942248
|move|p1a: Digimon|Ice Punch|p2a: Gliscor
|-supereffective|p2a: Gliscor
|-damage|p2a: Gliscor|0 fnt
|faint|p2a: Gliscor
|
|upkeep
|inactive|Battle timer is ON: inactive players will automatically lose when time's up. (requested by CromaZM)
|
|t:|1711942279
|switch|p2a: Snorlax|Snorlax, M, shiny|100/100
|-status|p2a: Snorlax|psn
|turn|6
|inactiveoff|Battle timer is now OFF.
|
|t:|1711942292
|switch|p1a: Aguja Dinámica|Zangoose, M|100/100
|move|p2a: Snorlax|Body Slam|p1a: Aguja Dinámica
|-damage|p1a: Aguja Dinámica|43/100
|-status|p1a: Aguja Dinámica|par
|
|-damage|p2a: Snorlax|88/100 psn|[from] psn
|upkeep
|turn|7
|
|t:|1711942313
|move|p2a: Snorlax|Body Slam|p1a: Aguja Dinámica
|-damage|p1a: Aguja Dinámica|0 fnt
|faint|p1a: Aguja Dinámica
|
|-heal|p2a: Snorlax|94/100 psn|[from] item: Leftovers
|-damage|p2a: Snorlax|82/100 psn|[from] psn
|upkeep
|
|t:|1711942326
|switch|p1a: Digimon|Jirachi|100/100
|turn|8
|
|t:|1711942339
|move|p1a: Digimon|Iron Head|p2a: Snorlax
|-damage|p2a: Snorlax|55/100 psn
|cant|p2a: Snorlax|flinch
|
|-heal|p2a: Snorlax|61/100 psn|[from] item: Leftovers
|-damage|p2a: Snorlax|49/100 psn|[from] psn
|upkeep
|turn|9
|
|t:|1711942349
|switch|p1a: Eskuero|Wobbuffet, M|100/100
|move|p2a: Snorlax|Rest|p2a: Snorlax
|-status|p2a: Snorlax|slp|[from] move: Rest
|-heal|p2a: Snorlax|100/100 slp|[silent]
|
|upkeep
|turn|10
|
|t:|1711942361
|switch|p2a: Yanmega|Yanmega, F, shiny|100/100
|move|p1a: Eskuero|Counter||[still]
|-fail|p1a: Eskuero
|
|upkeep
|turn|11
|
|t:|1711942377
|switch|p1a: Pulpo|Tentacruel, M, shiny|100/100
|move|p2a: Yanmega|Bug Buzz|p1a: Pulpo
|-resisted|p1a: Pulpo
|-damage|p1a: Pulpo|80/100
|-damage|p2a: Yanmega|91/100|[from] item: Life Orb
|
|-heal|p1a: Pulpo|86/100|[from] item: Black Sludge
|-ability|p2a: Yanmega|Speed Boost|boost
|-boost|p2a: Yanmega|spe|1
|upkeep
|turn|12
|
|t:|1711942410
|move|p2a: Yanmega|Ancient Power|p1a: Pulpo
|-damage|p1a: Pulpo|69/100
|-damage|p2a: Yanmega|81/100|[from] item: Life Orb
|move|p1a: Pulpo|Surf|p2a: Yanmega
|-damage|p2a: Yanmega|38/100
|
|-heal|p1a: Pulpo|75/100|[from] item: Black Sludge
|-ability|p2a: Yanmega|Speed Boost|boost
|-boost|p2a: Yanmega|spe|1
|upkeep
|turn|13
|
|t:|1711942424
|switch|p2a: Magnezone|Magnezone, shiny|68/100
|move|p1a: Pulpo|Toxic Spikes|p2a: Magnezone
|-sidestart|p2: n1c0_2704|move: Toxic Spikes
|
|-heal|p1a: Pulpo|81/100|[from] item: Black Sludge
|upkeep
|turn|14
|
|t:|1711942435
|switch|p1a: Digimon|Jirachi|100/100
|move|p2a: Magnezone|Thunderbolt|p1a: Digimon
|-damage|p1a: Digimon|23/100
|-status|p1a: Digimon|par
|
|upkeep
|turn|15
|
|t:|1711942445
|move|p2a: Magnezone|Thunderbolt|p1a: Digimon
|-damage|p1a: Digimon|0 fnt
|faint|p1a: Digimon
|
|upkeep
|
|t:|1711942450
|switch|p1a: Llamarada Moe|Typhlosion, M, shiny|100/100
|turn|16
|
|t:|1711942466
|switch|p2a: Tentacruel|Tentacruel, F, shiny|100/100
|-sideend|p2: n1c0_2704|move: Toxic Spikes|[of] p2a: Tentacruel
|move|p1a: Llamarada Moe|Eruption|p2a: Tentacruel
|-resisted|p2a: Tentacruel
|-damage|p2a: Tentacruel|62/100
|
|-heal|p2a: Tentacruel|68/100|[from] item: Black Sludge
|upkeep
|turn|17
|
|t:|1711942482
|switch|p1a: Pulpo|Tentacruel, M, shiny|81/100
|move|p2a: Tentacruel|Waterfall|p1a: Pulpo
|-resisted|p1a: Pulpo
|-damage|p1a: Pulpo|64/100
|
|-heal|p2a: Tentacruel|74/100|[from] item: Black Sludge
|-heal|p1a: Pulpo|70/100|[from] item: Black Sludge
|upkeep
|turn|18
|
|t:|1711942505
|move|p2a: Tentacruel|Knock Off|p1a: Pulpo
|-damage|p1a: Pulpo|64/100
|-enditem|p1a: Pulpo|Black Sludge|[from] move: Knock Off|[of] p2a: Tentacruel
|move|p1a: Pulpo|Surf|p2a: Tentacruel
|-resisted|p2a: Tentacruel
|-damage|p2a: Tentacruel|62/100
|
|-heal|p2a: Tentacruel|68/100|[from] item: Black Sludge
|upkeep
|turn|19
|
|t:|1711942520
|move|p2a: Tentacruel|Swords Dance|p2a: Tentacruel
|-boost|p2a: Tentacruel|atk|2
|move|p1a: Pulpo|Toxic Spikes|p2a: Tentacruel
|-sidestart|p2: n1c0_2704|move: Toxic Spikes
|
|-heal|p2a: Tentacruel|74/100|[from] item: Black Sludge
|upkeep
|turn|20
|
|t:|1711942540
|move|p2a: Tentacruel|Knock Off|p1a: Pulpo
|-damage|p1a: Pulpo|52/100
|move|p1a: Pulpo|Toxic Spikes|p2a: Tentacruel
|-sidestart|p2: n1c0_2704|move: Toxic Spikes
|
|-heal|p2a: Tentacruel|80/100|[from] item: Black Sludge
|upkeep
|turn|21
|
|t:|1711942555
|move|p2a: Tentacruel|Waterfall|p1a: Pulpo
|-resisted|p1a: Pulpo
|-damage|p1a: Pulpo|16/100
|cant|p1a: Pulpo|flinch
|
|-heal|p2a: Tentacruel|86/100|[from] item: Black Sludge
|upkeep
|turn|22
|
|t:|1711942566
|move|p2a: Tentacruel|Poison Jab|p1a: Pulpo
|-resisted|p1a: Pulpo
|-damage|p1a: Pulpo|0 fnt
|faint|p1a: Pulpo
|
|-heal|p2a: Tentacruel|92/100|[from] item: Black Sludge
|upkeep
|
|t:|1711942573
|switch|p1a: Eskuero|Wobbuffet, M|100/100
|turn|23
|
|t:|1711942579
|move|p2a: Tentacruel|Poison Jab|p1a: Eskuero
|-damage|p1a: Eskuero|61/100
|move|p1a: Eskuero|Mirror Coat||[still]
|-fail|p1a: Eskuero
|
|-heal|p2a: Tentacruel|98/100|[from] item: Black Sludge
|upkeep
|turn|24
|
|t:|1711942589
|move|p2a: Tentacruel|Poison Jab|p1a: Eskuero
|-damage|p1a: Eskuero|20/100
|-status|p1a: Eskuero|psn
|-enditem|p1a: Eskuero|Sitrus Berry|[eat]
|-heal|p1a: Eskuero|45/100 psn|[from] item: Sitrus Berry
|move|p1a: Eskuero|Mirror Coat||[still]
|-fail|p1a: Eskuero
|
|-heal|p2a: Tentacruel|100/100|[from] item: Black Sludge
|-damage|p1a: Eskuero|33/100 psn|[from] psn
|upkeep
|turn|25
|
|t:|1711942612
|switch|p2a: Snorlax|Snorlax, M, shiny|100/100 slp
|move|p1a: Eskuero|Destiny Bond|p1a: Eskuero
|-singlemove|p1a: Eskuero|Destiny Bond
|
|-damage|p1a: Eskuero|20/100 psn|[from] psn
|upkeep
|turn|26
|
|t:|1711942630
|cant|p2a: Snorlax|slp
|move|p1a: Eskuero|Counter||[still]
|-fail|p1a: Eskuero
|
|-damage|p1a: Eskuero|8/100 psn|[from] psn
|upkeep
|turn|27
|
|t:|1711942642
|switch|p2a: Magnezone|Magnezone, shiny|68/100
|move|p1a: Eskuero|Destiny Bond|p1a: Eskuero
|-singlemove|p1a: Eskuero|Destiny Bond
|
|-damage|p1a: Eskuero|0 fnt|[from] psn
|faint|p1a: Eskuero
|upkeep
|
|t:|1711942651
|switch|p1a: Llamarada Moe|Typhlosion, M, shiny|100/100
|turn|28
|
|t:|1711942672
|switch|p2a: Tentacruel|Tentacruel, F, shiny|100/100
|-sideend|p2: n1c0_2704|move: Toxic Spikes|[of] p2a: Tentacruel
|move|p1a: Llamarada Moe|Eruption|p2a: Tentacruel
|-resisted|p2a: Tentacruel
|-damage|p2a: Tentacruel|65/100
|
|-heal|p2a: Tentacruel|71/100|[from] item: Black Sludge
|upkeep
|turn|29
|
|t:|1711942689
|move|p1a: Llamarada Moe|Eruption|p2a: Tentacruel
|-resisted|p2a: Tentacruel
|-damage|p2a: Tentacruel|36/100
|move|p2a: Tentacruel|Waterfall|p1a: Llamarada Moe
|-supereffective|p1a: Llamarada Moe
|-damage|p1a: Llamarada Moe|23/100
|
|-heal|p2a: Tentacruel|42/100|[from] item: Black Sludge
|upkeep
|turn|30
|
|t:|1711942710
|move|p1a: Llamarada Moe|Eruption|p2a: Tentacruel
|-resisted|p2a: Tentacruel
|-damage|p2a: Tentacruel|30/100
|move|p2a: Tentacruel|Waterfall|p1a: Llamarada Moe
|-supereffective|p1a: Llamarada Moe
|-damage|p1a: Llamarada Moe|0 fnt
|faint|p1a: Llamarada Moe
|
|win|n1c0_2704
