|j|☆Strikeyy
|j|☆lou2697
|t:|1711933652
|gametype|singles
|player|p1|Strikeyy|acetrainer-gen4dp|
|player|p2|lou2697|ltsurge-gen1rb|
|teamsize|p1|6
|teamsize|p2|6
|gen|5
|tier|[Gen 5] OU
|rule|Species Clause: Limit one of each Pokémon
|rule|OHKO Clause: OHKO moves are banned
|rule|Moody Clause: Moody is banned
|rule|Evasion Items Clause: Evasion items are banned
|rule|Evasion Moves Clause: Evasion moves are banned
|rule|Endless Battle Clause: Forcing endless battles is banned
|rule|HP Percentage Mod: HP is shown in percentages
|rule|Evasion Abilities Clause: Evasion abilities are banned
|rule|Sleep Moves Clause: Sleep-inducing moves are banned
|rule|Swagger Clause: Swagger is banned
|rule|Baton Pass Stat Clause: No Baton Passer may have a way to boost its stats
|clearpoke
|poke|p1|Haxorus, F|item
|poke|p1|Jellicent, M|item
|poke|p1|Excadrill, F|item
|poke|p1|Houndoom, M|item
|poke|p1|Jolteon, M|item
|poke|p1|Swoobat, F|item
|poke|p2|Dragonite, F|item
|poke|p2|Blastoise, M|item
|poke|p2|Snorlax, F|item
|poke|p2|Terrakion|item
|poke|p2|Mamoswine, M|item
|poke|p2|Jirachi|item
|teampreview
|c|☆Strikeyy|Glhf
|c|☆lou2697|GL Strike
|
|t:|1711933693
|start
|switch|p1a: Swoobat|Swoobat, F|100/100
|switch|p2a: Dragonite|Dragonite, F, shiny|100/100
|turn|1
|
|t:|1711933712
|move|p1a: Swoobat|Reflect|p1a: Swoobat
|-sidestart|p1: Strikeyy|Reflect
|move|p2a: Dragonite|Dragon Dance|p2a: Dragonite
|-boost|p2a: Dragonite|atk|1
|-boost|p2a: Dragonite|spe|1
|
|upkeep
|turn|2
|
|t:|1711933726
|switch|p1a: Jellicent|Jellicent, M|100/100
|move|p2a: Dragonite|Dragon Dance|p2a: Dragonite
|-boost|p2a: Dragonite|atk|1
|-boost|p2a: Dragonite|spe|1
|
|upkeep
|turn|3
|
|t:|1711933758
|switch|p2a: Blastoise|Blastoise, M|100/100
|move|p1a: Jellicent|Ice Beam|p2a: Blastoise
|-resisted|p2a: Blastoise
|-damage|p2a: Blastoise|92/100
|
|-heal|p2a: Blastoise|98/100|[from] item: Leftovers
|upkeep
|turn|4
|
|t:|1711933776
|move|p2a: Blastoise|Toxic|p1a: Jellicent
|-status|p1a: Jellicent|tox
|move|p1a: Jellicent|Will-O-Wisp|p2a: Blastoise
|-status|p2a: Blastoise|brn
|
|-heal|p2a: Blastoise|100/100 brn|[from] item: Leftovers
|-damage|p1a: Jellicent|94/100 tox|[from] psn
|-damage|p2a: Blastoise|88/100 brn|[from] brn
|upkeep
|turn|5
|
|t:|1711933790
|move|p2a: Blastoise|Ice Beam|p1a: Jellicent
|-resisted|p1a: Jellicent
|-damage|p1a: Jellicent|87/100 tox
|move|p1a: Jellicent|Hex|p2a: Blastoise
|-damage|p2a: Blastoise|62/100 brn
|
|-heal|p2a: Blastoise|68/100 brn|[from] item: Leftovers
|-heal|p1a: Jellicent|93/100 tox|[from] item: Leftovers
|-damage|p1a: Jellicent|80/100 tox|[from] psn
|-damage|p2a: Blastoise|56/100 brn|[from] brn
|upkeep
|turn|6
|
|t:|1711933804
|move|p2a: Blastoise|Ice Beam|p1a: Jellicent
|-resisted|p1a: Jellicent
|-damage|p1a: Jellicent|73/100 tox
|move|p1a: Jellicent|Will-O-Wisp|p2a: Blastoise
|-fail|p2a: Blastoise|brn
|
|-heal|p2a: Blastoise|62/100 brn|[from] item: Leftovers
|-heal|p1a: Jellicent|79/100 tox|[from] item: Leftovers
|-damage|p1a: Jellicent|60/100 tox|[from] psn
|-damage|p2a: Blastoise|49/100 brn|[from] brn
|upkeep
|turn|7
|j| qb0nes
|
|t:|1711933830
|move|p2a: Blastoise|Rest|p2a: Blastoise
|-status|p2a: Blastoise|slp|[from] move: Rest
|-heal|p2a: Blastoise|100/100 slp|[silent]
|move|p1a: Jellicent|Recover|p1a: Jellicent
|-heal|p1a: Jellicent|100/100 tox
|
|-damage|p1a: Jellicent|76/100 tox|[from] psn
|upkeep
|turn|8
|j| Whoreganic
|
|t:|1711933840
|switch|p2a: Snorlax|Snorlax, F, shiny|100/100
|switch|p1a: Jolteon|Jolteon, M|100/100
|
|-sideend|p1: Strikeyy|Reflect
|-status|p1a: Jolteon|brn|[from] item: Flame Orb
|upkeep
|turn|9
|
|t:|1711933884
|move|p1a: Jolteon|Volt Switch|p2a: Snorlax
|-damage|p2a: Snorlax|84/100
|
|t:|1711933894
|switch|p1a: Jellicent|Jellicent, M|76/100 tox|[from] Volt Switch
|move|p2a: Snorlax|Body Slam|p1a: Jellicent
|-immune|p1a: Jellicent
|
|-heal|p1a: Jellicent|82/100 tox|[from] item: Leftovers
|-heal|p2a: Snorlax|90/100|[from] item: Leftovers
|-damage|p1a: Jellicent|76/100 tox|[from] psn
|upkeep
|turn|10
|j| Hadesofender
|
|t:|1711933922
|move|p1a: Jellicent|Will-O-Wisp|p2a: Snorlax
|-status|p2a: Snorlax|brn
|move|p2a: Snorlax|Curse|p2a: Snorlax
|-unboost|p2a: Snorlax|spe|1
|-boost|p2a: Snorlax|atk|1
|-boost|p2a: Snorlax|def|1
|
|-heal|p1a: Jellicent|82/100 tox|[from] item: Leftovers
|-heal|p2a: Snorlax|96/100 brn|[from] item: Leftovers
|-damage|p1a: Jellicent|70/100 tox|[from] psn
|-damage|p2a: Snorlax|84/100 brn|[from] brn
|upkeep
|turn|11
|
|t:|1711933928
|move|p1a: Jellicent|Ice Beam|p2a: Snorlax
|-damage|p2a: Snorlax|75/100 brn
|move|p2a: Snorlax|Curse|p2a: Snorlax
|-unboost|p2a: Snorlax|spe|1
|-boost|p2a: Snorlax|atk|1
|-boost|p2a: Snorlax|def|1
|
|-heal|p1a: Jellicent|76/100 tox|[from] item: Leftovers
|-heal|p2a: Snorlax|81/100 brn|[from] item: Leftovers
|-damage|p1a: Jellicent|57/100 tox|[from] psn
|-damage|p2a: Snorlax|69/100 brn|[from] brn
|upkeep
|turn|12
|
|t:|1711933938
|move|p1a: Jellicent|Recover|p1a: Jellicent
|-heal|p1a: Jellicent|100/100 tox
|move|p2a: Snorlax|Body Slam|p1a: Jellicent
|-immune|p1a: Jellicent
|
|-heal|p2a: Snorlax|75/100 brn|[from] item: Leftovers
|-damage|p1a: Jellicent|76/100 tox|[from] psn
|-damage|p2a: Snorlax|63/100 brn|[from] brn
|upkeep
|turn|13
|
|t:|1711933977
|switch|p1a: Haxorus|Haxorus, F|100/100
|-ability|p1a: Haxorus|Mold Breaker
|move|p2a: Snorlax|Curse|p2a: Snorlax
|-unboost|p2a: Snorlax|spe|1
|-boost|p2a: Snorlax|atk|1
|-boost|p2a: Snorlax|def|1
|
|-heal|p2a: Snorlax|69/100 brn|[from] item: Leftovers
|-damage|p2a: Snorlax|56/100 brn|[from] brn
|upkeep
|turn|14
|
|t:|1711934003
|move|p1a: Haxorus|Brick Break|p2a: Snorlax
|-supereffective|p2a: Snorlax
|-damage|p2a: Snorlax|38/100 brn
|move|p2a: Snorlax|Body Slam|p1a: Haxorus
|-damage|p1a: Haxorus|51/100
|
|-heal|p2a: Snorlax|44/100 brn|[from] item: Leftovers
|-damage|p2a: Snorlax|31/100 brn|[from] brn
|upkeep
|turn|15
|
|t:|1711934013
|move|p1a: Haxorus|Brick Break|p2a: Snorlax
|-supereffective|p2a: Snorlax
|-damage|p2a: Snorlax|12/100 brn
|move|p2a: Snorlax|Rest|p2a: Snorlax
|-status|p2a: Snorlax|slp|[from] move: Rest
|-heal|p2a: Snorlax|100/100 slp|[silent]
|
|upkeep
|turn|16
|
|t:|1711934025
|move|p1a: Haxorus|Brick Break|p2a: Snorlax
|-supereffective|p2a: Snorlax
|-damage|p2a: Snorlax|82/100 slp
|cant|p2a: Snorlax|slp
|
|-heal|p2a: Snorlax|88/100 slp|[from] item: Leftovers
|upkeep
|turn|17
|
|t:|1711934044
|switch|p1a: Swoobat|Swoobat, F|100/100
|cant|p2a: Snorlax|slp
|
|-heal|p2a: Snorlax|94/100 slp|[from] item: Leftovers
|upkeep
|turn|18
|
|t:|1711934051
|move|p1a: Swoobat|Reflect|p1a: Swoobat
|-sidestart|p1: Strikeyy|Reflect
|-curestatus|p2a: Snorlax|slp|[msg]
|move|p2a: Snorlax|Body Slam|p1a: Swoobat
|-damage|p1a: Swoobat|79/100
|
|-heal|p2a: Snorlax|100/100|[from] item: Leftovers
|upkeep
|turn|19
|
|t:|1711934059
|move|p1a: Swoobat|Calm Mind|p1a: Swoobat
|-boost|p1a: Swoobat|spa|1
|-boost|p1a: Swoobat|spd|1
|move|p2a: Snorlax|Body Slam|p1a: Swoobat
|-damage|p1a: Swoobat|58/100
|-status|p1a: Swoobat|par
|
|upkeep
|turn|20
|
|t:|1711934067
|cant|p1a: Swoobat|par
|move|p2a: Snorlax|Body Slam|p1a: Swoobat
|-damage|p1a: Swoobat|34/100 par
|
|upkeep
|turn|21
|
|t:|1711934073
|move|p1a: Swoobat|Stored Power|p2a: Snorlax
|-damage|p2a: Snorlax|86/100
|move|p2a: Snorlax|Body Slam|p1a: Swoobat
|-damage|p1a: Swoobat|11/100 par
|
|-heal|p2a: Snorlax|92/100|[from] item: Leftovers
|upkeep
|turn|22
|
|t:|1711934077
|cant|p1a: Swoobat|par
|move|p2a: Snorlax|Body Slam|p1a: Swoobat
|-damage|p1a: Swoobat|0 fnt
|faint|p1a: Swoobat
|
|-heal|p2a: Snorlax|98/100|[from] item: Leftovers
|upkeep
|c| Hadesofender|not roost?
|
|t:|1711934085
|switch|p1a: Houndoom|Houndoom, M|100/100
|turn|23
|c| Whoreganic|Why not be simple if you’re calm mind?
|
|t:|1711934094
|move|p1a: Houndoom|Dark Pulse|p2a: Snorlax
|-damage|p2a: Snorlax|78/100
|move|p2a: Snorlax|Earthquake|p1a: Houndoom
|-supereffective|p1a: Houndoom
|-damage|p1a: Houndoom|0 fnt
|faint|p1a: Houndoom
|
|-heal|p2a: Snorlax|84/100|[from] item: Leftovers
|upkeep
|c| Hadesofender|unaware for lax ig
|c|☆Strikeyy|Dang im cooked
|c| Whoreganic|wasn’t exactly saving it lol
|
|t:|1711934130
|switch|p1a: Jolteon|Jolteon, M|100/100 brn
|turn|24
|
|t:|1711934134
|move|p1a: Jolteon|Thunder Wave|p2a: Snorlax
|-status|p2a: Snorlax|par
|move|p2a: Snorlax|Earthquake|p1a: Jolteon
|-supereffective|p1a: Jolteon
|-damage|p1a: Jolteon|13/100 brn
|
|-heal|p2a: Snorlax|90/100 par|[from] item: Leftovers
|-damage|p1a: Jolteon|1/100 brn|[from] brn
|upkeep
|turn|25
|
|t:|1711934150
|move|p1a: Jolteon|Discharge|p2a: Snorlax
|-damage|p2a: Snorlax|73/100 par
|move|p2a: Snorlax|Body Slam|p1a: Jolteon
|-damage|p1a: Jolteon|0 fnt
|faint|p1a: Jolteon
|
|-heal|p2a: Snorlax|79/100 par|[from] item: Leftovers
|-sideend|p1: Strikeyy|Reflect
|upkeep
|
|t:|1711934153
|switch|p1a: Excadrill|Excadrill, F|100/100
|-ability|p1a: Excadrill|Mold Breaker
|turn|26
|
|t:|1711934158
|move|p1a: Excadrill|Iron Defense|p1a: Excadrill
|-boost|p1a: Excadrill|def|2
|cant|p2a: Snorlax|par
|
|-heal|p2a: Snorlax|85/100 par|[from] item: Leftovers
|upkeep
|turn|27
|
|t:|1711934161
|move|p1a: Excadrill|Iron Defense|p1a: Excadrill
|-boost|p1a: Excadrill|def|2
|move|p2a: Snorlax|Earthquake|p1a: Excadrill
|-supereffective|p1a: Excadrill
|-damage|p1a: Excadrill|55/100
|
|-heal|p2a: Snorlax|92/100 par|[from] item: Leftovers
|upkeep
|turn|28
|
|t:|1711934169
|move|p1a: Excadrill|Earthquake|p2a: Snorlax
|-damage|p2a: Snorlax|75/100 par
|move|p2a: Snorlax|Earthquake|p1a: Excadrill
|-supereffective|p1a: Excadrill
|-damage|p1a: Excadrill|10/100
|
|-heal|p2a: Snorlax|81/100 par|[from] item: Leftovers
|upkeep
|turn|29
|
|t:|1711934177
|move|p1a: Excadrill|Iron Head|p2a: Snorlax
|-damage|p2a: Snorlax|66/100 par
|cant|p2a: Snorlax|flinch
|
|-heal|p2a: Snorlax|73/100 par|[from] item: Leftovers
|upkeep
|turn|30
|
|t:|1711934184
|move|p1a: Excadrill|Iron Head|p2a: Snorlax
|-damage|p2a: Snorlax|57/100 par
|cant|p2a: Snorlax|flinch
|
|-heal|p2a: Snorlax|63/100 par|[from] item: Leftovers
|upkeep
|turn|31
|c| Hadesofender|para flinch less go
|
|t:|1711934190
|move|p1a: Excadrill|Iron Head|p2a: Snorlax
|-damage|p2a: Snorlax|48/100 par
|cant|p2a: Snorlax|flinch
|
|-heal|p2a: Snorlax|55/100 par|[from] item: Leftovers
|upkeep
|turn|32
|c|☆Strikeyy|W hax
|
|t:|1711934201
|move|p1a: Excadrill|Iron Head|p2a: Snorlax
|-damage|p2a: Snorlax|41/100 par
|cant|p2a: Snorlax|par
|
|-heal|p2a: Snorlax|48/100 par|[from] item: Leftovers
|upkeep
|turn|33
|
|t:|1711934205
|move|p1a: Excadrill|Iron Head|p2a: Snorlax
|-damage|p2a: Snorlax|32/100 par
|move|p2a: Snorlax|Rest|p2a: Snorlax
|-status|p2a: Snorlax|slp|[from] move: Rest
|-heal|p2a: Snorlax|100/100 slp|[silent]
|
|upkeep
|turn|34
|
|t:|1711934212
|move|p1a: Excadrill|Iron Defense|p1a: Excadrill
|-boost|p1a: Excadrill|def|2
|cant|p2a: Snorlax|slp
|
|upkeep
|turn|35
|
|t:|1711934222
|move|p1a: Excadrill|Iron Head|p2a: Snorlax
|-damage|p2a: Snorlax|87/100 slp
|cant|p2a: Snorlax|slp
|
|-heal|p2a: Snorlax|93/100 slp|[from] item: Leftovers
|upkeep
|turn|36
|
|t:|1711934230
|move|p1a: Excadrill|Iron Head|p2a: Snorlax
|-damage|p2a: Snorlax|80/100 slp
|-curestatus|p2a: Snorlax|slp|[msg]
|move|p2a: Snorlax|Earthquake|p1a: Excadrill
|-supereffective|p1a: Excadrill
|-damage|p1a: Excadrill|0 fnt
|faint|p1a: Excadrill
|
|-heal|p2a: Snorlax|86/100|[from] item: Leftovers
|upkeep
|
|t:|1711934233
|switch|p1a: Haxorus|Haxorus, F|51/100
|-ability|p1a: Haxorus|Mold Breaker
|turn|37
|
|t:|1711934242
|move|p1a: Haxorus|Brick Break|p2a: Snorlax
|-supereffective|p2a: Snorlax
|-damage|p2a: Snorlax|70/100
|move|p2a: Snorlax|Body Slam|p1a: Haxorus
|-damage|p1a: Haxorus|0 fnt
|faint|p1a: Haxorus
|
|-heal|p2a: Snorlax|76/100|[from] item: Leftovers
|upkeep
|
|t:|1711934244
|switch|p1a: Jellicent|Jellicent, M|76/100 tox
|turn|38
|
|t:|1711934251
|move|p1a: Jellicent|Will-O-Wisp|p2a: Snorlax
|-status|p2a: Snorlax|brn
|move|p2a: Snorlax|Earthquake|p1a: Jellicent
|-damage|p1a: Jellicent|53/100 tox
|-start|p2a: Snorlax|Disable|Earthquake|[from] ability: Cursed Body|[of] p1a: Jellicent
|
|-heal|p1a: Jellicent|59/100 tox|[from] item: Leftovers
|-heal|p2a: Snorlax|83/100 brn|[from] item: Leftovers
|-damage|p1a: Jellicent|53/100 tox|[from] psn
|-damage|p2a: Snorlax|70/100 brn|[from] brn
|upkeep
|turn|39
|c|☆Strikeyy|Got cooked 😭
|
|t:|1711934264
|move|p1a: Jellicent|Recover|p1a: Jellicent
|-heal|p1a: Jellicent|100/100 tox
|move|p2a: Snorlax|Rest|p2a: Snorlax
|-status|p2a: Snorlax|slp|[from] move: Rest
|-heal|p2a: Snorlax|100/100 slp|[silent]
|
|-damage|p1a: Jellicent|88/100 tox|[from] psn
|upkeep
|turn|40
|
|t:|1711934270
|move|p1a: Jellicent|Ice Beam|p2a: Snorlax
|-damage|p2a: Snorlax|91/100 slp
|cant|p2a: Snorlax|slp
|
|-heal|p1a: Jellicent|94/100 tox|[from] item: Leftovers
|-heal|p2a: Snorlax|97/100 slp|[from] item: Leftovers
|-damage|p1a: Jellicent|76/100 tox|[from] psn
|upkeep
|turn|41
|c|☆lou2697|you can thank Amzser
|
|t:|1711934284
|move|p1a: Jellicent|Ice Beam|p2a: Snorlax
|-damage|p2a: Snorlax|88/100 slp
|cant|p2a: Snorlax|slp
|
|-heal|p1a: Jellicent|82/100 tox|[from] item: Leftovers
|-heal|p2a: Snorlax|94/100 slp|[from] item: Leftovers
|-damage|p1a: Jellicent|57/100 tox|[from] psn
|-end|p2a: Snorlax|Disable
|upkeep
|turn|42
|
|t:|1711934294
|move|p1a: Jellicent|Ice Beam|p2a: Snorlax
|-damage|p2a: Snorlax|84/100 slp
|-curestatus|p2a: Snorlax|slp|[msg]
|move|p2a: Snorlax|Earthquake|p1a: Jellicent
|-damage|p1a: Jellicent|7/100 tox
|-start|p2a: Snorlax|Disable|Earthquake|[from] ability: Cursed Body|[of] p1a: Jellicent
|
|-heal|p1a: Jellicent|13/100 tox|[from] item: Leftovers
|-heal|p2a: Snorlax|90/100|[from] item: Leftovers
|-damage|p1a: Jellicent|0 fnt|[from] psn
|faint|p1a: Jellicent
|
|win|lou2697
|upkeep
|l| qb0nes
|c|☆Strikeyy|Ggs
|c|☆lou2697|gg
|l|☆Strikeyy
|player|p1|
