|raw|<div class="broadcast-blue"><strong>This battle is required to be public due to a player having a name starting with 'orasz'.</div>
|j|☆orasz thejester
|j|☆ORASZ Ruffles
|t:|1711946116
|gametype|singles
|player|p1|orasz thejester|101|1366
|player|p2|ORASZ Ruffles|benga|1604
|teamsize|p1|6
|teamsize|p2|6
|gen|6
|tier|[Gen 6] OU
|rated|
|rule|Sleep Clause Mod: Limit one foe put to sleep
|rule|Species Clause: Limit one of each Pokémon
|rule|OHKO Clause: OHKO moves are banned
|rule|Moody Clause: Moody is banned
|rule|Evasion Items Clause: Evasion items are banned
|rule|Evasion Moves Clause: Evasion moves are banned
|rule|Endless Battle Clause: Forcing endless battles is banned
|rule|HP Percentage Mod: HP is shown in percentages
|rule|Swagger Clause: Swagger is banned
|clearpoke
|poke|p1|Beedrill, F|item
|poke|p1|Magnezone|item
|poke|p1|Landorus-Therian, M|item
|poke|p1|Rotom-Wash|item
|poke|p1|Tornadus-Therian, M|item
|poke|p1|Weavile, F|item
|poke|p2|Gallade, M|item
|poke|p2|Bisharp, F|item
|poke|p2|Manaphy|item
|poke|p2|Volcarona, M|item
|poke|p2|Serperior, F|item
|poke|p2|Landorus-Therian, M|item
|teampreview
|inactive|Battle timer is ON: inactive players will automatically lose when time's up. (requested by orasz thejester)
|
|t:|1711946134
|start
|switch|p1a: Landorus|Landorus-Therian, M|100/100
|switch|p2a: Landorus|Landorus-Therian, M|100/100
|-ability|p2a: Landorus|Intimidate|boost
|-unboost|p1a: Landorus|atk|1
|-ability|p1a: Landorus|Intimidate|boost
|-unboost|p2a: Landorus|atk|1
|turn|1
|
|t:|1711946137
|move|p2a: Landorus|Stealth Rock|p1a: Landorus
|-sidestart|p1: orasz thejester|move: Stealth Rock
|move|p1a: Landorus|Stealth Rock|p2a: Landorus
|-sidestart|p2: ORASZ Ruffles|move: Stealth Rock
|
|upkeep
|turn|2
|
|t:|1711946145
|switch|p2a: Serperior|Serperior, F|100/100
|-damage|p2a: Serperior|88/100|[from] Stealth Rock
|move|p1a: Landorus|U-turn|p2a: Serperior
|-supereffective|p2a: Serperior
|-damage|p2a: Serperior|58/100
|
|t:|1711946153
|switch|p1a: Beedrill|Beedrill, F|100/100|[from] U-turn
|-damage|p1a: Beedrill|76/100|[from] Stealth Rock
|
|upkeep
|turn|3
|
|t:|1711946159
|detailschange|p1a: Beedrill|Beedrill-Mega, F
|-mega|p1a: Beedrill|Beedrill|Beedrillite
|move|p1a: Beedrill|Protect|p1a: Beedrill
|-singleturn|p1a: Beedrill|Protect
|move|p2a: Serperior|Reflect|p2a: Serperior
|-sidestart|p2: ORASZ Ruffles|Reflect
|
|upkeep
|turn|4
|inactive|ORASZ Ruffles has 120 seconds left.
|
|t:|1711946194
|switch|p2a: Landorus|Landorus-Therian, M|100/100
|-damage|p2a: Landorus|88/100|[from] Stealth Rock
|-ability|p2a: Landorus|Intimidate|boost
|-unboost|p1a: Beedrill|atk|1
|move|p1a: Beedrill|U-turn|p2a: Landorus
|-resisted|p2a: Landorus
|-damage|p2a: Landorus|79/100
|
|t:|1711946206
|switch|p1a: Rotom|Rotom-Wash|100/100|[from] U-turn
|-damage|p1a: Rotom|88/100|[from] Stealth Rock
|
|-heal|p1a: Rotom|94/100|[from] item: Leftovers
|upkeep
|turn|5
|
|t:|1711946211
|move|p2a: Landorus|Explosion|p1a: Rotom
|-damage|p1a: Rotom|23/100
|faint|p2a: Landorus
|move|p1a: Rotom|Volt Switch|p2: Landorus|[notarget]
|-fail|p1a: Rotom
|
|-heal|p1a: Rotom|29/100|[from] item: Leftovers
|upkeep
|
|t:|1711946213
|switch|p2a: Serperior|Serperior, F|58/100
|-damage|p2a: Serperior|46/100|[from] Stealth Rock
|turn|6
|
|t:|1711946222
|move|p2a: Serperior|Light Screen|p2a: Serperior
|-sidestart|p2: ORASZ Ruffles|move: Light Screen
|move|p1a: Rotom|Volt Switch|p2a: Serperior
|-resisted|p2a: Serperior
|-damage|p2a: Serperior|40/100
|
|t:|1711946235
|switch|p1a: Beedrill|Beedrill-Mega, F|76/100|[from] Volt Switch
|-damage|p1a: Beedrill|51/100|[from] Stealth Rock
|
|upkeep
|turn|7
|
|t:|1711946239
|move|p1a: Beedrill|Poison Jab|p2a: Serperior
|-supereffective|p2a: Serperior
|-damage|p2a: Serperior|0 fnt
|faint|p2a: Serperior
|
|upkeep
|
|t:|1711946244
|switch|p2a: Bisharp|Bisharp, F|100/100
|-damage|p2a: Bisharp|95/100|[from] Stealth Rock
|turn|8
|
|t:|1711946248
|move|p1a: Beedrill|Drill Run|p2a: Bisharp
|-supereffective|p2a: Bisharp
|-damage|p2a: Bisharp|57/100
|move|p2a: Bisharp|Swords Dance|p2a: Bisharp
|-boost|p2a: Bisharp|atk|2
|
|upkeep
|turn|9
|
|t:|1711946259
|move|p1a: Beedrill|U-turn|p2a: Bisharp
|-damage|p2a: Bisharp|22/100
|
|t:|1711946262
|switch|p1a: Landorus|Landorus-Therian, M|100/100|[from] U-turn
|-damage|p1a: Landorus|88/100|[from] Stealth Rock
|-ability|p1a: Landorus|Intimidate|boost
|-unboost|p2a: Bisharp|atk|1
|-ability|p2a: Bisharp|Defiant|boost
|-boost|p2a: Bisharp|atk|2
|move|p2a: Bisharp|Knock Off|p1a: Landorus
|-damage|p1a: Landorus|0 fnt
|-damage|p2a: Bisharp|5/100|[from] item: Rocky Helmet|[of] p1a: Landorus
|-enditem|p1a: Landorus|Rocky Helmet|[from] move: Knock Off|[of] p2a: Bisharp
|faint|p1a: Landorus
|
|upkeep
|
|t:|1711946275
|switch|p1a: Weavile|Weavile, F|100/100
|-damage|p1a: Weavile|76/100|[from] Stealth Rock
|-ability|p1a: Weavile|Pressure
|turn|10
|
|t:|1711946280
|move|p1a: Weavile|Ice Shard|p2a: Bisharp
|-resisted|p2a: Bisharp
|-damage|p2a: Bisharp|0 fnt
|faint|p2a: Bisharp
|
|-sideend|p2: ORASZ Ruffles|Reflect
|upkeep
|
|t:|1711946286
|switch|p2a: Volcarona|Volcarona, M|100/100
|-damage|p2a: Volcarona|50/100|[from] Stealth Rock
|-enditem|p2a: Volcarona|Sitrus Berry|[eat]
|-heal|p2a: Volcarona|75/100|[from] item: Sitrus Berry
|turn|11
|
|t:|1711946295
|switch|p1a: Tornadus|Tornadus-Therian, M|100/100
|-damage|p1a: Tornadus|76/100|[from] Stealth Rock
|move|p2a: Volcarona|Quiver Dance|p2a: Volcarona
|-boost|p2a: Volcarona|spa|1
|-boost|p2a: Volcarona|spd|1
|-boost|p2a: Volcarona|spe|1
|
|upkeep
|turn|12
|
|t:|1711946299
|move|p2a: Volcarona|Quiver Dance|p2a: Volcarona
|-boost|p2a: Volcarona|spa|1
|-boost|p2a: Volcarona|spd|1
|-boost|p2a: Volcarona|spe|1
|move|p1a: Tornadus|Hurricane|p2a: Volcarona
|-supereffective|p2a: Volcarona
|-damage|p2a: Volcarona|54/100
|
|upkeep
|turn|13
|
|t:|1711946307
|move|p2a: Volcarona|Flamethrower|p1a: Tornadus
|-damage|p1a: Tornadus|10/100
|-status|p1a: Tornadus|brn
|move|p1a: Tornadus|Hurricane|p2a: Volcarona|[miss]
|-miss|p1a: Tornadus|p2a: Volcarona
|
|-damage|p1a: Tornadus|0 fnt|[from] brn
|faint|p1a: Tornadus
|-sideend|p2: ORASZ Ruffles|move: Light Screen
|upkeep
|
|t:|1711946314
|switch|p1a: Weavile|Weavile, F|76/100
|-damage|p1a: Weavile|51/100|[from] Stealth Rock
|-ability|p1a: Weavile|Pressure
|turn|14
|
|t:|1711946317
|move|p1a: Weavile|Ice Shard|p2a: Volcarona
|-resisted|p2a: Volcarona
|-damage|p2a: Volcarona|34/100
|move|p2a: Volcarona|Giga Drain|p1a: Weavile
|-damage|p1a: Weavile|0 fnt
|-heal|p2a: Volcarona|57/100|[from] drain|[of] p1a: Weavile
|faint|p1a: Weavile
|
|upkeep
|-message|orasz thejester forfeited.
|
|win|ORASZ Ruffles
|raw|orasz thejester's rating: 1366 &rarr; <strong>1357</strong><br />(-9 for losing)
|raw|ORASZ Ruffles's rating: 1593 &rarr; <strong>1602</strong><br />(+9 for winning)
|l|☆orasz thejester
|player|p1|
|l|☆ORASZ Ruffles
|player|p2|
|j| ORASZ Fakersao
|l| ORASZ Fakersao
