|j|☆Plurr
|j|☆TreekyBoy
|t:|1711942692
|gametype|singles
|player|p1|Plurr|2|1000
|player|p2|TreekyBoy|shauntal|1000
|teamsize|p1|6
|teamsize|p2|4
|gen|6
|tier|[Gen 6] OU
|rated|
|rule|Sleep Clause Mod: Limit one foe put to sleep
|rule|Species Clause: Limit one of each Pokémon
|rule|OHKO Clause: OHKO moves are banned
|rule|Moody Clause: Moody is banned
|rule|Evasion Items Clause: Evasion items are banned
|rule|Evasion Moves Clause: Evasion moves are banned
|rule|Endless Battle Clause: Forcing endless battles is banned
|rule|HP Percentage Mod: HP is shown in percentages
|rule|Swagger Clause: Swagger is banned
|clearpoke
|poke|p1|Venusaur, M|item
|poke|p1|Typhlosion, M|item
|poke|p1|Swampert, M|item
|poke|p1|Infernape, F|item
|poke|p1|Samurott, M|item
|poke|p1|Chesnaught, F|item
|poke|p2|Talonflame, F|item
|poke|p2|Fletchinder, F|item
|poke|p2|Fletchling, M|item
|poke|p2|Excadrill, M|item
|teampreview
|inactive|Battle timer is ON: inactive players will automatically lose when time's up. (requested by TreekyBoy)
|
|t:|1711942711
|start
|switch|p1a: spiky|Chesnaught, F|100/100
|switch|p2a: Fletchling|Fletchling, M|100/100
|turn|1
|inactive|TreekyBoy has 120 seconds left.
|
|t:|1711942743
|move|p1a: spiky|Spiky Shield|p1a: spiky
|-singleturn|p1a: spiky|move: Protect
|move|p2a: Fletchling|Substitute|p2a: Fletchling
|-start|p2a: Fletchling|Substitute
|-damage|p2a: Fletchling|76/100
|
|-heal|p2a: Fletchling|82/100|[from] item: Leftovers
|upkeep
|turn|2
|
|t:|1711942751
|switch|p1a: samurai|Samurott, M|100/100
|move|p2a: Fletchling|Toxic|p1a: samurai
|-status|p1a: samurai|tox
|
|-heal|p2a: Fletchling|88/100|[from] item: Leftovers
|-damage|p1a: samurai|94/100 tox|[from] psn
|upkeep
|turn|3
|
|t:|1711942766
|move|p2a: Fletchling|Protect|p2a: Fletchling
|-singleturn|p2a: Fletchling|Protect
|move|p1a: samurai|Surf|p2a: Fletchling
|-activate|p2a: Fletchling|move: Protect
|
|-heal|p2a: Fletchling|94/100|[from] item: Leftovers
|-damage|p1a: samurai|82/100 tox|[from] psn
|upkeep
|turn|4
|
|t:|1711942775
|move|p1a: samurai|Surf|p2a: Fletchling
|-end|p2a: Fletchling|Substitute
|move|p2a: Fletchling|Substitute|p2a: Fletchling
|-start|p2a: Fletchling|Substitute
|-damage|p2a: Fletchling|69/100
|
|-heal|p2a: Fletchling|75/100|[from] item: Leftovers
|-damage|p1a: samurai|63/100 tox|[from] psn
|upkeep
|turn|5
|
|t:|1711942783
|move|p2a: Fletchling|Protect|p2a: Fletchling
|-singleturn|p2a: Fletchling|Protect
|move|p1a: samurai|Surf|p2a: Fletchling
|-activate|p2a: Fletchling|move: Protect
|
|-heal|p2a: Fletchling|81/100|[from] item: Leftovers
|-damage|p1a: samurai|38/100 tox|[from] psn
|upkeep
|turn|6
|
|t:|1711942798
|move|p1a: samurai|Surf|p2a: Fletchling
|-end|p2a: Fletchling|Substitute
|move|p2a: Fletchling|Substitute|p2a: Fletchling
|-start|p2a: Fletchling|Substitute
|-damage|p2a: Fletchling|57/100
|
|-heal|p2a: Fletchling|63/100|[from] item: Leftovers
|-damage|p1a: samurai|7/100 tox|[from] psn
|upkeep
|turn|7
|
|t:|1711942806
|move|p2a: Fletchling|Protect|p2a: Fletchling
|-singleturn|p2a: Fletchling|Protect
|move|p1a: samurai|Surf|p2a: Fletchling
|-activate|p2a: Fletchling|move: Protect
|
|-heal|p2a: Fletchling|69/100|[from] item: Leftovers
|-damage|p1a: samurai|0 fnt|[from] psn
|faint|p1a: samurai
|upkeep
|
|t:|1711942820
|switch|p1a: Saur|Venusaur, M|100/100
|turn|8
|
|t:|1711942829
|move|p2a: Fletchling|Roost|p2a: Fletchling
|-heal|p2a: Fletchling|100/100
|-singleturn|p2a: Fletchling|move: Roost
|move|p1a: Saur|Venoshock|p2a: Fletchling
|-end|p2a: Fletchling|Substitute
|
|upkeep
|turn|9
|
|t:|1711942838
|switch|p2a: Talonflame|Talonflame, F|100/100
|move|p1a: Saur|Leech Seed|p2a: Talonflame
|-start|p2a: Talonflame|move: Leech Seed
|
|-damage|p2a: Talonflame|88/100|[from] Leech Seed|[of] p1a: Saur
|upkeep
|turn|10
|
|t:|1711942860
|switch|p1a: Phlophlo|Typhlosion, M|100/100
|move|p2a: Talonflame|U-turn|p1a: Phlophlo
|-resisted|p1a: Phlophlo
|-damage|p1a: Phlophlo|81/100
|
|t:|1711942868
|switch|p2a: Fletchinder|Fletchinder, F|100/100|[from] U-turn
|
|upkeep
|turn|11
|
|t:|1711942874
|move|p1a: Phlophlo|Extrasensory|p2a: Fletchinder
|-damage|p2a: Fletchinder|33/100
|move|p2a: Fletchinder|Toxic|p1a: Phlophlo
|-status|p1a: Phlophlo|tox
|
|-heal|p2a: Fletchinder|39/100|[from] item: Leftovers
|-damage|p1a: Phlophlo|75/100 tox|[from] psn
|upkeep
|turn|12
|
|t:|1711942881
|move|p2a: Fletchinder|Protect|p2a: Fletchinder
|-singleturn|p2a: Fletchinder|Protect
|move|p1a: Phlophlo|Extrasensory|p2a: Fletchinder
|-activate|p2a: Fletchinder|move: Protect
|
|-heal|p2a: Fletchinder|45/100|[from] item: Leftovers
|-damage|p1a: Phlophlo|63/100 tox|[from] psn
|upkeep
|turn|13
|
|t:|1711942889
|move|p2a: Fletchinder|Roost|p2a: Fletchinder
|-heal|p2a: Fletchinder|95/100
|-singleturn|p2a: Fletchinder|move: Roost
|move|p1a: Phlophlo|Extrasensory|p2a: Fletchinder
|-damage|p2a: Fletchinder|35/100
|
|-heal|p2a: Fletchinder|41/100|[from] item: Leftovers
|-damage|p1a: Phlophlo|45/100 tox|[from] psn
|upkeep
|turn|14
|
|t:|1711942898
|move|p2a: Fletchinder|Roost|p2a: Fletchinder
|-heal|p2a: Fletchinder|92/100
|-singleturn|p2a: Fletchinder|move: Roost
|move|p1a: Phlophlo|Extrasensory|p2a: Fletchinder
|-damage|p2a: Fletchinder|33/100
|
|-heal|p2a: Fletchinder|39/100|[from] item: Leftovers
|-damage|p1a: Phlophlo|21/100 tox|[from] psn
|upkeep
|turn|15
|
|t:|1711942907
|move|p2a: Fletchinder|Protect|p2a: Fletchinder
|-singleturn|p2a: Fletchinder|Protect
|move|p1a: Phlophlo|Extrasensory|p2a: Fletchinder
|-activate|p2a: Fletchinder|move: Protect
|
|-heal|p2a: Fletchinder|45/100|[from] item: Leftovers
|-damage|p1a: Phlophlo|0 fnt|[from] psn
|faint|p1a: Phlophlo
|upkeep
|
|t:|1711942918
|switch|p1a: Saur|Venusaur, M|100/100
|turn|16
|
|t:|1711942923
|move|p2a: Fletchinder|Roost|p2a: Fletchinder
|-heal|p2a: Fletchinder|95/100
|-singleturn|p2a: Fletchinder|move: Roost
|move|p1a: Saur|Venoshock|p2a: Fletchinder
|-damage|p2a: Fletchinder|53/100
|
|-heal|p2a: Fletchinder|59/100|[from] item: Leftovers
|upkeep
|turn|17
|
|t:|1711942933
|switch|p2a: Talonflame|Talonflame, F|88/100
|move|p1a: Saur|Leech Seed|p2a: Talonflame
|-start|p2a: Talonflame|move: Leech Seed
|
|-damage|p2a: Talonflame|76/100|[from] Leech Seed|[of] p1a: Saur
|upkeep
|turn|18
|
|t:|1711942939
|move|p2a: Talonflame|U-turn|p1a: Saur
|-damage|p1a: Saur|72/100
|
|t:|1711942942
|switch|p2a: Excadrill|Excadrill, M|100/100|[from] U-turn
|move|p1a: Saur|Toxic|p2a: Excadrill
|-immune|p2a: Excadrill
|
|-heal|p1a: Saur|78/100|[from] item: Leftovers
|upkeep
|turn|19
|
|t:|1711942951
|move|p2a: Excadrill|Earthquake|p1a: Saur
|-damage|p1a: Saur|15/100
|move|p1a: Saur|Leech Seed|p2a: Excadrill
|-start|p2a: Excadrill|move: Leech Seed
|
|-heal|p1a: Saur|21/100|[from] item: Leftovers
|-damage|p2a: Excadrill|88/100|[from] Leech Seed|[of] p1a: Saur
|-heal|p1a: Saur|36/100|[silent]
|upkeep
|turn|20
|
|t:|1711942965
|switch|p1a: spiky|Chesnaught, F|100/100
|move|p2a: Excadrill|Rapid Spin|p1a: spiky
|-damage|p1a: spiky|95/100
|-end|p2a: Excadrill|Leech Seed|[from] move: Rapid Spin|[of] p2a: Excadrill
|
|-heal|p1a: spiky|100/100|[from] item: Leftovers
|upkeep
|turn|21
|
|t:|1711942977
|switch|p2a: Fletchinder|Fletchinder, F|59/100
|move|p1a: spiky|Drain Punch|p2a: Fletchinder
|-resisted|p2a: Fletchinder
|-damage|p2a: Fletchinder|44/100
|
|-heal|p2a: Fletchinder|50/100|[from] item: Leftovers
|upkeep
|turn|22
|
|t:|1711942986
|move|p1a: spiky|Spiky Shield|p1a: spiky
|-singleturn|p1a: spiky|move: Protect
|move|p2a: Fletchinder|Roost|p2a: Fletchinder
|-heal|p2a: Fletchinder|99/100
|-singleturn|p2a: Fletchinder|move: Roost
|
|-heal|p2a: Fletchinder|100/100|[from] item: Leftovers
|upkeep
|turn|23
|
|t:|1711943004
|move|p2a: Fletchinder|Toxic|p1a: spiky
|-status|p1a: spiky|tox
|move|p1a: spiky|Drain Punch|p2a: Fletchinder
|-resisted|p2a: Fletchinder
|-damage|p2a: Fletchinder|86/100
|
|-heal|p2a: Fletchinder|92/100|[from] item: Leftovers
|-damage|p1a: spiky|95/100 tox|[from] psn
|upkeep
|turn|24
|
|t:|1711943014
|switch|p2a: Talonflame|Talonflame, F|76/100
|move|p1a: spiky|Wood Hammer|p2a: Talonflame
|-resisted|p2a: Talonflame
|-damage|p2a: Talonflame|60/100
|-damage|p1a: spiky|90/100 tox|[from] Recoil
|
|-heal|p1a: spiky|96/100 tox|[from] item: Leftovers
|-damage|p1a: spiky|84/100 tox|[from] psn
|upkeep
|turn|25
|
|t:|1711943032
|move|p2a: Talonflame|Roost|p2a: Talonflame
|-heal|p2a: Talonflame|100/100
|-singleturn|p2a: Talonflame|move: Roost
|move|p1a: spiky|Drain Punch|p2a: Talonflame
|-damage|p2a: Talonflame|59/100
|-heal|p1a: spiky|100/100 tox|[from] drain|[of] p2a: Talonflame
|
|-damage|p1a: spiky|83/100 tox|[from] psn
|upkeep
|turn|26
|
|t:|1711943053
|move|p2a: Talonflame|Roost|p2a: Talonflame
|-heal|p2a: Talonflame|100/100
|-singleturn|p2a: Talonflame|move: Roost
|move|p1a: spiky|Drain Punch|p2a: Talonflame
|-damage|p2a: Talonflame|55/100
|-heal|p1a: spiky|100/100 tox|[from] drain|[of] p2a: Talonflame
|
|-damage|p1a: spiky|77/100 tox|[from] psn
|upkeep
|turn|27
|
|t:|1711943062
|move|p2a: Talonflame|Roost|p2a: Talonflame
|-heal|p2a: Talonflame|100/100
|-singleturn|p2a: Talonflame|move: Roost
|move|p1a: spiky|Drain Punch|p2a: Talonflame
|-damage|p2a: Talonflame|60/100
|-heal|p1a: spiky|96/100 tox|[from] drain|[of] p2a: Talonflame
|
|-heal|p1a: spiky|100/100 tox|[from] item: Leftovers
|-damage|p1a: spiky|71/100 tox|[from] psn
|upkeep
|turn|28
|
|t:|1711943074
|move|p2a: Talonflame|Roost|p2a: Talonflame
|-heal|p2a: Talonflame|100/100
|-singleturn|p2a: Talonflame|move: Roost
|move|p1a: spiky|Drain Punch|p2a: Talonflame
|-damage|p2a: Talonflame|61/100
|-heal|p1a: spiky|89/100 tox|[from] drain|[of] p2a: Talonflame
|
|-heal|p1a: spiky|95/100 tox|[from] item: Leftovers
|-damage|p1a: spiky|59/100 tox|[from] psn
|upkeep
|turn|29
|
|t:|1711943085
|move|p2a: Talonflame|Roost|p2a: Talonflame
|-heal|p2a: Talonflame|100/100
|-singleturn|p2a: Talonflame|move: Roost
|move|p1a: spiky|Drain Punch|p2a: Talonflame
|-damage|p2a: Talonflame|56/100
|-heal|p1a: spiky|80/100 tox|[from] drain|[of] p2a: Talonflame
|
|-heal|p1a: spiky|86/100 tox|[from] item: Leftovers
|-damage|p1a: spiky|44/100 tox|[from] psn
|upkeep
|turn|30
|
|t:|1711943096
|move|p2a: Talonflame|Roost|p2a: Talonflame
|-heal|p2a: Talonflame|100/100
|-singleturn|p2a: Talonflame|move: Roost
|move|p1a: spiky|Drain Punch|p2a: Talonflame
|-damage|p2a: Talonflame|62/100
|-heal|p1a: spiky|63/100 tox|[from] drain|[of] p2a: Talonflame
|
|-heal|p1a: spiky|69/100 tox|[from] item: Leftovers
|-damage|p1a: spiky|21/100 tox|[from] psn
|upkeep
|turn|31
|
|t:|1711943114
|move|p2a: Talonflame|Roost|p2a: Talonflame
|-heal|p2a: Talonflame|100/100
|-singleturn|p2a: Talonflame|move: Roost
|move|p1a: spiky|Drain Punch|p2a: Talonflame
|-damage|p2a: Talonflame|60/100
|-heal|p1a: spiky|40/100 tox|[from] drain|[of] p2a: Talonflame
|
|-heal|p1a: spiky|46/100 tox|[from] item: Leftovers
|-damage|p1a: spiky|0 fnt|[from] psn
|faint|p1a: spiky
|upkeep
|inactive|Plurr has 120 seconds left.
|
|t:|1711943132
|switch|p1a: PLUH|Swampert, M|100/100
|turn|32
|inactive|Plurr has 120 seconds left.
|
|t:|1711943141
|switch|p2a: Fletchling|Fletchling, M|100/100
|detailschange|p1a: PLUH|Swampert-Mega, M
|-mega|p1a: PLUH|Swampert|Swampertite
|move|p1a: PLUH|Waterfall|p2a: Fletchling
|-damage|p2a: Fletchling|32/100
|
|-heal|p2a: Fletchling|38/100|[from] item: Leftovers
|upkeep
|turn|33
|
|t:|1711943152
|move|p2a: Fletchling|Protect|p2a: Fletchling
|-singleturn|p2a: Fletchling|Protect
|move|p1a: PLUH|Waterfall|p2a: Fletchling
|-activate|p2a: Fletchling|move: Protect
|
|-heal|p2a: Fletchling|44/100|[from] item: Leftovers
|upkeep
|turn|34
|
|t:|1711943159
|move|p2a: Fletchling|Roost|p2a: Fletchling
|-heal|p2a: Fletchling|94/100
|-singleturn|p2a: Fletchling|move: Roost
|move|p1a: PLUH|Waterfall|p2a: Fletchling
|-damage|p2a: Fletchling|23/100
|
|-heal|p2a: Fletchling|29/100|[from] item: Leftovers
|upkeep
|turn|35
|
|t:|1711943168
|move|p2a: Fletchling|Protect|p2a: Fletchling
|-singleturn|p2a: Fletchling|Protect
|move|p1a: PLUH|Waterfall|p2a: Fletchling
|-activate|p2a: Fletchling|move: Protect
|
|-heal|p2a: Fletchling|35/100|[from] item: Leftovers
|upkeep
|turn|36
|
|t:|1711943174
|move|p2a: Fletchling|Roost|p2a: Fletchling
|-heal|p2a: Fletchling|85/100
|-singleturn|p2a: Fletchling|move: Roost
|move|p1a: PLUH|Waterfall|p2a: Fletchling
|-damage|p2a: Fletchling|15/100
|
|-heal|p2a: Fletchling|21/100|[from] item: Leftovers
|upkeep
|turn|37
|
|t:|1711943182
|move|p2a: Fletchling|Protect|p2a: Fletchling
|-singleturn|p2a: Fletchling|Protect
|move|p1a: PLUH|Waterfall|p2a: Fletchling
|-activate|p2a: Fletchling|move: Protect
|
|-heal|p2a: Fletchling|27/100|[from] item: Leftovers
|upkeep
|turn|38
|
|t:|1711943189
|move|p2a: Fletchling|Roost|p2a: Fletchling
|-heal|p2a: Fletchling|77/100
|-singleturn|p2a: Fletchling|move: Roost
|move|p1a: PLUH|Waterfall|p2a: Fletchling
|-damage|p2a: Fletchling|10/100
|
|-heal|p2a: Fletchling|16/100|[from] item: Leftovers
|upkeep
|turn|39
|
|t:|1711943198
|move|p2a: Fletchling|Protect|p2a: Fletchling
|-singleturn|p2a: Fletchling|Protect
|move|p1a: PLUH|Waterfall|p2a: Fletchling
|-activate|p2a: Fletchling|move: Protect
|
|-heal|p2a: Fletchling|22/100|[from] item: Leftovers
|upkeep
|turn|40
|
|t:|1711943204
|move|p2a: Fletchling|Roost|p2a: Fletchling
|-heal|p2a: Fletchling|72/100
|-singleturn|p2a: Fletchling|move: Roost
|move|p1a: PLUH|Waterfall|p2a: Fletchling
|-damage|p2a: Fletchling|4/100
|
|-heal|p2a: Fletchling|10/100|[from] item: Leftovers
|upkeep
|turn|41
|
|t:|1711943215
|move|p2a: Fletchling|Protect|p2a: Fletchling
|-singleturn|p2a: Fletchling|Protect
|move|p1a: PLUH|Waterfall|p2a: Fletchling
|-activate|p2a: Fletchling|move: Protect
|
|-heal|p2a: Fletchling|16/100|[from] item: Leftovers
|upkeep
|turn|42
|
|t:|1711943223
|move|p2a: Fletchling|Roost|p2a: Fletchling
|-heal|p2a: Fletchling|66/100
|-singleturn|p2a: Fletchling|move: Roost
|move|p1a: PLUH|Waterfall|p2a: Fletchling
|-damage|p2a: Fletchling|0 fnt
|faint|p2a: Fletchling
|
|upkeep
|
|t:|1711943236
|switch|p2a: Talonflame|Talonflame, F|60/100
|turn|43
|
|t:|1711943240
|move|p2a: Talonflame|Brave Bird|p1a: PLUH
|-damage|p1a: PLUH|43/100
|-damage|p2a: Talonflame|36/100|[from] Recoil
|move|p1a: PLUH|Waterfall|p2a: Talonflame
|-supereffective|p2a: Talonflame
|-damage|p2a: Talonflame|0 fnt
|faint|p2a: Talonflame
|
|upkeep
|
|t:|1711943244
|switch|p2a: Excadrill|Excadrill, M|88/100
|turn|44
|
|t:|1711943250
|move|p2a: Excadrill|Earthquake|p1a: PLUH
|-damage|p1a: PLUH|0 fnt
|faint|p1a: PLUH
|
|upkeep
|
|t:|1711943256
|switch|p1a: Wukong|Infernape, F|100/100
|turn|45
|
|t:|1711943274
|switch|p2a: Fletchinder|Fletchinder, F|92/100
|move|p1a: Wukong|Fire Punch|p2a: Fletchinder
|-resisted|p2a: Fletchinder
|-damage|p2a: Fletchinder|69/100
|
|-heal|p2a: Fletchinder|75/100|[from] item: Leftovers
|upkeep
|turn|46
|
|t:|1711943283
|move|p1a: Wukong|Fire Punch|p2a: Fletchinder
|-resisted|p2a: Fletchinder
|-damage|p2a: Fletchinder|52/100
|move|p2a: Fletchinder|Toxic|p1a: Wukong
|-status|p1a: Wukong|tox
|
|-heal|p2a: Fletchinder|58/100|[from] item: Leftovers
|-damage|p1a: Wukong|94/100 tox|[from] psn
|upkeep
|turn|47
|
|t:|1711943294
|switch|p1a: Saur|Venusaur, M|36/100
|move|p2a: Fletchinder|Roost|p2a: Fletchinder
|-heal|p2a: Fletchinder|100/100
|-singleturn|p2a: Fletchinder|move: Roost
|
|-heal|p1a: Saur|42/100|[from] item: Leftovers
|upkeep
|turn|48
|
|t:|1711943305
|switch|p2a: Excadrill|Excadrill, M|88/100
|move|p1a: Saur|Leech Seed|p2a: Excadrill
|-start|p2a: Excadrill|move: Leech Seed
|
|-heal|p1a: Saur|48/100|[from] item: Leftovers
|-damage|p2a: Excadrill|76/100|[from] Leech Seed|[of] p1a: Saur
|-heal|p1a: Saur|63/100|[silent]
|upkeep
|turn|49
|
|t:|1711943326
|move|p2a: Excadrill|Rapid Spin|p1a: Saur
|-damage|p1a: Saur|54/100
|-end|p2a: Excadrill|Leech Seed|[from] move: Rapid Spin|[of] p2a: Excadrill
|move|p1a: Saur|Synthesis|p1a: Saur
|-heal|p1a: Saur|100/100
|
|upkeep
|turn|50
|
|t:|1711943333
|move|p2a: Excadrill|Earthquake|p1a: Saur
|-damage|p1a: Saur|40/100
|move|p1a: Saur|Leech Seed|p2a: Excadrill
|-start|p2a: Excadrill|move: Leech Seed
|
|-heal|p1a: Saur|46/100|[from] item: Leftovers
|-damage|p2a: Excadrill|63/100|[from] Leech Seed|[of] p1a: Saur
|-heal|p1a: Saur|60/100|[silent]
|upkeep
|turn|51
|
|t:|1711943352
|move|p2a: Excadrill|Earthquake|p1a: Saur
|-damage|p1a: Saur|2/100
|move|p1a: Saur|Synthesis|p1a: Saur
|-heal|p1a: Saur|52/100
|
|-heal|p1a: Saur|58/100|[from] item: Leftovers
|-damage|p2a: Excadrill|51/100|[from] Leech Seed|[of] p1a: Saur
|-heal|p1a: Saur|73/100|[silent]
|upkeep
|turn|52
|
|t:|1711943363
|move|p2a: Excadrill|Rapid Spin|p1a: Saur
|-damage|p1a: Saur|65/100
|-end|p2a: Excadrill|Leech Seed|[from] move: Rapid Spin|[of] p2a: Excadrill
|move|p1a: Saur|Synthesis|p1a: Saur
|-heal|p1a: Saur|100/100
|
|upkeep
|turn|53
|
|t:|1711943369
|move|p2a: Excadrill|Earthquake|p1a: Saur
|-damage|p1a: Saur|44/100
|move|p1a: Saur|Leech Seed|p2a: Excadrill
|-start|p2a: Excadrill|move: Leech Seed
|
|-heal|p1a: Saur|50/100|[from] item: Leftovers
|-damage|p2a: Excadrill|38/100|[from] Leech Seed|[of] p1a: Saur
|-heal|p1a: Saur|64/100|[silent]
|upkeep
|turn|54
|
|t:|1711943376
|move|p2a: Excadrill|Rapid Spin|p1a: Saur
|-damage|p1a: Saur|56/100
|-end|p2a: Excadrill|Leech Seed|[from] move: Rapid Spin|[of] p2a: Excadrill
|move|p1a: Saur|Synthesis|p1a: Saur
|-heal|p1a: Saur|100/100
|
|upkeep
|turn|55
|
|t:|1711943382
|move|p2a: Excadrill|Iron Head|p1a: Saur
|-damage|p1a: Saur|57/100
|cant|p1a: Saur|flinch
|
|-heal|p1a: Saur|63/100|[from] item: Leftovers
|upkeep
|turn|56
|
|t:|1711943388
|move|p2a: Excadrill|Earthquake|p1a: Saur
|-damage|p1a: Saur|4/100
|move|p1a: Saur|Leech Seed|p2a: Excadrill
|-start|p2a: Excadrill|move: Leech Seed
|
|-heal|p1a: Saur|10/100|[from] item: Leftovers
|-damage|p2a: Excadrill|26/100|[from] Leech Seed|[of] p1a: Saur
|-heal|p1a: Saur|25/100|[silent]
|upkeep
|turn|57
|
|t:|1711943399
|switch|p1a: Wukong|Infernape, F|94/100 tox
|move|p2a: Excadrill|Earthquake|p1a: Wukong
|-supereffective|p1a: Wukong
|-damage|p1a: Wukong|0 fnt
|faint|p1a: Wukong
|
|upkeep
|
|t:|1711943406
|switch|p1a: Saur|Venusaur, M|25/100
|turn|58
|
|t:|1711943411
|move|p2a: Excadrill|Earthquake|p1a: Saur
|-damage|p1a: Saur|0 fnt
|faint|p1a: Saur
|
|win|TreekyBoy
|raw|Plurr's rating: 1000 &rarr; <strong>1000</strong><br />(+0 for losing)
|raw|TreekyBoy's rating: 1000 &rarr; <strong>1040</strong><br />(+40 for winning)
|c|☆TreekyBoy|i deserve this.
|l|☆Plurr
|player|p1|
